['euclidean', 1, 2]
Trying to instantiate ann_benchmarks.algorithms.pynndescent.pynndescent(['euclidean', 1, 2])
Number of query threads: 2
got a train set of size (112000 * 32)
got 450 queries
Trying to instantiate ann_benchmarks.algorithms.pynndescent.pynndescent(['euclidean', 1, 2])
Number of query threads: 2
Fri Aug 25 04:14:38 2023 Building RP forest with 23 trees
Fri Aug 25 04:14:42 2023 NN descent for 17 iterations
	 1  /  17
	 2  /  17
	 3  /  17
	 4  /  17
	 5  /  17
	 6  /  17
	 7  /  17
	 8  /  17
	 9  /  17
	 10  /  17
	Stopping threshold met -- exiting after 10 iterations
Fri Aug 25 04:16:58 2023 Worst tree score: 0.18515179
Fri Aug 25 04:16:58 2023 Mean tree score: 0.18810481
Fri Aug 25 04:16:58 2023 Best tree score: 0.19079464
Fri Aug 25 04:17:02 2023 Forward diversification reduced edges from 1120000 to 820216
Fri Aug 25 04:17:05 2023 Reverse diversification reduced edges from 820216 to 820216
Fri Aug 25 04:17:08 2023 Degree pruning reduced edges from 987590 to 931128
Fri Aug 25 04:17:08 2023 Resorting data and graph based on tree order
Fri Aug 25 04:17:08 2023 Compressing index by removing unneeded attributes
Fri Aug 25 04:17:08 2023 Building and compiling search function
Built index in 163.67850637435913
Running query argument group 1 of 1...
Run 1/1...
Queries per second: 19312.767829735127
