['euclidean', 1, 1]
Trying to instantiate ann_benchmarks.algorithms.pynndescent.pynndescent(['euclidean', 1, 1])
Number of query threads: 1
got a train set of size (7000 * 128)
got 450 queries
Trying to instantiate ann_benchmarks.algorithms.pynndescent.pynndescent(['euclidean', 1, 1])
Number of query threads: 1
Mon Aug 28 02:07:35 2023 Building RP forest with 14 trees
Mon Aug 28 02:07:39 2023 NN descent for 13 iterations
	 1  /  13
	 2  /  13
	 3  /  13
	 4  /  13
	 5  /  13
	Stopping threshold met -- exiting after 5 iterations
Mon Aug 28 02:09:27 2023 Worst tree score: 0.44685714
Mon Aug 28 02:09:27 2023 Mean tree score: 0.48619388
Mon Aug 28 02:09:27 2023 Best tree score: 0.50357143
Mon Aug 28 02:09:31 2023 Forward diversification reduced edges from 70000 to 43634
Mon Aug 28 02:09:34 2023 Reverse diversification reduced edges from 43634 to 43634
Mon Aug 28 02:09:36 2023 Degree pruning reduced edges from 51704 to 51104
Mon Aug 28 02:09:36 2023 Resorting data and graph based on tree order
Mon Aug 28 02:09:36 2023 Compressing index by removing unneeded attributes
Mon Aug 28 02:09:36 2023 Building and compiling search function
Built index in 134.19575786590576
Running query argument group 1 of 1...
Run 1/1...
Queries per second: 14611.6974909617
