['euclidean', 1, 4]
Trying to instantiate ann_benchmarks.algorithms.pynndescent.pynndescent(['euclidean', 1, 4])
Number of query threads: 4
got a train set of size (112000 * 128)
got 450 queries
Trying to instantiate ann_benchmarks.algorithms.pynndescent.pynndescent(['euclidean', 1, 4])
Number of query threads: 4
Fri Aug 25 05:26:45 2023 Building RP forest with 23 trees
Fri Aug 25 05:26:49 2023 NN descent for 17 iterations
	 1  /  17
	 2  /  17
	 3  /  17
	 4  /  17
	 5  /  17
	 6  /  17
	 7  /  17
	 8  /  17
	 9  /  17
	 10  /  17
	 11  /  17
	 12  /  17
	 13  /  17
	Stopping threshold met -- exiting after 13 iterations
Fri Aug 25 05:29:13 2023 Worst tree score: 0.19024107
Fri Aug 25 05:29:13 2023 Mean tree score: 0.19287189
Fri Aug 25 05:29:13 2023 Best tree score: 0.19534821
Fri Aug 25 05:29:16 2023 Forward diversification reduced edges from 1120000 to 812461
Fri Aug 25 05:29:20 2023 Reverse diversification reduced edges from 812461 to 812461
Fri Aug 25 05:29:23 2023 Degree pruning reduced edges from 1090970 to 932446
Fri Aug 25 05:29:23 2023 Resorting data and graph based on tree order
Fri Aug 25 05:29:23 2023 Compressing index by removing unneeded attributes
Fri Aug 25 05:29:23 2023 Building and compiling search function
Trying to instantiate ann_benchmarks.algorithms.pynndescent.pynndescent(['euclidean', 1, 4])
Number of query threads: 4
Fri Aug 25 05:26:45 2023 Building RP forest with 23 trees
Fri Aug 25 05:26:49 2023 NN descent for 17 iterations
	 1  /  17
	 2  /  17
	 3  /  17
	 4  /  17
	 5  /  17
	 6  /  17
	 7  /  17
	 8  /  17
	 9  /  17
	 10  /  17
	 11  /  17
	 12  /  17
	 13  /  17
	Stopping threshold met -- exiting after 13 iterations
Fri Aug 25 05:29:14 2023 Worst tree score: 0.18926786
Fri Aug 25 05:29:14 2023 Mean tree score: 0.19244837
Fri Aug 25 05:29:14 2023 Best tree score: 0.19394643
Fri Aug 25 05:29:18 2023 Forward diversification reduced edges from 1120000 to 811500
Fri Aug 25 05:29:21 2023 Reverse diversification reduced edges from 811500 to 811500
Fri Aug 25 05:29:24 2023 Degree pruning reduced edges from 1089892 to 931245
Fri Aug 25 05:29:24 2023 Resorting data and graph based on tree order
Fri Aug 25 05:29:24 2023 Compressing index by removing unneeded attributes
Fri Aug 25 05:29:24 2023 Building and compiling search function
Trying to instantiate ann_benchmarks.algorithms.pynndescent.pynndescent(['euclidean', 1, 4])
Number of query threads: 4
Fri Aug 25 05:26:45 2023 Building RP forest with 23 trees
Fri Aug 25 05:26:49 2023 NN descent for 17 iterations
	 1  /  17
	 2  /  17
	 3  /  17
	 4  /  17
	 5  /  17
	 6  /  17
	 7  /  17
	 8  /  17
	 9  /  17
	 10  /  17
	 11  /  17
	 12  /  17
	 13  /  17
	Stopping threshold met -- exiting after 13 iterations
Fri Aug 25 05:29:15 2023 Worst tree score: 0.19002679
Fri Aug 25 05:29:15 2023 Mean tree score: 0.19282220
Fri Aug 25 05:29:15 2023 Best tree score: 0.19475000
Fri Aug 25 05:29:19 2023 Forward diversification reduced edges from 1120000 to 812871
Fri Aug 25 05:29:22 2023 Reverse diversification reduced edges from 812871 to 812871
Fri Aug 25 05:29:25 2023 Degree pruning reduced edges from 1090802 to 932652
Fri Aug 25 05:29:25 2023 Resorting data and graph based on tree order
Fri Aug 25 05:29:25 2023 Compressing index by removing unneeded attributes
Fri Aug 25 05:29:25 2023 Building and compiling search function
Trying to instantiate ann_benchmarks.algorithms.pynndescent.pynndescent(['euclidean', 1, 4])
Number of query threads: 4
Fri Aug 25 05:26:45 2023 Building RP forest with 23 trees
Fri Aug 25 05:26:50 2023 NN descent for 17 iterations
	 1  /  17
	 2  /  17
	 3  /  17
	 4  /  17
	 5  /  17
	 6  /  17
	 7  /  17
	 8  /  17
	 9  /  17
	 10  /  17
	 11  /  17
	 12  /  17
	 13  /  17
	Stopping threshold met -- exiting after 13 iterations
Fri Aug 25 05:29:14 2023 Worst tree score: 0.18730357
Fri Aug 25 05:29:14 2023 Mean tree score: 0.19251436
Fri Aug 25 05:29:14 2023 Best tree score: 0.19486607
Fri Aug 25 05:29:18 2023 Forward diversification reduced edges from 1120000 to 811776
Fri Aug 25 05:29:21 2023 Reverse diversification reduced edges from 811776 to 811776
Fri Aug 25 05:29:24 2023 Degree pruning reduced edges from 1089740 to 930539
Fri Aug 25 05:29:24 2023 Resorting data and graph based on tree order
Fri Aug 25 05:29:24 2023 Compressing index by removing unneeded attributes
Fri Aug 25 05:29:24 2023 Building and compiling search function
Built index in 172.18903946876526
Running query argument group 1 of 1...
Run 1/1...
Queries per second: 15624.08880574169
