['euclidean', 1, 32]
Trying to instantiate ann_benchmarks.algorithms.bruteforce.bruteforce(['euclidean', 1, 32])
Number of workers: 1
Number of query threads: 32
got a train set of size (28000 * 32)
got 450 queries
Built index in 6.5205254554748535
Running query argument group 1 of 1...
Run 1/1...
Queries per second: 1506.931959444406
Trying to instantiate ann_benchmarks.algorithms.bruteforce.bruteforce(['euclidean', 1, 32])
Number of workers: 1
Number of query threads: 32
Trying to instantiate ann_benchmarks.algorithms.bruteforce.bruteforce(['euclidean', 1, 32])
Number of workers: 1
Number of query threads: 32
Trying to instantiate ann_benchmarks.algorithms.bruteforce.bruteforce(['euclidean', 1, 32])
Number of workers: 1
Number of query threads: 32
Trying to instantiate ann_benchmarks.algorithms.bruteforce.bruteforce(['euclidean', 1, 32])
Number of workers: 1
Number of query threads: 32
Trying to instantiate ann_benchmarks.algorithms.bruteforce.bruteforce(['euclidean', 1, 32])
Number of workers: 1
Number of query threads: 32
Trying to instantiate ann_benchmarks.algorithms.bruteforce.bruteforce(['euclidean', 1, 32])
Number of workers: 1
Number of query threads: 32
Trying to instantiate ann_benchmarks.algorithms.bruteforce.bruteforce(['euclidean', 1, 32])
Number of workers: 1
Number of query threads: 32
Trying to instantiate ann_benchmarks.algorithms.bruteforce.bruteforce(['euclidean', 1, 32])
Number of workers: 1
Number of query threads: 32
Trying to instantiate ann_benchmarks.algorithms.bruteforce.bruteforce(['euclidean', 1, 32])
Number of workers: 1
Number of query threads: 32
Trying to instantiate ann_benchmarks.algorithms.bruteforce.bruteforce(['euclidean', 1, 32])
Number of workers: 1
Number of query threads: 32
Trying to instantiate ann_benchmarks.algorithms.bruteforce.bruteforce(['euclidean', 1, 32])
Number of workers: 1
Number of query threads: 32
Trying to instantiate ann_benchmarks.algorithms.bruteforce.bruteforce(['euclidean', 1, 32])
Number of workers: 1
Number of query threads: 32
Trying to instantiate ann_benchmarks.algorithms.bruteforce.bruteforce(['euclidean', 1, 32])
Number of workers: 1
Number of query threads: 32
Trying to instantiate ann_benchmarks.algorithms.bruteforce.bruteforce(['euclidean', 1, 32])
Number of workers: 1
Number of query threads: 32
Trying to instantiate ann_benchmarks.algorithms.bruteforce.bruteforce(['euclidean', 1, 32])
Number of workers: 1
Number of query threads: 32
Trying to instantiate ann_benchmarks.algorithms.bruteforce.bruteforce(['euclidean', 1, 32])
Number of workers: 1
Number of query threads: 32
Trying to instantiate ann_benchmarks.algorithms.bruteforce.bruteforce(['euclidean', 1, 32])
Number of workers: 1
Number of query threads: 32
Trying to instantiate ann_benchmarks.algorithms.bruteforce.bruteforce(['euclidean', 1, 32])
Number of workers: 1
Number of query threads: 32
Trying to instantiate ann_benchmarks.algorithms.bruteforce.bruteforce(['euclidean', 1, 32])
Number of workers: 1
Number of query threads: 32
Trying to instantiate ann_benchmarks.algorithms.bruteforce.bruteforce(['euclidean', 1, 32])
Number of workers: 1
Number of query threads: 32
Trying to instantiate ann_benchmarks.algorithms.bruteforce.bruteforce(['euclidean', 1, 32])
Number of workers: 1
Number of query threads: 32
Trying to instantiate ann_benchmarks.algorithms.bruteforce.bruteforce(['euclidean', 1, 32])
Number of workers: 1
Number of query threads: 32
Trying to instantiate ann_benchmarks.algorithms.bruteforce.bruteforce(['euclidean', 1, 32])
Number of workers: 1
Number of query threads: 32
Trying to instantiate ann_benchmarks.algorithms.bruteforce.bruteforce(['euclidean', 1, 32])
Number of workers: 1
Number of query threads: 32
Trying to instantiate ann_benchmarks.algorithms.bruteforce.bruteforce(['euclidean', 1, 32])
Number of workers: 1
Number of query threads: 32
Trying to instantiate ann_benchmarks.algorithms.bruteforce.bruteforce(['euclidean', 1, 32])
Number of workers: 1
Number of query threads: 32
Trying to instantiate ann_benchmarks.algorithms.bruteforce.bruteforce(['euclidean', 1, 32])
Number of workers: 1
Number of query threads: 32
Trying to instantiate ann_benchmarks.algorithms.bruteforce.bruteforce(['euclidean', 1, 32])
Number of workers: 1
Number of query threads: 32
Trying to instantiate ann_benchmarks.algorithms.bruteforce.bruteforce(['euclidean', 1, 32])
Number of workers: 1
Number of query threads: 32
Trying to instantiate ann_benchmarks.algorithms.bruteforce.bruteforce(['euclidean', 1, 32])
Number of workers: 1
Number of query threads: 32
Trying to instantiate ann_benchmarks.algorithms.bruteforce.bruteforce(['euclidean', 1, 32])
Number of workers: 1
Number of query threads: 32
Trying to instantiate ann_benchmarks.algorithms.bruteforce.bruteforce(['euclidean', 1, 32])
Number of workers: 1
Number of query threads: 32
