['euclidean', 1, 2]
Trying to instantiate ann_benchmarks.algorithms.pynndescent.pynndescent(['euclidean', 1, 2])
Number of query threads: 2
got a train set of size (448000 * 32)
got 450 queries
Trying to instantiate ann_benchmarks.algorithms.pynndescent.pynndescent(['euclidean', 1, 2])
Number of query threads: 2
Fri Aug 25 09:56:54 2023 Building RP forest with 31 trees
Fri Aug 25 09:56:59 2023 NN descent for 19 iterations
	 1  /  19
	 2  /  19
	 3  /  19
	 4  /  19
	 5  /  19
	 6  /  19
	 7  /  19
	 8  /  19
	 9  /  19
	Stopping threshold met -- exiting after 9 iterations
Fri Aug 25 10:00:24 2023 Worst tree score: 0.15302455
Fri Aug 25 10:00:24 2023 Mean tree score: 0.15528917
Fri Aug 25 10:00:24 2023 Best tree score: 0.15672991
Fri Aug 25 10:00:28 2023 Forward diversification reduced edges from 4480000 to 3377355
Fri Aug 25 10:00:31 2023 Reverse diversification reduced edges from 3377355 to 3377355
Fri Aug 25 10:00:34 2023 Degree pruning reduced edges from 4055092 to 3850634
Fri Aug 25 10:00:34 2023 Resorting data and graph based on tree order
Fri Aug 25 10:00:34 2023 Compressing index by removing unneeded attributes
Fri Aug 25 10:00:34 2023 Building and compiling search function
Built index in 231.57927131652832
Running query argument group 1 of 1...
Run 1/1...
Queries per second: 20761.59718402819
