['euclidean', 1, 2]
Trying to instantiate ann_benchmarks.algorithms.pynndescent.pynndescent(['euclidean', 1, 2])
Number of query threads: 2
got a train set of size (448000 * 128)
got 450 queries
Trying to instantiate ann_benchmarks.algorithms.pynndescent.pynndescent(['euclidean', 1, 2])
Number of query threads: 2
Fri Aug 25 10:33:23 2023 Building RP forest with 31 trees
Fri Aug 25 10:33:29 2023 NN descent for 19 iterations
	 1  /  19
	 2  /  19
	 3  /  19
	 4  /  19
	 5  /  19
	 6  /  19
	 7  /  19
	 8  /  19
	 9  /  19
	 10  /  19
	 11  /  19
	 12  /  19
	Stopping threshold met -- exiting after 12 iterations
Fri Aug 25 10:36:53 2023 Worst tree score: 0.17278348
Fri Aug 25 10:36:53 2023 Mean tree score: 0.17446832
Fri Aug 25 10:36:53 2023 Best tree score: 0.17557589
Fri Aug 25 10:36:57 2023 Forward diversification reduced edges from 4480000 to 3465258
Fri Aug 25 10:37:00 2023 Reverse diversification reduced edges from 3465258 to 3465258
Fri Aug 25 10:37:03 2023 Degree pruning reduced edges from 4624804 to 4020186
Fri Aug 25 10:37:03 2023 Resorting data and graph based on tree order
Fri Aug 25 10:37:03 2023 Compressing index by removing unneeded attributes
Fri Aug 25 10:37:03 2023 Building and compiling search function
Trying to instantiate ann_benchmarks.algorithms.pynndescent.pynndescent(['euclidean', 1, 2])
Number of query threads: 2
Fri Aug 25 10:33:23 2023 Building RP forest with 31 trees
Fri Aug 25 10:33:29 2023 NN descent for 19 iterations
	 1  /  19
	 2  /  19
	 3  /  19
	 4  /  19
	 5  /  19
	 6  /  19
	 7  /  19
	 8  /  19
	 9  /  19
	 10  /  19
	 11  /  19
	 12  /  19
	Stopping threshold met -- exiting after 12 iterations
Fri Aug 25 10:36:53 2023 Worst tree score: 0.17316741
Fri Aug 25 10:36:53 2023 Mean tree score: 0.17453701
Fri Aug 25 10:36:53 2023 Best tree score: 0.17651786
Fri Aug 25 10:36:57 2023 Forward diversification reduced edges from 4480000 to 3467869
Fri Aug 25 10:37:00 2023 Reverse diversification reduced edges from 3467869 to 3467869
Fri Aug 25 10:37:03 2023 Degree pruning reduced edges from 4625498 to 4022786
Fri Aug 25 10:37:03 2023 Resorting data and graph based on tree order
Fri Aug 25 10:37:03 2023 Compressing index by removing unneeded attributes
Fri Aug 25 10:37:03 2023 Building and compiling search function
Built index in 233.13674139976501
Running query argument group 1 of 1...
Run 1/1...
Queries per second: 7661.326762975916
