['euclidean', 1, 2]
Trying to instantiate ann_benchmarks.algorithms.pynndescent.pynndescent(['euclidean', 1, 2])
Number of query threads: 2
got a train set of size (7000 * 2048)
got 450 queries
Trying to instantiate ann_benchmarks.algorithms.pynndescent.pynndescent(['euclidean', 1, 2])
Number of query threads: 2
Mon Aug 28 02:25:36 2023 Building RP forest with 14 trees
Mon Aug 28 02:25:40 2023 NN descent for 13 iterations
	 1  /  13
	 2  /  13
	 3  /  13
	 4  /  13
	Stopping threshold met -- exiting after 4 iterations
Mon Aug 28 02:27:30 2023 Worst tree score: 0.58171429
Mon Aug 28 02:27:30 2023 Mean tree score: 0.61376531
Mon Aug 28 02:27:30 2023 Best tree score: 0.63342857
Mon Aug 28 02:27:33 2023 Forward diversification reduced edges from 70000 to 39946
Mon Aug 28 02:27:36 2023 Reverse diversification reduced edges from 39946 to 39946
Mon Aug 28 02:27:39 2023 Degree pruning reduced edges from 43006 to 42801
Mon Aug 28 02:27:39 2023 Resorting data and graph based on tree order
Mon Aug 28 02:27:39 2023 Compressing index by removing unneeded attributes
Mon Aug 28 02:27:39 2023 Building and compiling search function
Built index in 134.34486651420593
Running query argument group 1 of 1...
Run 1/1...
Queries per second: 9072.95040595312
