['euclidean', 1, 32]
Trying to instantiate ann_benchmarks.algorithms.pynndescent.pynndescent(['euclidean', 1, 32])
Number of query threads: 32
got a train set of size (112000 * 32)
got 450 queries
Trying to instantiate ann_benchmarks.algorithms.pynndescent.pynndescent(['euclidean', 1, 32])
Number of query threads: 32
Fri Aug 25 05:03:05 2023 Building RP forest with 23 trees
Fri Aug 25 05:03:14 2023 NN descent for 17 iterations
	 1  /  17
	 2  /  17
	 3  /  17
	 4  /  17
	 5  /  17
	 6  /  17
	 7  /  17
	 8  /  17
	 9  /  17
	 10  /  17
	Stopping threshold met -- exiting after 10 iterations
Fri Aug 25 05:07:52 2023 Worst tree score: 0.18435714
Fri Aug 25 05:07:52 2023 Mean tree score: 0.18871429
Fri Aug 25 05:07:52 2023 Best tree score: 0.19255357
Fri Aug 25 05:07:59 2023 Forward diversification reduced edges from 1120000 to 820528
Fri Aug 25 05:08:04 2023 Reverse diversification reduced edges from 820528 to 820528
Fri Aug 25 05:08:08 2023 Degree pruning reduced edges from 987904 to 931046
Fri Aug 25 05:08:08 2023 Resorting data and graph based on tree order
Fri Aug 25 05:08:08 2023 Compressing index by removing unneeded attributes
Fri Aug 25 05:08:08 2023 Building and compiling search function
Trying to instantiate ann_benchmarks.algorithms.pynndescent.pynndescent(['euclidean', 1, 32])
Number of query threads: 32
Fri Aug 25 05:03:03 2023 Building RP forest with 23 trees
Fri Aug 25 05:03:08 2023 NN descent for 17 iterations
	 1  /  17
	 2  /  17
	 3  /  17
	 4  /  17
	 5  /  17
	 6  /  17
	 7  /  17
	 8  /  17
	 9  /  17
	 10  /  17
	Stopping threshold met -- exiting after 10 iterations
Fri Aug 25 05:07:01 2023 Worst tree score: 0.18612500
Fri Aug 25 05:07:01 2023 Mean tree score: 0.18887539
Fri Aug 25 05:07:01 2023 Best tree score: 0.19173214
Fri Aug 25 05:07:35 2023 Forward diversification reduced edges from 1120000 to 821294
Fri Aug 25 05:07:43 2023 Reverse diversification reduced edges from 821294 to 821294
Fri Aug 25 05:07:53 2023 Degree pruning reduced edges from 988926 to 931740
Fri Aug 25 05:07:53 2023 Resorting data and graph based on tree order
Fri Aug 25 05:07:53 2023 Compressing index by removing unneeded attributes
Fri Aug 25 05:07:53 2023 Building and compiling search function
Trying to instantiate ann_benchmarks.algorithms.pynndescent.pynndescent(['euclidean', 1, 32])
Number of query threads: 32
Fri Aug 25 05:03:04 2023 Building RP forest with 23 trees
Fri Aug 25 05:03:12 2023 NN descent for 17 iterations
	 1  /  17
	 2  /  17
	 3  /  17
	 4  /  17
	 5  /  17
	 6  /  17
	 7  /  17
	 8  /  17
	 9  /  17
	 10  /  17
	Stopping threshold met -- exiting after 10 iterations
Fri Aug 25 05:07:49 2023 Worst tree score: 0.18515179
Fri Aug 25 05:07:49 2023 Mean tree score: 0.18802873
Fri Aug 25 05:07:49 2023 Best tree score: 0.19024107
Fri Aug 25 05:07:57 2023 Forward diversification reduced edges from 1120000 to 820367
Fri Aug 25 05:08:02 2023 Reverse diversification reduced edges from 820367 to 820367
Fri Aug 25 05:08:06 2023 Degree pruning reduced edges from 987980 to 930908
Fri Aug 25 05:08:06 2023 Resorting data and graph based on tree order
Fri Aug 25 05:08:06 2023 Compressing index by removing unneeded attributes
Fri Aug 25 05:08:06 2023 Building and compiling search function
Trying to instantiate ann_benchmarks.algorithms.pynndescent.pynndescent(['euclidean', 1, 32])
Number of query threads: 32
Fri Aug 25 05:03:02 2023 Building RP forest with 23 trees
Fri Aug 25 05:03:07 2023 NN descent for 17 iterations
	 1  /  17
	 2  /  17
	 3  /  17
	 4  /  17
	 5  /  17
	 6  /  17
	 7  /  17
	 8  /  17
	 9  /  17
	 10  /  17
	Stopping threshold met -- exiting after 10 iterations
Fri Aug 25 05:06:45 2023 Worst tree score: 0.18498214
Fri Aug 25 05:06:45 2023 Mean tree score: 0.18815295
Fri Aug 25 05:06:45 2023 Best tree score: 0.19066071
Fri Aug 25 05:07:20 2023 Forward diversification reduced edges from 1120000 to 819805
Fri Aug 25 05:07:36 2023 Reverse diversification reduced edges from 819805 to 819805
Fri Aug 25 05:07:44 2023 Degree pruning reduced edges from 987232 to 930112
Fri Aug 25 05:07:44 2023 Resorting data and graph based on tree order
Fri Aug 25 05:07:44 2023 Compressing index by removing unneeded attributes
Fri Aug 25 05:07:45 2023 Building and compiling search function
Trying to instantiate ann_benchmarks.algorithms.pynndescent.pynndescent(['euclidean', 1, 32])
Number of query threads: 32
Fri Aug 25 05:03:03 2023 Building RP forest with 23 trees
Fri Aug 25 05:03:09 2023 NN descent for 17 iterations
	 1  /  17
	 2  /  17
	 3  /  17
	 4  /  17
	 5  /  17
	 6  /  17
	 7  /  17
	 8  /  17
	 9  /  17
	 10  /  17
	Stopping threshold met -- exiting after 10 iterations
Fri Aug 25 05:07:19 2023 Worst tree score: 0.18667857
Fri Aug 25 05:07:19 2023 Mean tree score: 0.18879969
Fri Aug 25 05:07:19 2023 Best tree score: 0.19038393
Fri Aug 25 05:07:38 2023 Forward diversification reduced edges from 1120000 to 820834
Fri Aug 25 05:07:47 2023 Reverse diversification reduced edges from 820834 to 820834
Fri Aug 25 05:07:55 2023 Degree pruning reduced edges from 988632 to 931279
Fri Aug 25 05:07:55 2023 Resorting data and graph based on tree order
Fri Aug 25 05:07:55 2023 Compressing index by removing unneeded attributes
Fri Aug 25 05:07:55 2023 Building and compiling search function
Trying to instantiate ann_benchmarks.algorithms.pynndescent.pynndescent(['euclidean', 1, 32])
Number of query threads: 32
Fri Aug 25 05:03:05 2023 Building RP forest with 23 trees
Fri Aug 25 05:03:12 2023 NN descent for 17 iterations
	 1  /  17
	 2  /  17
	 3  /  17
	 4  /  17
	 5  /  17
	 6  /  17
	 7  /  17
	 8  /  17
	 9  /  17
	 10  /  17
	Stopping threshold met -- exiting after 10 iterations
Fri Aug 25 05:07:51 2023 Worst tree score: 0.18595536
Fri Aug 25 05:07:51 2023 Mean tree score: 0.18835481
Fri Aug 25 05:07:51 2023 Best tree score: 0.19022321
Fri Aug 25 05:07:58 2023 Forward diversification reduced edges from 1120000 to 820647
Fri Aug 25 05:08:03 2023 Reverse diversification reduced edges from 820647 to 820647
Fri Aug 25 05:08:07 2023 Degree pruning reduced edges from 989100 to 931466
Fri Aug 25 05:08:07 2023 Resorting data and graph based on tree order
Fri Aug 25 05:08:07 2023 Compressing index by removing unneeded attributes
Fri Aug 25 05:08:07 2023 Building and compiling search function
Trying to instantiate ann_benchmarks.algorithms.pynndescent.pynndescent(['euclidean', 1, 32])
Number of query threads: 32
Fri Aug 25 05:03:03 2023 Building RP forest with 23 trees
Fri Aug 25 05:03:08 2023 NN descent for 17 iterations
	 1  /  17
	 2  /  17
	 3  /  17
	 4  /  17
	 5  /  17
	 6  /  17
	 7  /  17
	 8  /  17
	 9  /  17
	 10  /  17
	Stopping threshold met -- exiting after 10 iterations
Fri Aug 25 05:06:10 2023 Worst tree score: 0.18613393
Fri Aug 25 05:06:10 2023 Mean tree score: 0.18876320
Fri Aug 25 05:06:10 2023 Best tree score: 0.19116964
Fri Aug 25 05:06:25 2023 Forward diversification reduced edges from 1120000 to 819961
Fri Aug 25 05:06:47 2023 Reverse diversification reduced edges from 819961 to 819961
Fri Aug 25 05:07:12 2023 Degree pruning reduced edges from 989012 to 930802
Fri Aug 25 05:07:12 2023 Resorting data and graph based on tree order
Fri Aug 25 05:07:12 2023 Compressing index by removing unneeded attributes
Fri Aug 25 05:07:12 2023 Building and compiling search function
Trying to instantiate ann_benchmarks.algorithms.pynndescent.pynndescent(['euclidean', 1, 32])
Number of query threads: 32
Fri Aug 25 05:03:04 2023 Building RP forest with 23 trees
Fri Aug 25 05:03:13 2023 NN descent for 17 iterations
	 1  /  17
	 2  /  17
	 3  /  17
	 4  /  17
	 5  /  17
	 6  /  17
	 7  /  17
	 8  /  17
	 9  /  17
	 10  /  17
	Stopping threshold met -- exiting after 10 iterations
Fri Aug 25 05:07:48 2023 Worst tree score: 0.18602679
Fri Aug 25 05:07:48 2023 Mean tree score: 0.18860675
Fri Aug 25 05:07:48 2023 Best tree score: 0.19215179
Fri Aug 25 05:07:56 2023 Forward diversification reduced edges from 1120000 to 820818
Fri Aug 25 05:08:01 2023 Reverse diversification reduced edges from 820818 to 820818
Fri Aug 25 05:08:05 2023 Degree pruning reduced edges from 988894 to 931456
Fri Aug 25 05:08:05 2023 Resorting data and graph based on tree order
Fri Aug 25 05:08:05 2023 Compressing index by removing unneeded attributes
Fri Aug 25 05:08:05 2023 Building and compiling search function
Trying to instantiate ann_benchmarks.algorithms.pynndescent.pynndescent(['euclidean', 1, 32])
Number of query threads: 32
Fri Aug 25 05:03:05 2023 Building RP forest with 23 trees
Fri Aug 25 05:03:11 2023 NN descent for 17 iterations
	 1  /  17
	 2  /  17
	 3  /  17
	 4  /  17
	 5  /  17
	 6  /  17
	 7  /  17
	 8  /  17
	 9  /  17
	 10  /  17
	Stopping threshold met -- exiting after 10 iterations
Fri Aug 25 05:06:53 2023 Worst tree score: 0.18617857
Fri Aug 25 05:06:53 2023 Mean tree score: 0.18841693
Fri Aug 25 05:06:53 2023 Best tree score: 0.19113393
Fri Aug 25 05:07:32 2023 Forward diversification reduced edges from 1120000 to 820533
Fri Aug 25 05:07:39 2023 Reverse diversification reduced edges from 820533 to 820533
Fri Aug 25 05:07:50 2023 Degree pruning reduced edges from 988766 to 931466
Fri Aug 25 05:07:50 2023 Resorting data and graph based on tree order
Fri Aug 25 05:07:50 2023 Compressing index by removing unneeded attributes
Fri Aug 25 05:07:50 2023 Building and compiling search function
Trying to instantiate ann_benchmarks.algorithms.pynndescent.pynndescent(['euclidean', 1, 32])
Number of query threads: 32
Fri Aug 25 05:03:04 2023 Building RP forest with 23 trees
Fri Aug 25 05:03:10 2023 NN descent for 17 iterations
	 1  /  17
	 2  /  17
	 3  /  17
	 4  /  17
	 5  /  17
	 6  /  17
	 7  /  17
	 8  /  17
	 9  /  17
	 10  /  17
	Stopping threshold met -- exiting after 10 iterations
Fri Aug 25 05:07:45 2023 Worst tree score: 0.18498214
Fri Aug 25 05:07:45 2023 Mean tree score: 0.18882492
Fri Aug 25 05:07:45 2023 Best tree score: 0.19134821
Fri Aug 25 05:07:55 2023 Forward diversification reduced edges from 1120000 to 820861
Fri Aug 25 05:08:01 2023 Reverse diversification reduced edges from 820861 to 820861
Fri Aug 25 05:08:04 2023 Degree pruning reduced edges from 988344 to 931093
Fri Aug 25 05:08:04 2023 Resorting data and graph based on tree order
Fri Aug 25 05:08:04 2023 Compressing index by removing unneeded attributes
Fri Aug 25 05:08:04 2023 Building and compiling search function
Trying to instantiate ann_benchmarks.algorithms.pynndescent.pynndescent(['euclidean', 1, 32])
Number of query threads: 32
Fri Aug 25 05:03:03 2023 Building RP forest with 23 trees
Fri Aug 25 05:03:09 2023 NN descent for 17 iterations
	 1  /  17
	 2  /  17
	 3  /  17
	 4  /  17
	 5  /  17
	 6  /  17
	 7  /  17
	 8  /  17
	 9  /  17
	 10  /  17
	Stopping threshold met -- exiting after 10 iterations
Fri Aug 25 05:07:53 2023 Worst tree score: 0.18578571
Fri Aug 25 05:07:53 2023 Mean tree score: 0.18893012
Fri Aug 25 05:07:53 2023 Best tree score: 0.19149107
Fri Aug 25 05:07:59 2023 Forward diversification reduced edges from 1120000 to 820755
Fri Aug 25 05:08:04 2023 Reverse diversification reduced edges from 820755 to 820755
Fri Aug 25 05:08:07 2023 Degree pruning reduced edges from 988410 to 931023
Fri Aug 25 05:08:07 2023 Resorting data and graph based on tree order
Fri Aug 25 05:08:07 2023 Compressing index by removing unneeded attributes
Fri Aug 25 05:08:07 2023 Building and compiling search function
Trying to instantiate ann_benchmarks.algorithms.pynndescent.pynndescent(['euclidean', 1, 32])
Number of query threads: 32
Fri Aug 25 05:03:06 2023 Building RP forest with 23 trees
Fri Aug 25 05:03:13 2023 NN descent for 17 iterations
	 1  /  17
	 2  /  17
	 3  /  17
	 4  /  17
	 5  /  17
	 6  /  17
	 7  /  17
	 8  /  17
	 9  /  17
	 10  /  17
	Stopping threshold met -- exiting after 10 iterations
Fri Aug 25 05:07:37 2023 Worst tree score: 0.18588393
Fri Aug 25 05:07:37 2023 Mean tree score: 0.18902446
Fri Aug 25 05:07:37 2023 Best tree score: 0.19224107
Fri Aug 25 05:07:47 2023 Forward diversification reduced edges from 1120000 to 820157
Fri Aug 25 05:07:56 2023 Reverse diversification reduced edges from 820157 to 820157
Fri Aug 25 05:07:59 2023 Degree pruning reduced edges from 988284 to 931452
Fri Aug 25 05:07:59 2023 Resorting data and graph based on tree order
Fri Aug 25 05:07:59 2023 Compressing index by removing unneeded attributes
Fri Aug 25 05:07:59 2023 Building and compiling search function
Trying to instantiate ann_benchmarks.algorithms.pynndescent.pynndescent(['euclidean', 1, 32])
Number of query threads: 32
Fri Aug 25 05:03:04 2023 Building RP forest with 23 trees
Fri Aug 25 05:03:14 2023 NN descent for 17 iterations
	 1  /  17
	 2  /  17
	 3  /  17
	 4  /  17
	 5  /  17
	 6  /  17
	 7  /  17
	 8  /  17
	 9  /  17
	 10  /  17
	Stopping threshold met -- exiting after 10 iterations
Fri Aug 25 05:06:54 2023 Worst tree score: 0.18470536
Fri Aug 25 05:06:54 2023 Mean tree score: 0.18835598
Fri Aug 25 05:06:54 2023 Best tree score: 0.19079464
Fri Aug 25 05:07:34 2023 Forward diversification reduced edges from 1120000 to 820702
Fri Aug 25 05:07:40 2023 Reverse diversification reduced edges from 820702 to 820702
Fri Aug 25 05:07:52 2023 Degree pruning reduced edges from 988100 to 931426
Fri Aug 25 05:07:52 2023 Resorting data and graph based on tree order
Fri Aug 25 05:07:52 2023 Compressing index by removing unneeded attributes
Fri Aug 25 05:07:52 2023 Building and compiling search function
Trying to instantiate ann_benchmarks.algorithms.pynndescent.pynndescent(['euclidean', 1, 32])
Number of query threads: 32
Fri Aug 25 05:03:05 2023 Building RP forest with 23 trees
Fri Aug 25 05:03:14 2023 NN descent for 17 iterations
	 1  /  17
	 2  /  17
	 3  /  17
	 4  /  17
	 5  /  17
	 6  /  17
	 7  /  17
	 8  /  17
	 9  /  17
	 10  /  17
	Stopping threshold met -- exiting after 10 iterations
Fri Aug 25 05:07:48 2023 Worst tree score: 0.18588393
Fri Aug 25 05:07:48 2023 Mean tree score: 0.18855978
Fri Aug 25 05:07:48 2023 Best tree score: 0.19083036
Fri Aug 25 05:07:57 2023 Forward diversification reduced edges from 1120000 to 821360
Fri Aug 25 05:08:02 2023 Reverse diversification reduced edges from 821360 to 821360
Fri Aug 25 05:08:05 2023 Degree pruning reduced edges from 989620 to 932551
Fri Aug 25 05:08:05 2023 Resorting data and graph based on tree order
Fri Aug 25 05:08:06 2023 Compressing index by removing unneeded attributes
Fri Aug 25 05:08:06 2023 Building and compiling search function
Trying to instantiate ann_benchmarks.algorithms.pynndescent.pynndescent(['euclidean', 1, 32])
Number of query threads: 32
Fri Aug 25 05:03:03 2023 Building RP forest with 23 trees
Fri Aug 25 05:03:08 2023 NN descent for 17 iterations
	 1  /  17
	 2  /  17
	 3  /  17
	 4  /  17
	 5  /  17
	 6  /  17
	 7  /  17
	 8  /  17
	 9  /  17
	 10  /  17
	Stopping threshold met -- exiting after 10 iterations
Fri Aug 25 05:06:43 2023 Worst tree score: 0.18411607
Fri Aug 25 05:06:43 2023 Mean tree score: 0.18853106
Fri Aug 25 05:06:43 2023 Best tree score: 0.19183036
Fri Aug 25 05:07:30 2023 Forward diversification reduced edges from 1120000 to 820081
Fri Aug 25 05:07:39 2023 Reverse diversification reduced edges from 820081 to 820081
Fri Aug 25 05:07:50 2023 Degree pruning reduced edges from 987564 to 930051
Fri Aug 25 05:07:50 2023 Resorting data and graph based on tree order
Fri Aug 25 05:07:50 2023 Compressing index by removing unneeded attributes
Fri Aug 25 05:07:50 2023 Building and compiling search function
Trying to instantiate ann_benchmarks.algorithms.pynndescent.pynndescent(['euclidean', 1, 32])
Number of query threads: 32
Fri Aug 25 05:03:05 2023 Building RP forest with 23 trees
Fri Aug 25 05:03:13 2023 NN descent for 17 iterations
	 1  /  17
	 2  /  17
	 3  /  17
	 4  /  17
	 5  /  17
	 6  /  17
	 7  /  17
	 8  /  17
	 9  /  17
	 10  /  17
	Stopping threshold met -- exiting after 10 iterations
Fri Aug 25 05:07:47 2023 Worst tree score: 0.18631250
Fri Aug 25 05:07:47 2023 Mean tree score: 0.18828571
Fri Aug 25 05:07:47 2023 Best tree score: 0.19150000
Fri Aug 25 05:07:56 2023 Forward diversification reduced edges from 1120000 to 820133
Fri Aug 25 05:08:02 2023 Reverse diversification reduced edges from 820133 to 820133
Fri Aug 25 05:08:06 2023 Degree pruning reduced edges from 986902 to 930240
Fri Aug 25 05:08:06 2023 Resorting data and graph based on tree order
Fri Aug 25 05:08:06 2023 Compressing index by removing unneeded attributes
Fri Aug 25 05:08:06 2023 Building and compiling search function
Trying to instantiate ann_benchmarks.algorithms.pynndescent.pynndescent(['euclidean', 1, 32])
Number of query threads: 32
Fri Aug 25 05:03:04 2023 Building RP forest with 23 trees
Fri Aug 25 05:03:10 2023 NN descent for 17 iterations
	 1  /  17
	 2  /  17
	 3  /  17
	 4  /  17
	 5  /  17
	 6  /  17
	 7  /  17
	 8  /  17
	 9  /  17
	 10  /  17
	Stopping threshold met -- exiting after 10 iterations
Fri Aug 25 05:07:12 2023 Worst tree score: 0.18519643
Fri Aug 25 05:07:12 2023 Mean tree score: 0.18900970
Fri Aug 25 05:07:12 2023 Best tree score: 0.19323214
Fri Aug 25 05:07:37 2023 Forward diversification reduced edges from 1120000 to 820789
Fri Aug 25 05:07:46 2023 Reverse diversification reduced edges from 820789 to 820789
Fri Aug 25 05:07:54 2023 Degree pruning reduced edges from 988566 to 931442
Fri Aug 25 05:07:54 2023 Resorting data and graph based on tree order
Fri Aug 25 05:07:55 2023 Compressing index by removing unneeded attributes
Fri Aug 25 05:07:55 2023 Building and compiling search function
Trying to instantiate ann_benchmarks.algorithms.pynndescent.pynndescent(['euclidean', 1, 32])
Number of query threads: 32
Fri Aug 25 05:03:03 2023 Building RP forest with 23 trees
Fri Aug 25 05:03:10 2023 NN descent for 17 iterations
	 1  /  17
	 2  /  17
	 3  /  17
	 4  /  17
	 5  /  17
	 6  /  17
	 7  /  17
	 8  /  17
	 9  /  17
	 10  /  17
	Stopping threshold met -- exiting after 10 iterations
Fri Aug 25 05:06:46 2023 Worst tree score: 0.18366071
Fri Aug 25 05:06:46 2023 Mean tree score: 0.18861452
Fri Aug 25 05:06:46 2023 Best tree score: 0.19132143
Fri Aug 25 05:07:32 2023 Forward diversification reduced edges from 1120000 to 820575
Fri Aug 25 05:07:40 2023 Reverse diversification reduced edges from 820575 to 820575
Fri Aug 25 05:07:50 2023 Degree pruning reduced edges from 988282 to 930993
Fri Aug 25 05:07:50 2023 Resorting data and graph based on tree order
Fri Aug 25 05:07:50 2023 Compressing index by removing unneeded attributes
Fri Aug 25 05:07:50 2023 Building and compiling search function
Trying to instantiate ann_benchmarks.algorithms.pynndescent.pynndescent(['euclidean', 1, 32])
Number of query threads: 32
Fri Aug 25 05:03:05 2023 Building RP forest with 23 trees
Fri Aug 25 05:03:12 2023 NN descent for 17 iterations
	 1  /  17
	 2  /  17
	 3  /  17
	 4  /  17
	 5  /  17
	 6  /  17
	 7  /  17
	 8  /  17
	 9  /  17
	 10  /  17
	Stopping threshold met -- exiting after 10 iterations
Fri Aug 25 05:07:33 2023 Worst tree score: 0.18574107
Fri Aug 25 05:07:33 2023 Mean tree score: 0.18802446
Fri Aug 25 05:07:33 2023 Best tree score: 0.19088393
Fri Aug 25 05:07:40 2023 Forward diversification reduced edges from 1120000 to 820915
Fri Aug 25 05:07:53 2023 Reverse diversification reduced edges from 820915 to 820915
Fri Aug 25 05:07:57 2023 Degree pruning reduced edges from 988730 to 931245
Fri Aug 25 05:07:57 2023 Resorting data and graph based on tree order
Fri Aug 25 05:07:57 2023 Compressing index by removing unneeded attributes
Fri Aug 25 05:07:57 2023 Building and compiling search function
Trying to instantiate ann_benchmarks.algorithms.pynndescent.pynndescent(['euclidean', 1, 32])
Number of query threads: 32
Fri Aug 25 05:03:05 2023 Building RP forest with 23 trees
Fri Aug 25 05:03:12 2023 NN descent for 17 iterations
	 1  /  17
	 2  /  17
	 3  /  17
	 4  /  17
	 5  /  17
	 6  /  17
	 7  /  17
	 8  /  17
	 9  /  17
	 10  /  17
	Stopping threshold met -- exiting after 10 iterations
Fri Aug 25 05:08:07 2023 Worst tree score: 0.18521429
Fri Aug 25 05:08:07 2023 Mean tree score: 0.18858929
Fri Aug 25 05:08:07 2023 Best tree score: 0.19235714
Fri Aug 25 05:08:11 2023 Forward diversification reduced edges from 1120000 to 820870
Fri Aug 25 05:08:14 2023 Reverse diversification reduced edges from 820870 to 820870
Fri Aug 25 05:08:16 2023 Degree pruning reduced edges from 988994 to 931653
Fri Aug 25 05:08:16 2023 Resorting data and graph based on tree order
Fri Aug 25 05:08:16 2023 Compressing index by removing unneeded attributes
Fri Aug 25 05:08:16 2023 Building and compiling search function
Trying to instantiate ann_benchmarks.algorithms.pynndescent.pynndescent(['euclidean', 1, 32])
Number of query threads: 32
Fri Aug 25 05:03:04 2023 Building RP forest with 23 trees
Fri Aug 25 05:03:11 2023 NN descent for 17 iterations
	 1  /  17
	 2  /  17
	 3  /  17
	 4  /  17
	 5  /  17
	 6  /  17
	 7  /  17
	 8  /  17
	 9  /  17
	 10  /  17
	Stopping threshold met -- exiting after 10 iterations
Fri Aug 25 05:07:50 2023 Worst tree score: 0.18428571
Fri Aug 25 05:07:50 2023 Mean tree score: 0.18853377
Fri Aug 25 05:07:50 2023 Best tree score: 0.19138393
Fri Aug 25 05:07:58 2023 Forward diversification reduced edges from 1120000 to 820516
Fri Aug 25 05:08:02 2023 Reverse diversification reduced edges from 820516 to 820516
Fri Aug 25 05:08:06 2023 Degree pruning reduced edges from 987760 to 930349
Fri Aug 25 05:08:06 2023 Resorting data and graph based on tree order
Fri Aug 25 05:08:06 2023 Compressing index by removing unneeded attributes
Fri Aug 25 05:08:06 2023 Building and compiling search function
Trying to instantiate ann_benchmarks.algorithms.pynndescent.pynndescent(['euclidean', 1, 32])
Number of query threads: 32
Fri Aug 25 05:03:05 2023 Building RP forest with 23 trees
Fri Aug 25 05:03:10 2023 NN descent for 17 iterations
	 1  /  17
	 2  /  17
	 3  /  17
	 4  /  17
	 5  /  17
	 6  /  17
	 7  /  17
	 8  /  17
	 9  /  17
	 10  /  17
	Stopping threshold met -- exiting after 10 iterations
Fri Aug 25 05:07:50 2023 Worst tree score: 0.18675893
Fri Aug 25 05:07:50 2023 Mean tree score: 0.18849806
Fri Aug 25 05:07:50 2023 Best tree score: 0.19139286
Fri Aug 25 05:07:58 2023 Forward diversification reduced edges from 1120000 to 820666
Fri Aug 25 05:08:02 2023 Reverse diversification reduced edges from 820666 to 820666
Fri Aug 25 05:08:06 2023 Degree pruning reduced edges from 987726 to 930765
Fri Aug 25 05:08:06 2023 Resorting data and graph based on tree order
Fri Aug 25 05:08:06 2023 Compressing index by removing unneeded attributes
Fri Aug 25 05:08:06 2023 Building and compiling search function
Trying to instantiate ann_benchmarks.algorithms.pynndescent.pynndescent(['euclidean', 1, 32])
Number of query threads: 32
Fri Aug 25 05:03:03 2023 Building RP forest with 23 trees
Fri Aug 25 05:03:10 2023 NN descent for 17 iterations
	 1  /  17
	 2  /  17
	 3  /  17
	 4  /  17
	 5  /  17
	 6  /  17
	 7  /  17
	 8  /  17
	 9  /  17
	 10  /  17
	Stopping threshold met -- exiting after 10 iterations
Fri Aug 25 05:06:51 2023 Worst tree score: 0.18676786
Fri Aug 25 05:06:51 2023 Mean tree score: 0.18867508
Fri Aug 25 05:06:51 2023 Best tree score: 0.19084821
Fri Aug 25 05:07:34 2023 Forward diversification reduced edges from 1120000 to 820339
Fri Aug 25 05:07:40 2023 Reverse diversification reduced edges from 820339 to 820339
Fri Aug 25 05:07:48 2023 Degree pruning reduced edges from 988394 to 931376
Fri Aug 25 05:07:48 2023 Resorting data and graph based on tree order
Fri Aug 25 05:07:48 2023 Compressing index by removing unneeded attributes
Fri Aug 25 05:07:48 2023 Building and compiling search function
Trying to instantiate ann_benchmarks.algorithms.pynndescent.pynndescent(['euclidean', 1, 32])
Number of query threads: 32
Fri Aug 25 05:03:03 2023 Building RP forest with 23 trees
Fri Aug 25 05:03:08 2023 NN descent for 17 iterations
	 1  /  17
	 2  /  17
	 3  /  17
	 4  /  17
	 5  /  17
	 6  /  17
	 7  /  17
	 8  /  17
	 9  /  17
	 10  /  17
	Stopping threshold met -- exiting after 10 iterations
Fri Aug 25 05:07:51 2023 Worst tree score: 0.18341071
Fri Aug 25 05:07:51 2023 Mean tree score: 0.18839402
Fri Aug 25 05:07:51 2023 Best tree score: 0.19178571
Fri Aug 25 05:07:58 2023 Forward diversification reduced edges from 1120000 to 820237
Fri Aug 25 05:08:03 2023 Reverse diversification reduced edges from 820237 to 820237
Fri Aug 25 05:08:07 2023 Degree pruning reduced edges from 989328 to 931818
Fri Aug 25 05:08:07 2023 Resorting data and graph based on tree order
Fri Aug 25 05:08:07 2023 Compressing index by removing unneeded attributes
Fri Aug 25 05:08:07 2023 Building and compiling search function
Trying to instantiate ann_benchmarks.algorithms.pynndescent.pynndescent(['euclidean', 1, 32])
Number of query threads: 32
Fri Aug 25 05:03:04 2023 Building RP forest with 23 trees
Fri Aug 25 05:03:09 2023 NN descent for 17 iterations
	 1  /  17
	 2  /  17
	 3  /  17
	 4  /  17
	 5  /  17
	 6  /  17
	 7  /  17
	 8  /  17
	 9  /  17
	 10  /  17
	Stopping threshold met -- exiting after 10 iterations
Fri Aug 25 05:07:31 2023 Worst tree score: 0.18603571
Fri Aug 25 05:07:31 2023 Mean tree score: 0.18871545
Fri Aug 25 05:07:31 2023 Best tree score: 0.19146429
Fri Aug 25 05:07:40 2023 Forward diversification reduced edges from 1120000 to 820290
Fri Aug 25 05:07:53 2023 Reverse diversification reduced edges from 820290 to 820290
Fri Aug 25 05:07:57 2023 Degree pruning reduced edges from 988376 to 931330
Fri Aug 25 05:07:57 2023 Resorting data and graph based on tree order
Fri Aug 25 05:07:57 2023 Compressing index by removing unneeded attributes
Fri Aug 25 05:07:57 2023 Building and compiling search function
Trying to instantiate ann_benchmarks.algorithms.pynndescent.pynndescent(['euclidean', 1, 32])
Number of query threads: 32
Fri Aug 25 05:03:04 2023 Building RP forest with 23 trees
Fri Aug 25 05:03:12 2023 NN descent for 17 iterations
	 1  /  17
	 2  /  17
	 3  /  17
	 4  /  17
	 5  /  17
	 6  /  17
	 7  /  17
	 8  /  17
	 9  /  17
	 10  /  17
	Stopping threshold met -- exiting after 10 iterations
Fri Aug 25 05:07:34 2023 Worst tree score: 0.18616964
Fri Aug 25 05:07:34 2023 Mean tree score: 0.18850000
Fri Aug 25 05:07:34 2023 Best tree score: 0.19160714
Fri Aug 25 05:07:42 2023 Forward diversification reduced edges from 1120000 to 820831
Fri Aug 25 05:07:54 2023 Reverse diversification reduced edges from 820831 to 820831
Fri Aug 25 05:07:59 2023 Degree pruning reduced edges from 988964 to 931775
Fri Aug 25 05:07:59 2023 Resorting data and graph based on tree order
Fri Aug 25 05:08:00 2023 Compressing index by removing unneeded attributes
Fri Aug 25 05:08:00 2023 Building and compiling search function
Trying to instantiate ann_benchmarks.algorithms.pynndescent.pynndescent(['euclidean', 1, 32])
Number of query threads: 32
Fri Aug 25 05:03:04 2023 Building RP forest with 23 trees
Fri Aug 25 05:03:10 2023 NN descent for 17 iterations
	 1  /  17
	 2  /  17
	 3  /  17
	 4  /  17
	 5  /  17
	 6  /  17
	 7  /  17
	 8  /  17
	 9  /  17
	 10  /  17
	Stopping threshold met -- exiting after 10 iterations
Fri Aug 25 05:06:42 2023 Worst tree score: 0.18458036
Fri Aug 25 05:06:42 2023 Mean tree score: 0.18816848
Fri Aug 25 05:06:42 2023 Best tree score: 0.19100893
Fri Aug 25 05:07:22 2023 Forward diversification reduced edges from 1120000 to 819962
Fri Aug 25 05:07:35 2023 Reverse diversification reduced edges from 819962 to 819962
Fri Aug 25 05:07:41 2023 Degree pruning reduced edges from 987658 to 930599
Fri Aug 25 05:07:41 2023 Resorting data and graph based on tree order
Fri Aug 25 05:07:41 2023 Compressing index by removing unneeded attributes
Fri Aug 25 05:07:41 2023 Building and compiling search function
Trying to instantiate ann_benchmarks.algorithms.pynndescent.pynndescent(['euclidean', 1, 32])
Number of query threads: 32
Fri Aug 25 05:03:02 2023 Building RP forest with 23 trees
Fri Aug 25 05:03:07 2023 NN descent for 17 iterations
	 1  /  17
	 2  /  17
	 3  /  17
	 4  /  17
	 5  /  17
	 6  /  17
	 7  /  17
	 8  /  17
	 9  /  17
	 10  /  17
	Stopping threshold met -- exiting after 10 iterations
Fri Aug 25 05:07:19 2023 Worst tree score: 0.18508036
Fri Aug 25 05:07:19 2023 Mean tree score: 0.18854309
Fri Aug 25 05:07:19 2023 Best tree score: 0.19155357
Fri Aug 25 05:07:36 2023 Forward diversification reduced edges from 1120000 to 820883
Fri Aug 25 05:07:44 2023 Reverse diversification reduced edges from 820883 to 820883
Fri Aug 25 05:07:54 2023 Degree pruning reduced edges from 989496 to 932097
Fri Aug 25 05:07:54 2023 Resorting data and graph based on tree order
Fri Aug 25 05:07:54 2023 Compressing index by removing unneeded attributes
Fri Aug 25 05:07:54 2023 Building and compiling search function
Trying to instantiate ann_benchmarks.algorithms.pynndescent.pynndescent(['euclidean', 1, 32])
Number of query threads: 32
Fri Aug 25 05:03:05 2023 Building RP forest with 23 trees
Fri Aug 25 05:03:13 2023 NN descent for 17 iterations
	 1  /  17
	 2  /  17
	 3  /  17
	 4  /  17
	 5  /  17
	 6  /  17
	 7  /  17
	 8  /  17
	 9  /  17
	 10  /  17
	Stopping threshold met -- exiting after 10 iterations
Fri Aug 25 05:07:54 2023 Worst tree score: 0.18670536
Fri Aug 25 05:07:54 2023 Mean tree score: 0.18888432
Fri Aug 25 05:07:54 2023 Best tree score: 0.19125893
Fri Aug 25 05:08:00 2023 Forward diversification reduced edges from 1120000 to 821317
Fri Aug 25 05:08:05 2023 Reverse diversification reduced edges from 821317 to 821317
Fri Aug 25 05:08:08 2023 Degree pruning reduced edges from 989414 to 932132
Fri Aug 25 05:08:08 2023 Resorting data and graph based on tree order
Fri Aug 25 05:08:09 2023 Compressing index by removing unneeded attributes
Fri Aug 25 05:08:09 2023 Building and compiling search function
Trying to instantiate ann_benchmarks.algorithms.pynndescent.pynndescent(['euclidean', 1, 32])
Number of query threads: 32
Fri Aug 25 05:03:05 2023 Building RP forest with 23 trees
Fri Aug 25 05:03:15 2023 NN descent for 17 iterations
	 1  /  17
	 2  /  17
	 3  /  17
	 4  /  17
	 5  /  17
	 6  /  17
	 7  /  17
	 8  /  17
	 9  /  17
	 10  /  17
	Stopping threshold met -- exiting after 10 iterations
Fri Aug 25 05:07:54 2023 Worst tree score: 0.18502679
Fri Aug 25 05:07:54 2023 Mean tree score: 0.18772321
Fri Aug 25 05:07:54 2023 Best tree score: 0.19107143
Fri Aug 25 05:08:00 2023 Forward diversification reduced edges from 1120000 to 820471
Fri Aug 25 05:08:05 2023 Reverse diversification reduced edges from 820471 to 820471
Fri Aug 25 05:08:09 2023 Degree pruning reduced edges from 988114 to 930879
Fri Aug 25 05:08:09 2023 Resorting data and graph based on tree order
Fri Aug 25 05:08:09 2023 Compressing index by removing unneeded attributes
Fri Aug 25 05:08:09 2023 Building and compiling search function
Trying to instantiate ann_benchmarks.algorithms.pynndescent.pynndescent(['euclidean', 1, 32])
Number of query threads: 32
Fri Aug 25 05:03:06 2023 Building RP forest with 23 trees
Fri Aug 25 05:03:14 2023 NN descent for 17 iterations
	 1  /  17
	 2  /  17
	 3  /  17
	 4  /  17
	 5  /  17
	 6  /  17
	 7  /  17
	 8  /  17
	 9  /  17
	 10  /  17
	Stopping threshold met -- exiting after 10 iterations
Fri Aug 25 05:07:54 2023 Worst tree score: 0.18537500
Fri Aug 25 05:07:54 2023 Mean tree score: 0.18853339
Fri Aug 25 05:07:54 2023 Best tree score: 0.19142857
Fri Aug 25 05:08:01 2023 Forward diversification reduced edges from 1120000 to 820715
Fri Aug 25 05:08:05 2023 Reverse diversification reduced edges from 820715 to 820715
Fri Aug 25 05:08:08 2023 Degree pruning reduced edges from 988942 to 931652
Fri Aug 25 05:08:08 2023 Resorting data and graph based on tree order
Fri Aug 25 05:08:09 2023 Compressing index by removing unneeded attributes
Fri Aug 25 05:08:09 2023 Building and compiling search function
Trying to instantiate ann_benchmarks.algorithms.pynndescent.pynndescent(['euclidean', 1, 32])
Number of query threads: 32
Fri Aug 25 05:03:03 2023 Building RP forest with 23 trees
Fri Aug 25 05:03:10 2023 NN descent for 17 iterations
	 1  /  17
	 2  /  17
	 3  /  17
	 4  /  17
	 5  /  17
	 6  /  17
	 7  /  17
	 8  /  17
	 9  /  17
	 10  /  17
	Stopping threshold met -- exiting after 10 iterations
Fri Aug 25 05:07:53 2023 Worst tree score: 0.18508036
Fri Aug 25 05:07:53 2023 Mean tree score: 0.18885520
Fri Aug 25 05:07:53 2023 Best tree score: 0.19298214
Fri Aug 25 05:07:59 2023 Forward diversification reduced edges from 1120000 to 820584
Fri Aug 25 05:08:04 2023 Reverse diversification reduced edges from 820584 to 820584
Fri Aug 25 05:08:08 2023 Degree pruning reduced edges from 987926 to 931406
Fri Aug 25 05:08:08 2023 Resorting data and graph based on tree order
Fri Aug 25 05:08:08 2023 Compressing index by removing unneeded attributes
Fri Aug 25 05:08:08 2023 Building and compiling search function
Built index in 327.1251497268677
Running query argument group 1 of 1...
Run 1/1...
Queries per second: 41016.07666731857
