['euclidean', 1, 2]
Trying to instantiate ann_benchmarks.algorithms.pynndescent.pynndescent(['euclidean', 1, 2])
Number of query threads: 2
got a train set of size (112000 * 2048)
got 450 queries
Trying to instantiate ann_benchmarks.algorithms.pynndescent.pynndescent(['euclidean', 1, 2])
Number of query threads: 2
Fri Aug 25 08:32:31 2023 Building RP forest with 23 trees
Fri Aug 25 08:32:40 2023 NN descent for 17 iterations
	 1  /  17
	 2  /  17
	 3  /  17
	 4  /  17
	 5  /  17
	 6  /  17
	 7  /  17
	 8  /  17
	 9  /  17
	 10  /  17
	 11  /  17
	 12  /  17
	 13  /  17
	 14  /  17
	Stopping threshold met -- exiting after 14 iterations
Fri Aug 25 08:34:58 2023 Worst tree score: 0.15167857
Fri Aug 25 08:34:58 2023 Mean tree score: 0.15463354
Fri Aug 25 08:34:58 2023 Best tree score: 0.15680357
Fri Aug 25 08:35:02 2023 Forward diversification reduced edges from 1120000 to 730130
Fri Aug 25 08:35:05 2023 Reverse diversification reduced edges from 730130 to 730130
Fri Aug 25 08:35:07 2023 Degree pruning reduced edges from 1046254 to 821692
Fri Aug 25 08:35:07 2023 Resorting data and graph based on tree order
Fri Aug 25 08:35:08 2023 Compressing index by removing unneeded attributes
Fri Aug 25 08:35:08 2023 Building and compiling search function
Built index in 169.14682388305664
Running query argument group 1 of 1...
Run 1/1...
Queries per second: 20.067285442330498
