['euclidean', 1, 2]
Trying to instantiate ann_benchmarks.algorithms.pynndescent.pynndescent(['euclidean', 1, 2])
Number of query threads: 2
got a train set of size (7000 * 512)
got 450 queries
Trying to instantiate ann_benchmarks.algorithms.pynndescent.pynndescent(['euclidean', 1, 2])
Number of query threads: 2
Mon Aug 28 02:18:08 2023 Building RP forest with 14 trees
Mon Aug 28 02:18:12 2023 NN descent for 13 iterations
	 1  /  13
	 2  /  13
	 3  /  13
	 4  /  13
	 5  /  13
	Stopping threshold met -- exiting after 5 iterations
Mon Aug 28 02:20:02 2023 Worst tree score: 0.47685714
Mon Aug 28 02:20:02 2023 Mean tree score: 0.50308163
Mon Aug 28 02:20:02 2023 Best tree score: 0.52614286
Mon Aug 28 02:20:05 2023 Forward diversification reduced edges from 70000 to 42820
Mon Aug 28 02:20:09 2023 Reverse diversification reduced edges from 42820 to 42820
Mon Aug 28 02:20:11 2023 Degree pruning reduced edges from 48554 to 48007
Mon Aug 28 02:20:11 2023 Resorting data and graph based on tree order
Mon Aug 28 02:20:11 2023 Compressing index by removing unneeded attributes
Mon Aug 28 02:20:11 2023 Building and compiling search function
Built index in 135.06837344169617
Running query argument group 1 of 1...
Run 1/1...
Queries per second: 17169.286188609087
