['euclidean', 1, 1]
Trying to instantiate ann_benchmarks.algorithms.pynndescent.pynndescent(['euclidean', 1, 1])
Number of query threads: 1
got a train set of size (112000 * 32)
got 450 queries
Trying to instantiate ann_benchmarks.algorithms.pynndescent.pynndescent(['euclidean', 1, 1])
Number of query threads: 1
Fri Aug 25 04:01:08 2023 Building RP forest with 23 trees
Fri Aug 25 04:01:13 2023 NN descent for 17 iterations
	 1  /  17
	 2  /  17
	 3  /  17
	 4  /  17
	 5  /  17
	 6  /  17
	 7  /  17
	 8  /  17
	 9  /  17
	 10  /  17
	Stopping threshold met -- exiting after 10 iterations
Fri Aug 25 04:03:22 2023 Worst tree score: 0.18587500
Fri Aug 25 04:03:22 2023 Mean tree score: 0.18867818
Fri Aug 25 04:03:22 2023 Best tree score: 0.19107143
Fri Aug 25 04:03:25 2023 Forward diversification reduced edges from 1120000 to 820558
Fri Aug 25 04:03:28 2023 Reverse diversification reduced edges from 820558 to 820558
Fri Aug 25 04:03:31 2023 Degree pruning reduced edges from 988454 to 930968
Fri Aug 25 04:03:31 2023 Resorting data and graph based on tree order
Fri Aug 25 04:03:31 2023 Compressing index by removing unneeded attributes
Fri Aug 25 04:03:31 2023 Building and compiling search function
Built index in 154.15797185897827
Running query argument group 1 of 1...
Run 1/1...
Queries per second: 12478.673480856585
