['euclidean', 1, 4]
Trying to instantiate ann_benchmarks.algorithms.pynndescent.pynndescent(['euclidean', 1, 4])
Number of query threads: 4
got a train set of size (112000 * 512)
got 450 queries
Trying to instantiate ann_benchmarks.algorithms.pynndescent.pynndescent(['euclidean', 1, 4])
Number of query threads: 4
Fri Aug 25 07:03:54 2023 Building RP forest with 23 trees
Fri Aug 25 07:03:59 2023 NN descent for 17 iterations
	 1  /  17
	 2  /  17
	 3  /  17
	 4  /  17
	 5  /  17
	 6  /  17
	 7  /  17
	 8  /  17
	 9  /  17
	 10  /  17
	 11  /  17
	 12  /  17
	 13  /  17
	 14  /  17
	Stopping threshold met -- exiting after 14 iterations
Fri Aug 25 07:06:28 2023 Worst tree score: 0.17316071
Fri Aug 25 07:06:28 2023 Mean tree score: 0.17537811
Fri Aug 25 07:06:28 2023 Best tree score: 0.17733929
Fri Aug 25 07:06:32 2023 Forward diversification reduced edges from 1120000 to 768278
Fri Aug 25 07:06:35 2023 Reverse diversification reduced edges from 768278 to 768278
Fri Aug 25 07:06:38 2023 Degree pruning reduced edges from 1075488 to 875845
Fri Aug 25 07:06:38 2023 Resorting data and graph based on tree order
Fri Aug 25 07:06:38 2023 Compressing index by removing unneeded attributes
Fri Aug 25 07:06:38 2023 Building and compiling search function
Trying to instantiate ann_benchmarks.algorithms.pynndescent.pynndescent(['euclidean', 1, 4])
Number of query threads: 4
Fri Aug 25 07:03:54 2023 Building RP forest with 23 trees
Fri Aug 25 07:04:00 2023 NN descent for 17 iterations
	 1  /  17
	 2  /  17
	 3  /  17
	 4  /  17
	 5  /  17
	 6  /  17
	 7  /  17
	 8  /  17
	 9  /  17
	 10  /  17
	 11  /  17
	 12  /  17
	 13  /  17
	 14  /  17
	Stopping threshold met -- exiting after 14 iterations
Fri Aug 25 07:06:27 2023 Worst tree score: 0.17136607
Fri Aug 25 07:06:27 2023 Mean tree score: 0.17476980
Fri Aug 25 07:06:27 2023 Best tree score: 0.17741964
Fri Aug 25 07:06:31 2023 Forward diversification reduced edges from 1120000 to 767718
Fri Aug 25 07:06:34 2023 Reverse diversification reduced edges from 767718 to 767718
Fri Aug 25 07:06:37 2023 Degree pruning reduced edges from 1074270 to 874969
Fri Aug 25 07:06:37 2023 Resorting data and graph based on tree order
Fri Aug 25 07:06:37 2023 Compressing index by removing unneeded attributes
Fri Aug 25 07:06:37 2023 Building and compiling search function
Trying to instantiate ann_benchmarks.algorithms.pynndescent.pynndescent(['euclidean', 1, 4])
Number of query threads: 4
Fri Aug 25 07:03:54 2023 Building RP forest with 23 trees
Fri Aug 25 07:04:00 2023 NN descent for 17 iterations
	 1  /  17
	 2  /  17
	 3  /  17
	 4  /  17
	 5  /  17
	 6  /  17
	 7  /  17
	 8  /  17
	 9  /  17
	 10  /  17
	 11  /  17
	 12  /  17
	 13  /  17
	 14  /  17
	Stopping threshold met -- exiting after 14 iterations
Fri Aug 25 07:06:27 2023 Worst tree score: 0.17268750
Fri Aug 25 07:06:27 2023 Mean tree score: 0.17480978
Fri Aug 25 07:06:27 2023 Best tree score: 0.17754464
Fri Aug 25 07:06:30 2023 Forward diversification reduced edges from 1120000 to 768164
Fri Aug 25 07:06:33 2023 Reverse diversification reduced edges from 768164 to 768164
Fri Aug 25 07:06:36 2023 Degree pruning reduced edges from 1075252 to 875578
Fri Aug 25 07:06:36 2023 Resorting data and graph based on tree order
Fri Aug 25 07:06:37 2023 Compressing index by removing unneeded attributes
Fri Aug 25 07:06:37 2023 Building and compiling search function
Built index in 176.27591848373413
Running query argument group 1 of 1...
Run 1/1...
Queries per second: 948.3082117448423
