['euclidean', 1, 4]
Trying to instantiate ann_benchmarks.algorithms.pynndescent.pynndescent(['euclidean', 1, 4])
Number of query threads: 4
got a train set of size (112000 * 128)
got 450 queries
Trying to instantiate ann_benchmarks.algorithms.pynndescent.pynndescent(['euclidean', 1, 4])
Number of query threads: 4
Fri Aug 25 05:30:27 2023 Building RP forest with 23 trees
Fri Aug 25 05:30:31 2023 NN descent for 17 iterations
	 1  /  17
	 2  /  17
	 3  /  17
	 4  /  17
	 5  /  17
	 6  /  17
	 7  /  17
	 8  /  17
	 9  /  17
	 10  /  17
	 11  /  17
	 12  /  17
	 13  /  17
	Stopping threshold met -- exiting after 13 iterations
Fri Aug 25 05:32:55 2023 Worst tree score: 0.19016071
Fri Aug 25 05:32:55 2023 Mean tree score: 0.19267469
Fri Aug 25 05:32:55 2023 Best tree score: 0.19586607
Fri Aug 25 05:32:58 2023 Forward diversification reduced edges from 1120000 to 811356
Fri Aug 25 05:33:02 2023 Reverse diversification reduced edges from 811356 to 811356
Fri Aug 25 05:33:05 2023 Degree pruning reduced edges from 1089814 to 930902
Fri Aug 25 05:33:05 2023 Resorting data and graph based on tree order
Fri Aug 25 05:33:06 2023 Compressing index by removing unneeded attributes
Fri Aug 25 05:33:06 2023 Building and compiling search function
Trying to instantiate ann_benchmarks.algorithms.pynndescent.pynndescent(['euclidean', 1, 4])
Number of query threads: 4
Fri Aug 25 05:30:27 2023 Building RP forest with 23 trees
Fri Aug 25 05:30:31 2023 NN descent for 17 iterations
	 1  /  17
	 2  /  17
	 3  /  17
	 4  /  17
	 5  /  17
	 6  /  17
	 7  /  17
	 8  /  17
	 9  /  17
	 10  /  17
	 11  /  17
	 12  /  17
	 13  /  17
	Stopping threshold met -- exiting after 13 iterations
Fri Aug 25 05:32:53 2023 Worst tree score: 0.18936607
Fri Aug 25 05:32:53 2023 Mean tree score: 0.19235675
Fri Aug 25 05:32:53 2023 Best tree score: 0.19469643
Fri Aug 25 05:32:57 2023 Forward diversification reduced edges from 1120000 to 811423
Fri Aug 25 05:33:00 2023 Reverse diversification reduced edges from 811423 to 811423
Fri Aug 25 05:33:03 2023 Degree pruning reduced edges from 1089432 to 930424
Fri Aug 25 05:33:03 2023 Resorting data and graph based on tree order
Fri Aug 25 05:33:04 2023 Compressing index by removing unneeded attributes
Fri Aug 25 05:33:04 2023 Building and compiling search function
Trying to instantiate ann_benchmarks.algorithms.pynndescent.pynndescent(['euclidean', 1, 4])
Number of query threads: 4
Fri Aug 25 05:30:27 2023 Building RP forest with 23 trees
Fri Aug 25 05:30:31 2023 NN descent for 17 iterations
	 1  /  17
	 2  /  17
	 3  /  17
	 4  /  17
	 5  /  17
	 6  /  17
	 7  /  17
	 8  /  17
	 9  /  17
	 10  /  17
	 11  /  17
	 12  /  17
	 13  /  17
	Stopping threshold met -- exiting after 13 iterations
Fri Aug 25 05:32:53 2023 Worst tree score: 0.18949107
Fri Aug 25 05:32:53 2023 Mean tree score: 0.19219255
Fri Aug 25 05:32:53 2023 Best tree score: 0.19585714
Fri Aug 25 05:32:57 2023 Forward diversification reduced edges from 1120000 to 810614
Fri Aug 25 05:33:01 2023 Reverse diversification reduced edges from 810614 to 810614
Fri Aug 25 05:33:04 2023 Degree pruning reduced edges from 1088644 to 929405
Fri Aug 25 05:33:04 2023 Resorting data and graph based on tree order
Fri Aug 25 05:33:04 2023 Compressing index by removing unneeded attributes
Fri Aug 25 05:33:04 2023 Building and compiling search function
Built index in 171.39042806625366
Running query argument group 1 of 1...
Run 1/1...
Queries per second: 9543.209052574179
