['euclidean', 1, 2]
Trying to instantiate ann_benchmarks.algorithms.pynndescent.pynndescent(['euclidean', 1, 2])
Number of query threads: 2
got a train set of size (7000 * 2048)
got 450 queries
Trying to instantiate ann_benchmarks.algorithms.pynndescent.pynndescent(['euclidean', 1, 2])
Number of query threads: 2
Mon Aug 28 02:25:44 2023 Building RP forest with 14 trees
Mon Aug 28 02:25:48 2023 NN descent for 13 iterations
	 1  /  13
	 2  /  13
	 3  /  13
	 4  /  13
	Stopping threshold met -- exiting after 4 iterations
Mon Aug 28 02:27:37 2023 Worst tree score: 0.59100000
Mon Aug 28 02:27:37 2023 Mean tree score: 0.61321429
Mon Aug 28 02:27:37 2023 Best tree score: 0.63014286
Mon Aug 28 02:27:41 2023 Forward diversification reduced edges from 70000 to 39943
Mon Aug 28 02:27:44 2023 Reverse diversification reduced edges from 39943 to 39943
Mon Aug 28 02:27:46 2023 Degree pruning reduced edges from 42942 to 42727
Mon Aug 28 02:27:46 2023 Resorting data and graph based on tree order
Mon Aug 28 02:27:46 2023 Compressing index by removing unneeded attributes
Mon Aug 28 02:27:46 2023 Building and compiling search function
Trying to instantiate ann_benchmarks.algorithms.pynndescent.pynndescent(['euclidean', 1, 2])
Number of query threads: 2
Mon Aug 28 02:25:44 2023 Building RP forest with 14 trees
Mon Aug 28 02:25:48 2023 NN descent for 13 iterations
	 1  /  13
	 2  /  13
	 3  /  13
	 4  /  13
	Stopping threshold met -- exiting after 4 iterations
Mon Aug 28 02:27:36 2023 Worst tree score: 0.58471429
Mon Aug 28 02:27:36 2023 Mean tree score: 0.61336735
Mon Aug 28 02:27:36 2023 Best tree score: 0.64714286
Mon Aug 28 02:27:39 2023 Forward diversification reduced edges from 70000 to 39960
Mon Aug 28 02:27:42 2023 Reverse diversification reduced edges from 39960 to 39960
Mon Aug 28 02:27:44 2023 Degree pruning reduced edges from 42974 to 42759
Mon Aug 28 02:27:44 2023 Resorting data and graph based on tree order
Mon Aug 28 02:27:44 2023 Compressing index by removing unneeded attributes
Mon Aug 28 02:27:44 2023 Building and compiling search function
Built index in 134.78514003753662
Running query argument group 1 of 1...
Run 1/1...
Queries per second: 8949.821471755538
