['euclidean', 1, 2]
Trying to instantiate ann_benchmarks.algorithms.pynndescent.pynndescent(['euclidean', 1, 2])
Number of query threads: 2
got a train set of size (7000 * 128)
got 450 queries
Trying to instantiate ann_benchmarks.algorithms.pynndescent.pynndescent(['euclidean', 1, 2])
Number of query threads: 2
Mon Aug 28 02:09:17 2023 Building RP forest with 14 trees
Mon Aug 28 02:09:21 2023 NN descent for 13 iterations
	 1  /  13
	 2  /  13
	 3  /  13
	 4  /  13
	 5  /  13
	Stopping threshold met -- exiting after 5 iterations
Mon Aug 28 02:11:11 2023 Worst tree score: 0.47185714
Mon Aug 28 02:11:11 2023 Mean tree score: 0.49165306
Mon Aug 28 02:11:11 2023 Best tree score: 0.51242857
Mon Aug 28 02:11:14 2023 Forward diversification reduced edges from 70000 to 43620
Mon Aug 28 02:11:17 2023 Reverse diversification reduced edges from 43620 to 43620
Mon Aug 28 02:11:20 2023 Degree pruning reduced edges from 51874 to 51279
Mon Aug 28 02:11:20 2023 Resorting data and graph based on tree order
Mon Aug 28 02:11:20 2023 Compressing index by removing unneeded attributes
Mon Aug 28 02:11:20 2023 Building and compiling search function
Trying to instantiate ann_benchmarks.algorithms.pynndescent.pynndescent(['euclidean', 1, 2])
Number of query threads: 2
Mon Aug 28 02:09:18 2023 Building RP forest with 14 trees
Mon Aug 28 02:09:22 2023 NN descent for 13 iterations
	 1  /  13
	 2  /  13
	 3  /  13
	 4  /  13
	 5  /  13
	Stopping threshold met -- exiting after 5 iterations
Mon Aug 28 02:11:12 2023 Worst tree score: 0.46128571
Mon Aug 28 02:11:12 2023 Mean tree score: 0.48627551
Mon Aug 28 02:11:12 2023 Best tree score: 0.50814286
Mon Aug 28 02:11:15 2023 Forward diversification reduced edges from 70000 to 43557
Mon Aug 28 02:11:18 2023 Reverse diversification reduced edges from 43557 to 43557
Mon Aug 28 02:11:21 2023 Degree pruning reduced edges from 51702 to 51097
Mon Aug 28 02:11:21 2023 Resorting data and graph based on tree order
Mon Aug 28 02:11:21 2023 Compressing index by removing unneeded attributes
Mon Aug 28 02:11:21 2023 Building and compiling search function
Built index in 135.16212511062622
Running query argument group 1 of 1...
Run 1/1...
Queries per second: 28998.675618787493
