['euclidean', 1, 8]
Trying to instantiate ann_benchmarks.algorithms.bruteforce.bruteforce(['euclidean', 1, 8])
Number of workers: 1
Number of query threads: 8
got a train set of size (7000 * 32)
got 450 queries
Built index in 5.81161093711853
Running query argument group 1 of 1...
Run 1/1...
Queries per second: 2433.3394786613285
Trying to instantiate ann_benchmarks.algorithms.bruteforce.bruteforce(['euclidean', 1, 8])
Number of workers: 1
Number of query threads: 8
Trying to instantiate ann_benchmarks.algorithms.bruteforce.bruteforce(['euclidean', 1, 8])
Number of workers: 1
Number of query threads: 8
Trying to instantiate ann_benchmarks.algorithms.bruteforce.bruteforce(['euclidean', 1, 8])
Number of workers: 1
Number of query threads: 8
Trying to instantiate ann_benchmarks.algorithms.bruteforce.bruteforce(['euclidean', 1, 8])
Number of workers: 1
Number of query threads: 8
Trying to instantiate ann_benchmarks.algorithms.bruteforce.bruteforce(['euclidean', 1, 8])
Number of workers: 1
Number of query threads: 8
Trying to instantiate ann_benchmarks.algorithms.bruteforce.bruteforce(['euclidean', 1, 8])
Number of workers: 1
Number of query threads: 8
Trying to instantiate ann_benchmarks.algorithms.bruteforce.bruteforce(['euclidean', 1, 8])
Number of workers: 1
Number of query threads: 8
Trying to instantiate ann_benchmarks.algorithms.bruteforce.bruteforce(['euclidean', 1, 8])
Number of workers: 1
Number of query threads: 8
