['euclidean', 1, 2]
Trying to instantiate ann_benchmarks.algorithms.pynndescent.pynndescent(['euclidean', 1, 2])
Number of query threads: 2
got a train set of size (112000 * 128)
got 450 queries
Trying to instantiate ann_benchmarks.algorithms.pynndescent.pynndescent(['euclidean', 1, 2])
Number of query threads: 2
Fri Aug 25 05:18:25 2023 Building RP forest with 23 trees
Fri Aug 25 05:18:30 2023 NN descent for 17 iterations
	 1  /  17
	 2  /  17
	 3  /  17
	 4  /  17
	 5  /  17
	 6  /  17
	 7  /  17
	 8  /  17
	 9  /  17
	 10  /  17
	 11  /  17
	 12  /  17
	 13  /  17
	Stopping threshold met -- exiting after 13 iterations
Fri Aug 25 05:20:45 2023 Worst tree score: 0.18897321
Fri Aug 25 05:20:45 2023 Mean tree score: 0.19256289
Fri Aug 25 05:20:45 2023 Best tree score: 0.19483929
Fri Aug 25 05:20:49 2023 Forward diversification reduced edges from 1120000 to 812210
Fri Aug 25 05:20:52 2023 Reverse diversification reduced edges from 812210 to 812210
Fri Aug 25 05:20:54 2023 Degree pruning reduced edges from 1089756 to 931771
Fri Aug 25 05:20:54 2023 Resorting data and graph based on tree order
Fri Aug 25 05:20:55 2023 Compressing index by removing unneeded attributes
Fri Aug 25 05:20:55 2023 Building and compiling search function
Trying to instantiate ann_benchmarks.algorithms.pynndescent.pynndescent(['euclidean', 1, 2])
Number of query threads: 2
Fri Aug 25 05:18:25 2023 Building RP forest with 23 trees
Fri Aug 25 05:18:30 2023 NN descent for 17 iterations
	 1  /  17
	 2  /  17
	 3  /  17
	 4  /  17
	 5  /  17
	 6  /  17
	 7  /  17
	 8  /  17
	 9  /  17
	 10  /  17
	 11  /  17
	 12  /  17
	Stopping threshold met -- exiting after 12 iterations
Fri Aug 25 05:20:45 2023 Worst tree score: 0.18979464
Fri Aug 25 05:20:45 2023 Mean tree score: 0.19257570
Fri Aug 25 05:20:45 2023 Best tree score: 0.19596429
Fri Aug 25 05:20:49 2023 Forward diversification reduced edges from 1120000 to 811123
Fri Aug 25 05:20:52 2023 Reverse diversification reduced edges from 811123 to 811123
Fri Aug 25 05:20:55 2023 Degree pruning reduced edges from 1089068 to 930544
Fri Aug 25 05:20:55 2023 Resorting data and graph based on tree order
Fri Aug 25 05:20:55 2023 Compressing index by removing unneeded attributes
Fri Aug 25 05:20:55 2023 Building and compiling search function
Built index in 162.25866651535034
Running query argument group 1 of 1...
Run 1/1...
Queries per second: 8891.344369176191
