['euclidean', 1, 2]
Trying to instantiate ann_benchmarks.algorithms.pynndescent.pynndescent(['euclidean', 1, 2])
Number of query threads: 2
got a train set of size (28000 * 2048)
got 450 queries
Trying to instantiate ann_benchmarks.algorithms.pynndescent.pynndescent(['euclidean', 1, 2])
Number of query threads: 2
Fri Aug 25 03:11:20 2023 Building RP forest with 18 trees
Fri Aug 25 03:11:25 2023 NN descent for 15 iterations
	 1  /  15
	 2  /  15
	 3  /  15
	 4  /  15
	 5  /  15
	 6  /  15
	 7  /  15
	 8  /  15
	 9  /  15
	 10  /  15
	 11  /  15
	 12  /  15
	 13  /  15
	Stopping threshold met -- exiting after 13 iterations
Fri Aug 25 03:13:19 2023 Worst tree score: 0.17178571
Fri Aug 25 03:13:19 2023 Mean tree score: 0.17571032
Fri Aug 25 03:13:19 2023 Best tree score: 0.18182143
Fri Aug 25 03:13:23 2023 Forward diversification reduced edges from 280000 to 183959
Fri Aug 25 03:13:26 2023 Reverse diversification reduced edges from 183959 to 183959
Fri Aug 25 03:13:28 2023 Degree pruning reduced edges from 260606 to 205757
Fri Aug 25 03:13:28 2023 Resorting data and graph based on tree order
Fri Aug 25 03:13:28 2023 Compressing index by removing unneeded attributes
Fri Aug 25 03:13:28 2023 Building and compiling search function
Built index in 140.40857648849487
Running query argument group 1 of 1...
Run 1/1...
Queries per second: 78.99668713422544
