['euclidean', 1, 2]
Trying to instantiate ann_benchmarks.algorithms.pynndescent.pynndescent(['euclidean', 1, 2])
Number of query threads: 2
got a train set of size (448000 * 32)
got 450 queries
Trying to instantiate ann_benchmarks.algorithms.pynndescent.pynndescent(['euclidean', 1, 2])
Number of query threads: 2
Fri Aug 25 09:52:21 2023 Building RP forest with 31 trees
Fri Aug 25 09:52:28 2023 NN descent for 19 iterations
	 1  /  19
	 2  /  19
	 3  /  19
	 4  /  19
	 5  /  19
	 6  /  19
	 7  /  19
	 8  /  19
	 9  /  19
	Stopping threshold met -- exiting after 9 iterations
Fri Aug 25 09:56:00 2023 Worst tree score: 0.15348438
Fri Aug 25 09:56:00 2023 Mean tree score: 0.15492166
Fri Aug 25 09:56:00 2023 Best tree score: 0.15647768
Fri Aug 25 09:56:04 2023 Forward diversification reduced edges from 4480000 to 3374582
Fri Aug 25 09:56:07 2023 Reverse diversification reduced edges from 3374582 to 3374582
Fri Aug 25 09:56:10 2023 Degree pruning reduced edges from 4053218 to 3847104
Fri Aug 25 09:56:10 2023 Resorting data and graph based on tree order
Fri Aug 25 09:56:10 2023 Compressing index by removing unneeded attributes
Fri Aug 25 09:56:10 2023 Building and compiling search function
Built index in 240.7980501651764
Running query argument group 1 of 1...
Run 1/1...
Queries per second: 20628.4009311782
