['euclidean', 1, 4]
Trying to instantiate ann_benchmarks.algorithms.pynndescent.pynndescent(['euclidean', 1, 4])
Number of query threads: 4
got a train set of size (448000 * 128)
got 450 queries
Trying to instantiate ann_benchmarks.algorithms.pynndescent.pynndescent(['euclidean', 1, 4])
Number of query threads: 4
Fri Aug 25 10:35:46 2023 Building RP forest with 31 trees
Fri Aug 25 10:35:54 2023 NN descent for 19 iterations
	 1  /  19
	 2  /  19
	 3  /  19
	 4  /  19
	 5  /  19
	 6  /  19
	 7  /  19
	 8  /  19
	 9  /  19
	 10  /  19
	 11  /  19
	 12  /  19
	Stopping threshold met -- exiting after 12 iterations
Fri Aug 25 10:39:46 2023 Worst tree score: 0.17322991
Fri Aug 25 10:39:46 2023 Mean tree score: 0.17467648
Fri Aug 25 10:39:46 2023 Best tree score: 0.17741741
Fri Aug 25 10:39:50 2023 Forward diversification reduced edges from 4480000 to 3468146
Fri Aug 25 10:39:54 2023 Reverse diversification reduced edges from 3468146 to 3468146
Fri Aug 25 10:39:57 2023 Degree pruning reduced edges from 4626890 to 4023028
Fri Aug 25 10:39:57 2023 Resorting data and graph based on tree order
Fri Aug 25 10:39:58 2023 Compressing index by removing unneeded attributes
Fri Aug 25 10:39:58 2023 Building and compiling search function
Trying to instantiate ann_benchmarks.algorithms.pynndescent.pynndescent(['euclidean', 1, 4])
Number of query threads: 4
Fri Aug 25 10:35:46 2023 Building RP forest with 31 trees
Fri Aug 25 10:35:56 2023 NN descent for 19 iterations
	 1  /  19
	 2  /  19
	 3  /  19
	 4  /  19
	 5  /  19
	 6  /  19
	 7  /  19
	 8  /  19
	 9  /  19
	 10  /  19
	 11  /  19
	 12  /  19
	Stopping threshold met -- exiting after 12 iterations
Fri Aug 25 10:39:49 2023 Worst tree score: 0.17330357
Fri Aug 25 10:39:49 2023 Mean tree score: 0.17448214
Fri Aug 25 10:39:49 2023 Best tree score: 0.17623214
Fri Aug 25 10:39:55 2023 Forward diversification reduced edges from 4480000 to 3468119
Fri Aug 25 10:39:58 2023 Reverse diversification reduced edges from 3468119 to 3468119
Fri Aug 25 10:40:01 2023 Degree pruning reduced edges from 4626686 to 4021919
Fri Aug 25 10:40:01 2023 Resorting data and graph based on tree order
Fri Aug 25 10:40:02 2023 Compressing index by removing unneeded attributes
Fri Aug 25 10:40:02 2023 Building and compiling search function
Trying to instantiate ann_benchmarks.algorithms.pynndescent.pynndescent(['euclidean', 1, 4])
Number of query threads: 4
Fri Aug 25 10:35:46 2023 Building RP forest with 31 trees
Fri Aug 25 10:35:56 2023 NN descent for 19 iterations
	 1  /  19
	 2  /  19
	 3  /  19
	 4  /  19
	 5  /  19
	 6  /  19
	 7  /  19
	 8  /  19
	 9  /  19
	 10  /  19
	 11  /  19
	 12  /  19
	Stopping threshold met -- exiting after 12 iterations
Fri Aug 25 10:39:48 2023 Worst tree score: 0.17238616
Fri Aug 25 10:39:48 2023 Mean tree score: 0.17453298
Fri Aug 25 10:39:48 2023 Best tree score: 0.17640179
Fri Aug 25 10:39:52 2023 Forward diversification reduced edges from 4480000 to 3467157
Fri Aug 25 10:39:55 2023 Reverse diversification reduced edges from 3467157 to 3467157
Fri Aug 25 10:39:58 2023 Degree pruning reduced edges from 4627454 to 4021561
Fri Aug 25 10:39:58 2023 Resorting data and graph based on tree order
Fri Aug 25 10:39:59 2023 Compressing index by removing unneeded attributes
Fri Aug 25 10:39:59 2023 Building and compiling search function
Trying to instantiate ann_benchmarks.algorithms.pynndescent.pynndescent(['euclidean', 1, 4])
Number of query threads: 4
Fri Aug 25 10:35:46 2023 Building RP forest with 31 trees
Fri Aug 25 10:35:56 2023 NN descent for 19 iterations
	 1  /  19
	 2  /  19
	 3  /  19
	 4  /  19
	 5  /  19
	 6  /  19
	 7  /  19
	 8  /  19
	 9  /  19
	 10  /  19
	 11  /  19
	 12  /  19
	Stopping threshold met -- exiting after 12 iterations
Fri Aug 25 10:39:51 2023 Worst tree score: 0.17295089
Fri Aug 25 10:39:51 2023 Mean tree score: 0.17468995
Fri Aug 25 10:39:51 2023 Best tree score: 0.17616295
Fri Aug 25 10:39:56 2023 Forward diversification reduced edges from 4480000 to 3468731
Fri Aug 25 10:40:00 2023 Reverse diversification reduced edges from 3468731 to 3468731
Fri Aug 25 10:40:03 2023 Degree pruning reduced edges from 4628010 to 4024783
Fri Aug 25 10:40:03 2023 Resorting data and graph based on tree order
Fri Aug 25 10:40:03 2023 Compressing index by removing unneeded attributes
Fri Aug 25 10:40:03 2023 Building and compiling search function
Built index in 269.219699382782
Running query argument group 1 of 1...
Run 1/1...
Queries per second: 12732.304371289856
