['euclidean', 1, 2]
Trying to instantiate ann_benchmarks.algorithms.pynndescent.pynndescent(['euclidean', 1, 2])
Number of query threads: 2
got a train set of size (28000 * 32)
got 450 queries
Trying to instantiate ann_benchmarks.algorithms.pynndescent.pynndescent(['euclidean', 1, 2])
Number of query threads: 2
Fri Aug 25 01:16:45 2023 Building RP forest with 18 trees
Fri Aug 25 01:16:49 2023 NN descent for 15 iterations
	 1  /  15
	 2  /  15
	 3  /  15
	 4  /  15
	 5  /  15
	 6  /  15
	 7  /  15
	 8  /  15
	 9  /  15
	Stopping threshold met -- exiting after 9 iterations
Fri Aug 25 01:17:11 2023 Worst tree score: 0.22600000
Fri Aug 25 01:17:11 2023 Mean tree score: 0.23174206
Fri Aug 25 01:17:11 2023 Best tree score: 0.23657143
Fri Aug 25 01:17:15 2023 Forward diversification reduced edges from 280000 to 201556
Fri Aug 25 01:17:18 2023 Reverse diversification reduced edges from 201556 to 201556
Fri Aug 25 01:17:20 2023 Degree pruning reduced edges from 241076 to 227320
Fri Aug 25 01:17:20 2023 Resorting data and graph based on tree order
Fri Aug 25 01:17:20 2023 Compressing index by removing unneeded attributes
Fri Aug 25 01:17:20 2023 Building and compiling search function
Trying to instantiate ann_benchmarks.algorithms.pynndescent.pynndescent(['euclidean', 1, 2])
Number of query threads: 2
Fri Aug 25 01:16:44 2023 Building RP forest with 18 trees
Fri Aug 25 01:16:48 2023 NN descent for 15 iterations
	 1  /  15
	 2  /  15
	 3  /  15
	 4  /  15
	 5  /  15
	 6  /  15
	 7  /  15
	 8  /  15
	 9  /  15
	Stopping threshold met -- exiting after 9 iterations
Fri Aug 25 01:17:11 2023 Worst tree score: 0.22521429
Fri Aug 25 01:17:11 2023 Mean tree score: 0.23116270
Fri Aug 25 01:17:11 2023 Best tree score: 0.23425000
Fri Aug 25 01:17:14 2023 Forward diversification reduced edges from 280000 to 201269
Fri Aug 25 01:17:17 2023 Reverse diversification reduced edges from 201269 to 201269
Fri Aug 25 01:17:19 2023 Degree pruning reduced edges from 240698 to 227136
Fri Aug 25 01:17:19 2023 Resorting data and graph based on tree order
Fri Aug 25 01:17:19 2023 Compressing index by removing unneeded attributes
Fri Aug 25 01:17:19 2023 Building and compiling search function
Built index in 48.08632135391235
Running query argument group 1 of 1...
Run 1/1...
Queries per second: 30330.501856047787
