['euclidean', 1, 4]
Trying to instantiate ann_benchmarks.algorithms.pynndescent.pynndescent(['euclidean', 1, 4])
Number of query threads: 4
got a train set of size (112000 * 32)
got 450 queries
Trying to instantiate ann_benchmarks.algorithms.pynndescent.pynndescent(['euclidean', 1, 4])
Number of query threads: 4
Fri Aug 25 04:24:34 2023 Building RP forest with 23 trees
Fri Aug 25 04:24:39 2023 NN descent for 17 iterations
	 1  /  17
	 2  /  17
	 3  /  17
	 4  /  17
	 5  /  17
	 6  /  17
	 7  /  17
	 8  /  17
	 9  /  17
	 10  /  17
	Stopping threshold met -- exiting after 10 iterations
Fri Aug 25 04:26:57 2023 Worst tree score: 0.18536607
Fri Aug 25 04:26:57 2023 Mean tree score: 0.18809627
Fri Aug 25 04:26:57 2023 Best tree score: 0.19086607
Fri Aug 25 04:27:01 2023 Forward diversification reduced edges from 1120000 to 820028
Fri Aug 25 04:27:04 2023 Reverse diversification reduced edges from 820028 to 820028
Fri Aug 25 04:27:07 2023 Degree pruning reduced edges from 987544 to 930942
Fri Aug 25 04:27:07 2023 Resorting data and graph based on tree order
Fri Aug 25 04:27:07 2023 Compressing index by removing unneeded attributes
Fri Aug 25 04:27:07 2023 Building and compiling search function
Trying to instantiate ann_benchmarks.algorithms.pynndescent.pynndescent(['euclidean', 1, 4])
Number of query threads: 4
Fri Aug 25 04:24:34 2023 Building RP forest with 23 trees
Fri Aug 25 04:24:38 2023 NN descent for 17 iterations
	 1  /  17
	 2  /  17
	 3  /  17
	 4  /  17
	 5  /  17
	 6  /  17
	 7  /  17
	 8  /  17
	 9  /  17
	 10  /  17
	Stopping threshold met -- exiting after 10 iterations
Fri Aug 25 04:26:58 2023 Worst tree score: 0.18577679
Fri Aug 25 04:26:58 2023 Mean tree score: 0.18866149
Fri Aug 25 04:26:58 2023 Best tree score: 0.19320536
Fri Aug 25 04:27:01 2023 Forward diversification reduced edges from 1120000 to 820673
Fri Aug 25 04:27:05 2023 Reverse diversification reduced edges from 820673 to 820673
Fri Aug 25 04:27:07 2023 Degree pruning reduced edges from 988644 to 931393
Fri Aug 25 04:27:07 2023 Resorting data and graph based on tree order
Fri Aug 25 04:27:07 2023 Compressing index by removing unneeded attributes
Fri Aug 25 04:27:07 2023 Building and compiling search function
Trying to instantiate ann_benchmarks.algorithms.pynndescent.pynndescent(['euclidean', 1, 4])
Number of query threads: 4
Fri Aug 25 04:24:34 2023 Building RP forest with 23 trees
Fri Aug 25 04:24:39 2023 NN descent for 17 iterations
	 1  /  17
	 2  /  17
	 3  /  17
	 4  /  17
	 5  /  17
	 6  /  17
	 7  /  17
	 8  /  17
	 9  /  17
	 10  /  17
	Stopping threshold met -- exiting after 10 iterations
Fri Aug 25 04:26:59 2023 Worst tree score: 0.18622321
Fri Aug 25 04:26:59 2023 Mean tree score: 0.18888509
Fri Aug 25 04:26:59 2023 Best tree score: 0.19235714
Fri Aug 25 04:27:03 2023 Forward diversification reduced edges from 1120000 to 820848
Fri Aug 25 04:27:06 2023 Reverse diversification reduced edges from 820848 to 820848
Fri Aug 25 04:27:09 2023 Degree pruning reduced edges from 988342 to 931354
Fri Aug 25 04:27:09 2023 Resorting data and graph based on tree order
Fri Aug 25 04:27:09 2023 Compressing index by removing unneeded attributes
Fri Aug 25 04:27:09 2023 Building and compiling search function
Trying to instantiate ann_benchmarks.algorithms.pynndescent.pynndescent(['euclidean', 1, 4])
Number of query threads: 4
Fri Aug 25 04:24:34 2023 Building RP forest with 23 trees
Fri Aug 25 04:24:38 2023 NN descent for 17 iterations
	 1  /  17
	 2  /  17
	 3  /  17
	 4  /  17
	 5  /  17
	 6  /  17
	 7  /  17
	 8  /  17
	 9  /  17
	 10  /  17
	Stopping threshold met -- exiting after 10 iterations
Fri Aug 25 04:27:00 2023 Worst tree score: 0.18658929
Fri Aug 25 04:27:00 2023 Mean tree score: 0.18867236
Fri Aug 25 04:27:00 2023 Best tree score: 0.19133929
Fri Aug 25 04:27:04 2023 Forward diversification reduced edges from 1120000 to 820216
Fri Aug 25 04:27:07 2023 Reverse diversification reduced edges from 820216 to 820216
Fri Aug 25 04:27:10 2023 Degree pruning reduced edges from 988028 to 931157
Fri Aug 25 04:27:10 2023 Resorting data and graph based on tree order
Fri Aug 25 04:27:10 2023 Compressing index by removing unneeded attributes
Fri Aug 25 04:27:10 2023 Building and compiling search function
Built index in 167.69581651687622
Running query argument group 1 of 1...
Run 1/1...
Queries per second: 34153.71586775989
