['euclidean', 1, 1]
Trying to instantiate ann_benchmarks.algorithms.pynndescent.pynndescent(['euclidean', 1, 1])
Number of query threads: 1
got a train set of size (28000 * 32)
got 450 queries
Trying to instantiate ann_benchmarks.algorithms.pynndescent.pynndescent(['euclidean', 1, 1])
Number of query threads: 1
Fri Aug 25 01:14:15 2023 Building RP forest with 18 trees
Fri Aug 25 01:14:19 2023 NN descent for 15 iterations
	 1  /  15
	 2  /  15
	 3  /  15
	 4  /  15
	 5  /  15
	 6  /  15
	 7  /  15
	 8  /  15
	 9  /  15
	Stopping threshold met -- exiting after 9 iterations
Fri Aug 25 01:14:39 2023 Worst tree score: 0.22675000
Fri Aug 25 01:14:39 2023 Mean tree score: 0.23142063
Fri Aug 25 01:14:39 2023 Best tree score: 0.23539286
Fri Aug 25 01:14:42 2023 Forward diversification reduced edges from 280000 to 201287
Fri Aug 25 01:14:45 2023 Reverse diversification reduced edges from 201287 to 201287
Fri Aug 25 01:14:48 2023 Degree pruning reduced edges from 240734 to 227206
Fri Aug 25 01:14:48 2023 Resorting data and graph based on tree order
Fri Aug 25 01:14:48 2023 Compressing index by removing unneeded attributes
Fri Aug 25 01:14:48 2023 Building and compiling search function
Built index in 44.667654275894165
Running query argument group 1 of 1...
Run 1/1...
Queries per second: 16494.24801188506
