['euclidean', 1, 2]
Trying to instantiate ann_benchmarks.algorithms.pynndescent.pynndescent(['euclidean', 1, 2])
Number of query threads: 2
got a train set of size (7000 * 128)
got 450 queries
Trying to instantiate ann_benchmarks.algorithms.pynndescent.pynndescent(['euclidean', 1, 2])
Number of query threads: 2
Mon Aug 28 02:09:17 2023 Building RP forest with 14 trees
Mon Aug 28 02:09:21 2023 NN descent for 13 iterations
	 1  /  13
	 2  /  13
	 3  /  13
	 4  /  13
	 5  /  13
	Stopping threshold met -- exiting after 5 iterations
Mon Aug 28 02:11:10 2023 Worst tree score: 0.46271429
Mon Aug 28 02:11:10 2023 Mean tree score: 0.49152041
Mon Aug 28 02:11:10 2023 Best tree score: 0.52171429
Mon Aug 28 02:11:13 2023 Forward diversification reduced edges from 70000 to 43737
Mon Aug 28 02:11:16 2023 Reverse diversification reduced edges from 43737 to 43737
Mon Aug 28 02:11:19 2023 Degree pruning reduced edges from 51912 to 51301
Mon Aug 28 02:11:19 2023 Resorting data and graph based on tree order
Mon Aug 28 02:11:19 2023 Compressing index by removing unneeded attributes
Mon Aug 28 02:11:19 2023 Building and compiling search function
Trying to instantiate ann_benchmarks.algorithms.pynndescent.pynndescent(['euclidean', 1, 2])
Number of query threads: 2
Mon Aug 28 02:09:17 2023 Building RP forest with 14 trees
Mon Aug 28 02:09:21 2023 NN descent for 13 iterations
	 1  /  13
	 2  /  13
	 3  /  13
	 4  /  13
	 5  /  13
	Stopping threshold met -- exiting after 5 iterations
Mon Aug 28 02:11:10 2023 Worst tree score: 0.44414286
Mon Aug 28 02:11:10 2023 Mean tree score: 0.49088776
Mon Aug 28 02:11:10 2023 Best tree score: 0.53285714
Mon Aug 28 02:11:14 2023 Forward diversification reduced edges from 70000 to 43751
Mon Aug 28 02:11:17 2023 Reverse diversification reduced edges from 43751 to 43751
Mon Aug 28 02:11:19 2023 Degree pruning reduced edges from 52026 to 51412
Mon Aug 28 02:11:19 2023 Resorting data and graph based on tree order
Mon Aug 28 02:11:19 2023 Compressing index by removing unneeded attributes
Mon Aug 28 02:11:19 2023 Building and compiling search function
Built index in 133.75109314918518
Running query argument group 1 of 1...
Run 1/1...
Queries per second: 28385.496217647134
