['euclidean', 1, 2]
Trying to instantiate ann_benchmarks.algorithms.pynndescent.pynndescent(['euclidean', 1, 2])
Number of query threads: 2
got a train set of size (112000 * 512)
got 450 queries
Trying to instantiate ann_benchmarks.algorithms.pynndescent.pynndescent(['euclidean', 1, 2])
Number of query threads: 2
Fri Aug 25 07:00:16 2023 Building RP forest with 23 trees
Fri Aug 25 07:00:20 2023 NN descent for 17 iterations
	 1  /  17
	 2  /  17
	 3  /  17
	 4  /  17
	 5  /  17
	 6  /  17
	 7  /  17
	 8  /  17
	 9  /  17
	 10  /  17
	 11  /  17
	 12  /  17
	 13  /  17
	 14  /  17
	Stopping threshold met -- exiting after 14 iterations
Fri Aug 25 07:02:34 2023 Worst tree score: 0.17338393
Fri Aug 25 07:02:34 2023 Mean tree score: 0.17523292
Fri Aug 25 07:02:34 2023 Best tree score: 0.17841964
Fri Aug 25 07:02:38 2023 Forward diversification reduced edges from 1120000 to 768051
Fri Aug 25 07:02:41 2023 Reverse diversification reduced edges from 768051 to 768051
Fri Aug 25 07:02:43 2023 Degree pruning reduced edges from 1074524 to 875478
Fri Aug 25 07:02:43 2023 Resorting data and graph based on tree order
Fri Aug 25 07:02:44 2023 Compressing index by removing unneeded attributes
Fri Aug 25 07:02:44 2023 Building and compiling search function
Built index in 161.37128567695618
Running query argument group 1 of 1...
Run 1/1...
Queries per second: 532.1085171224876
