['euclidean', 1, 2]
Trying to instantiate ann_benchmarks.algorithms.pynndescent.pynndescent(['euclidean', 1, 2])
Number of query threads: 2
got a train set of size (112000 * 512)
got 450 queries
Trying to instantiate ann_benchmarks.algorithms.pynndescent.pynndescent(['euclidean', 1, 2])
Number of query threads: 2
Fri Aug 25 06:58:40 2023 Building RP forest with 23 trees
Fri Aug 25 06:58:46 2023 NN descent for 17 iterations
	 1  /  17
	 2  /  17
	 3  /  17
	 4  /  17
	 5  /  17
	 6  /  17
	 7  /  17
	 8  /  17
	 9  /  17
	 10  /  17
	 11  /  17
	 12  /  17
	 13  /  17
	 14  /  17
	Stopping threshold met -- exiting after 14 iterations
Fri Aug 25 07:00:58 2023 Worst tree score: 0.17243750
Fri Aug 25 07:00:58 2023 Mean tree score: 0.17490800
Fri Aug 25 07:00:58 2023 Best tree score: 0.17767857
Fri Aug 25 07:01:02 2023 Forward diversification reduced edges from 1120000 to 768460
Fri Aug 25 07:01:05 2023 Reverse diversification reduced edges from 768460 to 768460
Fri Aug 25 07:01:07 2023 Degree pruning reduced edges from 1075426 to 875882
Fri Aug 25 07:01:07 2023 Resorting data and graph based on tree order
Fri Aug 25 07:01:07 2023 Compressing index by removing unneeded attributes
Fri Aug 25 07:01:07 2023 Building and compiling search function
Trying to instantiate ann_benchmarks.algorithms.pynndescent.pynndescent(['euclidean', 1, 2])
Number of query threads: 2
Fri Aug 25 06:58:41 2023 Building RP forest with 23 trees
Fri Aug 25 06:58:46 2023 NN descent for 17 iterations
	 1  /  17
	 2  /  17
	 3  /  17
	 4  /  17
	 5  /  17
	 6  /  17
	 7  /  17
	 8  /  17
	 9  /  17
	 10  /  17
	 11  /  17
	 12  /  17
	 13  /  17
	 14  /  17
	Stopping threshold met -- exiting after 14 iterations
Fri Aug 25 07:00:59 2023 Worst tree score: 0.17235714
Fri Aug 25 07:00:59 2023 Mean tree score: 0.17483152
Fri Aug 25 07:00:59 2023 Best tree score: 0.17740179
Fri Aug 25 07:01:02 2023 Forward diversification reduced edges from 1120000 to 767780
Fri Aug 25 07:01:05 2023 Reverse diversification reduced edges from 767780 to 767780
Fri Aug 25 07:01:08 2023 Degree pruning reduced edges from 1074104 to 874690
Fri Aug 25 07:01:08 2023 Resorting data and graph based on tree order
Fri Aug 25 07:01:08 2023 Compressing index by removing unneeded attributes
Fri Aug 25 07:01:08 2023 Building and compiling search function
Built index in 159.86707520484924
Running query argument group 1 of 1...
Run 1/1...
Queries per second: 542.1388243566563
