['euclidean', 1, 2]
Trying to instantiate ann_benchmarks.algorithms.pynndescent.pynndescent(['euclidean', 1, 2])
Number of query threads: 2
got a train set of size (28000 * 512)
got 450 queries
Trying to instantiate ann_benchmarks.algorithms.pynndescent.pynndescent(['euclidean', 1, 2])
Number of query threads: 2
Fri Aug 25 02:21:52 2023 Building RP forest with 18 trees
Fri Aug 25 02:21:57 2023 NN descent for 15 iterations
	 1  /  15
	 2  /  15
	 3  /  15
	 4  /  15
	 5  /  15
	 6  /  15
	 7  /  15
	 8  /  15
	 9  /  15
	 10  /  15
	 11  /  15
	 12  /  15
	 13  /  15
	Stopping threshold met -- exiting after 13 iterations
Fri Aug 25 02:23:53 2023 Worst tree score: 0.18750000
Fri Aug 25 02:23:53 2023 Mean tree score: 0.19337103
Fri Aug 25 02:23:53 2023 Best tree score: 0.19785714
Fri Aug 25 02:23:56 2023 Forward diversification reduced edges from 280000 to 192215
Fri Aug 25 02:23:59 2023 Reverse diversification reduced edges from 192215 to 192215
Fri Aug 25 02:24:02 2023 Degree pruning reduced edges from 267162 to 217021
Fri Aug 25 02:24:02 2023 Resorting data and graph based on tree order
Fri Aug 25 02:24:02 2023 Compressing index by removing unneeded attributes
Fri Aug 25 02:24:02 2023 Building and compiling search function
Built index in 141.08641719818115
Running query argument group 1 of 1...
Run 1/1...
Queries per second: 926.6249495555542
