['euclidean', 1, 4]
Trying to instantiate ann_benchmarks.algorithms.pynndescent.pynndescent(['euclidean', 1, 4])
Number of query threads: 4
got a train set of size (448000 * 128)
got 450 queries
Trying to instantiate ann_benchmarks.algorithms.pynndescent.pynndescent(['euclidean', 1, 4])
Number of query threads: 4
Fri Aug 25 10:36:56 2023 Building RP forest with 31 trees
Fri Aug 25 10:37:04 2023 NN descent for 19 iterations
	 1  /  19
	 2  /  19
	 3  /  19
	 4  /  19
	 5  /  19
	 6  /  19
	 7  /  19
	 8  /  19
	 9  /  19
	 10  /  19
	 11  /  19
	 12  /  19
	Stopping threshold met -- exiting after 12 iterations
Fri Aug 25 10:40:51 2023 Worst tree score: 0.17218304
Fri Aug 25 10:40:51 2023 Mean tree score: 0.17469672
Fri Aug 25 10:40:51 2023 Best tree score: 0.17622545
Fri Aug 25 10:40:55 2023 Forward diversification reduced edges from 4480000 to 3467966
Fri Aug 25 10:40:59 2023 Reverse diversification reduced edges from 3467966 to 3467966
Fri Aug 25 10:41:02 2023 Degree pruning reduced edges from 4624496 to 4021776
Fri Aug 25 10:41:02 2023 Resorting data and graph based on tree order
Fri Aug 25 10:41:03 2023 Compressing index by removing unneeded attributes
Fri Aug 25 10:41:03 2023 Building and compiling search function
Trying to instantiate ann_benchmarks.algorithms.pynndescent.pynndescent(['euclidean', 1, 4])
Number of query threads: 4
Fri Aug 25 10:36:56 2023 Building RP forest with 31 trees
Fri Aug 25 10:37:04 2023 NN descent for 19 iterations
	 1  /  19
	 2  /  19
	 3  /  19
	 4  /  19
	 5  /  19
	 6  /  19
	 7  /  19
	 8  /  19
	 9  /  19
	 10  /  19
	 11  /  19
	 12  /  19
	Stopping threshold met -- exiting after 12 iterations
Fri Aug 25 10:40:55 2023 Worst tree score: 0.17359598
Fri Aug 25 10:40:55 2023 Mean tree score: 0.17471450
Fri Aug 25 10:40:55 2023 Best tree score: 0.17600893
Fri Aug 25 10:41:00 2023 Forward diversification reduced edges from 4480000 to 3467758
Fri Aug 25 10:41:04 2023 Reverse diversification reduced edges from 3467758 to 3467758
Fri Aug 25 10:41:07 2023 Degree pruning reduced edges from 4626624 to 4022504
Fri Aug 25 10:41:07 2023 Resorting data and graph based on tree order
Fri Aug 25 10:41:07 2023 Compressing index by removing unneeded attributes
Fri Aug 25 10:41:07 2023 Building and compiling search function
Trying to instantiate ann_benchmarks.algorithms.pynndescent.pynndescent(['euclidean', 1, 4])
Number of query threads: 4
Fri Aug 25 10:36:56 2023 Building RP forest with 31 trees
Fri Aug 25 10:37:03 2023 NN descent for 19 iterations
	 1  /  19
	 2  /  19
	 3  /  19
	 4  /  19
	 5  /  19
	 6  /  19
	 7  /  19
	 8  /  19
	 9  /  19
	 10  /  19
	 11  /  19
	 12  /  19
	Stopping threshold met -- exiting after 12 iterations
Fri Aug 25 10:40:53 2023 Worst tree score: 0.17266964
Fri Aug 25 10:40:53 2023 Mean tree score: 0.17454882
Fri Aug 25 10:40:53 2023 Best tree score: 0.17634821
Fri Aug 25 10:40:57 2023 Forward diversification reduced edges from 4480000 to 3466865
Fri Aug 25 10:41:01 2023 Reverse diversification reduced edges from 3466865 to 3466865
Fri Aug 25 10:41:04 2023 Degree pruning reduced edges from 4627520 to 4020991
Fri Aug 25 10:41:04 2023 Resorting data and graph based on tree order
Fri Aug 25 10:41:04 2023 Compressing index by removing unneeded attributes
Fri Aug 25 10:41:04 2023 Building and compiling search function
Trying to instantiate ann_benchmarks.algorithms.pynndescent.pynndescent(['euclidean', 1, 4])
Number of query threads: 4
Fri Aug 25 10:36:56 2023 Building RP forest with 31 trees
Fri Aug 25 10:37:04 2023 NN descent for 19 iterations
	 1  /  19
	 2  /  19
	 3  /  19
	 4  /  19
	 5  /  19
	 6  /  19
	 7  /  19
	 8  /  19
	 9  /  19
	 10  /  19
	 11  /  19
	 12  /  19
	Stopping threshold met -- exiting after 12 iterations
Fri Aug 25 10:40:52 2023 Worst tree score: 0.17236607
Fri Aug 25 10:40:52 2023 Mean tree score: 0.17442555
Fri Aug 25 10:40:52 2023 Best tree score: 0.17647768
Fri Aug 25 10:40:57 2023 Forward diversification reduced edges from 4480000 to 3465169
Fri Aug 25 10:41:01 2023 Reverse diversification reduced edges from 3465169 to 3465169
Fri Aug 25 10:41:05 2023 Degree pruning reduced edges from 4625352 to 4020650
Fri Aug 25 10:41:05 2023 Resorting data and graph based on tree order
Fri Aug 25 10:41:05 2023 Compressing index by removing unneeded attributes
Fri Aug 25 10:41:05 2023 Building and compiling search function
Built index in 263.5732307434082
Running query argument group 1 of 1...
Run 1/1...
Queries per second: 10463.147974654677
