['euclidean', 1, 4]
Trying to instantiate ann_benchmarks.algorithms.pynndescent.pynndescent(['euclidean', 1, 4])
Number of query threads: 4
got a train set of size (112000 * 128)
got 450 queries
Trying to instantiate ann_benchmarks.algorithms.pynndescent.pynndescent(['euclidean', 1, 4])
Number of query threads: 4
Fri Aug 25 05:34:11 2023 Building RP forest with 23 trees
Fri Aug 25 05:34:15 2023 NN descent for 17 iterations
	 1  /  17
	 2  /  17
	 3  /  17
	 4  /  17
	 5  /  17
	 6  /  17
	 7  /  17
	 8  /  17
	 9  /  17
	 10  /  17
	 11  /  17
	 12  /  17
	Stopping threshold met -- exiting after 12 iterations
Fri Aug 25 05:36:35 2023 Worst tree score: 0.18971429
Fri Aug 25 05:36:35 2023 Mean tree score: 0.19361064
Fri Aug 25 05:36:35 2023 Best tree score: 0.19606250
Fri Aug 25 05:36:38 2023 Forward diversification reduced edges from 1120000 to 813162
Fri Aug 25 05:36:42 2023 Reverse diversification reduced edges from 813162 to 813162
Fri Aug 25 05:36:45 2023 Degree pruning reduced edges from 1090726 to 932946
Fri Aug 25 05:36:45 2023 Resorting data and graph based on tree order
Fri Aug 25 05:36:45 2023 Compressing index by removing unneeded attributes
Fri Aug 25 05:36:45 2023 Building and compiling search function
Trying to instantiate ann_benchmarks.algorithms.pynndescent.pynndescent(['euclidean', 1, 4])
Number of query threads: 4
Fri Aug 25 05:34:11 2023 Building RP forest with 23 trees
Fri Aug 25 05:34:15 2023 NN descent for 17 iterations
	 1  /  17
	 2  /  17
	 3  /  17
	 4  /  17
	 5  /  17
	 6  /  17
	 7  /  17
	 8  /  17
	 9  /  17
	 10  /  17
	 11  /  17
	 12  /  17
	Stopping threshold met -- exiting after 12 iterations
Fri Aug 25 05:36:35 2023 Worst tree score: 0.18973214
Fri Aug 25 05:36:35 2023 Mean tree score: 0.19241227
Fri Aug 25 05:36:35 2023 Best tree score: 0.19441071
Fri Aug 25 05:36:39 2023 Forward diversification reduced edges from 1120000 to 811926
Fri Aug 25 05:36:43 2023 Reverse diversification reduced edges from 811926 to 811926
Fri Aug 25 05:36:46 2023 Degree pruning reduced edges from 1090628 to 931536
Fri Aug 25 05:36:46 2023 Resorting data and graph based on tree order
Fri Aug 25 05:36:46 2023 Compressing index by removing unneeded attributes
Fri Aug 25 05:36:46 2023 Building and compiling search function
Trying to instantiate ann_benchmarks.algorithms.pynndescent.pynndescent(['euclidean', 1, 4])
Number of query threads: 4
Fri Aug 25 05:34:11 2023 Building RP forest with 23 trees
Fri Aug 25 05:34:16 2023 NN descent for 17 iterations
	 1  /  17
	 2  /  17
	 3  /  17
	 4  /  17
	 5  /  17
	 6  /  17
	 7  /  17
	 8  /  17
	 9  /  17
	 10  /  17
	 11  /  17
	 12  /  17
	 13  /  17
	Stopping threshold met -- exiting after 13 iterations
Fri Aug 25 05:36:35 2023 Worst tree score: 0.18918750
Fri Aug 25 05:36:35 2023 Mean tree score: 0.19238703
Fri Aug 25 05:36:35 2023 Best tree score: 0.19463393
Fri Aug 25 05:36:38 2023 Forward diversification reduced edges from 1120000 to 811225
Fri Aug 25 05:36:42 2023 Reverse diversification reduced edges from 811225 to 811225
Fri Aug 25 05:36:44 2023 Degree pruning reduced edges from 1090236 to 931373
Fri Aug 25 05:36:44 2023 Resorting data and graph based on tree order
Fri Aug 25 05:36:44 2023 Compressing index by removing unneeded attributes
Fri Aug 25 05:36:44 2023 Building and compiling search function
Built index in 167.1995666027069
Running query argument group 1 of 1...
Run 1/1...
Queries per second: 15893.936944220077
