['euclidean', 1, 8]
Trying to instantiate ann_benchmarks.algorithms.pynndescent.pynndescent(['euclidean', 1, 8])
Number of query threads: 8
got a train set of size (112000 * 128)
got 450 queries
Trying to instantiate ann_benchmarks.algorithms.pynndescent.pynndescent(['euclidean', 1, 8])
Number of query threads: 8
Fri Aug 25 05:37:52 2023 Building RP forest with 23 trees
Fri Aug 25 05:37:57 2023 NN descent for 17 iterations
	 1  /  17
	 2  /  17
	 3  /  17
	 4  /  17
	 5  /  17
	 6  /  17
	 7  /  17
	 8  /  17
	 9  /  17
	 10  /  17
	 11  /  17
	 12  /  17
	 13  /  17
	Stopping threshold met -- exiting after 13 iterations
Fri Aug 25 05:40:39 2023 Worst tree score: 0.18972321
Fri Aug 25 05:40:39 2023 Mean tree score: 0.19253222
Fri Aug 25 05:40:39 2023 Best tree score: 0.19536607
Fri Aug 25 05:40:43 2023 Forward diversification reduced edges from 1120000 to 811674
Fri Aug 25 05:40:47 2023 Reverse diversification reduced edges from 811674 to 811674
Fri Aug 25 05:40:50 2023 Degree pruning reduced edges from 1089884 to 931475
Fri Aug 25 05:40:50 2023 Resorting data and graph based on tree order
Fri Aug 25 05:40:51 2023 Compressing index by removing unneeded attributes
Fri Aug 25 05:40:51 2023 Building and compiling search function
Built index in 190.48037576675415
Running query argument group 1 of 1...
Run 1/1...
Queries per second: 19819.77108054177
