['euclidean', 1, 8]
Trying to instantiate ann_benchmarks.algorithms.pynndescent.pynndescent(['euclidean', 1, 8])
Number of query threads: 8
got a train set of size (28000 * 512)
got 450 queries
Trying to instantiate ann_benchmarks.algorithms.pynndescent.pynndescent(['euclidean', 1, 8])
Number of query threads: 8
Fri Aug 25 02:35:22 2023 Building RP forest with 18 trees
Fri Aug 25 02:35:26 2023 NN descent for 15 iterations
	 1  /  15
	 2  /  15
	 3  /  15
	 4  /  15
	 5  /  15
	 6  /  15
	 7  /  15
	 8  /  15
	 9  /  15
	 10  /  15
	 11  /  15
	 12  /  15
	 13  /  15
	Stopping threshold met -- exiting after 13 iterations
Fri Aug 25 02:37:33 2023 Worst tree score: 0.19064286
Fri Aug 25 02:37:33 2023 Mean tree score: 0.19423214
Fri Aug 25 02:37:33 2023 Best tree score: 0.19832143
Fri Aug 25 02:37:38 2023 Forward diversification reduced edges from 280000 to 192101
Fri Aug 25 02:37:42 2023 Reverse diversification reduced edges from 192101 to 192101
Fri Aug 25 02:37:45 2023 Degree pruning reduced edges from 266892 to 217051
Fri Aug 25 02:37:45 2023 Resorting data and graph based on tree order
Fri Aug 25 02:37:45 2023 Compressing index by removing unneeded attributes
Fri Aug 25 02:37:45 2023 Building and compiling search function
Trying to instantiate ann_benchmarks.algorithms.pynndescent.pynndescent(['euclidean', 1, 8])
Number of query threads: 8
Fri Aug 25 02:35:22 2023 Building RP forest with 18 trees
Fri Aug 25 02:35:27 2023 NN descent for 15 iterations
	 1  /  15
	 2  /  15
	 3  /  15
	 4  /  15
	 5  /  15
	 6  /  15
	 7  /  15
	 8  /  15
	 9  /  15
	 10  /  15
	 11  /  15
	 12  /  15
	Stopping threshold met -- exiting after 12 iterations
Fri Aug 25 02:37:32 2023 Worst tree score: 0.18714286
Fri Aug 25 02:37:32 2023 Mean tree score: 0.19412500
Fri Aug 25 02:37:32 2023 Best tree score: 0.20096429
Fri Aug 25 02:37:37 2023 Forward diversification reduced edges from 280000 to 191740
Fri Aug 25 02:37:41 2023 Reverse diversification reduced edges from 191740 to 191740
Fri Aug 25 02:37:44 2023 Degree pruning reduced edges from 266302 to 216755
Fri Aug 25 02:37:44 2023 Resorting data and graph based on tree order
Fri Aug 25 02:37:44 2023 Compressing index by removing unneeded attributes
Fri Aug 25 02:37:44 2023 Building and compiling search function
Trying to instantiate ann_benchmarks.algorithms.pynndescent.pynndescent(['euclidean', 1, 8])
Number of query threads: 8
Fri Aug 25 02:35:22 2023 Building RP forest with 18 trees
Fri Aug 25 02:35:26 2023 NN descent for 15 iterations
	 1  /  15
	 2  /  15
	 3  /  15
	 4  /  15
	 5  /  15
	 6  /  15
	 7  /  15
	 8  /  15
	 9  /  15
	 10  /  15
	 11  /  15
	 12  /  15
	Stopping threshold met -- exiting after 12 iterations
Fri Aug 25 02:37:32 2023 Worst tree score: 0.18867857
Fri Aug 25 02:37:32 2023 Mean tree score: 0.19421230
Fri Aug 25 02:37:32 2023 Best tree score: 0.20075000
Fri Aug 25 02:37:36 2023 Forward diversification reduced edges from 280000 to 192370
Fri Aug 25 02:37:40 2023 Reverse diversification reduced edges from 192370 to 192370
Fri Aug 25 02:37:43 2023 Degree pruning reduced edges from 267226 to 217426
Fri Aug 25 02:37:43 2023 Resorting data and graph based on tree order
Fri Aug 25 02:37:43 2023 Compressing index by removing unneeded attributes
Fri Aug 25 02:37:43 2023 Building and compiling search function
Trying to instantiate ann_benchmarks.algorithms.pynndescent.pynndescent(['euclidean', 1, 8])
Number of query threads: 8
Fri Aug 25 02:35:22 2023 Building RP forest with 18 trees
Fri Aug 25 02:35:26 2023 NN descent for 15 iterations
	 1  /  15
	 2  /  15
	 3  /  15
	 4  /  15
	 5  /  15
	 6  /  15
	 7  /  15
	 8  /  15
	 9  /  15
	 10  /  15
	 11  /  15
	 12  /  15
	Stopping threshold met -- exiting after 12 iterations
Fri Aug 25 02:37:32 2023 Worst tree score: 0.18732143
Fri Aug 25 02:37:32 2023 Mean tree score: 0.19355556
Fri Aug 25 02:37:32 2023 Best tree score: 0.19807143
Fri Aug 25 02:37:37 2023 Forward diversification reduced edges from 280000 to 192162
Fri Aug 25 02:37:41 2023 Reverse diversification reduced edges from 192162 to 192162
Fri Aug 25 02:37:45 2023 Degree pruning reduced edges from 266708 to 216748
Fri Aug 25 02:37:45 2023 Resorting data and graph based on tree order
Fri Aug 25 02:37:45 2023 Compressing index by removing unneeded attributes
Fri Aug 25 02:37:45 2023 Building and compiling search function
Trying to instantiate ann_benchmarks.algorithms.pynndescent.pynndescent(['euclidean', 1, 8])
Number of query threads: 8
Fri Aug 25 02:35:22 2023 Building RP forest with 18 trees
Fri Aug 25 02:35:26 2023 NN descent for 15 iterations
	 1  /  15
	 2  /  15
	 3  /  15
	 4  /  15
	 5  /  15
	 6  /  15
	 7  /  15
	 8  /  15
	 9  /  15
	 10  /  15
	 11  /  15
	 12  /  15
	Stopping threshold met -- exiting after 12 iterations
Fri Aug 25 02:37:29 2023 Worst tree score: 0.18946429
Fri Aug 25 02:37:29 2023 Mean tree score: 0.19413294
Fri Aug 25 02:37:29 2023 Best tree score: 0.19953571
Fri Aug 25 02:37:37 2023 Forward diversification reduced edges from 280000 to 191739
Fri Aug 25 02:37:40 2023 Reverse diversification reduced edges from 191739 to 191739
Fri Aug 25 02:37:44 2023 Degree pruning reduced edges from 266280 to 216767
Fri Aug 25 02:37:44 2023 Resorting data and graph based on tree order
Fri Aug 25 02:37:44 2023 Compressing index by removing unneeded attributes
Fri Aug 25 02:37:44 2023 Building and compiling search function
Trying to instantiate ann_benchmarks.algorithms.pynndescent.pynndescent(['euclidean', 1, 8])
Number of query threads: 8
Fri Aug 25 02:35:22 2023 Building RP forest with 18 trees
Fri Aug 25 02:35:26 2023 NN descent for 15 iterations
	 1  /  15
	 2  /  15
	 3  /  15
	 4  /  15
	 5  /  15
	 6  /  15
	 7  /  15
	 8  /  15
	 9  /  15
	 10  /  15
	 11  /  15
	 12  /  15
	 13  /  15
	Stopping threshold met -- exiting after 13 iterations
Fri Aug 25 02:37:34 2023 Worst tree score: 0.19000000
Fri Aug 25 02:37:34 2023 Mean tree score: 0.19318452
Fri Aug 25 02:37:34 2023 Best tree score: 0.19728571
Fri Aug 25 02:37:39 2023 Forward diversification reduced edges from 280000 to 192094
Fri Aug 25 02:37:42 2023 Reverse diversification reduced edges from 192094 to 192094
Fri Aug 25 02:37:46 2023 Degree pruning reduced edges from 266812 to 217087
Fri Aug 25 02:37:46 2023 Resorting data and graph based on tree order
Fri Aug 25 02:37:46 2023 Compressing index by removing unneeded attributes
Fri Aug 25 02:37:46 2023 Building and compiling search function
Trying to instantiate ann_benchmarks.algorithms.pynndescent.pynndescent(['euclidean', 1, 8])
Number of query threads: 8
Fri Aug 25 02:35:22 2023 Building RP forest with 18 trees
Fri Aug 25 02:35:26 2023 NN descent for 15 iterations
	 1  /  15
	 2  /  15
	 3  /  15
	 4  /  15
	 5  /  15
	 6  /  15
	 7  /  15
	 8  /  15
	 9  /  15
	 10  /  15
	 11  /  15
	 12  /  15
	Stopping threshold met -- exiting after 12 iterations
Fri Aug 25 02:37:36 2023 Worst tree score: 0.18971429
Fri Aug 25 02:37:36 2023 Mean tree score: 0.19395833
Fri Aug 25 02:37:36 2023 Best tree score: 0.19835714
Fri Aug 25 02:37:40 2023 Forward diversification reduced edges from 280000 to 191990
Fri Aug 25 02:37:44 2023 Reverse diversification reduced edges from 191990 to 191990
Fri Aug 25 02:37:47 2023 Degree pruning reduced edges from 266650 to 216841
Fri Aug 25 02:37:47 2023 Resorting data and graph based on tree order
Fri Aug 25 02:37:47 2023 Compressing index by removing unneeded attributes
Fri Aug 25 02:37:47 2023 Building and compiling search function
Built index in 157.32396984100342
Running query argument group 1 of 1...
Run 1/1...
Queries per second: 2372.797216159952
