['euclidean', 1, 4]
Trying to instantiate ann_benchmarks.algorithms.pynndescent.pynndescent(['euclidean', 1, 4])
Number of query threads: 4
got a train set of size (448000 * 32)
got 450 queries
Trying to instantiate ann_benchmarks.algorithms.pynndescent.pynndescent(['euclidean', 1, 4])
Number of query threads: 4
Fri Aug 25 09:56:56 2023 Building RP forest with 31 trees
Fri Aug 25 09:57:02 2023 NN descent for 19 iterations
	 1  /  19
	 2  /  19
	 3  /  19
	 4  /  19
	 5  /  19
	 6  /  19
	 7  /  19
	 8  /  19
	 9  /  19
	Stopping threshold met -- exiting after 9 iterations
Fri Aug 25 10:00:46 2023 Worst tree score: 0.15353348
Fri Aug 25 10:00:46 2023 Mean tree score: 0.15531516
Fri Aug 25 10:00:46 2023 Best tree score: 0.15666518
Fri Aug 25 10:00:50 2023 Forward diversification reduced edges from 4480000 to 3375288
Fri Aug 25 10:00:54 2023 Reverse diversification reduced edges from 3375288 to 3375288
Fri Aug 25 10:00:56 2023 Degree pruning reduced edges from 4053164 to 3847425
Fri Aug 25 10:00:56 2023 Resorting data and graph based on tree order
Fri Aug 25 10:00:57 2023 Compressing index by removing unneeded attributes
Fri Aug 25 10:00:57 2023 Building and compiling search function
Trying to instantiate ann_benchmarks.algorithms.pynndescent.pynndescent(['euclidean', 1, 4])
Number of query threads: 4
Fri Aug 25 09:56:56 2023 Building RP forest with 31 trees
Fri Aug 25 09:57:02 2023 NN descent for 19 iterations
	 1  /  19
	 2  /  19
	 3  /  19
	 4  /  19
	 5  /  19
	 6  /  19
	 7  /  19
	 8  /  19
	 9  /  19
	Stopping threshold met -- exiting after 9 iterations
Fri Aug 25 10:00:49 2023 Worst tree score: 0.15324107
Fri Aug 25 10:00:49 2023 Mean tree score: 0.15513400
Fri Aug 25 10:00:49 2023 Best tree score: 0.15765179
Fri Aug 25 10:00:54 2023 Forward diversification reduced edges from 4480000 to 3374466
Fri Aug 25 10:00:57 2023 Reverse diversification reduced edges from 3374466 to 3374466
Fri Aug 25 10:01:00 2023 Degree pruning reduced edges from 4053536 to 3846569
Fri Aug 25 10:01:00 2023 Resorting data and graph based on tree order
Fri Aug 25 10:01:01 2023 Compressing index by removing unneeded attributes
Fri Aug 25 10:01:01 2023 Building and compiling search function
Built index in 256.26758646965027
Running query argument group 1 of 1...
Run 1/1...
Queries per second: 27510.848747212458
