['euclidean', 1, 8]
Trying to instantiate ann_benchmarks.algorithms.bruteforce.bruteforce(['euclidean', 1, 8])
Number of workers: 1
Number of query threads: 8
got a train set of size (448000 * 2048)
got 450 queries
Built index in 18.14818787574768
Running query argument group 1 of 1...
Run 1/1...
Queries per second: 0.917126151158932
Trying to instantiate ann_benchmarks.algorithms.bruteforce.bruteforce(['euclidean', 1, 8])
Number of workers: 1
Number of query threads: 8
Trying to instantiate ann_benchmarks.algorithms.bruteforce.bruteforce(['euclidean', 1, 8])
Number of workers: 1
Number of query threads: 8
Trying to instantiate ann_benchmarks.algorithms.bruteforce.bruteforce(['euclidean', 1, 8])
Number of workers: 1
Number of query threads: 8
Trying to instantiate ann_benchmarks.algorithms.bruteforce.bruteforce(['euclidean', 1, 8])
Number of workers: 1
Number of query threads: 8
Trying to instantiate ann_benchmarks.algorithms.bruteforce.bruteforce(['euclidean', 1, 8])
Number of workers: 1
Number of query threads: 8
Trying to instantiate ann_benchmarks.algorithms.bruteforce.bruteforce(['euclidean', 1, 8])
Number of workers: 1
Number of query threads: 8
Trying to instantiate ann_benchmarks.algorithms.bruteforce.bruteforce(['euclidean', 1, 8])
Number of workers: 1
Number of query threads: 8
Trying to instantiate ann_benchmarks.algorithms.bruteforce.bruteforce(['euclidean', 1, 8])
Number of workers: 1
Number of query threads: 8
