['euclidean', 1, 4]
Trying to instantiate ann_benchmarks.algorithms.pynndescent.pynndescent(['euclidean', 1, 4])
Number of query threads: 4
got a train set of size (112000 * 32)
got 450 queries
Trying to instantiate ann_benchmarks.algorithms.pynndescent.pynndescent(['euclidean', 1, 4])
Number of query threads: 4
Fri Aug 25 04:16:46 2023 Building RP forest with 23 trees
Fri Aug 25 04:16:50 2023 NN descent for 17 iterations
	 1  /  17
	 2  /  17
	 3  /  17
	 4  /  17
	 5  /  17
	 6  /  17
	 7  /  17
	 8  /  17
	 9  /  17
	 10  /  17
	Stopping threshold met -- exiting after 10 iterations
Fri Aug 25 04:19:09 2023 Worst tree score: 0.18634821
Fri Aug 25 04:19:09 2023 Mean tree score: 0.18882143
Fri Aug 25 04:19:09 2023 Best tree score: 0.19028571
Fri Aug 25 04:19:12 2023 Forward diversification reduced edges from 1120000 to 821047
Fri Aug 25 04:19:16 2023 Reverse diversification reduced edges from 821047 to 821047
Fri Aug 25 04:19:18 2023 Degree pruning reduced edges from 988798 to 931178
Fri Aug 25 04:19:18 2023 Resorting data and graph based on tree order
Fri Aug 25 04:19:19 2023 Compressing index by removing unneeded attributes
Fri Aug 25 04:19:19 2023 Building and compiling search function
Trying to instantiate ann_benchmarks.algorithms.pynndescent.pynndescent(['euclidean', 1, 4])
Number of query threads: 4
Fri Aug 25 04:16:46 2023 Building RP forest with 23 trees
Fri Aug 25 04:16:50 2023 NN descent for 17 iterations
	 1  /  17
	 2  /  17
	 3  /  17
	 4  /  17
	 5  /  17
	 6  /  17
	 7  /  17
	 8  /  17
	 9  /  17
	 10  /  17
	Stopping threshold met -- exiting after 10 iterations
Fri Aug 25 04:19:09 2023 Worst tree score: 0.18594643
Fri Aug 25 04:19:09 2023 Mean tree score: 0.18819720
Fri Aug 25 04:19:09 2023 Best tree score: 0.19049107
Fri Aug 25 04:19:13 2023 Forward diversification reduced edges from 1120000 to 819571
Fri Aug 25 04:19:16 2023 Reverse diversification reduced edges from 819571 to 819571
Fri Aug 25 04:19:19 2023 Degree pruning reduced edges from 987288 to 930004
Fri Aug 25 04:19:19 2023 Resorting data and graph based on tree order
Fri Aug 25 04:19:19 2023 Compressing index by removing unneeded attributes
Fri Aug 25 04:19:19 2023 Building and compiling search function
Trying to instantiate ann_benchmarks.algorithms.pynndescent.pynndescent(['euclidean', 1, 4])
Number of query threads: 4
Fri Aug 25 04:16:46 2023 Building RP forest with 23 trees
Fri Aug 25 04:16:50 2023 NN descent for 17 iterations
	 1  /  17
	 2  /  17
	 3  /  17
	 4  /  17
	 5  /  17
	 6  /  17
	 7  /  17
	 8  /  17
	 9  /  17
	 10  /  17
	Stopping threshold met -- exiting after 10 iterations
Fri Aug 25 04:19:10 2023 Worst tree score: 0.18501786
Fri Aug 25 04:19:10 2023 Mean tree score: 0.18830707
Fri Aug 25 04:19:10 2023 Best tree score: 0.19178571
Fri Aug 25 04:19:13 2023 Forward diversification reduced edges from 1120000 to 820521
Fri Aug 25 04:19:16 2023 Reverse diversification reduced edges from 820521 to 820521
Fri Aug 25 04:19:19 2023 Degree pruning reduced edges from 988190 to 930733
Fri Aug 25 04:19:19 2023 Resorting data and graph based on tree order
Fri Aug 25 04:19:19 2023 Compressing index by removing unneeded attributes
Fri Aug 25 04:19:19 2023 Building and compiling search function
Trying to instantiate ann_benchmarks.algorithms.pynndescent.pynndescent(['euclidean', 1, 4])
Number of query threads: 4
Fri Aug 25 04:16:46 2023 Building RP forest with 23 trees
Fri Aug 25 04:16:50 2023 NN descent for 17 iterations
	 1  /  17
	 2  /  17
	 3  /  17
	 4  /  17
	 5  /  17
	 6  /  17
	 7  /  17
	 8  /  17
	 9  /  17
	 10  /  17
	Stopping threshold met -- exiting after 10 iterations
Fri Aug 25 04:19:09 2023 Worst tree score: 0.18576786
Fri Aug 25 04:19:09 2023 Mean tree score: 0.18886413
Fri Aug 25 04:19:09 2023 Best tree score: 0.19211607
Fri Aug 25 04:19:13 2023 Forward diversification reduced edges from 1120000 to 820166
Fri Aug 25 04:19:17 2023 Reverse diversification reduced edges from 820166 to 820166
Fri Aug 25 04:19:19 2023 Degree pruning reduced edges from 987650 to 929965
Fri Aug 25 04:19:19 2023 Resorting data and graph based on tree order
Fri Aug 25 04:19:20 2023 Compressing index by removing unneeded attributes
Fri Aug 25 04:19:20 2023 Building and compiling search function
Built index in 165.8059904575348
Running query argument group 1 of 1...
Run 1/1...
Queries per second: 28031.794689004037
