['euclidean', 1, 2]
Trying to instantiate ann_benchmarks.algorithms.pynndescent.pynndescent(['euclidean', 1, 2])
Number of query threads: 2
got a train set of size (112000 * 2048)
got 450 queries
Trying to instantiate ann_benchmarks.algorithms.pynndescent.pynndescent(['euclidean', 1, 2])
Number of query threads: 2
Fri Aug 25 08:28:54 2023 Building RP forest with 23 trees
Fri Aug 25 08:29:00 2023 NN descent for 17 iterations
	 1  /  17
	 2  /  17
	 3  /  17
	 4  /  17
	 5  /  17
	 6  /  17
	 7  /  17
	 8  /  17
	 9  /  17
	 10  /  17
	 11  /  17
	 12  /  17
	 13  /  17
	 14  /  17
	Stopping threshold met -- exiting after 14 iterations
Fri Aug 25 08:31:12 2023 Worst tree score: 0.15318750
Fri Aug 25 08:31:12 2023 Mean tree score: 0.15497050
Fri Aug 25 08:31:12 2023 Best tree score: 0.15674107
Fri Aug 25 08:31:15 2023 Forward diversification reduced edges from 1120000 to 731129
Fri Aug 25 08:31:19 2023 Reverse diversification reduced edges from 731129 to 731129
Fri Aug 25 08:31:21 2023 Degree pruning reduced edges from 1047650 to 823235
Fri Aug 25 08:31:21 2023 Resorting data and graph based on tree order
Fri Aug 25 08:31:21 2023 Compressing index by removing unneeded attributes
Fri Aug 25 08:31:21 2023 Building and compiling search function
Trying to instantiate ann_benchmarks.algorithms.pynndescent.pynndescent(['euclidean', 1, 2])
Number of query threads: 2
Fri Aug 25 08:28:53 2023 Building RP forest with 23 trees
Fri Aug 25 08:29:00 2023 NN descent for 17 iterations
	 1  /  17
	 2  /  17
	 3  /  17
	 4  /  17
	 5  /  17
	 6  /  17
	 7  /  17
	 8  /  17
	 9  /  17
	 10  /  17
	 11  /  17
	 12  /  17
	 13  /  17
	 14  /  17
	Stopping threshold met -- exiting after 14 iterations
Fri Aug 25 08:31:12 2023 Worst tree score: 0.15235714
Fri Aug 25 08:31:12 2023 Mean tree score: 0.15486840
Fri Aug 25 08:31:12 2023 Best tree score: 0.15710714
Fri Aug 25 08:31:16 2023 Forward diversification reduced edges from 1120000 to 731304
Fri Aug 25 08:31:19 2023 Reverse diversification reduced edges from 731304 to 731304
Fri Aug 25 08:31:21 2023 Degree pruning reduced edges from 1048014 to 823840
Fri Aug 25 08:31:21 2023 Resorting data and graph based on tree order
Fri Aug 25 08:31:22 2023 Compressing index by removing unneeded attributes
Fri Aug 25 08:31:22 2023 Building and compiling search function
Built index in 161.4976668357849
Running query argument group 1 of 1...
Run 1/1...
Queries per second: 20.342621745937684
