['euclidean', 1, 8]
Trying to instantiate ann_benchmarks.algorithms.pynndescent.pynndescent(['euclidean', 1, 8])
Number of query threads: 8
got a train set of size (112000 * 2048)
got 450 queries
Trying to instantiate ann_benchmarks.algorithms.pynndescent.pynndescent(['euclidean', 1, 8])
Number of query threads: 8
Fri Aug 25 08:52:53 2023 Building RP forest with 23 trees
Fri Aug 25 08:53:05 2023 NN descent for 17 iterations
	 1  /  17
	 2  /  17
	 3  /  17
	 4  /  17
	 5  /  17
	 6  /  17
	 7  /  17
	 8  /  17
	 9  /  17
	 10  /  17
	 11  /  17
	 12  /  17
	 13  /  17
	 14  /  17
	Stopping threshold met -- exiting after 14 iterations
Fri Aug 25 08:56:00 2023 Worst tree score: 0.15110714
Fri Aug 25 08:56:00 2023 Mean tree score: 0.15415683
Fri Aug 25 08:56:00 2023 Best tree score: 0.15744643
Fri Aug 25 08:56:05 2023 Forward diversification reduced edges from 1120000 to 729572
Fri Aug 25 08:56:09 2023 Reverse diversification reduced edges from 729572 to 729572
Fri Aug 25 08:56:12 2023 Degree pruning reduced edges from 1045642 to 821151
Fri Aug 25 08:56:12 2023 Resorting data and graph based on tree order
Fri Aug 25 08:56:12 2023 Compressing index by removing unneeded attributes
Fri Aug 25 08:56:12 2023 Building and compiling search function
Trying to instantiate ann_benchmarks.algorithms.pynndescent.pynndescent(['euclidean', 1, 8])
Number of query threads: 8
Fri Aug 25 08:52:54 2023 Building RP forest with 23 trees
Fri Aug 25 08:53:10 2023 NN descent for 17 iterations
	 1  /  17
	 2  /  17
	 3  /  17
	 4  /  17
	 5  /  17
	 6  /  17
	 7  /  17
	 8  /  17
	 9  /  17
	 10  /  17
	 11  /  17
	 12  /  17
	 13  /  17
	 14  /  17
	Stopping threshold met -- exiting after 14 iterations
Fri Aug 25 08:56:03 2023 Worst tree score: 0.15212500
Fri Aug 25 08:56:03 2023 Mean tree score: 0.15466964
Fri Aug 25 08:56:03 2023 Best tree score: 0.15624107
Fri Aug 25 08:56:07 2023 Forward diversification reduced edges from 1120000 to 730538
Fri Aug 25 08:56:12 2023 Reverse diversification reduced edges from 730538 to 730538
Fri Aug 25 08:56:14 2023 Degree pruning reduced edges from 1047200 to 822048
Fri Aug 25 08:56:14 2023 Resorting data and graph based on tree order
Fri Aug 25 08:56:15 2023 Compressing index by removing unneeded attributes
Fri Aug 25 08:56:15 2023 Building and compiling search function
Trying to instantiate ann_benchmarks.algorithms.pynndescent.pynndescent(['euclidean', 1, 8])
Number of query threads: 8
Fri Aug 25 08:52:53 2023 Building RP forest with 23 trees
Fri Aug 25 08:53:09 2023 NN descent for 17 iterations
	 1  /  17
	 2  /  17
	 3  /  17
	 4  /  17
	 5  /  17
	 6  /  17
	 7  /  17
	 8  /  17
	 9  /  17
	 10  /  17
	 11  /  17
	 12  /  17
	 13  /  17
	 14  /  17
	Stopping threshold met -- exiting after 14 iterations
Fri Aug 25 08:55:59 2023 Worst tree score: 0.15245536
Fri Aug 25 08:55:59 2023 Mean tree score: 0.15430357
Fri Aug 25 08:55:59 2023 Best tree score: 0.15670536
Fri Aug 25 08:56:04 2023 Forward diversification reduced edges from 1120000 to 729772
Fri Aug 25 08:56:08 2023 Reverse diversification reduced edges from 729772 to 729772
Fri Aug 25 08:56:12 2023 Degree pruning reduced edges from 1046140 to 821140
Fri Aug 25 08:56:12 2023 Resorting data and graph based on tree order
Fri Aug 25 08:56:12 2023 Compressing index by removing unneeded attributes
Fri Aug 25 08:56:12 2023 Building and compiling search function
Trying to instantiate ann_benchmarks.algorithms.pynndescent.pynndescent(['euclidean', 1, 8])
Number of query threads: 8
Fri Aug 25 08:52:54 2023 Building RP forest with 23 trees
Fri Aug 25 08:53:10 2023 NN descent for 17 iterations
	 1  /  17
	 2  /  17
	 3  /  17
	 4  /  17
	 5  /  17
	 6  /  17
	 7  /  17
	 8  /  17
	 9  /  17
	 10  /  17
	 11  /  17
	 12  /  17
	 13  /  17
	 14  /  17
	Stopping threshold met -- exiting after 14 iterations
Fri Aug 25 08:55:58 2023 Worst tree score: 0.15204464
Fri Aug 25 08:55:58 2023 Mean tree score: 0.15453960
Fri Aug 25 08:55:58 2023 Best tree score: 0.15756250
Fri Aug 25 08:56:04 2023 Forward diversification reduced edges from 1120000 to 729855
Fri Aug 25 08:56:08 2023 Reverse diversification reduced edges from 729855 to 729855
Fri Aug 25 08:56:11 2023 Degree pruning reduced edges from 1046156 to 821172
Fri Aug 25 08:56:11 2023 Resorting data and graph based on tree order
Fri Aug 25 08:56:12 2023 Compressing index by removing unneeded attributes
Fri Aug 25 08:56:12 2023 Building and compiling search function
Trying to instantiate ann_benchmarks.algorithms.pynndescent.pynndescent(['euclidean', 1, 8])
Number of query threads: 8
Fri Aug 25 08:52:54 2023 Building RP forest with 23 trees
Fri Aug 25 08:53:05 2023 NN descent for 17 iterations
	 1  /  17
	 2  /  17
	 3  /  17
	 4  /  17
	 5  /  17
	 6  /  17
	 7  /  17
	 8  /  17
	 9  /  17
	 10  /  17
	 11  /  17
	 12  /  17
	 13  /  17
	 14  /  17
	Stopping threshold met -- exiting after 14 iterations
Fri Aug 25 08:56:00 2023 Worst tree score: 0.15257143
Fri Aug 25 08:56:00 2023 Mean tree score: 0.15443439
Fri Aug 25 08:56:00 2023 Best tree score: 0.15733929
Fri Aug 25 08:56:04 2023 Forward diversification reduced edges from 1120000 to 730143
Fri Aug 25 08:56:09 2023 Reverse diversification reduced edges from 730143 to 730143
Fri Aug 25 08:56:12 2023 Degree pruning reduced edges from 1046756 to 822263
Fri Aug 25 08:56:12 2023 Resorting data and graph based on tree order
Fri Aug 25 08:56:12 2023 Compressing index by removing unneeded attributes
Fri Aug 25 08:56:12 2023 Building and compiling search function
Trying to instantiate ann_benchmarks.algorithms.pynndescent.pynndescent(['euclidean', 1, 8])
Number of query threads: 8
Fri Aug 25 08:52:53 2023 Building RP forest with 23 trees
Fri Aug 25 08:53:08 2023 NN descent for 17 iterations
	 1  /  17
	 2  /  17
	 3  /  17
	 4  /  17
	 5  /  17
	 6  /  17
	 7  /  17
	 8  /  17
	 9  /  17
	 10  /  17
	 11  /  17
	 12  /  17
	 13  /  17
	 14  /  17
	Stopping threshold met -- exiting after 14 iterations
Fri Aug 25 08:55:59 2023 Worst tree score: 0.15141071
Fri Aug 25 08:55:59 2023 Mean tree score: 0.15470807
Fri Aug 25 08:55:59 2023 Best tree score: 0.15730357
Fri Aug 25 08:56:04 2023 Forward diversification reduced edges from 1120000 to 729945
Fri Aug 25 08:56:09 2023 Reverse diversification reduced edges from 729945 to 729945
Fri Aug 25 08:56:11 2023 Degree pruning reduced edges from 1045150 to 820623
Fri Aug 25 08:56:11 2023 Resorting data and graph based on tree order
Fri Aug 25 08:56:12 2023 Compressing index by removing unneeded attributes
Fri Aug 25 08:56:12 2023 Building and compiling search function
Trying to instantiate ann_benchmarks.algorithms.pynndescent.pynndescent(['euclidean', 1, 8])
Number of query threads: 8
Fri Aug 25 08:52:53 2023 Building RP forest with 23 trees
Fri Aug 25 08:53:09 2023 NN descent for 17 iterations
	 1  /  17
	 2  /  17
	 3  /  17
	 4  /  17
	 5  /  17
	 6  /  17
	 7  /  17
	 8  /  17
	 9  /  17
	 10  /  17
	 11  /  17
	 12  /  17
	 13  /  17
	 14  /  17
	Stopping threshold met -- exiting after 14 iterations
Fri Aug 25 08:55:57 2023 Worst tree score: 0.15183929
Fri Aug 25 08:55:57 2023 Mean tree score: 0.15443245
Fri Aug 25 08:55:57 2023 Best tree score: 0.15775000
Fri Aug 25 08:56:01 2023 Forward diversification reduced edges from 1120000 to 730495
Fri Aug 25 08:56:05 2023 Reverse diversification reduced edges from 730495 to 730495
Fri Aug 25 08:56:08 2023 Degree pruning reduced edges from 1046614 to 821765
Fri Aug 25 08:56:08 2023 Resorting data and graph based on tree order
Fri Aug 25 08:56:09 2023 Compressing index by removing unneeded attributes
Fri Aug 25 08:56:09 2023 Building and compiling search function
Trying to instantiate ann_benchmarks.algorithms.pynndescent.pynndescent(['euclidean', 1, 8])
Number of query threads: 8
Fri Aug 25 08:52:54 2023 Building RP forest with 23 trees
Fri Aug 25 08:53:06 2023 NN descent for 17 iterations
	 1  /  17
	 2  /  17
	 3  /  17
	 4  /  17
	 5  /  17
	 6  /  17
	 7  /  17
	 8  /  17
	 9  /  17
	 10  /  17
	 11  /  17
	 12  /  17
	 13  /  17
	 14  /  17
	Stopping threshold met -- exiting after 14 iterations
Fri Aug 25 08:55:59 2023 Worst tree score: 0.15183929
Fri Aug 25 08:55:59 2023 Mean tree score: 0.15451165
Fri Aug 25 08:55:59 2023 Best tree score: 0.15708036
Fri Aug 25 08:56:04 2023 Forward diversification reduced edges from 1120000 to 730447
Fri Aug 25 08:56:08 2023 Reverse diversification reduced edges from 730447 to 730447
Fri Aug 25 08:56:11 2023 Degree pruning reduced edges from 1046744 to 821790
Fri Aug 25 08:56:11 2023 Resorting data and graph based on tree order
Fri Aug 25 08:56:12 2023 Compressing index by removing unneeded attributes
Fri Aug 25 08:56:12 2023 Building and compiling search function
Built index in 215.20663714408875
Running query argument group 1 of 1...
Run 1/1...
Queries per second: 62.8571546558918
