['euclidean', 1, 4]
Trying to instantiate ann_benchmarks.algorithms.pynndescent.pynndescent(['euclidean', 1, 4])
Number of query threads: 4
got a train set of size (112000 * 32)
got 450 queries
Trying to instantiate ann_benchmarks.algorithms.pynndescent.pynndescent(['euclidean', 1, 4])
Number of query threads: 4
Fri Aug 25 04:18:17 2023 Building RP forest with 23 trees
Fri Aug 25 04:18:22 2023 NN descent for 17 iterations
	 1  /  17
	 2  /  17
	 3  /  17
	 4  /  17
	 5  /  17
	 6  /  17
	 7  /  17
	 8  /  17
	 9  /  17
	 10  /  17
	Stopping threshold met -- exiting after 10 iterations
Fri Aug 25 04:21:01 2023 Worst tree score: 0.18640179
Fri Aug 25 04:21:01 2023 Mean tree score: 0.18902135
Fri Aug 25 04:21:01 2023 Best tree score: 0.19224107
Fri Aug 25 04:21:04 2023 Forward diversification reduced edges from 1120000 to 820122
Fri Aug 25 04:21:07 2023 Reverse diversification reduced edges from 820122 to 820122
Fri Aug 25 04:21:10 2023 Degree pruning reduced edges from 987770 to 930277
Fri Aug 25 04:21:10 2023 Resorting data and graph based on tree order
Fri Aug 25 04:21:10 2023 Compressing index by removing unneeded attributes
Fri Aug 25 04:21:10 2023 Building and compiling search function
Trying to instantiate ann_benchmarks.algorithms.pynndescent.pynndescent(['euclidean', 1, 4])
Number of query threads: 4
Fri Aug 25 04:18:18 2023 Building RP forest with 23 trees
Fri Aug 25 04:18:22 2023 NN descent for 17 iterations
	 1  /  17
	 2  /  17
	 3  /  17
	 4  /  17
	 5  /  17
	 6  /  17
	 7  /  17
	 8  /  17
	 9  /  17
	 10  /  17
	Stopping threshold met -- exiting after 10 iterations
Fri Aug 25 04:20:41 2023 Worst tree score: 0.18430357
Fri Aug 25 04:20:41 2023 Mean tree score: 0.18829736
Fri Aug 25 04:20:41 2023 Best tree score: 0.19131250
Fri Aug 25 04:20:53 2023 Forward diversification reduced edges from 1120000 to 820010
Fri Aug 25 04:20:56 2023 Reverse diversification reduced edges from 820010 to 820010
Fri Aug 25 04:20:59 2023 Degree pruning reduced edges from 987572 to 930152
Fri Aug 25 04:20:59 2023 Resorting data and graph based on tree order
Fri Aug 25 04:20:59 2023 Compressing index by removing unneeded attributes
Fri Aug 25 04:20:59 2023 Building and compiling search function
Trying to instantiate ann_benchmarks.algorithms.pynndescent.pynndescent(['euclidean', 1, 4])
Number of query threads: 4
Fri Aug 25 04:18:17 2023 Building RP forest with 23 trees
Fri Aug 25 04:18:22 2023 NN descent for 17 iterations
	 1  /  17
	 2  /  17
	 3  /  17
	 4  /  17
	 5  /  17
	 6  /  17
	 7  /  17
	 8  /  17
	 9  /  17
	 10  /  17
	Stopping threshold met -- exiting after 10 iterations
Fri Aug 25 04:20:45 2023 Worst tree score: 0.18598214
Fri Aug 25 04:20:45 2023 Mean tree score: 0.18856599
Fri Aug 25 04:20:45 2023 Best tree score: 0.19342857
Fri Aug 25 04:20:54 2023 Forward diversification reduced edges from 1120000 to 820225
Fri Aug 25 04:20:57 2023 Reverse diversification reduced edges from 820225 to 820225
Fri Aug 25 04:20:59 2023 Degree pruning reduced edges from 988626 to 931112
Fri Aug 25 04:20:59 2023 Resorting data and graph based on tree order
Fri Aug 25 04:20:59 2023 Compressing index by removing unneeded attributes
Fri Aug 25 04:20:59 2023 Building and compiling search function
Trying to instantiate ann_benchmarks.algorithms.pynndescent.pynndescent(['euclidean', 1, 4])
Number of query threads: 4
Fri Aug 25 04:18:17 2023 Building RP forest with 23 trees
Fri Aug 25 04:18:22 2023 NN descent for 17 iterations
	 1  /  17
	 2  /  17
	 3  /  17
	 4  /  17
	 5  /  17
	 6  /  17
	 7  /  17
	 8  /  17
	 9  /  17
	 10  /  17
	Stopping threshold met -- exiting after 10 iterations
Fri Aug 25 04:20:52 2023 Worst tree score: 0.18640179
Fri Aug 25 04:20:52 2023 Mean tree score: 0.18897710
Fri Aug 25 04:20:52 2023 Best tree score: 0.19144643
Fri Aug 25 04:20:56 2023 Forward diversification reduced edges from 1120000 to 821253
Fri Aug 25 04:20:59 2023 Reverse diversification reduced edges from 821253 to 821253
Fri Aug 25 04:21:01 2023 Degree pruning reduced edges from 988686 to 931920
Fri Aug 25 04:21:01 2023 Resorting data and graph based on tree order
Fri Aug 25 04:21:01 2023 Compressing index by removing unneeded attributes
Fri Aug 25 04:21:01 2023 Building and compiling search function
Built index in 184.51908993721008
Running query argument group 1 of 1...
Run 1/1...
Queries per second: 28557.2874585808
