['euclidean', 1, 2]
Trying to instantiate ann_benchmarks.algorithms.pynndescent.pynndescent(['euclidean', 1, 2])
Number of query threads: 2
got a train set of size (28000 * 128)
got 450 queries
Trying to instantiate ann_benchmarks.algorithms.pynndescent.pynndescent(['euclidean', 1, 2])
Number of query threads: 2
Fri Aug 25 01:39:57 2023 Building RP forest with 18 trees
Fri Aug 25 01:40:01 2023 NN descent for 15 iterations
	 1  /  15
	 2  /  15
	 3  /  15
	 4  /  15
	 5  /  15
	 6  /  15
	 7  /  15
	 8  /  15
	 9  /  15
	 10  /  15
	 11  /  15
	 12  /  15
	Stopping threshold met -- exiting after 12 iterations
Fri Aug 25 01:41:11 2023 Worst tree score: 0.20482143
Fri Aug 25 01:41:11 2023 Mean tree score: 0.20907540
Fri Aug 25 01:41:11 2023 Best tree score: 0.21407143
Fri Aug 25 01:41:15 2023 Forward diversification reduced edges from 280000 to 196780
Fri Aug 25 01:41:18 2023 Reverse diversification reduced edges from 196780 to 196780
Fri Aug 25 01:41:20 2023 Degree pruning reduced edges from 262718 to 223560
Fri Aug 25 01:41:20 2023 Resorting data and graph based on tree order
Fri Aug 25 01:41:20 2023 Compressing index by removing unneeded attributes
Fri Aug 25 01:41:20 2023 Building and compiling search function
Trying to instantiate ann_benchmarks.algorithms.pynndescent.pynndescent(['euclidean', 1, 2])
Number of query threads: 2
Fri Aug 25 01:39:57 2023 Building RP forest with 18 trees
Fri Aug 25 01:40:01 2023 NN descent for 15 iterations
	 1  /  15
	 2  /  15
	 3  /  15
	 4  /  15
	 5  /  15
	 6  /  15
	 7  /  15
	 8  /  15
	 9  /  15
	 10  /  15
	 11  /  15
	Stopping threshold met -- exiting after 11 iterations
Fri Aug 25 01:41:11 2023 Worst tree score: 0.20667857
Fri Aug 25 01:41:11 2023 Mean tree score: 0.21000595
Fri Aug 25 01:41:11 2023 Best tree score: 0.21485714
Fri Aug 25 01:41:14 2023 Forward diversification reduced edges from 280000 to 197674
Fri Aug 25 01:41:17 2023 Reverse diversification reduced edges from 197674 to 197674
Fri Aug 25 01:41:20 2023 Degree pruning reduced edges from 263406 to 224062
Fri Aug 25 01:41:20 2023 Resorting data and graph based on tree order
Fri Aug 25 01:41:20 2023 Compressing index by removing unneeded attributes
Fri Aug 25 01:41:20 2023 Building and compiling search function
Built index in 95.4509711265564
Running query argument group 1 of 1...
Run 1/1...
Queries per second: 14162.3969205605
