['euclidean', 1, 2]
Trying to instantiate ann_benchmarks.algorithms.pynndescent.pynndescent(['euclidean', 1, 2])
Number of query threads: 2
got a train set of size (7000 * 2048)
got 450 queries
Trying to instantiate ann_benchmarks.algorithms.pynndescent.pynndescent(['euclidean', 1, 2])
Number of query threads: 2
Mon Aug 28 02:25:01 2023 Building RP forest with 14 trees
Mon Aug 28 02:25:05 2023 NN descent for 13 iterations
	 1  /  13
	 2  /  13
	 3  /  13
	 4  /  13
	Stopping threshold met -- exiting after 4 iterations
Mon Aug 28 02:26:54 2023 Worst tree score: 0.59085714
Mon Aug 28 02:26:54 2023 Mean tree score: 0.61469388
Mon Aug 28 02:26:54 2023 Best tree score: 0.63342857
Mon Aug 28 02:26:58 2023 Forward diversification reduced edges from 70000 to 40000
Mon Aug 28 02:27:01 2023 Reverse diversification reduced edges from 40000 to 40000
Mon Aug 28 02:27:03 2023 Degree pruning reduced edges from 43068 to 42851
Mon Aug 28 02:27:03 2023 Resorting data and graph based on tree order
Mon Aug 28 02:27:03 2023 Compressing index by removing unneeded attributes
Mon Aug 28 02:27:03 2023 Building and compiling search function
Trying to instantiate ann_benchmarks.algorithms.pynndescent.pynndescent(['euclidean', 1, 2])
Number of query threads: 2
Mon Aug 28 02:25:01 2023 Building RP forest with 14 trees
Mon Aug 28 02:25:05 2023 NN descent for 13 iterations
	 1  /  13
	 2  /  13
	 3  /  13
	 4  /  13
	 5  /  13
	Stopping threshold met -- exiting after 5 iterations
Mon Aug 28 02:26:54 2023 Worst tree score: 0.55685714
Mon Aug 28 02:26:54 2023 Mean tree score: 0.60317347
Mon Aug 28 02:26:54 2023 Best tree score: 0.63728571
Mon Aug 28 02:26:58 2023 Forward diversification reduced edges from 70000 to 39974
Mon Aug 28 02:27:01 2023 Reverse diversification reduced edges from 39974 to 39974
Mon Aug 28 02:27:03 2023 Degree pruning reduced edges from 43014 to 42805
Mon Aug 28 02:27:03 2023 Resorting data and graph based on tree order
Mon Aug 28 02:27:03 2023 Compressing index by removing unneeded attributes
Mon Aug 28 02:27:03 2023 Building and compiling search function
Built index in 134.51237607002258
Running query argument group 1 of 1...
Run 1/1...
Queries per second: 9088.94121726072
