['euclidean', 1, 2]
Trying to instantiate ann_benchmarks.algorithms.pynndescent.pynndescent(['euclidean', 1, 2])
Number of query threads: 2
got a train set of size (448000 * 512)
got 450 queries
Trying to instantiate ann_benchmarks.algorithms.pynndescent.pynndescent(['euclidean', 1, 2])
Number of query threads: 2
Fri Aug 25 11:16:45 2023 Building RP forest with 31 trees
Fri Aug 25 11:16:54 2023 NN descent for 19 iterations
	 1  /  19
	 2  /  19
	 3  /  19
	 4  /  19
	 5  /  19
	 6  /  19
	 7  /  19
	 8  /  19
	 9  /  19
	 10  /  19
	 11  /  19
	 12  /  19
	 13  /  19
	 14  /  19
	 15  /  19
	 16  /  19
	 17  /  19
	Stopping threshold met -- exiting after 17 iterations
Fri Aug 25 11:20:29 2023 Worst tree score: 0.15510491
Fri Aug 25 11:20:29 2023 Mean tree score: 0.15628723
Fri Aug 25 11:20:29 2023 Best tree score: 0.15744420
Fri Aug 25 11:20:33 2023 Forward diversification reduced edges from 4480000 to 3208128
Fri Aug 25 11:20:37 2023 Reverse diversification reduced edges from 3208128 to 3208128
Fri Aug 25 11:20:40 2023 Degree pruning reduced edges from 4496088 to 3707574
Fri Aug 25 11:20:40 2023 Resorting data and graph based on tree order
Fri Aug 25 11:20:40 2023 Compressing index by removing unneeded attributes
Fri Aug 25 11:20:40 2023 Building and compiling search function
Trying to instantiate ann_benchmarks.algorithms.pynndescent.pynndescent(['euclidean', 1, 2])
Number of query threads: 2
Fri Aug 25 11:16:45 2023 Building RP forest with 31 trees
Fri Aug 25 11:16:54 2023 NN descent for 19 iterations
	 1  /  19
	 2  /  19
	 3  /  19
	 4  /  19
	 5  /  19
	 6  /  19
	 7  /  19
	 8  /  19
	 9  /  19
	 10  /  19
	 11  /  19
	 12  /  19
	 13  /  19
	 14  /  19
	 15  /  19
	 16  /  19
	 17  /  19
	Stopping threshold met -- exiting after 17 iterations
Fri Aug 25 11:20:30 2023 Worst tree score: 0.15429464
Fri Aug 25 11:20:30 2023 Mean tree score: 0.15617785
Fri Aug 25 11:20:30 2023 Best tree score: 0.15790179
Fri Aug 25 11:20:35 2023 Forward diversification reduced edges from 4480000 to 3207854
Fri Aug 25 11:20:38 2023 Reverse diversification reduced edges from 3207854 to 3207854
Fri Aug 25 11:20:41 2023 Degree pruning reduced edges from 4497996 to 3708696
Fri Aug 25 11:20:41 2023 Resorting data and graph based on tree order
Fri Aug 25 11:20:41 2023 Compressing index by removing unneeded attributes
Fri Aug 25 11:20:41 2023 Building and compiling search function
Built index in 249.8838562965393
Running query argument group 1 of 1...
Run 1/1...
Queries per second: 395.93848955159496
