['euclidean', 1, 2]
Trying to instantiate ann_benchmarks.algorithms.pynndescent.pynndescent(['euclidean', 1, 2])
Number of query threads: 2
got a train set of size (112000 * 32)
got 450 queries
Trying to instantiate ann_benchmarks.algorithms.pynndescent.pynndescent(['euclidean', 1, 2])
Number of query threads: 2
Fri Aug 25 04:13:05 2023 Building RP forest with 23 trees
Fri Aug 25 04:13:09 2023 NN descent for 17 iterations
	 1  /  17
	 2  /  17
	 3  /  17
	 4  /  17
	 5  /  17
	 6  /  17
	 7  /  17
	 8  /  17
	 9  /  17
	 10  /  17
	Stopping threshold met -- exiting after 10 iterations
Fri Aug 25 04:15:21 2023 Worst tree score: 0.18634821
Fri Aug 25 04:15:21 2023 Mean tree score: 0.18849030
Fri Aug 25 04:15:21 2023 Best tree score: 0.19033036
Fri Aug 25 04:15:24 2023 Forward diversification reduced edges from 1120000 to 820535
Fri Aug 25 04:15:28 2023 Reverse diversification reduced edges from 820535 to 820535
Fri Aug 25 04:15:30 2023 Degree pruning reduced edges from 988236 to 931334
Fri Aug 25 04:15:30 2023 Resorting data and graph based on tree order
Fri Aug 25 04:15:30 2023 Compressing index by removing unneeded attributes
Fri Aug 25 04:15:30 2023 Building and compiling search function
Trying to instantiate ann_benchmarks.algorithms.pynndescent.pynndescent(['euclidean', 1, 2])
Number of query threads: 2
Fri Aug 25 04:13:05 2023 Building RP forest with 23 trees
Fri Aug 25 04:13:09 2023 NN descent for 17 iterations
	 1  /  17
	 2  /  17
	 3  /  17
	 4  /  17
	 5  /  17
	 6  /  17
	 7  /  17
	 8  /  17
	 9  /  17
	 10  /  17
	Stopping threshold met -- exiting after 10 iterations
Fri Aug 25 04:15:21 2023 Worst tree score: 0.18620536
Fri Aug 25 04:15:21 2023 Mean tree score: 0.18909433
Fri Aug 25 04:15:21 2023 Best tree score: 0.19222321
Fri Aug 25 04:15:24 2023 Forward diversification reduced edges from 1120000 to 820292
Fri Aug 25 04:15:27 2023 Reverse diversification reduced edges from 820292 to 820292
Fri Aug 25 04:15:30 2023 Degree pruning reduced edges from 987924 to 930700
Fri Aug 25 04:15:30 2023 Resorting data and graph based on tree order
Fri Aug 25 04:15:30 2023 Compressing index by removing unneeded attributes
Fri Aug 25 04:15:30 2023 Building and compiling search function
Built index in 157.26799869537354
Running query argument group 1 of 1...
Run 1/1...
Queries per second: 22668.91822101586
