['euclidean', 1, 4]
Trying to instantiate ann_benchmarks.algorithms.pynndescent.pynndescent(['euclidean', 1, 4])
Number of query threads: 4
got a train set of size (112000 * 512)
got 450 queries
Trying to instantiate ann_benchmarks.algorithms.pynndescent.pynndescent(['euclidean', 1, 4])
Number of query threads: 4
Fri Aug 25 07:08:31 2023 Building RP forest with 23 trees
Fri Aug 25 07:08:37 2023 NN descent for 17 iterations
	 1  /  17
	 2  /  17
	 3  /  17
	 4  /  17
	 5  /  17
	 6  /  17
	 7  /  17
	 8  /  17
	 9  /  17
	 10  /  17
	 11  /  17
	 12  /  17
	 13  /  17
	 14  /  17
	Stopping threshold met -- exiting after 14 iterations
Fri Aug 25 07:11:05 2023 Worst tree score: 0.17409821
Fri Aug 25 07:11:05 2023 Mean tree score: 0.17600194
Fri Aug 25 07:11:05 2023 Best tree score: 0.17884821
Fri Aug 25 07:11:09 2023 Forward diversification reduced edges from 1120000 to 770086
Fri Aug 25 07:11:12 2023 Reverse diversification reduced edges from 770086 to 770086
Fri Aug 25 07:11:15 2023 Degree pruning reduced edges from 1076328 to 878110
Fri Aug 25 07:11:15 2023 Resorting data and graph based on tree order
Fri Aug 25 07:11:15 2023 Compressing index by removing unneeded attributes
Fri Aug 25 07:11:15 2023 Building and compiling search function
Trying to instantiate ann_benchmarks.algorithms.pynndescent.pynndescent(['euclidean', 1, 4])
Number of query threads: 4
Fri Aug 25 07:08:31 2023 Building RP forest with 23 trees
Fri Aug 25 07:08:37 2023 NN descent for 17 iterations
	 1  /  17
	 2  /  17
	 3  /  17
	 4  /  17
	 5  /  17
	 6  /  17
	 7  /  17
	 8  /  17
	 9  /  17
	 10  /  17
	 11  /  17
	 12  /  17
	 13  /  17
	 14  /  17
	Stopping threshold met -- exiting after 14 iterations
Fri Aug 25 07:11:01 2023 Worst tree score: 0.17329464
Fri Aug 25 07:11:01 2023 Mean tree score: 0.17581405
Fri Aug 25 07:11:01 2023 Best tree score: 0.17848214
Fri Aug 25 07:11:05 2023 Forward diversification reduced edges from 1120000 to 768856
Fri Aug 25 07:11:08 2023 Reverse diversification reduced edges from 768856 to 768856
Fri Aug 25 07:11:11 2023 Degree pruning reduced edges from 1075164 to 876201
Fri Aug 25 07:11:11 2023 Resorting data and graph based on tree order
Fri Aug 25 07:11:11 2023 Compressing index by removing unneeded attributes
Fri Aug 25 07:11:11 2023 Building and compiling search function
Trying to instantiate ann_benchmarks.algorithms.pynndescent.pynndescent(['euclidean', 1, 4])
Number of query threads: 4
Fri Aug 25 07:08:31 2023 Building RP forest with 23 trees
Fri Aug 25 07:08:37 2023 NN descent for 17 iterations
	 1  /  17
	 2  /  17
	 3  /  17
	 4  /  17
	 5  /  17
	 6  /  17
	 7  /  17
	 8  /  17
	 9  /  17
	 10  /  17
	 11  /  17
	 12  /  17
	 13  /  17
	 14  /  17
	Stopping threshold met -- exiting after 14 iterations
Fri Aug 25 07:11:02 2023 Worst tree score: 0.17187500
Fri Aug 25 07:11:02 2023 Mean tree score: 0.17540140
Fri Aug 25 07:11:02 2023 Best tree score: 0.17932143
Fri Aug 25 07:11:06 2023 Forward diversification reduced edges from 1120000 to 768546
Fri Aug 25 07:11:09 2023 Reverse diversification reduced edges from 768546 to 768546
Fri Aug 25 07:11:12 2023 Degree pruning reduced edges from 1074618 to 875458
Fri Aug 25 07:11:12 2023 Resorting data and graph based on tree order
Fri Aug 25 07:11:12 2023 Compressing index by removing unneeded attributes
Fri Aug 25 07:11:12 2023 Building and compiling search function
Trying to instantiate ann_benchmarks.algorithms.pynndescent.pynndescent(['euclidean', 1, 4])
Number of query threads: 4
Fri Aug 25 07:08:31 2023 Building RP forest with 23 trees
Fri Aug 25 07:08:37 2023 NN descent for 17 iterations
	 1  /  17
	 2  /  17
	 3  /  17
	 4  /  17
	 5  /  17
	 6  /  17
	 7  /  17
	 8  /  17
	 9  /  17
	 10  /  17
	 11  /  17
	 12  /  17
	 13  /  17
	 14  /  17
	Stopping threshold met -- exiting after 14 iterations
Fri Aug 25 07:11:05 2023 Worst tree score: 0.17223214
Fri Aug 25 07:11:05 2023 Mean tree score: 0.17522943
Fri Aug 25 07:11:05 2023 Best tree score: 0.17884821
Fri Aug 25 07:11:09 2023 Forward diversification reduced edges from 1120000 to 768240
Fri Aug 25 07:11:13 2023 Reverse diversification reduced edges from 768240 to 768240
Fri Aug 25 07:11:15 2023 Degree pruning reduced edges from 1074580 to 875560
Fri Aug 25 07:11:15 2023 Resorting data and graph based on tree order
Fri Aug 25 07:11:16 2023 Compressing index by removing unneeded attributes
Fri Aug 25 07:11:16 2023 Building and compiling search function
Built index in 176.77338242530823
Running query argument group 1 of 1...
Run 1/1...
Queries per second: 962.8644787272464
