['euclidean', 1, 2]
Trying to instantiate ann_benchmarks.algorithms.pynndescent.pynndescent(['euclidean', 1, 2])
Number of query threads: 2
got a train set of size (448000 * 512)
got 450 queries
Trying to instantiate ann_benchmarks.algorithms.pynndescent.pynndescent(['euclidean', 1, 2])
Number of query threads: 2
Fri Aug 25 11:11:48 2023 Building RP forest with 31 trees
Fri Aug 25 11:12:02 2023 NN descent for 19 iterations
	 1  /  19
	 2  /  19
	 3  /  19
	 4  /  19
	 5  /  19
	 6  /  19
	 7  /  19
	 8  /  19
	 9  /  19
	 10  /  19
	 11  /  19
	 12  /  19
	 13  /  19
	 14  /  19
	 15  /  19
	 16  /  19
	 17  /  19
	Stopping threshold met -- exiting after 17 iterations
Fri Aug 25 11:15:46 2023 Worst tree score: 0.15483259
Fri Aug 25 11:15:46 2023 Mean tree score: 0.15642756
Fri Aug 25 11:15:46 2023 Best tree score: 0.15780357
Fri Aug 25 11:15:50 2023 Forward diversification reduced edges from 4480000 to 3209236
Fri Aug 25 11:15:53 2023 Reverse diversification reduced edges from 3209236 to 3209236
Fri Aug 25 11:15:56 2023 Degree pruning reduced edges from 4499320 to 3709954
Fri Aug 25 11:15:56 2023 Resorting data and graph based on tree order
Fri Aug 25 11:15:57 2023 Compressing index by removing unneeded attributes
Fri Aug 25 11:15:57 2023 Building and compiling search function
Trying to instantiate ann_benchmarks.algorithms.pynndescent.pynndescent(['euclidean', 1, 2])
Number of query threads: 2
Fri Aug 25 11:11:49 2023 Building RP forest with 31 trees
Fri Aug 25 11:12:03 2023 NN descent for 19 iterations
	 1  /  19
	 2  /  19
	 3  /  19
	 4  /  19
	 5  /  19
	 6  /  19
	 7  /  19
	 8  /  19
	 9  /  19
	 10  /  19
	 11  /  19
	 12  /  19
	 13  /  19
	 14  /  19
	 15  /  19
	 16  /  19
	 17  /  19
	Stopping threshold met -- exiting after 17 iterations
Fri Aug 25 11:15:46 2023 Worst tree score: 0.15558705
Fri Aug 25 11:15:46 2023 Mean tree score: 0.15667742
Fri Aug 25 11:15:46 2023 Best tree score: 0.15770982
Fri Aug 25 11:15:51 2023 Forward diversification reduced edges from 4480000 to 3210642
Fri Aug 25 11:15:54 2023 Reverse diversification reduced edges from 3210642 to 3210642
Fri Aug 25 11:15:57 2023 Degree pruning reduced edges from 4500226 to 3711347
Fri Aug 25 11:15:57 2023 Resorting data and graph based on tree order
Fri Aug 25 11:15:57 2023 Compressing index by removing unneeded attributes
Fri Aug 25 11:15:57 2023 Building and compiling search function
Built index in 262.38783526420593
Running query argument group 1 of 1...
Run 1/1...
Queries per second: 397.98711933497816
