['euclidean', 1, 1]
Trying to instantiate ann_benchmarks.algorithms.pynndescent.pynndescent(['euclidean', 1, 1])
Number of query threads: 1
got a train set of size (112000 * 32)
got 450 queries
Trying to instantiate ann_benchmarks.algorithms.pynndescent.pynndescent(['euclidean', 1, 1])
Number of query threads: 1
Fri Aug 25 04:01:07 2023 Building RP forest with 23 trees
Fri Aug 25 04:01:11 2023 NN descent for 17 iterations
	 1  /  17
	 2  /  17
	 3  /  17
	 4  /  17
	 5  /  17
	 6  /  17
	 7  /  17
	 8  /  17
	 9  /  17
	 10  /  17
	Stopping threshold met -- exiting after 10 iterations
Fri Aug 25 04:03:21 2023 Worst tree score: 0.18508036
Fri Aug 25 04:03:21 2023 Mean tree score: 0.18825427
Fri Aug 25 04:03:21 2023 Best tree score: 0.19338393
Fri Aug 25 04:03:24 2023 Forward diversification reduced edges from 1120000 to 820007
Fri Aug 25 04:03:27 2023 Reverse diversification reduced edges from 820007 to 820007
Fri Aug 25 04:03:29 2023 Degree pruning reduced edges from 987686 to 930580
Fri Aug 25 04:03:29 2023 Resorting data and graph based on tree order
Fri Aug 25 04:03:29 2023 Compressing index by removing unneeded attributes
Fri Aug 25 04:03:29 2023 Building and compiling search function
Built index in 153.7372989654541
Running query argument group 1 of 1...
Run 1/1...
Queries per second: 12270.3454014732
