['euclidean', 1, 2]
Trying to instantiate ann_benchmarks.algorithms.pynndescent.pynndescent(['euclidean', 1, 2])
Number of query threads: 2
got a train set of size (448000 * 2048)
got 450 queries
Trying to instantiate ann_benchmarks.algorithms.pynndescent.pynndescent(['euclidean', 1, 2])
Number of query threads: 2
Mon Aug 28 01:27:30 2023 Building RP forest with 31 trees
Mon Aug 28 01:27:51 2023 NN descent for 19 iterations
	 1  /  19
	 2  /  19
	 3  /  19
	 4  /  19
	 5  /  19
	 6  /  19
	 7  /  19
	 8  /  19
	 9  /  19
	 10  /  19
	 11  /  19
	 12  /  19
	 13  /  19
	 14  /  19
	 15  /  19
	 16  /  19
	 17  /  19
	Stopping threshold met -- exiting after 17 iterations
Mon Aug 28 01:31:34 2023 Worst tree score: 0.13168304
Mon Aug 28 01:31:34 2023 Mean tree score: 0.13273265
Mon Aug 28 01:31:34 2023 Best tree score: 0.13372991
Mon Aug 28 01:31:39 2023 Forward diversification reduced edges from 4480000 to 2918913
Mon Aug 28 01:31:43 2023 Reverse diversification reduced edges from 2918913 to 2918913
Mon Aug 28 01:31:46 2023 Degree pruning reduced edges from 4193202 to 3324417
Mon Aug 28 01:31:46 2023 Resorting data and graph based on tree order
Mon Aug 28 01:31:47 2023 Compressing index by removing unneeded attributes
Mon Aug 28 01:31:47 2023 Building and compiling search function
Built index in 280.5367360115051
Running query argument group 1 of 1...
Run 1/1...
Queries per second: 5.389077714536053
