['euclidean', 1, 8]
Trying to instantiate ann_benchmarks.algorithms.pynndescent.pynndescent(['euclidean', 1, 8])
Number of query threads: 8
got a train set of size (28000 * 32)
got 450 queries
Trying to instantiate ann_benchmarks.algorithms.pynndescent.pynndescent(['euclidean', 1, 8])
Number of query threads: 8
Fri Aug 25 01:21:52 2023 Building RP forest with 18 trees
Fri Aug 25 01:21:56 2023 NN descent for 15 iterations
	 1  /  15
	 2  /  15
	 3  /  15
	 4  /  15
	 5  /  15
	 6  /  15
	 7  /  15
	 8  /  15
	 9  /  15
	Stopping threshold met -- exiting after 9 iterations
Fri Aug 25 01:22:31 2023 Worst tree score: 0.22635714
Fri Aug 25 01:22:31 2023 Mean tree score: 0.23213294
Fri Aug 25 01:22:31 2023 Best tree score: 0.24471429
Fri Aug 25 01:22:34 2023 Forward diversification reduced edges from 280000 to 201240
Fri Aug 25 01:22:37 2023 Reverse diversification reduced edges from 201240 to 201240
Fri Aug 25 01:22:40 2023 Degree pruning reduced edges from 240726 to 227137
Fri Aug 25 01:22:40 2023 Resorting data and graph based on tree order
Fri Aug 25 01:22:40 2023 Compressing index by removing unneeded attributes
Fri Aug 25 01:22:40 2023 Building and compiling search function
Built index in 62.00595545768738
Running query argument group 1 of 1...
Run 1/1...
Queries per second: 44805.62136498561
