['euclidean', 1, 2]
Trying to instantiate ann_benchmarks.algorithms.pynndescent.pynndescent(['euclidean', 1, 2])
Number of query threads: 2
got a train set of size (112000 * 128)
got 450 queries
Trying to instantiate ann_benchmarks.algorithms.pynndescent.pynndescent(['euclidean', 1, 2])
Number of query threads: 2
Fri Aug 25 05:22:04 2023 Building RP forest with 23 trees
Fri Aug 25 05:22:09 2023 NN descent for 17 iterations
	 1  /  17
	 2  /  17
	 3  /  17
	 4  /  17
	 5  /  17
	 6  /  17
	 7  /  17
	 8  /  17
	 9  /  17
	 10  /  17
	 11  /  17
	 12  /  17
	 13  /  17
	Stopping threshold met -- exiting after 13 iterations
Fri Aug 25 05:24:25 2023 Worst tree score: 0.18965179
Fri Aug 25 05:24:25 2023 Mean tree score: 0.19249146
Fri Aug 25 05:24:25 2023 Best tree score: 0.19503571
Fri Aug 25 05:24:28 2023 Forward diversification reduced edges from 1120000 to 811484
Fri Aug 25 05:24:31 2023 Reverse diversification reduced edges from 811484 to 811484
Fri Aug 25 05:24:34 2023 Degree pruning reduced edges from 1088576 to 931030
Fri Aug 25 05:24:34 2023 Resorting data and graph based on tree order
Fri Aug 25 05:24:34 2023 Compressing index by removing unneeded attributes
Fri Aug 25 05:24:34 2023 Building and compiling search function
Trying to instantiate ann_benchmarks.algorithms.pynndescent.pynndescent(['euclidean', 1, 2])
Number of query threads: 2
Fri Aug 25 05:22:03 2023 Building RP forest with 23 trees
Fri Aug 25 05:22:08 2023 NN descent for 17 iterations
	 1  /  17
	 2  /  17
	 3  /  17
	 4  /  17
	 5  /  17
	 6  /  17
	 7  /  17
	 8  /  17
	 9  /  17
	 10  /  17
	 11  /  17
	 12  /  17
	 13  /  17
	Stopping threshold met -- exiting after 13 iterations
Fri Aug 25 05:24:24 2023 Worst tree score: 0.19015179
Fri Aug 25 05:24:24 2023 Mean tree score: 0.19260287
Fri Aug 25 05:24:24 2023 Best tree score: 0.19521429
Fri Aug 25 05:24:28 2023 Forward diversification reduced edges from 1120000 to 812213
Fri Aug 25 05:24:31 2023 Reverse diversification reduced edges from 812213 to 812213
Fri Aug 25 05:24:34 2023 Degree pruning reduced edges from 1089998 to 931989
Fri Aug 25 05:24:34 2023 Resorting data and graph based on tree order
Fri Aug 25 05:24:34 2023 Compressing index by removing unneeded attributes
Fri Aug 25 05:24:34 2023 Building and compiling search function
Built index in 162.82748889923096
Running query argument group 1 of 1...
Run 1/1...
Queries per second: 10313.636860396453
