['euclidean', 1, 32]
Trying to instantiate ann_benchmarks.algorithms.bruteforce.bruteforce(['euclidean', 1, 32])
Number of workers: 1
Number of query threads: 32
got a train set of size (448000 * 128)
got 450 queries
Built index in 8.429823398590088
Running query argument group 1 of 1...
Run 1/1...
Queries per second: 42.46248642729766
Trying to instantiate ann_benchmarks.algorithms.bruteforce.bruteforce(['euclidean', 1, 32])
Number of workers: 1
Number of query threads: 32
Trying to instantiate ann_benchmarks.algorithms.bruteforce.bruteforce(['euclidean', 1, 32])
Number of workers: 1
Number of query threads: 32
Trying to instantiate ann_benchmarks.algorithms.bruteforce.bruteforce(['euclidean', 1, 32])
Number of workers: 1
Number of query threads: 32
Trying to instantiate ann_benchmarks.algorithms.bruteforce.bruteforce(['euclidean', 1, 32])
Number of workers: 1
Number of query threads: 32
Trying to instantiate ann_benchmarks.algorithms.bruteforce.bruteforce(['euclidean', 1, 32])
Number of workers: 1
Number of query threads: 32
Trying to instantiate ann_benchmarks.algorithms.bruteforce.bruteforce(['euclidean', 1, 32])
Number of workers: 1
Number of query threads: 32
Trying to instantiate ann_benchmarks.algorithms.bruteforce.bruteforce(['euclidean', 1, 32])
Number of workers: 1
Number of query threads: 32
Trying to instantiate ann_benchmarks.algorithms.bruteforce.bruteforce(['euclidean', 1, 32])
Number of workers: 1
Number of query threads: 32
Trying to instantiate ann_benchmarks.algorithms.bruteforce.bruteforce(['euclidean', 1, 32])
Number of workers: 1
Number of query threads: 32
Trying to instantiate ann_benchmarks.algorithms.bruteforce.bruteforce(['euclidean', 1, 32])
Number of workers: 1
Number of query threads: 32
Trying to instantiate ann_benchmarks.algorithms.bruteforce.bruteforce(['euclidean', 1, 32])
Number of workers: 1
Number of query threads: 32
Trying to instantiate ann_benchmarks.algorithms.bruteforce.bruteforce(['euclidean', 1, 32])
Number of workers: 1
Number of query threads: 32
Trying to instantiate ann_benchmarks.algorithms.bruteforce.bruteforce(['euclidean', 1, 32])
Number of workers: 1
Number of query threads: 32
Trying to instantiate ann_benchmarks.algorithms.bruteforce.bruteforce(['euclidean', 1, 32])
Number of workers: 1
Number of query threads: 32
Trying to instantiate ann_benchmarks.algorithms.bruteforce.bruteforce(['euclidean', 1, 32])
Number of workers: 1
Number of query threads: 32
Trying to instantiate ann_benchmarks.algorithms.bruteforce.bruteforce(['euclidean', 1, 32])
Number of workers: 1
Number of query threads: 32
Trying to instantiate ann_benchmarks.algorithms.bruteforce.bruteforce(['euclidean', 1, 32])
Number of workers: 1
Number of query threads: 32
Trying to instantiate ann_benchmarks.algorithms.bruteforce.bruteforce(['euclidean', 1, 32])
Number of workers: 1
Number of query threads: 32
Trying to instantiate ann_benchmarks.algorithms.bruteforce.bruteforce(['euclidean', 1, 32])
Number of workers: 1
Number of query threads: 32
Trying to instantiate ann_benchmarks.algorithms.bruteforce.bruteforce(['euclidean', 1, 32])
Number of workers: 1
Number of query threads: 32
Trying to instantiate ann_benchmarks.algorithms.bruteforce.bruteforce(['euclidean', 1, 32])
Number of workers: 1
Number of query threads: 32
Trying to instantiate ann_benchmarks.algorithms.bruteforce.bruteforce(['euclidean', 1, 32])
Number of workers: 1
Number of query threads: 32
Trying to instantiate ann_benchmarks.algorithms.bruteforce.bruteforce(['euclidean', 1, 32])
Number of workers: 1
Number of query threads: 32
Trying to instantiate ann_benchmarks.algorithms.bruteforce.bruteforce(['euclidean', 1, 32])
Number of workers: 1
Number of query threads: 32
Trying to instantiate ann_benchmarks.algorithms.bruteforce.bruteforce(['euclidean', 1, 32])
Number of workers: 1
Number of query threads: 32
Trying to instantiate ann_benchmarks.algorithms.bruteforce.bruteforce(['euclidean', 1, 32])
Number of workers: 1
Number of query threads: 32
Trying to instantiate ann_benchmarks.algorithms.bruteforce.bruteforce(['euclidean', 1, 32])
Number of workers: 1
Number of query threads: 32
Trying to instantiate ann_benchmarks.algorithms.bruteforce.bruteforce(['euclidean', 1, 32])
Number of workers: 1
Number of query threads: 32
Trying to instantiate ann_benchmarks.algorithms.bruteforce.bruteforce(['euclidean', 1, 32])
Number of workers: 1
Number of query threads: 32
Trying to instantiate ann_benchmarks.algorithms.bruteforce.bruteforce(['euclidean', 1, 32])
Number of workers: 1
Number of query threads: 32
Trying to instantiate ann_benchmarks.algorithms.bruteforce.bruteforce(['euclidean', 1, 32])
Number of workers: 1
Number of query threads: 32
Trying to instantiate ann_benchmarks.algorithms.bruteforce.bruteforce(['euclidean', 1, 32])
Number of workers: 1
Number of query threads: 32
