['euclidean', 1, 8]
Trying to instantiate ann_benchmarks.algorithms.pynndescent.pynndescent(['euclidean', 1, 8])
Number of query threads: 8
got a train set of size (448000 * 128)
got 450 queries
Trying to instantiate ann_benchmarks.algorithms.pynndescent.pynndescent(['euclidean', 1, 8])
Number of query threads: 8
Fri Aug 25 10:41:11 2023 Building RP forest with 31 trees
Fri Aug 25 10:41:26 2023 NN descent for 19 iterations
	 1  /  19
	 2  /  19
	 3  /  19
	 4  /  19
	 5  /  19
	 6  /  19
	 7  /  19
	 8  /  19
	 9  /  19
	 10  /  19
	 11  /  19
	 12  /  19
	Stopping threshold met -- exiting after 12 iterations
Fri Aug 25 10:46:03 2023 Worst tree score: 0.17343527
Fri Aug 25 10:46:03 2023 Mean tree score: 0.17479486
Fri Aug 25 10:46:03 2023 Best tree score: 0.17635045
Fri Aug 25 10:46:08 2023 Forward diversification reduced edges from 4480000 to 3469910
Fri Aug 25 10:46:12 2023 Reverse diversification reduced edges from 3469910 to 3469910
Fri Aug 25 10:46:15 2023 Degree pruning reduced edges from 4630676 to 4025960
Fri Aug 25 10:46:15 2023 Resorting data and graph based on tree order
Fri Aug 25 10:46:16 2023 Compressing index by removing unneeded attributes
Fri Aug 25 10:46:16 2023 Building and compiling search function
Trying to instantiate ann_benchmarks.algorithms.pynndescent.pynndescent(['euclidean', 1, 8])
Number of query threads: 8
Fri Aug 25 10:41:11 2023 Building RP forest with 31 trees
Fri Aug 25 10:41:25 2023 NN descent for 19 iterations
	 1  /  19
	 2  /  19
	 3  /  19
	 4  /  19
	 5  /  19
	 6  /  19
	 7  /  19
	 8  /  19
	 9  /  19
	 10  /  19
	 11  /  19
	 12  /  19
	Stopping threshold met -- exiting after 12 iterations
Fri Aug 25 10:46:05 2023 Worst tree score: 0.17316295
Fri Aug 25 10:46:05 2023 Mean tree score: 0.17454435
Fri Aug 25 10:46:05 2023 Best tree score: 0.17617411
Fri Aug 25 10:46:10 2023 Forward diversification reduced edges from 4480000 to 3465993
Fri Aug 25 10:46:14 2023 Reverse diversification reduced edges from 3465993 to 3465993
Fri Aug 25 10:46:18 2023 Degree pruning reduced edges from 4627114 to 4019183
Fri Aug 25 10:46:18 2023 Resorting data and graph based on tree order
Fri Aug 25 10:46:18 2023 Compressing index by removing unneeded attributes
Fri Aug 25 10:46:18 2023 Building and compiling search function
Trying to instantiate ann_benchmarks.algorithms.pynndescent.pynndescent(['euclidean', 1, 8])
Number of query threads: 8
Fri Aug 25 10:41:11 2023 Building RP forest with 31 trees
Fri Aug 25 10:41:25 2023 NN descent for 19 iterations
	 1  /  19
	 2  /  19
	 3  /  19
	 4  /  19
	 5  /  19
	 6  /  19
	 7  /  19
	 8  /  19
	 9  /  19
	 10  /  19
	 11  /  19
	 12  /  19
	Stopping threshold met -- exiting after 12 iterations
Fri Aug 25 10:46:06 2023 Worst tree score: 0.17317857
Fri Aug 25 10:46:06 2023 Mean tree score: 0.17468707
Fri Aug 25 10:46:06 2023 Best tree score: 0.17714509
Fri Aug 25 10:46:12 2023 Forward diversification reduced edges from 4480000 to 3469214
Fri Aug 25 10:46:16 2023 Reverse diversification reduced edges from 3469214 to 3469214
Fri Aug 25 10:46:19 2023 Degree pruning reduced edges from 4627866 to 4025085
Fri Aug 25 10:46:19 2023 Resorting data and graph based on tree order
Fri Aug 25 10:46:20 2023 Compressing index by removing unneeded attributes
Fri Aug 25 10:46:20 2023 Building and compiling search function
Trying to instantiate ann_benchmarks.algorithms.pynndescent.pynndescent(['euclidean', 1, 8])
Number of query threads: 8
Fri Aug 25 10:41:12 2023 Building RP forest with 31 trees
Fri Aug 25 10:41:28 2023 NN descent for 19 iterations
	 1  /  19
	 2  /  19
	 3  /  19
	 4  /  19
	 5  /  19
	 6  /  19
	 7  /  19
	 8  /  19
	 9  /  19
	 10  /  19
	 11  /  19
	 12  /  19
	Stopping threshold met -- exiting after 12 iterations
Fri Aug 25 10:46:05 2023 Worst tree score: 0.17381027
Fri Aug 25 10:46:05 2023 Mean tree score: 0.17464207
Fri Aug 25 10:46:05 2023 Best tree score: 0.17639286
Fri Aug 25 10:46:10 2023 Forward diversification reduced edges from 4480000 to 3467246
Fri Aug 25 10:46:14 2023 Reverse diversification reduced edges from 3467246 to 3467246
Fri Aug 25 10:46:17 2023 Degree pruning reduced edges from 4626368 to 4021869
Fri Aug 25 10:46:17 2023 Resorting data and graph based on tree order
Fri Aug 25 10:46:18 2023 Compressing index by removing unneeded attributes
Fri Aug 25 10:46:18 2023 Building and compiling search function
Trying to instantiate ann_benchmarks.algorithms.pynndescent.pynndescent(['euclidean', 1, 8])
Number of query threads: 8
Fri Aug 25 10:41:11 2023 Building RP forest with 31 trees
Fri Aug 25 10:41:22 2023 NN descent for 19 iterations
	 1  /  19
	 2  /  19
	 3  /  19
	 4  /  19
	 5  /  19
	 6  /  19
	 7  /  19
	 8  /  19
	 9  /  19
	 10  /  19
	 11  /  19
	 12  /  19
	Stopping threshold met -- exiting after 12 iterations
Fri Aug 25 10:46:01 2023 Worst tree score: 0.17266518
Fri Aug 25 10:46:01 2023 Mean tree score: 0.17467965
Fri Aug 25 10:46:01 2023 Best tree score: 0.17566295
Fri Aug 25 10:46:06 2023 Forward diversification reduced edges from 4480000 to 3468479
Fri Aug 25 10:46:09 2023 Reverse diversification reduced edges from 3468479 to 3468479
Fri Aug 25 10:46:13 2023 Degree pruning reduced edges from 4628540 to 4022953
Fri Aug 25 10:46:13 2023 Resorting data and graph based on tree order
Fri Aug 25 10:46:13 2023 Compressing index by removing unneeded attributes
Fri Aug 25 10:46:13 2023 Building and compiling search function
Trying to instantiate ann_benchmarks.algorithms.pynndescent.pynndescent(['euclidean', 1, 8])
Number of query threads: 8
Fri Aug 25 10:41:11 2023 Building RP forest with 31 trees
Fri Aug 25 10:41:28 2023 NN descent for 19 iterations
	 1  /  19
	 2  /  19
	 3  /  19
	 4  /  19
	 5  /  19
	 6  /  19
	 7  /  19
	 8  /  19
	 9  /  19
	 10  /  19
	 11  /  19
	 12  /  19
	Stopping threshold met -- exiting after 12 iterations
Fri Aug 25 10:46:05 2023 Worst tree score: 0.17319420
Fri Aug 25 10:46:05 2023 Mean tree score: 0.17453262
Fri Aug 25 10:46:05 2023 Best tree score: 0.17586161
Fri Aug 25 10:46:10 2023 Forward diversification reduced edges from 4480000 to 3465924
Fri Aug 25 10:46:14 2023 Reverse diversification reduced edges from 3465924 to 3465924
Fri Aug 25 10:46:18 2023 Degree pruning reduced edges from 4626358 to 4020101
Fri Aug 25 10:46:18 2023 Resorting data and graph based on tree order
Fri Aug 25 10:46:18 2023 Compressing index by removing unneeded attributes
Fri Aug 25 10:46:18 2023 Building and compiling search function
Trying to instantiate ann_benchmarks.algorithms.pynndescent.pynndescent(['euclidean', 1, 8])
Number of query threads: 8
Fri Aug 25 10:41:11 2023 Building RP forest with 31 trees
Fri Aug 25 10:41:23 2023 NN descent for 19 iterations
	 1  /  19
	 2  /  19
	 3  /  19
	 4  /  19
	 5  /  19
	 6  /  19
	 7  /  19
	 8  /  19
	 9  /  19
	 10  /  19
	 11  /  19
	 12  /  19
	Stopping threshold met -- exiting after 12 iterations
Fri Aug 25 10:46:01 2023 Worst tree score: 0.17337946
Fri Aug 25 10:46:01 2023 Mean tree score: 0.17469708
Fri Aug 25 10:46:01 2023 Best tree score: 0.17627455
Fri Aug 25 10:46:05 2023 Forward diversification reduced edges from 4480000 to 3468761
Fri Aug 25 10:46:09 2023 Reverse diversification reduced edges from 3468761 to 3468761
Fri Aug 25 10:46:13 2023 Degree pruning reduced edges from 4627524 to 4022691
Fri Aug 25 10:46:13 2023 Resorting data and graph based on tree order
Fri Aug 25 10:46:14 2023 Compressing index by removing unneeded attributes
Fri Aug 25 10:46:14 2023 Building and compiling search function
Trying to instantiate ann_benchmarks.algorithms.pynndescent.pynndescent(['euclidean', 1, 8])
Number of query threads: 8
Fri Aug 25 10:41:11 2023 Building RP forest with 31 trees
Fri Aug 25 10:41:28 2023 NN descent for 19 iterations
	 1  /  19
	 2  /  19
	 3  /  19
	 4  /  19
	 5  /  19
	 6  /  19
	 7  /  19
	 8  /  19
	 9  /  19
	 10  /  19
	 11  /  19
	 12  /  19
	Stopping threshold met -- exiting after 12 iterations
Fri Aug 25 10:46:05 2023 Worst tree score: 0.17346652
Fri Aug 25 10:46:05 2023 Mean tree score: 0.17454961
Fri Aug 25 10:46:05 2023 Best tree score: 0.17593973
Fri Aug 25 10:46:10 2023 Forward diversification reduced edges from 4480000 to 3467037
Fri Aug 25 10:46:14 2023 Reverse diversification reduced edges from 3467037 to 3467037
Fri Aug 25 10:46:18 2023 Degree pruning reduced edges from 4627240 to 4022467
Fri Aug 25 10:46:18 2023 Resorting data and graph based on tree order
Fri Aug 25 10:46:18 2023 Compressing index by removing unneeded attributes
Fri Aug 25 10:46:18 2023 Building and compiling search function
Built index in 321.07713317871094
Running query argument group 1 of 1...
Run 1/1...
Queries per second: 18158.38295989137
