['euclidean', 1, 8]
Trying to instantiate ann_benchmarks.algorithms.bruteforce.bruteforce(['euclidean', 1, 8])
Number of workers: 1
Number of query threads: 8
got a train set of size (112000 * 32)
got 450 queries
Built index in 5.799474477767944
Running query argument group 1 of 1...
Run 1/1...
Queries per second: 172.37111323229936
Trying to instantiate ann_benchmarks.algorithms.bruteforce.bruteforce(['euclidean', 1, 8])
Number of workers: 1
Number of query threads: 8
Trying to instantiate ann_benchmarks.algorithms.bruteforce.bruteforce(['euclidean', 1, 8])
Number of workers: 1
Number of query threads: 8
Trying to instantiate ann_benchmarks.algorithms.bruteforce.bruteforce(['euclidean', 1, 8])
Number of workers: 1
Number of query threads: 8
Trying to instantiate ann_benchmarks.algorithms.bruteforce.bruteforce(['euclidean', 1, 8])
Number of workers: 1
Number of query threads: 8
Trying to instantiate ann_benchmarks.algorithms.bruteforce.bruteforce(['euclidean', 1, 8])
Number of workers: 1
Number of query threads: 8
Trying to instantiate ann_benchmarks.algorithms.bruteforce.bruteforce(['euclidean', 1, 8])
Number of workers: 1
Number of query threads: 8
Trying to instantiate ann_benchmarks.algorithms.bruteforce.bruteforce(['euclidean', 1, 8])
Number of workers: 1
Number of query threads: 8
Trying to instantiate ann_benchmarks.algorithms.bruteforce.bruteforce(['euclidean', 1, 8])
Number of workers: 1
Number of query threads: 8
