['euclidean', 1, 4]
Trying to instantiate ann_benchmarks.algorithms.pynndescent.pynndescent(['euclidean', 1, 4])
Number of query threads: 4
got a train set of size (28000 * 32)
got 450 queries
Trying to instantiate ann_benchmarks.algorithms.pynndescent.pynndescent(['euclidean', 1, 4])
Number of query threads: 4
Fri Aug 25 01:18:18 2023 Building RP forest with 18 trees
Fri Aug 25 01:18:22 2023 NN descent for 15 iterations
	 1  /  15
	 2  /  15
	 3  /  15
	 4  /  15
	 5  /  15
	 6  /  15
	 7  /  15
	 8  /  15
	 9  /  15
	Stopping threshold met -- exiting after 9 iterations
Fri Aug 25 01:18:46 2023 Worst tree score: 0.22500000
Fri Aug 25 01:18:46 2023 Mean tree score: 0.23204365
Fri Aug 25 01:18:46 2023 Best tree score: 0.23607143
Fri Aug 25 01:18:50 2023 Forward diversification reduced edges from 280000 to 201760
Fri Aug 25 01:18:53 2023 Reverse diversification reduced edges from 201760 to 201760
Fri Aug 25 01:18:56 2023 Degree pruning reduced edges from 241284 to 227746
Fri Aug 25 01:18:56 2023 Resorting data and graph based on tree order
Fri Aug 25 01:18:56 2023 Compressing index by removing unneeded attributes
Fri Aug 25 01:18:56 2023 Building and compiling search function
Trying to instantiate ann_benchmarks.algorithms.pynndescent.pynndescent(['euclidean', 1, 4])
Number of query threads: 4
Fri Aug 25 01:18:18 2023 Building RP forest with 18 trees
Fri Aug 25 01:18:22 2023 NN descent for 15 iterations
	 1  /  15
	 2  /  15
	 3  /  15
	 4  /  15
	 5  /  15
	 6  /  15
	 7  /  15
	 8  /  15
	 9  /  15
	Stopping threshold met -- exiting after 9 iterations
Fri Aug 25 01:18:47 2023 Worst tree score: 0.22532143
Fri Aug 25 01:18:47 2023 Mean tree score: 0.23115873
Fri Aug 25 01:18:47 2023 Best tree score: 0.23760714
Fri Aug 25 01:18:50 2023 Forward diversification reduced edges from 280000 to 201155
Fri Aug 25 01:18:53 2023 Reverse diversification reduced edges from 201155 to 201155
Fri Aug 25 01:18:56 2023 Degree pruning reduced edges from 241058 to 227180
Fri Aug 25 01:18:56 2023 Resorting data and graph based on tree order
Fri Aug 25 01:18:56 2023 Compressing index by removing unneeded attributes
Fri Aug 25 01:18:56 2023 Building and compiling search function
Trying to instantiate ann_benchmarks.algorithms.pynndescent.pynndescent(['euclidean', 1, 4])
Number of query threads: 4
Fri Aug 25 01:18:18 2023 Building RP forest with 18 trees
Fri Aug 25 01:18:22 2023 NN descent for 15 iterations
	 1  /  15
	 2  /  15
	 3  /  15
	 4  /  15
	 5  /  15
	 6  /  15
	 7  /  15
	 8  /  15
	 9  /  15
	Stopping threshold met -- exiting after 9 iterations
Fri Aug 25 01:18:46 2023 Worst tree score: 0.22857143
Fri Aug 25 01:18:46 2023 Mean tree score: 0.23276587
Fri Aug 25 01:18:46 2023 Best tree score: 0.23689286
Fri Aug 25 01:18:49 2023 Forward diversification reduced edges from 280000 to 201378
Fri Aug 25 01:18:52 2023 Reverse diversification reduced edges from 201378 to 201378
Fri Aug 25 01:18:55 2023 Degree pruning reduced edges from 240788 to 227184
Fri Aug 25 01:18:55 2023 Resorting data and graph based on tree order
Fri Aug 25 01:18:55 2023 Compressing index by removing unneeded attributes
Fri Aug 25 01:18:55 2023 Building and compiling search function
Trying to instantiate ann_benchmarks.algorithms.pynndescent.pynndescent(['euclidean', 1, 4])
Number of query threads: 4
Fri Aug 25 01:18:18 2023 Building RP forest with 18 trees
Fri Aug 25 01:18:22 2023 NN descent for 15 iterations
	 1  /  15
	 2  /  15
	 3  /  15
	 4  /  15
	 5  /  15
	 6  /  15
	 7  /  15
	 8  /  15
	 9  /  15
	Stopping threshold met -- exiting after 9 iterations
Fri Aug 25 01:18:46 2023 Worst tree score: 0.22467857
Fri Aug 25 01:18:46 2023 Mean tree score: 0.23161706
Fri Aug 25 01:18:46 2023 Best tree score: 0.23710714
Fri Aug 25 01:18:49 2023 Forward diversification reduced edges from 280000 to 201701
Fri Aug 25 01:18:52 2023 Reverse diversification reduced edges from 201701 to 201701
Fri Aug 25 01:18:55 2023 Degree pruning reduced edges from 241424 to 227742
Fri Aug 25 01:18:55 2023 Resorting data and graph based on tree order
Fri Aug 25 01:18:55 2023 Compressing index by removing unneeded attributes
Fri Aug 25 01:18:55 2023 Building and compiling search function
Built index in 50.00837731361389
Running query argument group 1 of 1...
Run 1/1...
Queries per second: 37590.10575371892
