['euclidean', 1, 4]
Trying to instantiate ann_benchmarks.algorithms.pynndescent.pynndescent(['euclidean', 1, 4])
Number of query threads: 4
got a train set of size (28000 * 2048)
got 450 queries
Trying to instantiate ann_benchmarks.algorithms.pynndescent.pynndescent(['euclidean', 1, 4])
Number of query threads: 4
Fri Aug 25 03:18:05 2023 Building RP forest with 18 trees
Fri Aug 25 03:18:10 2023 NN descent for 15 iterations
	 1  /  15
	 2  /  15
	 3  /  15
	 4  /  15
	 5  /  15
	 6  /  15
	 7  /  15
	 8  /  15
	 9  /  15
	 10  /  15
	 11  /  15
	 12  /  15
	 13  /  15
	Stopping threshold met -- exiting after 13 iterations
Fri Aug 25 03:20:17 2023 Worst tree score: 0.17110714
Fri Aug 25 03:20:17 2023 Mean tree score: 0.17585913
Fri Aug 25 03:20:17 2023 Best tree score: 0.18207143
Fri Aug 25 03:20:21 2023 Forward diversification reduced edges from 280000 to 184290
Fri Aug 25 03:20:24 2023 Reverse diversification reduced edges from 184290 to 184290
Fri Aug 25 03:20:27 2023 Degree pruning reduced edges from 261072 to 206163
Fri Aug 25 03:20:27 2023 Resorting data and graph based on tree order
Fri Aug 25 03:20:27 2023 Compressing index by removing unneeded attributes
Fri Aug 25 03:20:27 2023 Building and compiling search function
Trying to instantiate ann_benchmarks.algorithms.pynndescent.pynndescent(['euclidean', 1, 4])
Number of query threads: 4
Fri Aug 25 03:18:05 2023 Building RP forest with 18 trees
Fri Aug 25 03:18:09 2023 NN descent for 15 iterations
	 1  /  15
	 2  /  15
	 3  /  15
	 4  /  15
	 5  /  15
	 6  /  15
	 7  /  15
	 8  /  15
	 9  /  15
	 10  /  15
	 11  /  15
	 12  /  15
	 13  /  15
	Stopping threshold met -- exiting after 13 iterations
Fri Aug 25 03:20:08 2023 Worst tree score: 0.17107143
Fri Aug 25 03:20:08 2023 Mean tree score: 0.17546627
Fri Aug 25 03:20:08 2023 Best tree score: 0.17775000
Fri Aug 25 03:20:15 2023 Forward diversification reduced edges from 280000 to 184626
Fri Aug 25 03:20:19 2023 Reverse diversification reduced edges from 184626 to 184626
Fri Aug 25 03:20:22 2023 Degree pruning reduced edges from 261098 to 206549
Fri Aug 25 03:20:22 2023 Resorting data and graph based on tree order
Fri Aug 25 03:20:22 2023 Compressing index by removing unneeded attributes
Fri Aug 25 03:20:22 2023 Building and compiling search function
Trying to instantiate ann_benchmarks.algorithms.pynndescent.pynndescent(['euclidean', 1, 4])
Number of query threads: 4
Fri Aug 25 03:18:05 2023 Building RP forest with 18 trees
Fri Aug 25 03:18:10 2023 NN descent for 15 iterations
	 1  /  15
	 2  /  15
	 3  /  15
	 4  /  15
	 5  /  15
	 6  /  15
	 7  /  15
	 8  /  15
	 9  /  15
	 10  /  15
	 11  /  15
	 12  /  15
	Stopping threshold met -- exiting after 12 iterations
Fri Aug 25 03:20:13 2023 Worst tree score: 0.17378571
Fri Aug 25 03:20:13 2023 Mean tree score: 0.17683135
Fri Aug 25 03:20:13 2023 Best tree score: 0.17892857
Fri Aug 25 03:20:18 2023 Forward diversification reduced edges from 280000 to 184522
Fri Aug 25 03:20:21 2023 Reverse diversification reduced edges from 184522 to 184522
Fri Aug 25 03:20:23 2023 Degree pruning reduced edges from 261364 to 206647
Fri Aug 25 03:20:23 2023 Resorting data and graph based on tree order
Fri Aug 25 03:20:24 2023 Compressing index by removing unneeded attributes
Fri Aug 25 03:20:24 2023 Building and compiling search function
Trying to instantiate ann_benchmarks.algorithms.pynndescent.pynndescent(['euclidean', 1, 4])
Number of query threads: 4
Fri Aug 25 03:18:05 2023 Building RP forest with 18 trees
Fri Aug 25 03:18:10 2023 NN descent for 15 iterations
	 1  /  15
	 2  /  15
	 3  /  15
	 4  /  15
	 5  /  15
	 6  /  15
	 7  /  15
	 8  /  15
	 9  /  15
	 10  /  15
	 11  /  15
	 12  /  15
	Stopping threshold met -- exiting after 12 iterations
Fri Aug 25 03:20:08 2023 Worst tree score: 0.17067857
Fri Aug 25 03:20:08 2023 Mean tree score: 0.17540476
Fri Aug 25 03:20:08 2023 Best tree score: 0.18042857
Fri Aug 25 03:20:14 2023 Forward diversification reduced edges from 280000 to 184540
Fri Aug 25 03:20:18 2023 Reverse diversification reduced edges from 184540 to 184540
Fri Aug 25 03:20:21 2023 Degree pruning reduced edges from 261500 to 206711
Fri Aug 25 03:20:21 2023 Resorting data and graph based on tree order
Fri Aug 25 03:20:21 2023 Compressing index by removing unneeded attributes
Fri Aug 25 03:20:21 2023 Building and compiling search function
Built index in 154.60246992111206
Running query argument group 1 of 1...
Run 1/1...
Queries per second: 147.903929361068
