['euclidean', 1, 1]
Trying to instantiate ann_benchmarks.algorithms.pynndescent.pynndescent(['euclidean', 1, 1])
Number of query threads: 1
got a train set of size (448000 * 128)
got 450 queries
Trying to instantiate ann_benchmarks.algorithms.pynndescent.pynndescent(['euclidean', 1, 1])
Number of query threads: 1
Fri Aug 25 10:26:05 2023 Building RP forest with 31 trees
Fri Aug 25 10:26:12 2023 NN descent for 19 iterations
	 1  /  19
	 2  /  19
	 3  /  19
	 4  /  19
	 5  /  19
	 6  /  19
	 7  /  19
	 8  /  19
	 9  /  19
	 10  /  19
	 11  /  19
	 12  /  19
	Stopping threshold met -- exiting after 12 iterations
Fri Aug 25 10:29:34 2023 Worst tree score: 0.17329018
Fri Aug 25 10:29:34 2023 Mean tree score: 0.17465099
Fri Aug 25 10:29:34 2023 Best tree score: 0.17617857
Fri Aug 25 10:29:38 2023 Forward diversification reduced edges from 4480000 to 3467939
Fri Aug 25 10:29:41 2023 Reverse diversification reduced edges from 3467939 to 3467939
Fri Aug 25 10:29:44 2023 Degree pruning reduced edges from 4628906 to 4023680
Fri Aug 25 10:29:44 2023 Resorting data and graph based on tree order
Fri Aug 25 10:29:44 2023 Compressing index by removing unneeded attributes
Fri Aug 25 10:29:44 2023 Building and compiling search function
Built index in 231.04271507263184
Running query argument group 1 of 1...
Run 1/1...
Queries per second: 4072.46490011072
