['euclidean', 1, 2]
Trying to instantiate ann_benchmarks.algorithms.pynndescent.pynndescent(['euclidean', 1, 2])
Number of query threads: 2
got a train set of size (7000 * 32)
got 450 queries
Trying to instantiate ann_benchmarks.algorithms.pynndescent.pynndescent(['euclidean', 1, 2])
Number of query threads: 2
Mon Aug 28 01:57:07 2023 Building RP forest with 14 trees
Mon Aug 28 01:57:11 2023 NN descent for 13 iterations
	 1  /  13
	 2  /  13
	 3  /  13
	Stopping threshold met -- exiting after 3 iterations
Mon Aug 28 01:59:00 2023 Worst tree score: 0.53414286
Mon Aug 28 01:59:00 2023 Mean tree score: 0.65124490
Mon Aug 28 01:59:00 2023 Best tree score: 0.77571429
Mon Aug 28 01:59:04 2023 Forward diversification reduced edges from 70000 to 50175
Mon Aug 28 01:59:07 2023 Reverse diversification reduced edges from 50175 to 50175
Mon Aug 28 01:59:10 2023 Degree pruning reduced edges from 58378 to 58278
Mon Aug 28 01:59:10 2023 Resorting data and graph based on tree order
Mon Aug 28 01:59:10 2023 Compressing index by removing unneeded attributes
Mon Aug 28 01:59:10 2023 Building and compiling search function
Trying to instantiate ann_benchmarks.algorithms.pynndescent.pynndescent(['euclidean', 1, 2])
Number of query threads: 2
Mon Aug 28 01:57:07 2023 Building RP forest with 14 trees
Mon Aug 28 01:57:11 2023 NN descent for 13 iterations
	 1  /  13
	 2  /  13
	 3  /  13
	Stopping threshold met -- exiting after 3 iterations
Mon Aug 28 01:59:01 2023 Worst tree score: 0.56185714
Mon Aug 28 01:59:01 2023 Mean tree score: 0.65430612
Mon Aug 28 01:59:01 2023 Best tree score: 0.81257143
Mon Aug 28 01:59:05 2023 Forward diversification reduced edges from 70000 to 50121
Mon Aug 28 01:59:08 2023 Reverse diversification reduced edges from 50121 to 50121
Mon Aug 28 01:59:11 2023 Degree pruning reduced edges from 58366 to 58254
Mon Aug 28 01:59:11 2023 Resorting data and graph based on tree order
Mon Aug 28 01:59:11 2023 Compressing index by removing unneeded attributes
Mon Aug 28 01:59:11 2023 Building and compiling search function
Built index in 136.49853682518005
Running query argument group 1 of 1...
Run 1/1...
Queries per second: 32353.471150879483
