['euclidean', 1, 8]
Trying to instantiate ann_benchmarks.algorithms.pynndescent.pynndescent(['euclidean', 1, 8])
Number of query threads: 8
got a train set of size (7000 * 2048)
got 450 queries
Trying to instantiate ann_benchmarks.algorithms.pynndescent.pynndescent(['euclidean', 1, 8])
Number of query threads: 8
Mon Aug 28 02:28:35 2023 Building RP forest with 14 trees
Mon Aug 28 02:28:39 2023 NN descent for 13 iterations
	 1  /  13
	 2  /  13
	 3  /  13
	 4  /  13
	Stopping threshold met -- exiting after 4 iterations
Mon Aug 28 02:30:31 2023 Worst tree score: 0.59257143
Mon Aug 28 02:30:31 2023 Mean tree score: 0.61681633
Mon Aug 28 02:30:31 2023 Best tree score: 0.64428571
Mon Aug 28 02:30:35 2023 Forward diversification reduced edges from 70000 to 39987
Mon Aug 28 02:30:39 2023 Reverse diversification reduced edges from 39987 to 39987
Mon Aug 28 02:30:43 2023 Degree pruning reduced edges from 43006 to 42790
Mon Aug 28 02:30:43 2023 Resorting data and graph based on tree order
Mon Aug 28 02:30:43 2023 Compressing index by removing unneeded attributes
Mon Aug 28 02:30:43 2023 Building and compiling search function
Trying to instantiate ann_benchmarks.algorithms.pynndescent.pynndescent(['euclidean', 1, 8])
Number of query threads: 8
Mon Aug 28 02:28:35 2023 Building RP forest with 14 trees
Mon Aug 28 02:28:40 2023 NN descent for 13 iterations
	 1  /  13
	 2  /  13
	 3  /  13
	 4  /  13
	 5  /  13
	Stopping threshold met -- exiting after 5 iterations
Mon Aug 28 02:30:31 2023 Worst tree score: 0.57200000
Mon Aug 28 02:30:31 2023 Mean tree score: 0.60727551
Mon Aug 28 02:30:31 2023 Best tree score: 0.64814286
Mon Aug 28 02:30:36 2023 Forward diversification reduced edges from 70000 to 40001
Mon Aug 28 02:30:41 2023 Reverse diversification reduced edges from 40001 to 40001
Mon Aug 28 02:30:44 2023 Degree pruning reduced edges from 43036 to 42824
Mon Aug 28 02:30:44 2023 Resorting data and graph based on tree order
Mon Aug 28 02:30:44 2023 Compressing index by removing unneeded attributes
Mon Aug 28 02:30:44 2023 Building and compiling search function
Trying to instantiate ann_benchmarks.algorithms.pynndescent.pynndescent(['euclidean', 1, 8])
Number of query threads: 8
Mon Aug 28 02:28:35 2023 Building RP forest with 14 trees
Mon Aug 28 02:28:39 2023 NN descent for 13 iterations
	 1  /  13
	 2  /  13
	 3  /  13
	 4  /  13
	Stopping threshold met -- exiting after 4 iterations
Mon Aug 28 02:30:31 2023 Worst tree score: 0.57785714
Mon Aug 28 02:30:31 2023 Mean tree score: 0.60934694
Mon Aug 28 02:30:31 2023 Best tree score: 0.64257143
Mon Aug 28 02:30:34 2023 Forward diversification reduced edges from 70000 to 39955
Mon Aug 28 02:30:39 2023 Reverse diversification reduced edges from 39955 to 39955
Mon Aug 28 02:30:42 2023 Degree pruning reduced edges from 42976 to 42761
Mon Aug 28 02:30:42 2023 Resorting data and graph based on tree order
Mon Aug 28 02:30:42 2023 Compressing index by removing unneeded attributes
Mon Aug 28 02:30:42 2023 Building and compiling search function
Trying to instantiate ann_benchmarks.algorithms.pynndescent.pynndescent(['euclidean', 1, 8])
Number of query threads: 8
Mon Aug 28 02:28:35 2023 Building RP forest with 14 trees
Mon Aug 28 02:28:39 2023 NN descent for 13 iterations
	 1  /  13
	 2  /  13
	 3  /  13
	 4  /  13
	Stopping threshold met -- exiting after 4 iterations
Mon Aug 28 02:30:31 2023 Worst tree score: 0.55871429
Mon Aug 28 02:30:31 2023 Mean tree score: 0.60242857
Mon Aug 28 02:30:31 2023 Best tree score: 0.63100000
Mon Aug 28 02:30:36 2023 Forward diversification reduced edges from 70000 to 39954
Mon Aug 28 02:30:40 2023 Reverse diversification reduced edges from 39954 to 39954
Mon Aug 28 02:30:43 2023 Degree pruning reduced edges from 43036 to 42826
Mon Aug 28 02:30:43 2023 Resorting data and graph based on tree order
Mon Aug 28 02:30:43 2023 Compressing index by removing unneeded attributes
Mon Aug 28 02:30:43 2023 Building and compiling search function
Trying to instantiate ann_benchmarks.algorithms.pynndescent.pynndescent(['euclidean', 1, 8])
Number of query threads: 8
Mon Aug 28 02:28:35 2023 Building RP forest with 14 trees
Mon Aug 28 02:28:39 2023 NN descent for 13 iterations
	 1  /  13
	 2  /  13
	 3  /  13
	 4  /  13
	Stopping threshold met -- exiting after 4 iterations
Mon Aug 28 02:30:31 2023 Worst tree score: 0.58828571
Mon Aug 28 02:30:31 2023 Mean tree score: 0.61234694
Mon Aug 28 02:30:31 2023 Best tree score: 0.64257143
Mon Aug 28 02:30:34 2023 Forward diversification reduced edges from 70000 to 39950
Mon Aug 28 02:30:40 2023 Reverse diversification reduced edges from 39950 to 39950
Mon Aug 28 02:30:43 2023 Degree pruning reduced edges from 42988 to 42770
Mon Aug 28 02:30:43 2023 Resorting data and graph based on tree order
Mon Aug 28 02:30:43 2023 Compressing index by removing unneeded attributes
Mon Aug 28 02:30:43 2023 Building and compiling search function
Trying to instantiate ann_benchmarks.algorithms.pynndescent.pynndescent(['euclidean', 1, 8])
Number of query threads: 8
Mon Aug 28 02:28:35 2023 Building RP forest with 14 trees
Mon Aug 28 02:28:39 2023 NN descent for 13 iterations
	 1  /  13
	 2  /  13
	 3  /  13
	 4  /  13
	 5  /  13
	Stopping threshold met -- exiting after 5 iterations
Mon Aug 28 02:30:31 2023 Worst tree score: 0.58014286
Mon Aug 28 02:30:31 2023 Mean tree score: 0.61155102
Mon Aug 28 02:30:31 2023 Best tree score: 0.64000000
Mon Aug 28 02:30:36 2023 Forward diversification reduced edges from 70000 to 39950
Mon Aug 28 02:30:41 2023 Reverse diversification reduced edges from 39950 to 39950
Mon Aug 28 02:30:44 2023 Degree pruning reduced edges from 42934 to 42726
Mon Aug 28 02:30:44 2023 Resorting data and graph based on tree order
Mon Aug 28 02:30:44 2023 Compressing index by removing unneeded attributes
Mon Aug 28 02:30:44 2023 Building and compiling search function
Trying to instantiate ann_benchmarks.algorithms.pynndescent.pynndescent(['euclidean', 1, 8])
Number of query threads: 8
Mon Aug 28 02:28:35 2023 Building RP forest with 14 trees
Mon Aug 28 02:28:39 2023 NN descent for 13 iterations
	 1  /  13
	 2  /  13
	 3  /  13
	 4  /  13
	 5  /  13
	Stopping threshold met -- exiting after 5 iterations
Mon Aug 28 02:30:40 2023 Worst tree score: 0.57471429
Mon Aug 28 02:30:40 2023 Mean tree score: 0.60744898
Mon Aug 28 02:30:40 2023 Best tree score: 0.63214286
Mon Aug 28 02:30:45 2023 Forward diversification reduced edges from 70000 to 39955
Mon Aug 28 02:30:48 2023 Reverse diversification reduced edges from 39955 to 39955
Mon Aug 28 02:30:50 2023 Degree pruning reduced edges from 43002 to 42790
Mon Aug 28 02:30:50 2023 Resorting data and graph based on tree order
Mon Aug 28 02:30:50 2023 Compressing index by removing unneeded attributes
Mon Aug 28 02:30:50 2023 Building and compiling search function
Trying to instantiate ann_benchmarks.algorithms.pynndescent.pynndescent(['euclidean', 1, 8])
Number of query threads: 8
Mon Aug 28 02:28:35 2023 Building RP forest with 14 trees
Mon Aug 28 02:28:39 2023 NN descent for 13 iterations
	 1  /  13
	 2  /  13
	 3  /  13
	 4  /  13
	Stopping threshold met -- exiting after 4 iterations
Mon Aug 28 02:30:36 2023 Worst tree score: 0.59000000
Mon Aug 28 02:30:36 2023 Mean tree score: 0.60836735
Mon Aug 28 02:30:36 2023 Best tree score: 0.63628571
Mon Aug 28 02:30:42 2023 Forward diversification reduced edges from 70000 to 39978
Mon Aug 28 02:30:46 2023 Reverse diversification reduced edges from 39978 to 39978
Mon Aug 28 02:30:48 2023 Degree pruning reduced edges from 43056 to 42847
Mon Aug 28 02:30:48 2023 Resorting data and graph based on tree order
Mon Aug 28 02:30:48 2023 Compressing index by removing unneeded attributes
Mon Aug 28 02:30:48 2023 Building and compiling search function
Built index in 147.59901356697083
Running query argument group 1 of 1...
Run 1/1...
Queries per second: 19668.175565837348
