['euclidean', 1, 32]
Trying to instantiate ann_benchmarks.algorithms.bruteforce.bruteforce(['euclidean', 1, 32])
Number of workers: 1
Number of query threads: 32
got a train set of size (7000 * 32)
got 450 queries
Built index in 6.500225067138672
Running query argument group 1 of 1...
Run 1/1...
Queries per second: 5134.541181079206
Trying to instantiate ann_benchmarks.algorithms.bruteforce.bruteforce(['euclidean', 1, 32])
Number of workers: 1
Number of query threads: 32
Trying to instantiate ann_benchmarks.algorithms.bruteforce.bruteforce(['euclidean', 1, 32])
Number of workers: 1
Number of query threads: 32
Trying to instantiate ann_benchmarks.algorithms.bruteforce.bruteforce(['euclidean', 1, 32])
Number of workers: 1
Number of query threads: 32
Trying to instantiate ann_benchmarks.algorithms.bruteforce.bruteforce(['euclidean', 1, 32])
Number of workers: 1
Number of query threads: 32
Trying to instantiate ann_benchmarks.algorithms.bruteforce.bruteforce(['euclidean', 1, 32])
Number of workers: 1
Number of query threads: 32
Trying to instantiate ann_benchmarks.algorithms.bruteforce.bruteforce(['euclidean', 1, 32])
Number of workers: 1
Number of query threads: 32
Trying to instantiate ann_benchmarks.algorithms.bruteforce.bruteforce(['euclidean', 1, 32])
Number of workers: 1
Number of query threads: 32
Trying to instantiate ann_benchmarks.algorithms.bruteforce.bruteforce(['euclidean', 1, 32])
Number of workers: 1
Number of query threads: 32
Trying to instantiate ann_benchmarks.algorithms.bruteforce.bruteforce(['euclidean', 1, 32])
Number of workers: 1
Number of query threads: 32
Trying to instantiate ann_benchmarks.algorithms.bruteforce.bruteforce(['euclidean', 1, 32])
Number of workers: 1
Number of query threads: 32
Trying to instantiate ann_benchmarks.algorithms.bruteforce.bruteforce(['euclidean', 1, 32])
Number of workers: 1
Number of query threads: 32
Trying to instantiate ann_benchmarks.algorithms.bruteforce.bruteforce(['euclidean', 1, 32])
Number of workers: 1
Number of query threads: 32
Trying to instantiate ann_benchmarks.algorithms.bruteforce.bruteforce(['euclidean', 1, 32])
Number of workers: 1
Number of query threads: 32
Trying to instantiate ann_benchmarks.algorithms.bruteforce.bruteforce(['euclidean', 1, 32])
Number of workers: 1
Number of query threads: 32
Trying to instantiate ann_benchmarks.algorithms.bruteforce.bruteforce(['euclidean', 1, 32])
Number of workers: 1
Number of query threads: 32
Trying to instantiate ann_benchmarks.algorithms.bruteforce.bruteforce(['euclidean', 1, 32])
Number of workers: 1
Number of query threads: 32
Trying to instantiate ann_benchmarks.algorithms.bruteforce.bruteforce(['euclidean', 1, 32])
Number of workers: 1
Number of query threads: 32
Trying to instantiate ann_benchmarks.algorithms.bruteforce.bruteforce(['euclidean', 1, 32])
Number of workers: 1
Number of query threads: 32
Trying to instantiate ann_benchmarks.algorithms.bruteforce.bruteforce(['euclidean', 1, 32])
Number of workers: 1
Number of query threads: 32
Trying to instantiate ann_benchmarks.algorithms.bruteforce.bruteforce(['euclidean', 1, 32])
Number of workers: 1
Number of query threads: 32
Trying to instantiate ann_benchmarks.algorithms.bruteforce.bruteforce(['euclidean', 1, 32])
Number of workers: 1
Number of query threads: 32
Trying to instantiate ann_benchmarks.algorithms.bruteforce.bruteforce(['euclidean', 1, 32])
Number of workers: 1
Number of query threads: 32
Trying to instantiate ann_benchmarks.algorithms.bruteforce.bruteforce(['euclidean', 1, 32])
Number of workers: 1
Number of query threads: 32
Trying to instantiate ann_benchmarks.algorithms.bruteforce.bruteforce(['euclidean', 1, 32])
Number of workers: 1
Number of query threads: 32
Trying to instantiate ann_benchmarks.algorithms.bruteforce.bruteforce(['euclidean', 1, 32])
Number of workers: 1
Number of query threads: 32
Trying to instantiate ann_benchmarks.algorithms.bruteforce.bruteforce(['euclidean', 1, 32])
Number of workers: 1
Number of query threads: 32
Trying to instantiate ann_benchmarks.algorithms.bruteforce.bruteforce(['euclidean', 1, 32])
Number of workers: 1
Number of query threads: 32
Trying to instantiate ann_benchmarks.algorithms.bruteforce.bruteforce(['euclidean', 1, 32])
Number of workers: 1
Number of query threads: 32
Trying to instantiate ann_benchmarks.algorithms.bruteforce.bruteforce(['euclidean', 1, 32])
Number of workers: 1
Number of query threads: 32
Trying to instantiate ann_benchmarks.algorithms.bruteforce.bruteforce(['euclidean', 1, 32])
Number of workers: 1
Number of query threads: 32
Trying to instantiate ann_benchmarks.algorithms.bruteforce.bruteforce(['euclidean', 1, 32])
Number of workers: 1
Number of query threads: 32
Trying to instantiate ann_benchmarks.algorithms.bruteforce.bruteforce(['euclidean', 1, 32])
Number of workers: 1
Number of query threads: 32
