['euclidean', 1, 4]
Trying to instantiate ann_benchmarks.algorithms.pynndescent.pynndescent(['euclidean', 1, 4])
Number of query threads: 4
got a train set of size (7000 * 512)
got 450 queries
Trying to instantiate ann_benchmarks.algorithms.pynndescent.pynndescent(['euclidean', 1, 4])
Number of query threads: 4
Mon Aug 28 02:18:13 2023 Building RP forest with 14 trees
Mon Aug 28 02:18:17 2023 NN descent for 13 iterations
	 1  /  13
	 2  /  13
	 3  /  13
	 4  /  13
	 5  /  13
	Stopping threshold met -- exiting after 5 iterations
Mon Aug 28 02:20:07 2023 Worst tree score: 0.47171429
Mon Aug 28 02:20:07 2023 Mean tree score: 0.49889796
Mon Aug 28 02:20:07 2023 Best tree score: 0.52671429
Mon Aug 28 02:20:12 2023 Forward diversification reduced edges from 70000 to 42956
Mon Aug 28 02:20:15 2023 Reverse diversification reduced edges from 42956 to 42956
Mon Aug 28 02:20:18 2023 Degree pruning reduced edges from 48756 to 48175
Mon Aug 28 02:20:18 2023 Resorting data and graph based on tree order
Mon Aug 28 02:20:18 2023 Compressing index by removing unneeded attributes
Mon Aug 28 02:20:18 2023 Building and compiling search function
Trying to instantiate ann_benchmarks.algorithms.pynndescent.pynndescent(['euclidean', 1, 4])
Number of query threads: 4
Mon Aug 28 02:18:12 2023 Building RP forest with 14 trees
Mon Aug 28 02:18:16 2023 NN descent for 13 iterations
	 1  /  13
	 2  /  13
	 3  /  13
	 4  /  13
	 5  /  13
	Stopping threshold met -- exiting after 5 iterations
Mon Aug 28 02:20:09 2023 Worst tree score: 0.45914286
Mon Aug 28 02:20:09 2023 Mean tree score: 0.50020408
Mon Aug 28 02:20:09 2023 Best tree score: 0.52971429
Mon Aug 28 02:20:15 2023 Forward diversification reduced edges from 70000 to 42959
Mon Aug 28 02:20:19 2023 Reverse diversification reduced edges from 42959 to 42959
Mon Aug 28 02:20:21 2023 Degree pruning reduced edges from 48696 to 48166
Mon Aug 28 02:20:21 2023 Resorting data and graph based on tree order
Mon Aug 28 02:20:21 2023 Compressing index by removing unneeded attributes
Mon Aug 28 02:20:21 2023 Building and compiling search function
Trying to instantiate ann_benchmarks.algorithms.pynndescent.pynndescent(['euclidean', 1, 4])
Number of query threads: 4
Mon Aug 28 02:18:13 2023 Building RP forest with 14 trees
Mon Aug 28 02:18:17 2023 NN descent for 13 iterations
	 1  /  13
	 2  /  13
	 3  /  13
	 4  /  13
	 5  /  13
	Stopping threshold met -- exiting after 5 iterations
Mon Aug 28 02:20:08 2023 Worst tree score: 0.48800000
Mon Aug 28 02:20:08 2023 Mean tree score: 0.50588776
Mon Aug 28 02:20:08 2023 Best tree score: 0.52228571
Mon Aug 28 02:20:12 2023 Forward diversification reduced edges from 70000 to 42951
Mon Aug 28 02:20:17 2023 Reverse diversification reduced edges from 42951 to 42951
Mon Aug 28 02:20:19 2023 Degree pruning reduced edges from 48696 to 48143
Mon Aug 28 02:20:19 2023 Resorting data and graph based on tree order
Mon Aug 28 02:20:19 2023 Compressing index by removing unneeded attributes
Mon Aug 28 02:20:19 2023 Building and compiling search function
Trying to instantiate ann_benchmarks.algorithms.pynndescent.pynndescent(['euclidean', 1, 4])
Number of query threads: 4
Mon Aug 28 02:18:12 2023 Building RP forest with 14 trees
Mon Aug 28 02:18:16 2023 NN descent for 13 iterations
	 1  /  13
	 2  /  13
	 3  /  13
	 4  /  13
	 5  /  13
	Stopping threshold met -- exiting after 5 iterations
Mon Aug 28 02:20:16 2023 Worst tree score: 0.47357143
Mon Aug 28 02:20:16 2023 Mean tree score: 0.49461224
Mon Aug 28 02:20:16 2023 Best tree score: 0.52271429
Mon Aug 28 02:20:19 2023 Forward diversification reduced edges from 70000 to 42916
Mon Aug 28 02:20:22 2023 Reverse diversification reduced edges from 42916 to 42916
Mon Aug 28 02:20:25 2023 Degree pruning reduced edges from 48682 to 48149
Mon Aug 28 02:20:25 2023 Resorting data and graph based on tree order
Mon Aug 28 02:20:25 2023 Compressing index by removing unneeded attributes
Mon Aug 28 02:20:25 2023 Building and compiling search function
Built index in 144.37076544761658
Running query argument group 1 of 1...
Run 1/1...
Queries per second: 24277.900261116756
