['euclidean', 1, 2]
Trying to instantiate ann_benchmarks.algorithms.pynndescent.pynndescent(['euclidean', 1, 2])
Number of query threads: 2
got a train set of size (28000 * 2048)
got 450 queries
Trying to instantiate ann_benchmarks.algorithms.pynndescent.pynndescent(['euclidean', 1, 2])
Number of query threads: 2
Fri Aug 25 03:15:01 2023 Building RP forest with 18 trees
Fri Aug 25 03:15:05 2023 NN descent for 15 iterations
	 1  /  15
	 2  /  15
	 3  /  15
	 4  /  15
	 5  /  15
	 6  /  15
	 7  /  15
	 8  /  15
	 9  /  15
	 10  /  15
	 11  /  15
	 12  /  15
	 13  /  15
	Stopping threshold met -- exiting after 13 iterations
Fri Aug 25 03:17:00 2023 Worst tree score: 0.16932143
Fri Aug 25 03:17:00 2023 Mean tree score: 0.17548810
Fri Aug 25 03:17:00 2023 Best tree score: 0.18007143
Fri Aug 25 03:17:06 2023 Forward diversification reduced edges from 280000 to 184423
Fri Aug 25 03:17:09 2023 Reverse diversification reduced edges from 184423 to 184423
Fri Aug 25 03:17:12 2023 Degree pruning reduced edges from 261234 to 206399
Fri Aug 25 03:17:12 2023 Resorting data and graph based on tree order
Fri Aug 25 03:17:12 2023 Compressing index by removing unneeded attributes
Fri Aug 25 03:17:12 2023 Building and compiling search function
Built index in 147.05542516708374
Running query argument group 1 of 1...
Run 1/1...
Queries per second: 75.86793512722681
