['euclidean', 1, 2]
Trying to instantiate ann_benchmarks.algorithms.pynndescent.pynndescent(['euclidean', 1, 2])
Number of query threads: 2
got a train set of size (28000 * 128)
got 450 queries
Trying to instantiate ann_benchmarks.algorithms.pynndescent.pynndescent(['euclidean', 1, 2])
Number of query threads: 2
Fri Aug 25 01:36:50 2023 Building RP forest with 18 trees
Fri Aug 25 01:36:54 2023 NN descent for 15 iterations
	 1  /  15
	 2  /  15
	 3  /  15
	 4  /  15
	 5  /  15
	 6  /  15
	 7  /  15
	 8  /  15
	 9  /  15
	 10  /  15
	 11  /  15
	Stopping threshold met -- exiting after 11 iterations
Fri Aug 25 01:38:04 2023 Worst tree score: 0.20571429
Fri Aug 25 01:38:04 2023 Mean tree score: 0.20857341
Fri Aug 25 01:38:04 2023 Best tree score: 0.21114286
Fri Aug 25 01:38:08 2023 Forward diversification reduced edges from 280000 to 197473
Fri Aug 25 01:38:11 2023 Reverse diversification reduced edges from 197473 to 197473
Fri Aug 25 01:38:14 2023 Degree pruning reduced edges from 263198 to 224212
Fri Aug 25 01:38:14 2023 Resorting data and graph based on tree order
Fri Aug 25 01:38:14 2023 Compressing index by removing unneeded attributes
Fri Aug 25 01:38:14 2023 Building and compiling search function
Trying to instantiate ann_benchmarks.algorithms.pynndescent.pynndescent(['euclidean', 1, 2])
Number of query threads: 2
Fri Aug 25 01:36:50 2023 Building RP forest with 18 trees
Fri Aug 25 01:36:54 2023 NN descent for 15 iterations
	 1  /  15
	 2  /  15
	 3  /  15
	 4  /  15
	 5  /  15
	 6  /  15
	 7  /  15
	 8  /  15
	 9  /  15
	 10  /  15
	 11  /  15
	 12  /  15
	Stopping threshold met -- exiting after 12 iterations
Fri Aug 25 01:38:07 2023 Worst tree score: 0.20242857
Fri Aug 25 01:38:07 2023 Mean tree score: 0.20959921
Fri Aug 25 01:38:07 2023 Best tree score: 0.21382143
Fri Aug 25 01:38:10 2023 Forward diversification reduced edges from 280000 to 197716
Fri Aug 25 01:38:13 2023 Reverse diversification reduced edges from 197716 to 197716
Fri Aug 25 01:38:16 2023 Degree pruning reduced edges from 263624 to 224646
Fri Aug 25 01:38:16 2023 Resorting data and graph based on tree order
Fri Aug 25 01:38:16 2023 Compressing index by removing unneeded attributes
Fri Aug 25 01:38:16 2023 Building and compiling search function
Built index in 98.39192867279053
Running query argument group 1 of 1...
Run 1/1...
Queries per second: 11426.476410725207
