['euclidean', 1, 2]
Trying to instantiate ann_benchmarks.algorithms.pynndescent.pynndescent(['euclidean', 1, 2])
Number of query threads: 2
got a train set of size (28000 * 2048)
got 450 queries
Trying to instantiate ann_benchmarks.algorithms.pynndescent.pynndescent(['euclidean', 1, 2])
Number of query threads: 2
Fri Aug 25 03:14:29 2023 Building RP forest with 18 trees
Fri Aug 25 03:14:34 2023 NN descent for 15 iterations
	 1  /  15
	 2  /  15
	 3  /  15
	 4  /  15
	 5  /  15
	 6  /  15
	 7  /  15
	 8  /  15
	 9  /  15
	 10  /  15
	 11  /  15
	 12  /  15
	Stopping threshold met -- exiting after 12 iterations
Fri Aug 25 03:16:35 2023 Worst tree score: 0.17228571
Fri Aug 25 03:16:35 2023 Mean tree score: 0.17523016
Fri Aug 25 03:16:35 2023 Best tree score: 0.17975000
Fri Aug 25 03:16:38 2023 Forward diversification reduced edges from 280000 to 184155
Fri Aug 25 03:16:41 2023 Reverse diversification reduced edges from 184155 to 184155
Fri Aug 25 03:16:44 2023 Degree pruning reduced edges from 260960 to 206106
Fri Aug 25 03:16:44 2023 Resorting data and graph based on tree order
Fri Aug 25 03:16:44 2023 Compressing index by removing unneeded attributes
Fri Aug 25 03:16:44 2023 Building and compiling search function
Trying to instantiate ann_benchmarks.algorithms.pynndescent.pynndescent(['euclidean', 1, 2])
Number of query threads: 2
Fri Aug 25 03:14:30 2023 Building RP forest with 18 trees
Fri Aug 25 03:14:35 2023 NN descent for 15 iterations
	 1  /  15
	 2  /  15
	 3  /  15
	 4  /  15
	 5  /  15
	 6  /  15
	 7  /  15
	 8  /  15
	 9  /  15
	 10  /  15
	 11  /  15
	 12  /  15
	 13  /  15
	Stopping threshold met -- exiting after 13 iterations
Fri Aug 25 03:16:31 2023 Worst tree score: 0.17117857
Fri Aug 25 03:16:31 2023 Mean tree score: 0.17573810
Fri Aug 25 03:16:31 2023 Best tree score: 0.17960714
Fri Aug 25 03:16:35 2023 Forward diversification reduced edges from 280000 to 184303
Fri Aug 25 03:16:38 2023 Reverse diversification reduced edges from 184303 to 184303
Fri Aug 25 03:16:40 2023 Degree pruning reduced edges from 261044 to 206280
Fri Aug 25 03:16:40 2023 Resorting data and graph based on tree order
Fri Aug 25 03:16:40 2023 Compressing index by removing unneeded attributes
Fri Aug 25 03:16:40 2023 Building and compiling search function
Built index in 146.72231149673462
Running query argument group 1 of 1...
Run 1/1...
Queries per second: 79.09830196765924
