['euclidean', 1, 32]
Trying to instantiate ann_benchmarks.algorithms.bruteforce.bruteforce(['euclidean', 1, 32])
Number of workers: 1
Number of query threads: 32
got a train set of size (28000 * 2048)
got 450 queries
Built index in 8.608414649963379
Running query argument group 1 of 1...
Run 1/1...
Queries per second: 45.398581260661395
Trying to instantiate ann_benchmarks.algorithms.bruteforce.bruteforce(['euclidean', 1, 32])
Number of workers: 1
Number of query threads: 32
Trying to instantiate ann_benchmarks.algorithms.bruteforce.bruteforce(['euclidean', 1, 32])
Number of workers: 1
Number of query threads: 32
Trying to instantiate ann_benchmarks.algorithms.bruteforce.bruteforce(['euclidean', 1, 32])
Number of workers: 1
Number of query threads: 32
Trying to instantiate ann_benchmarks.algorithms.bruteforce.bruteforce(['euclidean', 1, 32])
Number of workers: 1
Number of query threads: 32
Trying to instantiate ann_benchmarks.algorithms.bruteforce.bruteforce(['euclidean', 1, 32])
Number of workers: 1
Number of query threads: 32
Trying to instantiate ann_benchmarks.algorithms.bruteforce.bruteforce(['euclidean', 1, 32])
Number of workers: 1
Number of query threads: 32
Trying to instantiate ann_benchmarks.algorithms.bruteforce.bruteforce(['euclidean', 1, 32])
Number of workers: 1
Number of query threads: 32
Trying to instantiate ann_benchmarks.algorithms.bruteforce.bruteforce(['euclidean', 1, 32])
Number of workers: 1
Number of query threads: 32
Trying to instantiate ann_benchmarks.algorithms.bruteforce.bruteforce(['euclidean', 1, 32])
Number of workers: 1
Number of query threads: 32
Trying to instantiate ann_benchmarks.algorithms.bruteforce.bruteforce(['euclidean', 1, 32])
Number of workers: 1
Number of query threads: 32
Trying to instantiate ann_benchmarks.algorithms.bruteforce.bruteforce(['euclidean', 1, 32])
Number of workers: 1
Number of query threads: 32
Trying to instantiate ann_benchmarks.algorithms.bruteforce.bruteforce(['euclidean', 1, 32])
Number of workers: 1
Number of query threads: 32
Trying to instantiate ann_benchmarks.algorithms.bruteforce.bruteforce(['euclidean', 1, 32])
Number of workers: 1
Number of query threads: 32
Trying to instantiate ann_benchmarks.algorithms.bruteforce.bruteforce(['euclidean', 1, 32])
Number of workers: 1
Number of query threads: 32
Trying to instantiate ann_benchmarks.algorithms.bruteforce.bruteforce(['euclidean', 1, 32])
Number of workers: 1
Number of query threads: 32
Trying to instantiate ann_benchmarks.algorithms.bruteforce.bruteforce(['euclidean', 1, 32])
Number of workers: 1
Number of query threads: 32
Trying to instantiate ann_benchmarks.algorithms.bruteforce.bruteforce(['euclidean', 1, 32])
Number of workers: 1
Number of query threads: 32
Trying to instantiate ann_benchmarks.algorithms.bruteforce.bruteforce(['euclidean', 1, 32])
Number of workers: 1
Number of query threads: 32
Trying to instantiate ann_benchmarks.algorithms.bruteforce.bruteforce(['euclidean', 1, 32])
Number of workers: 1
Number of query threads: 32
Trying to instantiate ann_benchmarks.algorithms.bruteforce.bruteforce(['euclidean', 1, 32])
Number of workers: 1
Number of query threads: 32
Trying to instantiate ann_benchmarks.algorithms.bruteforce.bruteforce(['euclidean', 1, 32])
Number of workers: 1
Number of query threads: 32
Trying to instantiate ann_benchmarks.algorithms.bruteforce.bruteforce(['euclidean', 1, 32])
Number of workers: 1
Number of query threads: 32
Trying to instantiate ann_benchmarks.algorithms.bruteforce.bruteforce(['euclidean', 1, 32])
Number of workers: 1
Number of query threads: 32
Trying to instantiate ann_benchmarks.algorithms.bruteforce.bruteforce(['euclidean', 1, 32])
Number of workers: 1
Number of query threads: 32
Trying to instantiate ann_benchmarks.algorithms.bruteforce.bruteforce(['euclidean', 1, 32])
Number of workers: 1
Number of query threads: 32
Trying to instantiate ann_benchmarks.algorithms.bruteforce.bruteforce(['euclidean', 1, 32])
Number of workers: 1
Number of query threads: 32
Trying to instantiate ann_benchmarks.algorithms.bruteforce.bruteforce(['euclidean', 1, 32])
Number of workers: 1
Number of query threads: 32
Trying to instantiate ann_benchmarks.algorithms.bruteforce.bruteforce(['euclidean', 1, 32])
Number of workers: 1
Number of query threads: 32
Trying to instantiate ann_benchmarks.algorithms.bruteforce.bruteforce(['euclidean', 1, 32])
Number of workers: 1
Number of query threads: 32
Trying to instantiate ann_benchmarks.algorithms.bruteforce.bruteforce(['euclidean', 1, 32])
Number of workers: 1
Number of query threads: 32
