['euclidean', 1, 4]
Trying to instantiate ann_benchmarks.algorithms.pynndescent.pynndescent(['euclidean', 1, 4])
Number of query threads: 4
got a train set of size (448000 * 128)
got 450 queries
Trying to instantiate ann_benchmarks.algorithms.pynndescent.pynndescent(['euclidean', 1, 4])
Number of query threads: 4
Fri Aug 25 10:39:41 2023 Building RP forest with 31 trees
Fri Aug 25 10:39:48 2023 NN descent for 19 iterations
	 1  /  19
	 2  /  19
	 3  /  19
	 4  /  19
	 5  /  19
	 6  /  19
	 7  /  19
	 8  /  19
	 9  /  19
	 10  /  19
	 11  /  19
	 12  /  19
	Stopping threshold met -- exiting after 12 iterations
Fri Aug 25 10:43:47 2023 Worst tree score: 0.17317634
Fri Aug 25 10:43:47 2023 Mean tree score: 0.17471529
Fri Aug 25 10:43:47 2023 Best tree score: 0.17605580
Fri Aug 25 10:43:52 2023 Forward diversification reduced edges from 4480000 to 3467462
Fri Aug 25 10:43:55 2023 Reverse diversification reduced edges from 3467462 to 3467462
Fri Aug 25 10:43:58 2023 Degree pruning reduced edges from 4628724 to 4022485
Fri Aug 25 10:43:58 2023 Resorting data and graph based on tree order
Fri Aug 25 10:43:58 2023 Compressing index by removing unneeded attributes
Fri Aug 25 10:43:58 2023 Building and compiling search function
Trying to instantiate ann_benchmarks.algorithms.pynndescent.pynndescent(['euclidean', 1, 4])
Number of query threads: 4
Fri Aug 25 10:39:40 2023 Building RP forest with 31 trees
Fri Aug 25 10:39:50 2023 NN descent for 19 iterations
	 1  /  19
	 2  /  19
	 3  /  19
	 4  /  19
	 5  /  19
	 6  /  19
	 7  /  19
	 8  /  19
	 9  /  19
	 10  /  19
	 11  /  19
	 12  /  19
	Stopping threshold met -- exiting after 12 iterations
Fri Aug 25 10:43:51 2023 Worst tree score: 0.17282589
Fri Aug 25 10:43:51 2023 Mean tree score: 0.17457186
Fri Aug 25 10:43:51 2023 Best tree score: 0.17591741
Fri Aug 25 10:43:56 2023 Forward diversification reduced edges from 4480000 to 3467709
Fri Aug 25 10:43:59 2023 Reverse diversification reduced edges from 3467709 to 3467709
Fri Aug 25 10:44:02 2023 Degree pruning reduced edges from 4626860 to 4022572
Fri Aug 25 10:44:02 2023 Resorting data and graph based on tree order
Fri Aug 25 10:44:03 2023 Compressing index by removing unneeded attributes
Fri Aug 25 10:44:03 2023 Building and compiling search function
Trying to instantiate ann_benchmarks.algorithms.pynndescent.pynndescent(['euclidean', 1, 4])
Number of query threads: 4
Fri Aug 25 10:39:40 2023 Building RP forest with 31 trees
Fri Aug 25 10:39:51 2023 NN descent for 19 iterations
	 1  /  19
	 2  /  19
	 3  /  19
	 4  /  19
	 5  /  19
	 6  /  19
	 7  /  19
	 8  /  19
	 9  /  19
	 10  /  19
	 11  /  19
	 12  /  19
	Stopping threshold met -- exiting after 12 iterations
Fri Aug 25 10:43:49 2023 Worst tree score: 0.17335045
Fri Aug 25 10:43:49 2023 Mean tree score: 0.17439977
Fri Aug 25 10:43:49 2023 Best tree score: 0.17555134
Fri Aug 25 10:43:54 2023 Forward diversification reduced edges from 4480000 to 3466599
Fri Aug 25 10:43:58 2023 Reverse diversification reduced edges from 3466599 to 3466599
Fri Aug 25 10:44:01 2023 Degree pruning reduced edges from 4627726 to 4021913
Fri Aug 25 10:44:01 2023 Resorting data and graph based on tree order
Fri Aug 25 10:44:02 2023 Compressing index by removing unneeded attributes
Fri Aug 25 10:44:02 2023 Building and compiling search function
Trying to instantiate ann_benchmarks.algorithms.pynndescent.pynndescent(['euclidean', 1, 4])
Number of query threads: 4
Fri Aug 25 10:39:40 2023 Building RP forest with 31 trees
Fri Aug 25 10:39:50 2023 NN descent for 19 iterations
	 1  /  19
	 2  /  19
	 3  /  19
	 4  /  19
	 5  /  19
	 6  /  19
	 7  /  19
	 8  /  19
	 9  /  19
	 10  /  19
	 11  /  19
	 12  /  19
	Stopping threshold met -- exiting after 12 iterations
Fri Aug 25 10:43:49 2023 Worst tree score: 0.17349777
Fri Aug 25 10:43:49 2023 Mean tree score: 0.17490027
Fri Aug 25 10:43:49 2023 Best tree score: 0.17614062
Fri Aug 25 10:43:53 2023 Forward diversification reduced edges from 4480000 to 3470194
Fri Aug 25 10:43:57 2023 Reverse diversification reduced edges from 3470194 to 3470194
Fri Aug 25 10:44:00 2023 Degree pruning reduced edges from 4631070 to 4025715
Fri Aug 25 10:44:00 2023 Resorting data and graph based on tree order
Fri Aug 25 10:44:01 2023 Compressing index by removing unneeded attributes
Fri Aug 25 10:44:01 2023 Building and compiling search function
Built index in 274.6949849128723
Running query argument group 1 of 1...
Run 1/1...
Queries per second: 11538.098702187985
