['euclidean', 1, 2]
Trying to instantiate ann_benchmarks.algorithms.pynndescent.pynndescent(['euclidean', 1, 2])
Number of query threads: 2
got a train set of size (28000 * 32)
got 450 queries
Trying to instantiate ann_benchmarks.algorithms.pynndescent.pynndescent(['euclidean', 1, 2])
Number of query threads: 2
Fri Aug 25 01:18:17 2023 Building RP forest with 18 trees
Fri Aug 25 01:18:21 2023 NN descent for 15 iterations
	 1  /  15
	 2  /  15
	 3  /  15
	 4  /  15
	 5  /  15
	 6  /  15
	 7  /  15
	 8  /  15
	 9  /  15
	Stopping threshold met -- exiting after 9 iterations
Fri Aug 25 01:18:43 2023 Worst tree score: 0.22907143
Fri Aug 25 01:18:43 2023 Mean tree score: 0.23233333
Fri Aug 25 01:18:43 2023 Best tree score: 0.23725000
Fri Aug 25 01:18:47 2023 Forward diversification reduced edges from 280000 to 201188
Fri Aug 25 01:18:50 2023 Reverse diversification reduced edges from 201188 to 201188
Fri Aug 25 01:18:52 2023 Degree pruning reduced edges from 240668 to 227287
Fri Aug 25 01:18:52 2023 Resorting data and graph based on tree order
Fri Aug 25 01:18:52 2023 Compressing index by removing unneeded attributes
Fri Aug 25 01:18:52 2023 Building and compiling search function
Trying to instantiate ann_benchmarks.algorithms.pynndescent.pynndescent(['euclidean', 1, 2])
Number of query threads: 2
Fri Aug 25 01:18:18 2023 Building RP forest with 18 trees
Fri Aug 25 01:18:22 2023 NN descent for 15 iterations
	 1  /  15
	 2  /  15
	 3  /  15
	 4  /  15
	 5  /  15
	 6  /  15
	 7  /  15
	 8  /  15
	 9  /  15
	Stopping threshold met -- exiting after 9 iterations
Fri Aug 25 01:18:43 2023 Worst tree score: 0.22392857
Fri Aug 25 01:18:43 2023 Mean tree score: 0.23199405
Fri Aug 25 01:18:43 2023 Best tree score: 0.23950000
Fri Aug 25 01:18:46 2023 Forward diversification reduced edges from 280000 to 201619
Fri Aug 25 01:18:49 2023 Reverse diversification reduced edges from 201619 to 201619
Fri Aug 25 01:18:51 2023 Degree pruning reduced edges from 241412 to 227648
Fri Aug 25 01:18:51 2023 Resorting data and graph based on tree order
Fri Aug 25 01:18:51 2023 Compressing index by removing unneeded attributes
Fri Aug 25 01:18:51 2023 Building and compiling search function
Built index in 47.06079888343811
Running query argument group 1 of 1...
Run 1/1...
Queries per second: 28389.765804792314
