['euclidean', 1, 8]
Trying to instantiate ann_benchmarks.algorithms.pynndescent.pynndescent(['euclidean', 1, 8])
Number of query threads: 8
got a train set of size (112000 * 128)
got 450 queries
Trying to instantiate ann_benchmarks.algorithms.pynndescent.pynndescent(['euclidean', 1, 8])
Number of query threads: 8
Fri Aug 25 05:47:58 2023 Building RP forest with 23 trees
Fri Aug 25 05:48:02 2023 NN descent for 17 iterations
	 1  /  17
	 2  /  17
	 3  /  17
	 4  /  17
	 5  /  17
	 6  /  17
	 7  /  17
	 8  /  17
	 9  /  17
	 10  /  17
	 11  /  17
	 12  /  17
	 13  /  17
	Stopping threshold met -- exiting after 13 iterations
Fri Aug 25 05:50:43 2023 Worst tree score: 0.18954464
Fri Aug 25 05:50:43 2023 Mean tree score: 0.19237422
Fri Aug 25 05:50:43 2023 Best tree score: 0.19524107
Fri Aug 25 05:50:46 2023 Forward diversification reduced edges from 1120000 to 811805
Fri Aug 25 05:50:50 2023 Reverse diversification reduced edges from 811805 to 811805
Fri Aug 25 05:50:54 2023 Degree pruning reduced edges from 1089184 to 931038
Fri Aug 25 05:50:54 2023 Resorting data and graph based on tree order
Fri Aug 25 05:50:54 2023 Compressing index by removing unneeded attributes
Fri Aug 25 05:50:54 2023 Building and compiling search function
Built index in 191.48200011253357
Running query argument group 1 of 1...
Run 1/1...
Queries per second: 22415.581577634755
