['euclidean', 1, 32]
Trying to instantiate ann_benchmarks.algorithms.pynndescent.pynndescent(['euclidean', 1, 32])
Number of query threads: 32
got a train set of size (112000 * 32)
got 450 queries
Trying to instantiate ann_benchmarks.algorithms.pynndescent.pynndescent(['euclidean', 1, 32])
Number of query threads: 32
Fri Aug 25 04:51:32 2023 Building RP forest with 23 trees
Fri Aug 25 04:51:37 2023 NN descent for 17 iterations
	 1  /  17
	 2  /  17
	 3  /  17
	 4  /  17
	 5  /  17
	 6  /  17
	 7  /  17
	 8  /  17
	 9  /  17
	 10  /  17
	Stopping threshold met -- exiting after 10 iterations
Fri Aug 25 04:55:44 2023 Worst tree score: 0.18566964
Fri Aug 25 04:55:44 2023 Mean tree score: 0.18857415
Fri Aug 25 04:55:44 2023 Best tree score: 0.19040179
Fri Aug 25 04:56:00 2023 Forward diversification reduced edges from 1120000 to 821034
Fri Aug 25 04:56:06 2023 Reverse diversification reduced edges from 821034 to 821034
Fri Aug 25 04:56:18 2023 Degree pruning reduced edges from 989006 to 931746
Fri Aug 25 04:56:18 2023 Resorting data and graph based on tree order
Fri Aug 25 04:56:18 2023 Compressing index by removing unneeded attributes
Fri Aug 25 04:56:18 2023 Building and compiling search function
Trying to instantiate ann_benchmarks.algorithms.pynndescent.pynndescent(['euclidean', 1, 32])
Number of query threads: 32
Fri Aug 25 04:51:31 2023 Building RP forest with 23 trees
Fri Aug 25 04:51:37 2023 NN descent for 17 iterations
	 1  /  17
	 2  /  17
	 3  /  17
	 4  /  17
	 5  /  17
	 6  /  17
	 7  /  17
	 8  /  17
	 9  /  17
	 10  /  17
	Stopping threshold met -- exiting after 10 iterations
Fri Aug 25 04:56:10 2023 Worst tree score: 0.18608036
Fri Aug 25 04:56:10 2023 Mean tree score: 0.18890140
Fri Aug 25 04:56:10 2023 Best tree score: 0.19188393
Fri Aug 25 04:56:23 2023 Forward diversification reduced edges from 1120000 to 820489
Fri Aug 25 04:56:29 2023 Reverse diversification reduced edges from 820489 to 820489
Fri Aug 25 04:56:34 2023 Degree pruning reduced edges from 988318 to 930427
Fri Aug 25 04:56:34 2023 Resorting data and graph based on tree order
Fri Aug 25 04:56:34 2023 Compressing index by removing unneeded attributes
Fri Aug 25 04:56:34 2023 Building and compiling search function
Trying to instantiate ann_benchmarks.algorithms.pynndescent.pynndescent(['euclidean', 1, 32])
Number of query threads: 32
Fri Aug 25 04:51:29 2023 Building RP forest with 23 trees
Fri Aug 25 04:51:34 2023 NN descent for 17 iterations
	 1  /  17
	 2  /  17
	 3  /  17
	 4  /  17
	 5  /  17
	 6  /  17
	 7  /  17
	 8  /  17
	 9  /  17
	 10  /  17
	Stopping threshold met -- exiting after 10 iterations
Fri Aug 25 04:55:59 2023 Worst tree score: 0.18521429
Fri Aug 25 04:55:59 2023 Mean tree score: 0.18835287
Fri Aug 25 04:55:59 2023 Best tree score: 0.19163393
Fri Aug 25 04:56:05 2023 Forward diversification reduced edges from 1120000 to 820678
Fri Aug 25 04:56:19 2023 Reverse diversification reduced edges from 820678 to 820678
Fri Aug 25 04:56:26 2023 Degree pruning reduced edges from 988850 to 931332
Fri Aug 25 04:56:26 2023 Resorting data and graph based on tree order
Fri Aug 25 04:56:26 2023 Compressing index by removing unneeded attributes
Fri Aug 25 04:56:26 2023 Building and compiling search function
Trying to instantiate ann_benchmarks.algorithms.pynndescent.pynndescent(['euclidean', 1, 32])
Number of query threads: 32
Fri Aug 25 04:51:33 2023 Building RP forest with 23 trees
Fri Aug 25 04:51:40 2023 NN descent for 17 iterations
	 1  /  17
	 2  /  17
	 3  /  17
	 4  /  17
	 5  /  17
	 6  /  17
	 7  /  17
	 8  /  17
	 9  /  17
	 10  /  17
	Stopping threshold met -- exiting after 10 iterations
Fri Aug 25 04:56:18 2023 Worst tree score: 0.18490179
Fri Aug 25 04:56:18 2023 Mean tree score: 0.18855318
Fri Aug 25 04:56:18 2023 Best tree score: 0.19091964
Fri Aug 25 04:56:28 2023 Forward diversification reduced edges from 1120000 to 820957
Fri Aug 25 04:56:33 2023 Reverse diversification reduced edges from 820957 to 820957
Fri Aug 25 04:56:36 2023 Degree pruning reduced edges from 988826 to 931149
Fri Aug 25 04:56:36 2023 Resorting data and graph based on tree order
Fri Aug 25 04:56:36 2023 Compressing index by removing unneeded attributes
Fri Aug 25 04:56:36 2023 Building and compiling search function
Trying to instantiate ann_benchmarks.algorithms.pynndescent.pynndescent(['euclidean', 1, 32])
Number of query threads: 32
Fri Aug 25 04:51:31 2023 Building RP forest with 23 trees
Fri Aug 25 04:51:35 2023 NN descent for 17 iterations
	 1  /  17
	 2  /  17
	 3  /  17
	 4  /  17
	 5  /  17
	 6  /  17
	 7  /  17
	 8  /  17
	 9  /  17
	 10  /  17
	Stopping threshold met -- exiting after 10 iterations
Fri Aug 25 04:55:58 2023 Worst tree score: 0.18666071
Fri Aug 25 04:55:58 2023 Mean tree score: 0.18894449
Fri Aug 25 04:55:58 2023 Best tree score: 0.19141964
Fri Aug 25 04:56:05 2023 Forward diversification reduced edges from 1120000 to 820522
Fri Aug 25 04:56:19 2023 Reverse diversification reduced edges from 820522 to 820522
Fri Aug 25 04:56:26 2023 Degree pruning reduced edges from 988750 to 931496
Fri Aug 25 04:56:26 2023 Resorting data and graph based on tree order
Fri Aug 25 04:56:26 2023 Compressing index by removing unneeded attributes
Fri Aug 25 04:56:26 2023 Building and compiling search function
Trying to instantiate ann_benchmarks.algorithms.pynndescent.pynndescent(['euclidean', 1, 32])
Number of query threads: 32
Fri Aug 25 04:51:32 2023 Building RP forest with 23 trees
Fri Aug 25 04:51:40 2023 NN descent for 17 iterations
	 1  /  17
	 2  /  17
	 3  /  17
	 4  /  17
	 5  /  17
	 6  /  17
	 7  /  17
	 8  /  17
	 9  /  17
	 10  /  17
	Stopping threshold met -- exiting after 10 iterations
Fri Aug 25 04:56:16 2023 Worst tree score: 0.18608929
Fri Aug 25 04:56:16 2023 Mean tree score: 0.18836762
Fri Aug 25 04:56:16 2023 Best tree score: 0.19035714
Fri Aug 25 04:56:27 2023 Forward diversification reduced edges from 1120000 to 820581
Fri Aug 25 04:56:33 2023 Reverse diversification reduced edges from 820581 to 820581
Fri Aug 25 04:56:37 2023 Degree pruning reduced edges from 988802 to 931488
Fri Aug 25 04:56:37 2023 Resorting data and graph based on tree order
Fri Aug 25 04:56:37 2023 Compressing index by removing unneeded attributes
Fri Aug 25 04:56:37 2023 Building and compiling search function
Trying to instantiate ann_benchmarks.algorithms.pynndescent.pynndescent(['euclidean', 1, 32])
Number of query threads: 32
Fri Aug 25 04:51:31 2023 Building RP forest with 23 trees
Fri Aug 25 04:51:37 2023 NN descent for 17 iterations
	 1  /  17
	 2  /  17
	 3  /  17
	 4  /  17
	 5  /  17
	 6  /  17
	 7  /  17
	 8  /  17
	 9  /  17
	 10  /  17
	Stopping threshold met -- exiting after 10 iterations
Fri Aug 25 04:55:58 2023 Worst tree score: 0.18673214
Fri Aug 25 04:55:58 2023 Mean tree score: 0.18946972
Fri Aug 25 04:55:58 2023 Best tree score: 0.19254464
Fri Aug 25 04:56:05 2023 Forward diversification reduced edges from 1120000 to 820534
Fri Aug 25 04:56:21 2023 Reverse diversification reduced edges from 820534 to 820534
Fri Aug 25 04:56:27 2023 Degree pruning reduced edges from 988638 to 931539
Fri Aug 25 04:56:27 2023 Resorting data and graph based on tree order
Fri Aug 25 04:56:27 2023 Compressing index by removing unneeded attributes
Fri Aug 25 04:56:27 2023 Building and compiling search function
Trying to instantiate ann_benchmarks.algorithms.pynndescent.pynndescent(['euclidean', 1, 32])
Number of query threads: 32
Fri Aug 25 04:51:33 2023 Building RP forest with 23 trees
Fri Aug 25 04:51:40 2023 NN descent for 17 iterations
	 1  /  17
	 2  /  17
	 3  /  17
	 4  /  17
	 5  /  17
	 6  /  17
	 7  /  17
	 8  /  17
	 9  /  17
	 10  /  17
	Stopping threshold met -- exiting after 10 iterations
Fri Aug 25 04:56:36 2023 Worst tree score: 0.18399107
Fri Aug 25 04:56:36 2023 Mean tree score: 0.18852834
Fri Aug 25 04:56:36 2023 Best tree score: 0.19138393
Fri Aug 25 04:56:40 2023 Forward diversification reduced edges from 1120000 to 820298
Fri Aug 25 04:56:43 2023 Reverse diversification reduced edges from 820298 to 820298
Fri Aug 25 04:56:46 2023 Degree pruning reduced edges from 987736 to 930620
Fri Aug 25 04:56:46 2023 Resorting data and graph based on tree order
Fri Aug 25 04:56:46 2023 Compressing index by removing unneeded attributes
Fri Aug 25 04:56:46 2023 Building and compiling search function
Trying to instantiate ann_benchmarks.algorithms.pynndescent.pynndescent(['euclidean', 1, 32])
Number of query threads: 32
Fri Aug 25 04:51:30 2023 Building RP forest with 23 trees
Fri Aug 25 04:51:35 2023 NN descent for 17 iterations
	 1  /  17
	 2  /  17
	 3  /  17
	 4  /  17
	 5  /  17
	 6  /  17
	 7  /  17
	 8  /  17
	 9  /  17
	 10  /  17
	Stopping threshold met -- exiting after 10 iterations
Fri Aug 25 04:54:41 2023 Worst tree score: 0.18558036
Fri Aug 25 04:54:41 2023 Mean tree score: 0.18841809
Fri Aug 25 04:54:41 2023 Best tree score: 0.19161607
Fri Aug 25 04:55:27 2023 Forward diversification reduced edges from 1120000 to 820155
Fri Aug 25 04:55:58 2023 Reverse diversification reduced edges from 820155 to 820155
Fri Aug 25 04:56:01 2023 Degree pruning reduced edges from 988178 to 930720
Fri Aug 25 04:56:01 2023 Resorting data and graph based on tree order
Fri Aug 25 04:56:02 2023 Compressing index by removing unneeded attributes
Fri Aug 25 04:56:02 2023 Building and compiling search function
Trying to instantiate ann_benchmarks.algorithms.pynndescent.pynndescent(['euclidean', 1, 32])
Number of query threads: 32
Fri Aug 25 04:51:31 2023 Building RP forest with 23 trees
Fri Aug 25 04:51:37 2023 NN descent for 17 iterations
	 1  /  17
	 2  /  17
	 3  /  17
	 4  /  17
	 5  /  17
	 6  /  17
	 7  /  17
	 8  /  17
	 9  /  17
	 10  /  17
	Stopping threshold met -- exiting after 10 iterations
Fri Aug 25 04:54:39 2023 Worst tree score: 0.18638393
Fri Aug 25 04:54:39 2023 Mean tree score: 0.18865877
Fri Aug 25 04:54:39 2023 Best tree score: 0.19091964
Fri Aug 25 04:55:13 2023 Forward diversification reduced edges from 1120000 to 820339
Fri Aug 25 04:55:37 2023 Reverse diversification reduced edges from 820339 to 820339
Fri Aug 25 04:55:59 2023 Degree pruning reduced edges from 988360 to 930970
Fri Aug 25 04:55:59 2023 Resorting data and graph based on tree order
Fri Aug 25 04:55:59 2023 Compressing index by removing unneeded attributes
Fri Aug 25 04:55:59 2023 Building and compiling search function
Trying to instantiate ann_benchmarks.algorithms.pynndescent.pynndescent(['euclidean', 1, 32])
Number of query threads: 32
Fri Aug 25 04:51:33 2023 Building RP forest with 23 trees
Fri Aug 25 04:51:40 2023 NN descent for 17 iterations
	 1  /  17
	 2  /  17
	 3  /  17
	 4  /  17
	 5  /  17
	 6  /  17
	 7  /  17
	 8  /  17
	 9  /  17
	 10  /  17
	Stopping threshold met -- exiting after 10 iterations
Fri Aug 25 04:56:03 2023 Worst tree score: 0.18586607
Fri Aug 25 04:56:03 2023 Mean tree score: 0.18846234
Fri Aug 25 04:56:03 2023 Best tree score: 0.19084821
Fri Aug 25 04:56:19 2023 Forward diversification reduced edges from 1120000 to 820520
Fri Aug 25 04:56:27 2023 Reverse diversification reduced edges from 820520 to 820520
Fri Aug 25 04:56:31 2023 Degree pruning reduced edges from 988358 to 931376
Fri Aug 25 04:56:31 2023 Resorting data and graph based on tree order
Fri Aug 25 04:56:31 2023 Compressing index by removing unneeded attributes
Fri Aug 25 04:56:31 2023 Building and compiling search function
Trying to instantiate ann_benchmarks.algorithms.pynndescent.pynndescent(['euclidean', 1, 32])
Number of query threads: 32
Fri Aug 25 04:51:32 2023 Building RP forest with 23 trees
Fri Aug 25 04:51:38 2023 NN descent for 17 iterations
	 1  /  17
	 2  /  17
	 3  /  17
	 4  /  17
	 5  /  17
	 6  /  17
	 7  /  17
	 8  /  17
	 9  /  17
	 10  /  17
	Stopping threshold met -- exiting after 10 iterations
Fri Aug 25 04:56:02 2023 Worst tree score: 0.18612500
Fri Aug 25 04:56:02 2023 Mean tree score: 0.18806095
Fri Aug 25 04:56:02 2023 Best tree score: 0.19016071
Fri Aug 25 04:56:13 2023 Forward diversification reduced edges from 1120000 to 819799
Fri Aug 25 04:56:24 2023 Reverse diversification reduced edges from 819799 to 819799
Fri Aug 25 04:56:29 2023 Degree pruning reduced edges from 987244 to 929975
Fri Aug 25 04:56:29 2023 Resorting data and graph based on tree order
Fri Aug 25 04:56:30 2023 Compressing index by removing unneeded attributes
Fri Aug 25 04:56:30 2023 Building and compiling search function
Trying to instantiate ann_benchmarks.algorithms.pynndescent.pynndescent(['euclidean', 1, 32])
Number of query threads: 32
Fri Aug 25 04:51:32 2023 Building RP forest with 23 trees
Fri Aug 25 04:51:41 2023 NN descent for 17 iterations
	 1  /  17
	 2  /  17
	 3  /  17
	 4  /  17
	 5  /  17
	 6  /  17
	 7  /  17
	 8  /  17
	 9  /  17
	 10  /  17
	Stopping threshold met -- exiting after 10 iterations
Fri Aug 25 04:56:17 2023 Worst tree score: 0.18560714
Fri Aug 25 04:56:17 2023 Mean tree score: 0.18854464
Fri Aug 25 04:56:17 2023 Best tree score: 0.19218750
Fri Aug 25 04:56:27 2023 Forward diversification reduced edges from 1120000 to 821075
Fri Aug 25 04:56:32 2023 Reverse diversification reduced edges from 821075 to 821075
Fri Aug 25 04:56:35 2023 Degree pruning reduced edges from 989970 to 932309
Fri Aug 25 04:56:35 2023 Resorting data and graph based on tree order
Fri Aug 25 04:56:35 2023 Compressing index by removing unneeded attributes
Fri Aug 25 04:56:35 2023 Building and compiling search function
Trying to instantiate ann_benchmarks.algorithms.pynndescent.pynndescent(['euclidean', 1, 32])
Number of query threads: 32
Fri Aug 25 04:51:32 2023 Building RP forest with 23 trees
Fri Aug 25 04:51:38 2023 NN descent for 17 iterations
	 1  /  17
	 2  /  17
	 3  /  17
	 4  /  17
	 5  /  17
	 6  /  17
	 7  /  17
	 8  /  17
	 9  /  17
	 10  /  17
	Stopping threshold met -- exiting after 10 iterations
Fri Aug 25 04:54:40 2023 Worst tree score: 0.18505357
Fri Aug 25 04:54:40 2023 Mean tree score: 0.18864363
Fri Aug 25 04:54:40 2023 Best tree score: 0.19125000
Fri Aug 25 04:55:25 2023 Forward diversification reduced edges from 1120000 to 820916
Fri Aug 25 04:55:59 2023 Reverse diversification reduced edges from 820916 to 820916
Fri Aug 25 04:56:03 2023 Degree pruning reduced edges from 989076 to 931500
Fri Aug 25 04:56:03 2023 Resorting data and graph based on tree order
Fri Aug 25 04:56:03 2023 Compressing index by removing unneeded attributes
Fri Aug 25 04:56:03 2023 Building and compiling search function
Trying to instantiate ann_benchmarks.algorithms.pynndescent.pynndescent(['euclidean', 1, 32])
Number of query threads: 32
Fri Aug 25 04:51:31 2023 Building RP forest with 23 trees
Fri Aug 25 04:51:37 2023 NN descent for 17 iterations
	 1  /  17
	 2  /  17
	 3  /  17
	 4  /  17
	 5  /  17
	 6  /  17
	 7  /  17
	 8  /  17
	 9  /  17
	 10  /  17
	Stopping threshold met -- exiting after 10 iterations
Fri Aug 25 04:55:59 2023 Worst tree score: 0.18639286
Fri Aug 25 04:55:59 2023 Mean tree score: 0.18834783
Fri Aug 25 04:55:59 2023 Best tree score: 0.19111607
Fri Aug 25 04:56:04 2023 Forward diversification reduced edges from 1120000 to 820729
Fri Aug 25 04:56:13 2023 Reverse diversification reduced edges from 820729 to 820729
Fri Aug 25 04:56:24 2023 Degree pruning reduced edges from 988834 to 931742
Fri Aug 25 04:56:24 2023 Resorting data and graph based on tree order
Fri Aug 25 04:56:24 2023 Compressing index by removing unneeded attributes
Fri Aug 25 04:56:24 2023 Building and compiling search function
Trying to instantiate ann_benchmarks.algorithms.pynndescent.pynndescent(['euclidean', 1, 32])
Number of query threads: 32
Fri Aug 25 04:51:31 2023 Building RP forest with 23 trees
Fri Aug 25 04:51:36 2023 NN descent for 17 iterations
	 1  /  17
	 2  /  17
	 3  /  17
	 4  /  17
	 5  /  17
	 6  /  17
	 7  /  17
	 8  /  17
	 9  /  17
	 10  /  17
	Stopping threshold met -- exiting after 10 iterations
Fri Aug 25 04:56:04 2023 Worst tree score: 0.18540179
Fri Aug 25 04:56:04 2023 Mean tree score: 0.18870148
Fri Aug 25 04:56:04 2023 Best tree score: 0.19179464
Fri Aug 25 04:56:17 2023 Forward diversification reduced edges from 1120000 to 820835
Fri Aug 25 04:56:26 2023 Reverse diversification reduced edges from 820835 to 820835
Fri Aug 25 04:56:31 2023 Degree pruning reduced edges from 988714 to 931308
Fri Aug 25 04:56:31 2023 Resorting data and graph based on tree order
Fri Aug 25 04:56:32 2023 Compressing index by removing unneeded attributes
Fri Aug 25 04:56:32 2023 Building and compiling search function
Trying to instantiate ann_benchmarks.algorithms.pynndescent.pynndescent(['euclidean', 1, 32])
Number of query threads: 32
Fri Aug 25 04:51:31 2023 Building RP forest with 23 trees
Fri Aug 25 04:51:36 2023 NN descent for 17 iterations
	 1  /  17
	 2  /  17
	 3  /  17
	 4  /  17
	 5  /  17
	 6  /  17
	 7  /  17
	 8  /  17
	 9  /  17
	 10  /  17
	Stopping threshold met -- exiting after 10 iterations
Fri Aug 25 04:55:23 2023 Worst tree score: 0.18548214
Fri Aug 25 04:55:23 2023 Mean tree score: 0.18808967
Fri Aug 25 04:55:23 2023 Best tree score: 0.19161607
Fri Aug 25 04:55:56 2023 Forward diversification reduced edges from 1120000 to 820090
Fri Aug 25 04:56:03 2023 Reverse diversification reduced edges from 820090 to 820090
Fri Aug 25 04:56:11 2023 Degree pruning reduced edges from 988644 to 931325
Fri Aug 25 04:56:11 2023 Resorting data and graph based on tree order
Fri Aug 25 04:56:11 2023 Compressing index by removing unneeded attributes
Fri Aug 25 04:56:11 2023 Building and compiling search function
Trying to instantiate ann_benchmarks.algorithms.pynndescent.pynndescent(['euclidean', 1, 32])
Number of query threads: 32
Fri Aug 25 04:51:33 2023 Building RP forest with 23 trees
Fri Aug 25 04:51:40 2023 NN descent for 17 iterations
	 1  /  17
	 2  /  17
	 3  /  17
	 4  /  17
	 5  /  17
	 6  /  17
	 7  /  17
	 8  /  17
	 9  /  17
	 10  /  17
	Stopping threshold met -- exiting after 10 iterations
Fri Aug 25 04:56:01 2023 Worst tree score: 0.18593750
Fri Aug 25 04:56:01 2023 Mean tree score: 0.18885792
Fri Aug 25 04:56:01 2023 Best tree score: 0.19416964
Fri Aug 25 04:56:10 2023 Forward diversification reduced edges from 1120000 to 820292
Fri Aug 25 04:56:22 2023 Reverse diversification reduced edges from 820292 to 820292
Fri Aug 25 04:56:27 2023 Degree pruning reduced edges from 988168 to 931285
Fri Aug 25 04:56:27 2023 Resorting data and graph based on tree order
Fri Aug 25 04:56:27 2023 Compressing index by removing unneeded attributes
Fri Aug 25 04:56:27 2023 Building and compiling search function
Trying to instantiate ann_benchmarks.algorithms.pynndescent.pynndescent(['euclidean', 1, 32])
Number of query threads: 32
Fri Aug 25 04:51:31 2023 Building RP forest with 23 trees
Fri Aug 25 04:51:37 2023 NN descent for 17 iterations
	 1  /  17
	 2  /  17
	 3  /  17
	 4  /  17
	 5  /  17
	 6  /  17
	 7  /  17
	 8  /  17
	 9  /  17
	 10  /  17
	Stopping threshold met -- exiting after 10 iterations
Fri Aug 25 04:55:04 2023 Worst tree score: 0.18451786
Fri Aug 25 04:55:04 2023 Mean tree score: 0.18877446
Fri Aug 25 04:55:04 2023 Best tree score: 0.19175000
Fri Aug 25 04:55:42 2023 Forward diversification reduced edges from 1120000 to 820852
Fri Aug 25 04:55:59 2023 Reverse diversification reduced edges from 820852 to 820852
Fri Aug 25 04:56:03 2023 Degree pruning reduced edges from 988742 to 932034
Fri Aug 25 04:56:03 2023 Resorting data and graph based on tree order
Fri Aug 25 04:56:03 2023 Compressing index by removing unneeded attributes
Fri Aug 25 04:56:03 2023 Building and compiling search function
Trying to instantiate ann_benchmarks.algorithms.pynndescent.pynndescent(['euclidean', 1, 32])
Number of query threads: 32
Fri Aug 25 04:51:32 2023 Building RP forest with 23 trees
Fri Aug 25 04:51:40 2023 NN descent for 17 iterations
	 1  /  17
	 2  /  17
	 3  /  17
	 4  /  17
	 5  /  17
	 6  /  17
	 7  /  17
	 8  /  17
	 9  /  17
	 10  /  17
	Stopping threshold met -- exiting after 10 iterations
Fri Aug 25 04:56:08 2023 Worst tree score: 0.18508929
Fri Aug 25 04:56:08 2023 Mean tree score: 0.18905745
Fri Aug 25 04:56:08 2023 Best tree score: 0.19222321
Fri Aug 25 04:56:24 2023 Forward diversification reduced edges from 1120000 to 820503
Fri Aug 25 04:56:29 2023 Reverse diversification reduced edges from 820503 to 820503
Fri Aug 25 04:56:33 2023 Degree pruning reduced edges from 988738 to 930867
Fri Aug 25 04:56:33 2023 Resorting data and graph based on tree order
Fri Aug 25 04:56:33 2023 Compressing index by removing unneeded attributes
Fri Aug 25 04:56:33 2023 Building and compiling search function
Trying to instantiate ann_benchmarks.algorithms.pynndescent.pynndescent(['euclidean', 1, 32])
Number of query threads: 32
Fri Aug 25 04:51:33 2023 Building RP forest with 23 trees
Fri Aug 25 04:51:41 2023 NN descent for 17 iterations
	 1  /  17
	 2  /  17
	 3  /  17
	 4  /  17
	 5  /  17
	 6  /  17
	 7  /  17
	 8  /  17
	 9  /  17
	 10  /  17
	Stopping threshold met -- exiting after 10 iterations
Fri Aug 25 04:56:04 2023 Worst tree score: 0.18610714
Fri Aug 25 04:56:04 2023 Mean tree score: 0.18859589
Fri Aug 25 04:56:04 2023 Best tree score: 0.19100000
Fri Aug 25 04:56:18 2023 Forward diversification reduced edges from 1120000 to 820726
Fri Aug 25 04:56:27 2023 Reverse diversification reduced edges from 820726 to 820726
Fri Aug 25 04:56:32 2023 Degree pruning reduced edges from 989062 to 931760
Fri Aug 25 04:56:32 2023 Resorting data and graph based on tree order
Fri Aug 25 04:56:32 2023 Compressing index by removing unneeded attributes
Fri Aug 25 04:56:32 2023 Building and compiling search function
Trying to instantiate ann_benchmarks.algorithms.pynndescent.pynndescent(['euclidean', 1, 32])
Number of query threads: 32
Fri Aug 25 04:51:33 2023 Building RP forest with 23 trees
Fri Aug 25 04:51:42 2023 NN descent for 17 iterations
	 1  /  17
	 2  /  17
	 3  /  17
	 4  /  17
	 5  /  17
	 6  /  17
	 7  /  17
	 8  /  17
	 9  /  17
	 10  /  17
	Stopping threshold met -- exiting after 10 iterations
Fri Aug 25 04:56:24 2023 Worst tree score: 0.18535714
Fri Aug 25 04:56:24 2023 Mean tree score: 0.18847127
Fri Aug 25 04:56:24 2023 Best tree score: 0.19136607
Fri Aug 25 04:56:30 2023 Forward diversification reduced edges from 1120000 to 820634
Fri Aug 25 04:56:35 2023 Reverse diversification reduced edges from 820634 to 820634
Fri Aug 25 04:56:38 2023 Degree pruning reduced edges from 988770 to 931270
Fri Aug 25 04:56:38 2023 Resorting data and graph based on tree order
Fri Aug 25 04:56:38 2023 Compressing index by removing unneeded attributes
Fri Aug 25 04:56:38 2023 Building and compiling search function
Trying to instantiate ann_benchmarks.algorithms.pynndescent.pynndescent(['euclidean', 1, 32])
Number of query threads: 32
Fri Aug 25 04:51:33 2023 Building RP forest with 23 trees
Fri Aug 25 04:51:40 2023 NN descent for 17 iterations
	 1  /  17
	 2  /  17
	 3  /  17
	 4  /  17
	 5  /  17
	 6  /  17
	 7  /  17
	 8  /  17
	 9  /  17
	 10  /  17
	Stopping threshold met -- exiting after 10 iterations
Fri Aug 25 04:56:23 2023 Worst tree score: 0.18539286
Fri Aug 25 04:56:23 2023 Mean tree score: 0.18850854
Fri Aug 25 04:56:23 2023 Best tree score: 0.19084821
Fri Aug 25 04:56:30 2023 Forward diversification reduced edges from 1120000 to 820056
Fri Aug 25 04:56:35 2023 Reverse diversification reduced edges from 820056 to 820056
Fri Aug 25 04:56:38 2023 Degree pruning reduced edges from 987644 to 930418
Fri Aug 25 04:56:38 2023 Resorting data and graph based on tree order
Fri Aug 25 04:56:38 2023 Compressing index by removing unneeded attributes
Fri Aug 25 04:56:38 2023 Building and compiling search function
Trying to instantiate ann_benchmarks.algorithms.pynndescent.pynndescent(['euclidean', 1, 32])
Number of query threads: 32
Fri Aug 25 04:51:31 2023 Building RP forest with 23 trees
Fri Aug 25 04:51:37 2023 NN descent for 17 iterations
	 1  /  17
	 2  /  17
	 3  /  17
	 4  /  17
	 5  /  17
	 6  /  17
	 7  /  17
	 8  /  17
	 9  /  17
	 10  /  17
	Stopping threshold met -- exiting after 10 iterations
Fri Aug 25 04:56:13 2023 Worst tree score: 0.18512500
Fri Aug 25 04:56:13 2023 Mean tree score: 0.18799922
Fri Aug 25 04:56:13 2023 Best tree score: 0.19091964
Fri Aug 25 04:56:25 2023 Forward diversification reduced edges from 1120000 to 820412
Fri Aug 25 04:56:31 2023 Reverse diversification reduced edges from 820412 to 820412
Fri Aug 25 04:56:35 2023 Degree pruning reduced edges from 989050 to 931338
Fri Aug 25 04:56:35 2023 Resorting data and graph based on tree order
Fri Aug 25 04:56:35 2023 Compressing index by removing unneeded attributes
Fri Aug 25 04:56:35 2023 Building and compiling search function
Trying to instantiate ann_benchmarks.algorithms.pynndescent.pynndescent(['euclidean', 1, 32])
Number of query threads: 32
Fri Aug 25 04:51:32 2023 Building RP forest with 23 trees
Fri Aug 25 04:51:39 2023 NN descent for 17 iterations
	 1  /  17
	 2  /  17
	 3  /  17
	 4  /  17
	 5  /  17
	 6  /  17
	 7  /  17
	 8  /  17
	 9  /  17
	 10  /  17
	Stopping threshold met -- exiting after 10 iterations
Fri Aug 25 04:56:02 2023 Worst tree score: 0.18601786
Fri Aug 25 04:56:02 2023 Mean tree score: 0.18829193
Fri Aug 25 04:56:02 2023 Best tree score: 0.19146429
Fri Aug 25 04:56:17 2023 Forward diversification reduced edges from 1120000 to 820235
Fri Aug 25 04:56:26 2023 Reverse diversification reduced edges from 820235 to 820235
Fri Aug 25 04:56:30 2023 Degree pruning reduced edges from 988856 to 931350
Fri Aug 25 04:56:30 2023 Resorting data and graph based on tree order
Fri Aug 25 04:56:30 2023 Compressing index by removing unneeded attributes
Fri Aug 25 04:56:30 2023 Building and compiling search function
Trying to instantiate ann_benchmarks.algorithms.pynndescent.pynndescent(['euclidean', 1, 32])
Number of query threads: 32
Fri Aug 25 04:51:31 2023 Building RP forest with 23 trees
Fri Aug 25 04:51:39 2023 NN descent for 17 iterations
	 1  /  17
	 2  /  17
	 3  /  17
	 4  /  17
	 5  /  17
	 6  /  17
	 7  /  17
	 8  /  17
	 9  /  17
	 10  /  17
	Stopping threshold met -- exiting after 10 iterations
Fri Aug 25 04:56:37 2023 Worst tree score: 0.18552679
Fri Aug 25 04:56:37 2023 Mean tree score: 0.18871234
Fri Aug 25 04:56:37 2023 Best tree score: 0.19109821
Fri Aug 25 04:56:41 2023 Forward diversification reduced edges from 1120000 to 820777
Fri Aug 25 04:56:44 2023 Reverse diversification reduced edges from 820777 to 820777
Fri Aug 25 04:56:47 2023 Degree pruning reduced edges from 989202 to 932135
Fri Aug 25 04:56:47 2023 Resorting data and graph based on tree order
Fri Aug 25 04:56:47 2023 Compressing index by removing unneeded attributes
Fri Aug 25 04:56:47 2023 Building and compiling search function
Trying to instantiate ann_benchmarks.algorithms.pynndescent.pynndescent(['euclidean', 1, 32])
Number of query threads: 32
Fri Aug 25 04:51:33 2023 Building RP forest with 23 trees
Fri Aug 25 04:51:39 2023 NN descent for 17 iterations
	 1  /  17
	 2  /  17
	 3  /  17
	 4  /  17
	 5  /  17
	 6  /  17
	 7  /  17
	 8  /  17
	 9  /  17
	 10  /  17
	Stopping threshold met -- exiting after 10 iterations
Fri Aug 25 04:56:21 2023 Worst tree score: 0.18483036
Fri Aug 25 04:56:21 2023 Mean tree score: 0.18867003
Fri Aug 25 04:56:21 2023 Best tree score: 0.19363393
Fri Aug 25 04:56:29 2023 Forward diversification reduced edges from 1120000 to 820560
Fri Aug 25 04:56:33 2023 Reverse diversification reduced edges from 820560 to 820560
Fri Aug 25 04:56:37 2023 Degree pruning reduced edges from 988396 to 931170
Fri Aug 25 04:56:37 2023 Resorting data and graph based on tree order
Fri Aug 25 04:56:37 2023 Compressing index by removing unneeded attributes
Fri Aug 25 04:56:37 2023 Building and compiling search function
Trying to instantiate ann_benchmarks.algorithms.pynndescent.pynndescent(['euclidean', 1, 32])
Number of query threads: 32
Fri Aug 25 04:51:30 2023 Building RP forest with 23 trees
Fri Aug 25 04:51:35 2023 NN descent for 17 iterations
	 1  /  17
	 2  /  17
	 3  /  17
	 4  /  17
	 5  /  17
	 6  /  17
	 7  /  17
	 8  /  17
	 9  /  17
	 10  /  17
	Stopping threshold met -- exiting after 10 iterations
Fri Aug 25 04:56:06 2023 Worst tree score: 0.18604464
Fri Aug 25 04:56:06 2023 Mean tree score: 0.18824262
Fri Aug 25 04:56:06 2023 Best tree score: 0.19068750
Fri Aug 25 04:56:19 2023 Forward diversification reduced edges from 1120000 to 820133
Fri Aug 25 04:56:27 2023 Reverse diversification reduced edges from 820133 to 820133
Fri Aug 25 04:56:31 2023 Degree pruning reduced edges from 988046 to 930787
Fri Aug 25 04:56:31 2023 Resorting data and graph based on tree order
Fri Aug 25 04:56:31 2023 Compressing index by removing unneeded attributes
Fri Aug 25 04:56:31 2023 Building and compiling search function
Trying to instantiate ann_benchmarks.algorithms.pynndescent.pynndescent(['euclidean', 1, 32])
Number of query threads: 32
Fri Aug 25 04:51:31 2023 Building RP forest with 23 trees
Fri Aug 25 04:51:38 2023 NN descent for 17 iterations
	 1  /  17
	 2  /  17
	 3  /  17
	 4  /  17
	 5  /  17
	 6  /  17
	 7  /  17
	 8  /  17
	 9  /  17
	 10  /  17
	Stopping threshold met -- exiting after 10 iterations
Fri Aug 25 04:55:55 2023 Worst tree score: 0.18715179
Fri Aug 25 04:55:55 2023 Mean tree score: 0.18902601
Fri Aug 25 04:55:55 2023 Best tree score: 0.19175000
Fri Aug 25 04:56:02 2023 Forward diversification reduced edges from 1120000 to 820609
Fri Aug 25 04:56:11 2023 Reverse diversification reduced edges from 820609 to 820609
Fri Aug 25 04:56:19 2023 Degree pruning reduced edges from 988082 to 931049
Fri Aug 25 04:56:19 2023 Resorting data and graph based on tree order
Fri Aug 25 04:56:19 2023 Compressing index by removing unneeded attributes
Fri Aug 25 04:56:19 2023 Building and compiling search function
Trying to instantiate ann_benchmarks.algorithms.pynndescent.pynndescent(['euclidean', 1, 32])
Number of query threads: 32
Fri Aug 25 04:51:31 2023 Building RP forest with 23 trees
Fri Aug 25 04:51:37 2023 NN descent for 17 iterations
	 1  /  17
	 2  /  17
	 3  /  17
	 4  /  17
	 5  /  17
	 6  /  17
	 7  /  17
	 8  /  17
	 9  /  17
	 10  /  17
	Stopping threshold met -- exiting after 10 iterations
Fri Aug 25 04:56:19 2023 Worst tree score: 0.18650000
Fri Aug 25 04:56:19 2023 Mean tree score: 0.18851514
Fri Aug 25 04:56:19 2023 Best tree score: 0.19127679
Fri Aug 25 04:56:28 2023 Forward diversification reduced edges from 1120000 to 820097
Fri Aug 25 04:56:34 2023 Reverse diversification reduced edges from 820097 to 820097
Fri Aug 25 04:56:37 2023 Degree pruning reduced edges from 987972 to 930713
Fri Aug 25 04:56:37 2023 Resorting data and graph based on tree order
Fri Aug 25 04:56:37 2023 Compressing index by removing unneeded attributes
Fri Aug 25 04:56:37 2023 Building and compiling search function
Trying to instantiate ann_benchmarks.algorithms.pynndescent.pynndescent(['euclidean', 1, 32])
Number of query threads: 32
Fri Aug 25 04:51:32 2023 Building RP forest with 23 trees
Fri Aug 25 04:51:39 2023 NN descent for 17 iterations
	 1  /  17
	 2  /  17
	 3  /  17
	 4  /  17
	 5  /  17
	 6  /  17
	 7  /  17
	 8  /  17
	 9  /  17
	 10  /  17
	Stopping threshold met -- exiting after 10 iterations
Fri Aug 25 04:56:02 2023 Worst tree score: 0.18538393
Fri Aug 25 04:56:02 2023 Mean tree score: 0.18879814
Fri Aug 25 04:56:02 2023 Best tree score: 0.19161607
Fri Aug 25 04:56:14 2023 Forward diversification reduced edges from 1120000 to 820779
Fri Aug 25 04:56:25 2023 Reverse diversification reduced edges from 820779 to 820779
Fri Aug 25 04:56:29 2023 Degree pruning reduced edges from 988852 to 931678
Fri Aug 25 04:56:29 2023 Resorting data and graph based on tree order
Fri Aug 25 04:56:29 2023 Compressing index by removing unneeded attributes
Fri Aug 25 04:56:29 2023 Building and compiling search function
Trying to instantiate ann_benchmarks.algorithms.pynndescent.pynndescent(['euclidean', 1, 32])
Number of query threads: 32
Fri Aug 25 04:51:32 2023 Building RP forest with 23 trees
Fri Aug 25 04:51:38 2023 NN descent for 17 iterations
	 1  /  17
	 2  /  17
	 3  /  17
	 4  /  17
	 5  /  17
	 6  /  17
	 7  /  17
	 8  /  17
	 9  /  17
	 10  /  17
	Stopping threshold met -- exiting after 10 iterations
Fri Aug 25 04:56:14 2023 Worst tree score: 0.18401786
Fri Aug 25 04:56:14 2023 Mean tree score: 0.18843711
Fri Aug 25 04:56:14 2023 Best tree score: 0.19176786
Fri Aug 25 04:56:26 2023 Forward diversification reduced edges from 1120000 to 820300
Fri Aug 25 04:56:31 2023 Reverse diversification reduced edges from 820300 to 820300
Fri Aug 25 04:56:34 2023 Degree pruning reduced edges from 988572 to 930489
Fri Aug 25 04:56:34 2023 Resorting data and graph based on tree order
Fri Aug 25 04:56:34 2023 Compressing index by removing unneeded attributes
Fri Aug 25 04:56:34 2023 Building and compiling search function
Built index in 329.840300321579
Running query argument group 1 of 1...
Run 1/1...
Queries per second: 30630.759992859446
