['euclidean', 1, 2]
Trying to instantiate ann_benchmarks.algorithms.pynndescent.pynndescent(['euclidean', 1, 2])
Number of query threads: 2
got a train set of size (112000 * 32)
got 450 queries
Trying to instantiate ann_benchmarks.algorithms.pynndescent.pynndescent(['euclidean', 1, 2])
Number of query threads: 2
Fri Aug 25 04:07:53 2023 Building RP forest with 23 trees
Fri Aug 25 04:07:57 2023 NN descent for 17 iterations
	 1  /  17
	 2  /  17
	 3  /  17
	 4  /  17
	 5  /  17
	 6  /  17
	 7  /  17
	 8  /  17
	 9  /  17
	 10  /  17
	Stopping threshold met -- exiting after 10 iterations
Fri Aug 25 04:10:17 2023 Worst tree score: 0.18579464
Fri Aug 25 04:10:17 2023 Mean tree score: 0.18899146
Fri Aug 25 04:10:17 2023 Best tree score: 0.19211607
Fri Aug 25 04:10:20 2023 Forward diversification reduced edges from 1120000 to 820762
Fri Aug 25 04:10:23 2023 Reverse diversification reduced edges from 820762 to 820762
Fri Aug 25 04:10:26 2023 Degree pruning reduced edges from 989064 to 931701
Fri Aug 25 04:10:26 2023 Resorting data and graph based on tree order
Fri Aug 25 04:10:26 2023 Compressing index by removing unneeded attributes
Fri Aug 25 04:10:26 2023 Building and compiling search function
Built index in 167.50962591171265
Running query argument group 1 of 1...
Run 1/1...
Queries per second: 20289.347064261427
