['euclidean', 1, 4]
Trying to instantiate ann_benchmarks.algorithms.pynndescent.pynndescent(['euclidean', 1, 4])
Number of query threads: 4
got a train set of size (28000 * 128)
got 450 queries
Trying to instantiate ann_benchmarks.algorithms.pynndescent.pynndescent(['euclidean', 1, 4])
Number of query threads: 4
Fri Aug 25 01:43:06 2023 Building RP forest with 18 trees
Fri Aug 25 01:43:10 2023 NN descent for 15 iterations
	 1  /  15
	 2  /  15
	 3  /  15
	 4  /  15
	 5  /  15
	 6  /  15
	 7  /  15
	 8  /  15
	 9  /  15
	 10  /  15
	 11  /  15
	Stopping threshold met -- exiting after 11 iterations
Fri Aug 25 01:44:27 2023 Worst tree score: 0.20482143
Fri Aug 25 01:44:27 2023 Mean tree score: 0.20981349
Fri Aug 25 01:44:27 2023 Best tree score: 0.21460714
Fri Aug 25 01:44:30 2023 Forward diversification reduced edges from 280000 to 197347
Fri Aug 25 01:44:33 2023 Reverse diversification reduced edges from 197347 to 197347
Fri Aug 25 01:44:36 2023 Degree pruning reduced edges from 262814 to 223970
Fri Aug 25 01:44:36 2023 Resorting data and graph based on tree order
Fri Aug 25 01:44:36 2023 Compressing index by removing unneeded attributes
Fri Aug 25 01:44:36 2023 Building and compiling search function
Trying to instantiate ann_benchmarks.algorithms.pynndescent.pynndescent(['euclidean', 1, 4])
Number of query threads: 4
Fri Aug 25 01:43:05 2023 Building RP forest with 18 trees
Fri Aug 25 01:43:09 2023 NN descent for 15 iterations
	 1  /  15
	 2  /  15
	 3  /  15
	 4  /  15
	 5  /  15
	 6  /  15
	 7  /  15
	 8  /  15
	 9  /  15
	 10  /  15
	 11  /  15
	 12  /  15
	Stopping threshold met -- exiting after 12 iterations
Fri Aug 25 01:44:27 2023 Worst tree score: 0.20267857
Fri Aug 25 01:44:27 2023 Mean tree score: 0.20838690
Fri Aug 25 01:44:27 2023 Best tree score: 0.21392857
Fri Aug 25 01:44:31 2023 Forward diversification reduced edges from 280000 to 197559
Fri Aug 25 01:44:34 2023 Reverse diversification reduced edges from 197559 to 197559
Fri Aug 25 01:44:36 2023 Degree pruning reduced edges from 263182 to 224317
Fri Aug 25 01:44:36 2023 Resorting data and graph based on tree order
Fri Aug 25 01:44:36 2023 Compressing index by removing unneeded attributes
Fri Aug 25 01:44:36 2023 Building and compiling search function
Built index in 104.81226921081543
Running query argument group 1 of 1...
Run 1/1...
Queries per second: 15331.801861810272
