['euclidean', 1, 2]
Trying to instantiate ann_benchmarks.algorithms.pynndescent.pynndescent(['euclidean', 1, 2])
Number of query threads: 2
got a train set of size (28000 * 512)
got 450 queries
Trying to instantiate ann_benchmarks.algorithms.pynndescent.pynndescent(['euclidean', 1, 2])
Number of query threads: 2
Fri Aug 25 02:25:32 2023 Building RP forest with 18 trees
Fri Aug 25 02:25:36 2023 NN descent for 15 iterations
	 1  /  15
	 2  /  15
	 3  /  15
	 4  /  15
	 5  /  15
	 6  /  15
	 7  /  15
	 8  /  15
	 9  /  15
	 10  /  15
	 11  /  15
	 12  /  15
	Stopping threshold met -- exiting after 12 iterations
Fri Aug 25 02:27:31 2023 Worst tree score: 0.18978571
Fri Aug 25 02:27:31 2023 Mean tree score: 0.19499206
Fri Aug 25 02:27:31 2023 Best tree score: 0.20100000
Fri Aug 25 02:27:34 2023 Forward diversification reduced edges from 280000 to 192539
Fri Aug 25 02:27:37 2023 Reverse diversification reduced edges from 192539 to 192539
Fri Aug 25 02:27:40 2023 Degree pruning reduced edges from 267568 to 217890
Fri Aug 25 02:27:40 2023 Resorting data and graph based on tree order
Fri Aug 25 02:27:40 2023 Compressing index by removing unneeded attributes
Fri Aug 25 02:27:40 2023 Building and compiling search function
Built index in 141.49510669708252
Running query argument group 1 of 1...
Run 1/1...
Queries per second: 557.7292935143203
