['euclidean', 1, 1]
Trying to instantiate ann_benchmarks.algorithms.pynndescent.pynndescent(['euclidean', 1, 1])
Number of query threads: 1
got a train set of size (7000 * 32)
got 450 queries
Trying to instantiate ann_benchmarks.algorithms.pynndescent.pynndescent(['euclidean', 1, 1])
Number of query threads: 1
Mon Aug 28 01:52:28 2023 Building RP forest with 14 trees
Mon Aug 28 01:52:32 2023 NN descent for 13 iterations
	 1  /  13
	 2  /  13
	 3  /  13
	Stopping threshold met -- exiting after 3 iterations
Mon Aug 28 01:54:20 2023 Worst tree score: 0.51814286
Mon Aug 28 01:54:20 2023 Mean tree score: 0.63088776
Mon Aug 28 01:54:20 2023 Best tree score: 0.82414286
Mon Aug 28 01:54:24 2023 Forward diversification reduced edges from 70000 to 50064
Mon Aug 28 01:54:27 2023 Reverse diversification reduced edges from 50064 to 50064
Mon Aug 28 01:54:29 2023 Degree pruning reduced edges from 58106 to 57996
Mon Aug 28 01:54:29 2023 Resorting data and graph based on tree order
Mon Aug 28 01:54:29 2023 Compressing index by removing unneeded attributes
Mon Aug 28 01:54:29 2023 Building and compiling search function
Built index in 133.3411464691162
Running query argument group 1 of 1...
Run 1/1...
Queries per second: 15240.93023255825
