['euclidean', 1, 8]
Trying to instantiate ann_benchmarks.algorithms.bruteforce.bruteforce(['euclidean', 1, 8])
Number of workers: 1
Number of query threads: 8
got a train set of size (448000 * 128)
got 450 queries
Built index in 6.841811418533325
Running query argument group 1 of 1...
Run 1/1...
Queries per second: 13.717886388345685
Trying to instantiate ann_benchmarks.algorithms.bruteforce.bruteforce(['euclidean', 1, 8])
Number of workers: 1
Number of query threads: 8
Trying to instantiate ann_benchmarks.algorithms.bruteforce.bruteforce(['euclidean', 1, 8])
Number of workers: 1
Number of query threads: 8
Trying to instantiate ann_benchmarks.algorithms.bruteforce.bruteforce(['euclidean', 1, 8])
Number of workers: 1
Number of query threads: 8
Trying to instantiate ann_benchmarks.algorithms.bruteforce.bruteforce(['euclidean', 1, 8])
Number of workers: 1
Number of query threads: 8
Trying to instantiate ann_benchmarks.algorithms.bruteforce.bruteforce(['euclidean', 1, 8])
Number of workers: 1
Number of query threads: 8
Trying to instantiate ann_benchmarks.algorithms.bruteforce.bruteforce(['euclidean', 1, 8])
Number of workers: 1
Number of query threads: 8
