['euclidean', 1, 2]
Trying to instantiate ann_benchmarks.algorithms.pynndescent.pynndescent(['euclidean', 1, 2])
Number of query threads: 2
got a train set of size (112000 * 32)
got 450 queries
Trying to instantiate ann_benchmarks.algorithms.pynndescent.pynndescent(['euclidean', 1, 2])
Number of query threads: 2
Fri Aug 25 04:11:31 2023 Building RP forest with 23 trees
Fri Aug 25 04:11:35 2023 NN descent for 17 iterations
	 1  /  17
	 2  /  17
	 3  /  17
	 4  /  17
	 5  /  17
	 6  /  17
	 7  /  17
	 8  /  17
	 9  /  17
	 10  /  17
	Stopping threshold met -- exiting after 10 iterations
Fri Aug 25 04:13:49 2023 Worst tree score: 0.18612500
Fri Aug 25 04:13:49 2023 Mean tree score: 0.18833269
Fri Aug 25 04:13:49 2023 Best tree score: 0.19135714
Fri Aug 25 04:13:53 2023 Forward diversification reduced edges from 1120000 to 820567
Fri Aug 25 04:13:56 2023 Reverse diversification reduced edges from 820567 to 820567
Fri Aug 25 04:13:58 2023 Degree pruning reduced edges from 988526 to 931046
Fri Aug 25 04:13:58 2023 Resorting data and graph based on tree order
Fri Aug 25 04:13:59 2023 Compressing index by removing unneeded attributes
Fri Aug 25 04:13:59 2023 Building and compiling search function
Built index in 160.03845930099487
Running query argument group 1 of 1...
Run 1/1...
Queries per second: 21399.99546474984
