['euclidean', 1, 2]
Trying to instantiate ann_benchmarks.algorithms.pynndescent.pynndescent(['euclidean', 1, 2])
Number of query threads: 2
got a train set of size (112000 * 128)
got 450 queries
Trying to instantiate ann_benchmarks.algorithms.pynndescent.pynndescent(['euclidean', 1, 2])
Number of query threads: 2
Fri Aug 25 05:23:05 2023 Building RP forest with 23 trees
Fri Aug 25 05:23:10 2023 NN descent for 17 iterations
	 1  /  17
	 2  /  17
	 3  /  17
	 4  /  17
	 5  /  17
	 6  /  17
	 7  /  17
	 8  /  17
	 9  /  17
	 10  /  17
	 11  /  17
	 12  /  17
	 13  /  17
	Stopping threshold met -- exiting after 13 iterations
Fri Aug 25 05:25:24 2023 Worst tree score: 0.19135714
Fri Aug 25 05:25:24 2023 Mean tree score: 0.19241537
Fri Aug 25 05:25:24 2023 Best tree score: 0.19442857
Fri Aug 25 05:25:27 2023 Forward diversification reduced edges from 1120000 to 811210
Fri Aug 25 05:25:30 2023 Reverse diversification reduced edges from 811210 to 811210
Fri Aug 25 05:25:33 2023 Degree pruning reduced edges from 1089422 to 931066
Fri Aug 25 05:25:33 2023 Resorting data and graph based on tree order
Fri Aug 25 05:25:33 2023 Compressing index by removing unneeded attributes
Fri Aug 25 05:25:33 2023 Building and compiling search function
Built index in 160.34868335723877
Running query argument group 1 of 1...
Run 1/1...
Queries per second: 10162.644368225721
