['euclidean', 1, 32]
Trying to instantiate ann_benchmarks.algorithms.pynndescent.pynndescent(['euclidean', 1, 32])
Number of query threads: 32
got a train set of size (7000 * 128)
got 450 queries
Trying to instantiate ann_benchmarks.algorithms.pynndescent.pynndescent(['euclidean', 1, 32])
Number of query threads: 32
Mon Aug 28 02:13:42 2023 Building RP forest with 14 trees
Mon Aug 28 02:13:48 2023 NN descent for 13 iterations
	 1  /  13
	 2  /  13
	 3  /  13
	 4  /  13
	 5  /  13
	Stopping threshold met -- exiting after 5 iterations
Mon Aug 28 02:16:23 2023 Worst tree score: 0.45914286
Mon Aug 28 02:16:23 2023 Mean tree score: 0.48929592
Mon Aug 28 02:16:23 2023 Best tree score: 0.51757143
Mon Aug 28 02:16:29 2023 Forward diversification reduced edges from 70000 to 43676
Mon Aug 28 02:16:33 2023 Reverse diversification reduced edges from 43676 to 43676
Mon Aug 28 02:16:37 2023 Degree pruning reduced edges from 51766 to 51155
Mon Aug 28 02:16:37 2023 Resorting data and graph based on tree order
Mon Aug 28 02:16:37 2023 Compressing index by removing unneeded attributes
Mon Aug 28 02:16:37 2023 Building and compiling search function
Trying to instantiate ann_benchmarks.algorithms.pynndescent.pynndescent(['euclidean', 1, 32])
Number of query threads: 32
Mon Aug 28 02:13:40 2023 Building RP forest with 14 trees
Mon Aug 28 02:13:48 2023 NN descent for 13 iterations
	 1  /  13
	 2  /  13
	 3  /  13
	 4  /  13
	 5  /  13
	Stopping threshold met -- exiting after 5 iterations
Mon Aug 28 02:16:17 2023 Worst tree score: 0.46385714
Mon Aug 28 02:16:17 2023 Mean tree score: 0.49035714
Mon Aug 28 02:16:17 2023 Best tree score: 0.52200000
Mon Aug 28 02:16:25 2023 Forward diversification reduced edges from 70000 to 43596
Mon Aug 28 02:16:30 2023 Reverse diversification reduced edges from 43596 to 43596
Mon Aug 28 02:16:34 2023 Degree pruning reduced edges from 51646 to 51066
Mon Aug 28 02:16:34 2023 Resorting data and graph based on tree order
Mon Aug 28 02:16:34 2023 Compressing index by removing unneeded attributes
Mon Aug 28 02:16:34 2023 Building and compiling search function
Built index in 190.65198683738708
Running query argument group 1 of 1...
Run 1/1...
Queries per second: 40221.55734560823
