['euclidean', 1, 16]
Trying to instantiate ann_benchmarks.algorithms.bruteforce.bruteforce(['euclidean', 1, 16])
Number of workers: 1
Number of query threads: 16
got a train set of size (112000 * 32)
got 450 queries
Built index in 6.062167644500732
Running query argument group 1 of 1...
Run 1/1...
Queries per second: 289.5728201455563
Trying to instantiate ann_benchmarks.algorithms.bruteforce.bruteforce(['euclidean', 1, 16])
Number of workers: 1
Number of query threads: 16
Trying to instantiate ann_benchmarks.algorithms.bruteforce.bruteforce(['euclidean', 1, 16])
Number of workers: 1
Number of query threads: 16
Trying to instantiate ann_benchmarks.algorithms.bruteforce.bruteforce(['euclidean', 1, 16])
Number of workers: 1
Number of query threads: 16
Trying to instantiate ann_benchmarks.algorithms.bruteforce.bruteforce(['euclidean', 1, 16])
Number of workers: 1
Number of query threads: 16
Trying to instantiate ann_benchmarks.algorithms.bruteforce.bruteforce(['euclidean', 1, 16])
Number of workers: 1
Number of query threads: 16
Trying to instantiate ann_benchmarks.algorithms.bruteforce.bruteforce(['euclidean', 1, 16])
Number of workers: 1
Number of query threads: 16
Trying to instantiate ann_benchmarks.algorithms.bruteforce.bruteforce(['euclidean', 1, 16])
Number of workers: 1
Number of query threads: 16
Trying to instantiate ann_benchmarks.algorithms.bruteforce.bruteforce(['euclidean', 1, 16])
Number of workers: 1
Number of query threads: 16
Trying to instantiate ann_benchmarks.algorithms.bruteforce.bruteforce(['euclidean', 1, 16])
Number of workers: 1
Number of query threads: 16
Trying to instantiate ann_benchmarks.algorithms.bruteforce.bruteforce(['euclidean', 1, 16])
Number of workers: 1
Number of query threads: 16
Trying to instantiate ann_benchmarks.algorithms.bruteforce.bruteforce(['euclidean', 1, 16])
Number of workers: 1
Number of query threads: 16
Trying to instantiate ann_benchmarks.algorithms.bruteforce.bruteforce(['euclidean', 1, 16])
Number of workers: 1
Number of query threads: 16
Trying to instantiate ann_benchmarks.algorithms.bruteforce.bruteforce(['euclidean', 1, 16])
Number of workers: 1
Number of query threads: 16
Trying to instantiate ann_benchmarks.algorithms.bruteforce.bruteforce(['euclidean', 1, 16])
Number of workers: 1
Number of query threads: 16
Trying to instantiate ann_benchmarks.algorithms.bruteforce.bruteforce(['euclidean', 1, 16])
Number of workers: 1
Number of query threads: 16
Trying to instantiate ann_benchmarks.algorithms.bruteforce.bruteforce(['euclidean', 1, 16])
Number of workers: 1
Number of query threads: 16
