['euclidean', 1, 4]
Trying to instantiate ann_benchmarks.algorithms.pynndescent.pynndescent(['euclidean', 1, 4])
Number of query threads: 4
got a train set of size (28000 * 2048)
got 450 queries
Trying to instantiate ann_benchmarks.algorithms.pynndescent.pynndescent(['euclidean', 1, 4])
Number of query threads: 4
Fri Aug 25 03:24:18 2023 Building RP forest with 18 trees
Fri Aug 25 03:24:22 2023 NN descent for 15 iterations
	 1  /  15
	 2  /  15
	 3  /  15
	 4  /  15
	 5  /  15
	 6  /  15
	 7  /  15
	 8  /  15
	 9  /  15
	 10  /  15
	 11  /  15
	 12  /  15
	 13  /  15
	Stopping threshold met -- exiting after 13 iterations
Fri Aug 25 03:26:21 2023 Worst tree score: 0.17125000
Fri Aug 25 03:26:21 2023 Mean tree score: 0.17524603
Fri Aug 25 03:26:21 2023 Best tree score: 0.18257143
Fri Aug 25 03:26:24 2023 Forward diversification reduced edges from 280000 to 184144
Fri Aug 25 03:26:28 2023 Reverse diversification reduced edges from 184144 to 184144
Fri Aug 25 03:26:31 2023 Degree pruning reduced edges from 261010 to 206040
Fri Aug 25 03:26:31 2023 Resorting data and graph based on tree order
Fri Aug 25 03:26:31 2023 Compressing index by removing unneeded attributes
Fri Aug 25 03:26:31 2023 Building and compiling search function
Trying to instantiate ann_benchmarks.algorithms.pynndescent.pynndescent(['euclidean', 1, 4])
Number of query threads: 4
Fri Aug 25 03:24:17 2023 Building RP forest with 18 trees
Fri Aug 25 03:24:22 2023 NN descent for 15 iterations
	 1  /  15
	 2  /  15
	 3  /  15
	 4  /  15
	 5  /  15
	 6  /  15
	 7  /  15
	 8  /  15
	 9  /  15
	 10  /  15
	 11  /  15
	 12  /  15
	 13  /  15
	Stopping threshold met -- exiting after 13 iterations
Fri Aug 25 03:26:20 2023 Worst tree score: 0.17253571
Fri Aug 25 03:26:20 2023 Mean tree score: 0.17577381
Fri Aug 25 03:26:20 2023 Best tree score: 0.17989286
Fri Aug 25 03:26:24 2023 Forward diversification reduced edges from 280000 to 184038
Fri Aug 25 03:26:28 2023 Reverse diversification reduced edges from 184038 to 184038
Fri Aug 25 03:26:30 2023 Degree pruning reduced edges from 260526 to 205958
Fri Aug 25 03:26:30 2023 Resorting data and graph based on tree order
Fri Aug 25 03:26:30 2023 Compressing index by removing unneeded attributes
Fri Aug 25 03:26:30 2023 Building and compiling search function
Trying to instantiate ann_benchmarks.algorithms.pynndescent.pynndescent(['euclidean', 1, 4])
Number of query threads: 4
Fri Aug 25 03:24:18 2023 Building RP forest with 18 trees
Fri Aug 25 03:24:23 2023 NN descent for 15 iterations
	 1  /  15
	 2  /  15
	 3  /  15
	 4  /  15
	 5  /  15
	 6  /  15
	 7  /  15
	 8  /  15
	 9  /  15
	 10  /  15
	 11  /  15
	 12  /  15
	 13  /  15
	Stopping threshold met -- exiting after 13 iterations
Fri Aug 25 03:26:20 2023 Worst tree score: 0.16753571
Fri Aug 25 03:26:20 2023 Mean tree score: 0.17473016
Fri Aug 25 03:26:20 2023 Best tree score: 0.18232143
Fri Aug 25 03:26:23 2023 Forward diversification reduced edges from 280000 to 184019
Fri Aug 25 03:26:27 2023 Reverse diversification reduced edges from 184019 to 184019
Fri Aug 25 03:26:29 2023 Degree pruning reduced edges from 260720 to 205774
Fri Aug 25 03:26:29 2023 Resorting data and graph based on tree order
Fri Aug 25 03:26:30 2023 Compressing index by removing unneeded attributes
Fri Aug 25 03:26:30 2023 Building and compiling search function
Trying to instantiate ann_benchmarks.algorithms.pynndescent.pynndescent(['euclidean', 1, 4])
Number of query threads: 4
Fri Aug 25 03:24:17 2023 Building RP forest with 18 trees
Fri Aug 25 03:24:22 2023 NN descent for 15 iterations
	 1  /  15
	 2  /  15
	 3  /  15
	 4  /  15
	 5  /  15
	 6  /  15
	 7  /  15
	 8  /  15
	 9  /  15
	 10  /  15
	 11  /  15
	 12  /  15
	 13  /  15
	Stopping threshold met -- exiting after 13 iterations
Fri Aug 25 03:26:21 2023 Worst tree score: 0.17057143
Fri Aug 25 03:26:21 2023 Mean tree score: 0.17609524
Fri Aug 25 03:26:21 2023 Best tree score: 0.18071429
Fri Aug 25 03:26:25 2023 Forward diversification reduced edges from 280000 to 184447
Fri Aug 25 03:26:28 2023 Reverse diversification reduced edges from 184447 to 184447
Fri Aug 25 03:26:31 2023 Degree pruning reduced edges from 261358 to 206506
Fri Aug 25 03:26:31 2023 Resorting data and graph based on tree order
Fri Aug 25 03:26:31 2023 Compressing index by removing unneeded attributes
Fri Aug 25 03:26:31 2023 Building and compiling search function
Built index in 146.28081798553467
Running query argument group 1 of 1...
Run 1/1...
Queries per second: 148.68652034950648
