['euclidean', 1, 2]
Trying to instantiate ann_benchmarks.algorithms.pynndescent.pynndescent(['euclidean', 1, 2])
Number of query threads: 2
got a train set of size (448000 * 128)
got 450 queries
Trying to instantiate ann_benchmarks.algorithms.pynndescent.pynndescent(['euclidean', 1, 2])
Number of query threads: 2
Fri Aug 25 10:31:54 2023 Building RP forest with 31 trees
Fri Aug 25 10:32:02 2023 NN descent for 19 iterations
	 1  /  19
	 2  /  19
	 3  /  19
	 4  /  19
	 5  /  19
	 6  /  19
	 7  /  19
	 8  /  19
	 9  /  19
	 10  /  19
	 11  /  19
	 12  /  19
	Stopping threshold met -- exiting after 12 iterations
Fri Aug 25 10:36:46 2023 Worst tree score: 0.17269643
Fri Aug 25 10:36:46 2023 Mean tree score: 0.17464221
Fri Aug 25 10:36:46 2023 Best tree score: 0.17653125
Fri Aug 25 10:36:52 2023 Forward diversification reduced edges from 4480000 to 3468193
Fri Aug 25 10:36:55 2023 Reverse diversification reduced edges from 3468193 to 3468193
Fri Aug 25 10:36:59 2023 Degree pruning reduced edges from 4627152 to 4022749
Fri Aug 25 10:36:59 2023 Resorting data and graph based on tree order
Fri Aug 25 10:36:59 2023 Compressing index by removing unneeded attributes
Fri Aug 25 10:36:59 2023 Building and compiling search function
Built index in 377.52014899253845
Running query argument group 1 of 1...
Run 1/1...
Queries per second: 6038.812225844727
