['euclidean', 1, 8]
Trying to instantiate ann_benchmarks.algorithms.pynndescent.pynndescent(['euclidean', 1, 8])
Number of query threads: 8
got a train set of size (112000 * 512)
got 450 queries
Trying to instantiate ann_benchmarks.algorithms.pynndescent.pynndescent(['euclidean', 1, 8])
Number of query threads: 8
Fri Aug 25 07:20:22 2023 Building RP forest with 23 trees
Fri Aug 25 07:20:29 2023 NN descent for 17 iterations
	 1  /  17
	 2  /  17
	 3  /  17
	 4  /  17
	 5  /  17
	 6  /  17
	 7  /  17
	 8  /  17
	 9  /  17
	 10  /  17
	 11  /  17
	 12  /  17
	 13  /  17
	 14  /  17
	Stopping threshold met -- exiting after 14 iterations
Fri Aug 25 07:23:14 2023 Worst tree score: 0.17243750
Fri Aug 25 07:23:14 2023 Mean tree score: 0.17535016
Fri Aug 25 07:23:14 2023 Best tree score: 0.17798214
Fri Aug 25 07:23:19 2023 Forward diversification reduced edges from 1120000 to 768659
Fri Aug 25 07:23:23 2023 Reverse diversification reduced edges from 768659 to 768659
Fri Aug 25 07:23:26 2023 Degree pruning reduced edges from 1075242 to 876477
Fri Aug 25 07:23:26 2023 Resorting data and graph based on tree order
Fri Aug 25 07:23:26 2023 Compressing index by removing unneeded attributes
Fri Aug 25 07:23:26 2023 Building and compiling search function
Trying to instantiate ann_benchmarks.algorithms.pynndescent.pynndescent(['euclidean', 1, 8])
Number of query threads: 8
Fri Aug 25 07:20:22 2023 Building RP forest with 23 trees
Fri Aug 25 07:20:29 2023 NN descent for 17 iterations
	 1  /  17
	 2  /  17
	 3  /  17
	 4  /  17
	 5  /  17
	 6  /  17
	 7  /  17
	 8  /  17
	 9  /  17
	 10  /  17
	 11  /  17
	 12  /  17
	 13  /  17
	 14  /  17
	Stopping threshold met -- exiting after 14 iterations
Fri Aug 25 07:23:14 2023 Worst tree score: 0.17236607
Fri Aug 25 07:23:14 2023 Mean tree score: 0.17513005
Fri Aug 25 07:23:14 2023 Best tree score: 0.17880357
Fri Aug 25 07:23:19 2023 Forward diversification reduced edges from 1120000 to 768355
Fri Aug 25 07:23:23 2023 Reverse diversification reduced edges from 768355 to 768355
Fri Aug 25 07:23:27 2023 Degree pruning reduced edges from 1074948 to 875909
Fri Aug 25 07:23:27 2023 Resorting data and graph based on tree order
Fri Aug 25 07:23:27 2023 Compressing index by removing unneeded attributes
Fri Aug 25 07:23:27 2023 Building and compiling search function
Trying to instantiate ann_benchmarks.algorithms.pynndescent.pynndescent(['euclidean', 1, 8])
Number of query threads: 8
Fri Aug 25 07:20:23 2023 Building RP forest with 23 trees
Fri Aug 25 07:20:29 2023 NN descent for 17 iterations
	 1  /  17
	 2  /  17
	 3  /  17
	 4  /  17
	 5  /  17
	 6  /  17
	 7  /  17
	 8  /  17
	 9  /  17
	 10  /  17
	 11  /  17
	 12  /  17
	 13  /  17
	 14  /  17
	Stopping threshold met -- exiting after 14 iterations
Fri Aug 25 07:23:14 2023 Worst tree score: 0.17354464
Fri Aug 25 07:23:14 2023 Mean tree score: 0.17549884
Fri Aug 25 07:23:14 2023 Best tree score: 0.17766964
Fri Aug 25 07:23:17 2023 Forward diversification reduced edges from 1120000 to 769708
Fri Aug 25 07:23:21 2023 Reverse diversification reduced edges from 769708 to 769708
Fri Aug 25 07:23:24 2023 Degree pruning reduced edges from 1076586 to 877726
Fri Aug 25 07:23:24 2023 Resorting data and graph based on tree order
Fri Aug 25 07:23:25 2023 Compressing index by removing unneeded attributes
Fri Aug 25 07:23:25 2023 Building and compiling search function
Trying to instantiate ann_benchmarks.algorithms.pynndescent.pynndescent(['euclidean', 1, 8])
Number of query threads: 8
Fri Aug 25 07:20:23 2023 Building RP forest with 23 trees
Fri Aug 25 07:20:30 2023 NN descent for 17 iterations
	 1  /  17
	 2  /  17
	 3  /  17
	 4  /  17
	 5  /  17
	 6  /  17
	 7  /  17
	 8  /  17
	 9  /  17
	 10  /  17
	 11  /  17
	 12  /  17
	 13  /  17
	 14  /  17
	Stopping threshold met -- exiting after 14 iterations
Fri Aug 25 07:23:14 2023 Worst tree score: 0.17371429
Fri Aug 25 07:23:14 2023 Mean tree score: 0.17500932
Fri Aug 25 07:23:14 2023 Best tree score: 0.17708929
Fri Aug 25 07:23:18 2023 Forward diversification reduced edges from 1120000 to 768569
Fri Aug 25 07:23:22 2023 Reverse diversification reduced edges from 768569 to 768569
Fri Aug 25 07:23:26 2023 Degree pruning reduced edges from 1075646 to 875509
Fri Aug 25 07:23:26 2023 Resorting data and graph based on tree order
Fri Aug 25 07:23:26 2023 Compressing index by removing unneeded attributes
Fri Aug 25 07:23:26 2023 Building and compiling search function
Trying to instantiate ann_benchmarks.algorithms.pynndescent.pynndescent(['euclidean', 1, 8])
Number of query threads: 8
Fri Aug 25 07:20:22 2023 Building RP forest with 23 trees
Fri Aug 25 07:20:29 2023 NN descent for 17 iterations
	 1  /  17
	 2  /  17
	 3  /  17
	 4  /  17
	 5  /  17
	 6  /  17
	 7  /  17
	 8  /  17
	 9  /  17
	 10  /  17
	 11  /  17
	 12  /  17
	 13  /  17
	 14  /  17
	Stopping threshold met -- exiting after 14 iterations
Fri Aug 25 07:23:14 2023 Worst tree score: 0.17100893
Fri Aug 25 07:23:14 2023 Mean tree score: 0.17518556
Fri Aug 25 07:23:14 2023 Best tree score: 0.17800000
Fri Aug 25 07:23:19 2023 Forward diversification reduced edges from 1120000 to 768380
Fri Aug 25 07:23:22 2023 Reverse diversification reduced edges from 768380 to 768380
Fri Aug 25 07:23:26 2023 Degree pruning reduced edges from 1076126 to 875728
Fri Aug 25 07:23:26 2023 Resorting data and graph based on tree order
Fri Aug 25 07:23:26 2023 Compressing index by removing unneeded attributes
Fri Aug 25 07:23:26 2023 Building and compiling search function
Trying to instantiate ann_benchmarks.algorithms.pynndescent.pynndescent(['euclidean', 1, 8])
Number of query threads: 8
Fri Aug 25 07:20:23 2023 Building RP forest with 23 trees
Fri Aug 25 07:20:30 2023 NN descent for 17 iterations
	 1  /  17
	 2  /  17
	 3  /  17
	 4  /  17
	 5  /  17
	 6  /  17
	 7  /  17
	 8  /  17
	 9  /  17
	 10  /  17
	 11  /  17
	 12  /  17
	 13  /  17
	 14  /  17
	Stopping threshold met -- exiting after 14 iterations
Fri Aug 25 07:23:14 2023 Worst tree score: 0.17289286
Fri Aug 25 07:23:14 2023 Mean tree score: 0.17488820
Fri Aug 25 07:23:14 2023 Best tree score: 0.17750893
Fri Aug 25 07:23:19 2023 Forward diversification reduced edges from 1120000 to 768160
Fri Aug 25 07:23:23 2023 Reverse diversification reduced edges from 768160 to 768160
Fri Aug 25 07:23:27 2023 Degree pruning reduced edges from 1074680 to 875713
Fri Aug 25 07:23:27 2023 Resorting data and graph based on tree order
Fri Aug 25 07:23:27 2023 Compressing index by removing unneeded attributes
Fri Aug 25 07:23:27 2023 Building and compiling search function
Trying to instantiate ann_benchmarks.algorithms.pynndescent.pynndescent(['euclidean', 1, 8])
Number of query threads: 8
Fri Aug 25 07:20:22 2023 Building RP forest with 23 trees
Fri Aug 25 07:20:29 2023 NN descent for 17 iterations
	 1  /  17
	 2  /  17
	 3  /  17
	 4  /  17
	 5  /  17
	 6  /  17
	 7  /  17
	 8  /  17
	 9  /  17
	 10  /  17
	 11  /  17
	 12  /  17
	 13  /  17
	 14  /  17
	Stopping threshold met -- exiting after 14 iterations
Fri Aug 25 07:23:14 2023 Worst tree score: 0.17259821
Fri Aug 25 07:23:14 2023 Mean tree score: 0.17488276
Fri Aug 25 07:23:14 2023 Best tree score: 0.17719643
Fri Aug 25 07:23:18 2023 Forward diversification reduced edges from 1120000 to 769040
Fri Aug 25 07:23:22 2023 Reverse diversification reduced edges from 769040 to 769040
Fri Aug 25 07:23:25 2023 Degree pruning reduced edges from 1075502 to 875922
Fri Aug 25 07:23:25 2023 Resorting data and graph based on tree order
Fri Aug 25 07:23:25 2023 Compressing index by removing unneeded attributes
Fri Aug 25 07:23:25 2023 Building and compiling search function
Trying to instantiate ann_benchmarks.algorithms.pynndescent.pynndescent(['euclidean', 1, 8])
Number of query threads: 8
Fri Aug 25 07:20:22 2023 Building RP forest with 23 trees
Fri Aug 25 07:20:29 2023 NN descent for 17 iterations
	 1  /  17
	 2  /  17
	 3  /  17
	 4  /  17
	 5  /  17
	 6  /  17
	 7  /  17
	 8  /  17
	 9  /  17
	 10  /  17
	 11  /  17
	 12  /  17
	 13  /  17
	 14  /  17
	Stopping threshold met -- exiting after 14 iterations
Fri Aug 25 07:23:14 2023 Worst tree score: 0.17219643
Fri Aug 25 07:23:14 2023 Mean tree score: 0.17510132
Fri Aug 25 07:23:14 2023 Best tree score: 0.17875893
Fri Aug 25 07:23:18 2023 Forward diversification reduced edges from 1120000 to 767940
Fri Aug 25 07:23:21 2023 Reverse diversification reduced edges from 767940 to 767940
Fri Aug 25 07:23:25 2023 Degree pruning reduced edges from 1074996 to 875509
Fri Aug 25 07:23:25 2023 Resorting data and graph based on tree order
Fri Aug 25 07:23:25 2023 Compressing index by removing unneeded attributes
Fri Aug 25 07:23:25 2023 Building and compiling search function
Built index in 196.81677770614624
Running query argument group 1 of 1...
Run 1/1...
Queries per second: 1703.7642037761314
