['euclidean', 1, 4]
Trying to instantiate ann_benchmarks.algorithms.pynndescent.pynndescent(['euclidean', 1, 4])
Number of query threads: 4
got a train set of size (448000 * 512)
got 450 queries
Trying to instantiate ann_benchmarks.algorithms.pynndescent.pynndescent(['euclidean', 1, 4])
Number of query threads: 4
Fri Aug 25 18:52:03 2023 Building RP forest with 31 trees
Fri Aug 25 18:52:22 2023 NN descent for 19 iterations
	 1  /  19
	 2  /  19
	 3  /  19
	 4  /  19
	 5  /  19
	 6  /  19
	 7  /  19
	 8  /  19
	 9  /  19
	 10  /  19
	 11  /  19
	 12  /  19
	 13  /  19
	 14  /  19
	 15  /  19
	 16  /  19
	 17  /  19
	Stopping threshold met -- exiting after 17 iterations
Fri Aug 25 18:56:39 2023 Worst tree score: 0.15505580
Fri Aug 25 18:56:39 2023 Mean tree score: 0.15625878
Fri Aug 25 18:56:39 2023 Best tree score: 0.15791518
Fri Aug 25 18:56:44 2023 Forward diversification reduced edges from 4480000 to 3208285
Fri Aug 25 18:56:48 2023 Reverse diversification reduced edges from 3208285 to 3208285
Fri Aug 25 18:56:51 2023 Degree pruning reduced edges from 4497406 to 3708816
Fri Aug 25 18:56:51 2023 Resorting data and graph based on tree order
Fri Aug 25 18:56:52 2023 Compressing index by removing unneeded attributes
Fri Aug 25 18:56:52 2023 Building and compiling search function
Trying to instantiate ann_benchmarks.algorithms.pynndescent.pynndescent(['euclidean', 1, 4])
Number of query threads: 4
Fri Aug 25 18:52:03 2023 Building RP forest with 31 trees
Fri Aug 25 18:52:14 2023 NN descent for 19 iterations
	 1  /  19
	 2  /  19
	 3  /  19
	 4  /  19
	 5  /  19
	 6  /  19
	 7  /  19
	 8  /  19
	 9  /  19
	 10  /  19
	 11  /  19
	 12  /  19
	 13  /  19
	 14  /  19
	 15  /  19
	 16  /  19
	 17  /  19
	Stopping threshold met -- exiting after 17 iterations
Fri Aug 25 18:56:35 2023 Worst tree score: 0.15528348
Fri Aug 25 18:56:35 2023 Mean tree score: 0.15637111
Fri Aug 25 18:56:35 2023 Best tree score: 0.15779911
Fri Aug 25 18:56:39 2023 Forward diversification reduced edges from 4480000 to 3210956
Fri Aug 25 18:56:42 2023 Reverse diversification reduced edges from 3210956 to 3210956
Fri Aug 25 18:56:46 2023 Degree pruning reduced edges from 4500682 to 3711104
Fri Aug 25 18:56:46 2023 Resorting data and graph based on tree order
Fri Aug 25 18:56:46 2023 Compressing index by removing unneeded attributes
Fri Aug 25 18:56:46 2023 Building and compiling search function
Trying to instantiate ann_benchmarks.algorithms.pynndescent.pynndescent(['euclidean', 1, 4])
Number of query threads: 4
Fri Aug 25 18:52:02 2023 Building RP forest with 31 trees
Fri Aug 25 18:52:22 2023 NN descent for 19 iterations
	 1  /  19
	 2  /  19
	 3  /  19
	 4  /  19
	 5  /  19
	 6  /  19
	 7  /  19
	 8  /  19
	 9  /  19
	 10  /  19
	 11  /  19
	 12  /  19
	 13  /  19
	 14  /  19
	 15  /  19
	 16  /  19
	 17  /  19
	Stopping threshold met -- exiting after 17 iterations
Fri Aug 25 18:56:40 2023 Worst tree score: 0.15537277
Fri Aug 25 18:56:40 2023 Mean tree score: 0.15628355
Fri Aug 25 18:56:40 2023 Best tree score: 0.15742187
Fri Aug 25 18:56:45 2023 Forward diversification reduced edges from 4480000 to 3207469
Fri Aug 25 18:56:48 2023 Reverse diversification reduced edges from 3207469 to 3207469
Fri Aug 25 18:56:51 2023 Degree pruning reduced edges from 4498490 to 3707785
Fri Aug 25 18:56:51 2023 Resorting data and graph based on tree order
Fri Aug 25 18:56:52 2023 Compressing index by removing unneeded attributes
Fri Aug 25 18:56:52 2023 Building and compiling search function
Trying to instantiate ann_benchmarks.algorithms.pynndescent.pynndescent(['euclidean', 1, 4])
Number of query threads: 4
Fri Aug 25 18:52:03 2023 Building RP forest with 31 trees
Fri Aug 25 18:52:22 2023 NN descent for 19 iterations
	 1  /  19
	 2  /  19
	 3  /  19
	 4  /  19
	 5  /  19
	 6  /  19
	 7  /  19
	 8  /  19
	 9  /  19
	 10  /  19
	 11  /  19
	 12  /  19
	 13  /  19
	 14  /  19
	 15  /  19
	 16  /  19
	 17  /  19
	Stopping threshold met -- exiting after 17 iterations
Fri Aug 25 18:56:40 2023 Worst tree score: 0.15495759
Fri Aug 25 18:56:40 2023 Mean tree score: 0.15615157
Fri Aug 25 18:56:40 2023 Best tree score: 0.15748661
Fri Aug 25 18:56:45 2023 Forward diversification reduced edges from 4480000 to 3208222
Fri Aug 25 18:56:49 2023 Reverse diversification reduced edges from 3208222 to 3208222
Fri Aug 25 18:56:52 2023 Degree pruning reduced edges from 4497856 to 3707846
Fri Aug 25 18:56:52 2023 Resorting data and graph based on tree order
Fri Aug 25 18:56:53 2023 Compressing index by removing unneeded attributes
Fri Aug 25 18:56:53 2023 Building and compiling search function
Built index in 303.80331158638
Running query argument group 1 of 1...
Run 1/1...
Queries per second: 751.6539130123052
