['euclidean', 1, 4]
Trying to instantiate ann_benchmarks.algorithms.pynndescent.pynndescent(['euclidean', 1, 4])
Number of query threads: 4
got a train set of size (7000 * 512)
got 450 queries
Trying to instantiate ann_benchmarks.algorithms.pynndescent.pynndescent(['euclidean', 1, 4])
Number of query threads: 4
Mon Aug 28 02:18:09 2023 Building RP forest with 14 trees
Mon Aug 28 02:18:13 2023 NN descent for 13 iterations
	 1  /  13
	 2  /  13
	 3  /  13
	 4  /  13
	 5  /  13
	Stopping threshold met -- exiting after 5 iterations
Mon Aug 28 02:20:02 2023 Worst tree score: 0.47557143
Mon Aug 28 02:20:02 2023 Mean tree score: 0.50152041
Mon Aug 28 02:20:02 2023 Best tree score: 0.52885714
Mon Aug 28 02:20:06 2023 Forward diversification reduced edges from 70000 to 42927
Mon Aug 28 02:20:09 2023 Reverse diversification reduced edges from 42927 to 42927
Mon Aug 28 02:20:12 2023 Degree pruning reduced edges from 48710 to 48122
Mon Aug 28 02:20:12 2023 Resorting data and graph based on tree order
Mon Aug 28 02:20:12 2023 Compressing index by removing unneeded attributes
Mon Aug 28 02:20:12 2023 Building and compiling search function
Built index in 142.32172966003418
Running query argument group 1 of 1...
Run 1/1...
Queries per second: 25832.29726955439
