['euclidean', 1, 2]
Trying to instantiate ann_benchmarks.algorithms.pynndescent.pynndescent(['euclidean', 1, 2])
Number of query threads: 2
got a train set of size (112000 * 512)
got 450 queries
Trying to instantiate ann_benchmarks.algorithms.pynndescent.pynndescent(['euclidean', 1, 2])
Number of query threads: 2
Fri Aug 25 07:03:23 2023 Building RP forest with 23 trees
Fri Aug 25 07:03:27 2023 NN descent for 17 iterations
	 1  /  17
	 2  /  17
	 3  /  17
	 4  /  17
	 5  /  17
	 6  /  17
	 7  /  17
	 8  /  17
	 9  /  17
	 10  /  17
	 11  /  17
	 12  /  17
	 13  /  17
	 14  /  17
	Stopping threshold met -- exiting after 14 iterations
Fri Aug 25 07:05:45 2023 Worst tree score: 0.17302679
Fri Aug 25 07:05:45 2023 Mean tree score: 0.17530745
Fri Aug 25 07:05:45 2023 Best tree score: 0.17750893
Fri Aug 25 07:05:49 2023 Forward diversification reduced edges from 1120000 to 767932
Fri Aug 25 07:05:52 2023 Reverse diversification reduced edges from 767932 to 767932
Fri Aug 25 07:05:54 2023 Degree pruning reduced edges from 1074810 to 875223
Fri Aug 25 07:05:54 2023 Resorting data and graph based on tree order
Fri Aug 25 07:05:55 2023 Compressing index by removing unneeded attributes
Fri Aug 25 07:05:55 2023 Building and compiling search function
Trying to instantiate ann_benchmarks.algorithms.pynndescent.pynndescent(['euclidean', 1, 2])
Number of query threads: 2
Fri Aug 25 07:03:22 2023 Building RP forest with 23 trees
Fri Aug 25 07:03:27 2023 NN descent for 17 iterations
	 1  /  17
	 2  /  17
	 3  /  17
	 4  /  17
	 5  /  17
	 6  /  17
	 7  /  17
	 8  /  17
	 9  /  17
	 10  /  17
	 11  /  17
	 12  /  17
	 13  /  17
	 14  /  17
	Stopping threshold met -- exiting after 14 iterations
Fri Aug 25 07:05:44 2023 Worst tree score: 0.17281250
Fri Aug 25 07:05:44 2023 Mean tree score: 0.17525738
Fri Aug 25 07:05:44 2023 Best tree score: 0.17811607
Fri Aug 25 07:05:48 2023 Forward diversification reduced edges from 1120000 to 767859
Fri Aug 25 07:05:51 2023 Reverse diversification reduced edges from 767859 to 767859
Fri Aug 25 07:05:53 2023 Degree pruning reduced edges from 1074300 to 875488
Fri Aug 25 07:05:53 2023 Resorting data and graph based on tree order
Fri Aug 25 07:05:53 2023 Compressing index by removing unneeded attributes
Fri Aug 25 07:05:53 2023 Building and compiling search function
Built index in 164.72278094291687
Running query argument group 1 of 1...
Run 1/1...
Queries per second: 521.3638727901337
