['euclidean', 1, 8]
Trying to instantiate ann_benchmarks.algorithms.pynndescent.pynndescent(['euclidean', 1, 8])
Number of query threads: 8
got a train set of size (7000 * 512)
got 450 queries
Trying to instantiate ann_benchmarks.algorithms.pynndescent.pynndescent(['euclidean', 1, 8])
Number of query threads: 8
Mon Aug 28 02:20:13 2023 Building RP forest with 14 trees
Mon Aug 28 02:20:17 2023 NN descent for 13 iterations
	 1  /  13
	 2  /  13
	 3  /  13
	 4  /  13
	 5  /  13
	Stopping threshold met -- exiting after 5 iterations
Mon Aug 28 02:22:12 2023 Worst tree score: 0.47271429
Mon Aug 28 02:22:12 2023 Mean tree score: 0.50918367
Mon Aug 28 02:22:12 2023 Best tree score: 0.53157143
Mon Aug 28 02:22:16 2023 Forward diversification reduced edges from 70000 to 42938
Mon Aug 28 02:22:20 2023 Reverse diversification reduced edges from 42938 to 42938
Mon Aug 28 02:22:23 2023 Degree pruning reduced edges from 48600 to 48032
Mon Aug 28 02:22:23 2023 Resorting data and graph based on tree order
Mon Aug 28 02:22:23 2023 Compressing index by removing unneeded attributes
Mon Aug 28 02:22:23 2023 Building and compiling search function
Trying to instantiate ann_benchmarks.algorithms.pynndescent.pynndescent(['euclidean', 1, 8])
Number of query threads: 8
Mon Aug 28 02:20:13 2023 Building RP forest with 14 trees
Mon Aug 28 02:20:16 2023 NN descent for 13 iterations
	 1  /  13
	 2  /  13
	 3  /  13
	 4  /  13
	 5  /  13
	Stopping threshold met -- exiting after 5 iterations
Mon Aug 28 02:22:09 2023 Worst tree score: 0.47628571
Mon Aug 28 02:22:09 2023 Mean tree score: 0.50731633
Mon Aug 28 02:22:09 2023 Best tree score: 0.54271429
Mon Aug 28 02:22:15 2023 Forward diversification reduced edges from 70000 to 42920
Mon Aug 28 02:22:18 2023 Reverse diversification reduced edges from 42920 to 42920
Mon Aug 28 02:22:22 2023 Degree pruning reduced edges from 48632 to 48098
Mon Aug 28 02:22:22 2023 Resorting data and graph based on tree order
Mon Aug 28 02:22:22 2023 Compressing index by removing unneeded attributes
Mon Aug 28 02:22:22 2023 Building and compiling search function
Trying to instantiate ann_benchmarks.algorithms.pynndescent.pynndescent(['euclidean', 1, 8])
Number of query threads: 8
Mon Aug 28 02:20:13 2023 Building RP forest with 14 trees
Mon Aug 28 02:20:16 2023 NN descent for 13 iterations
	 1  /  13
	 2  /  13
	 3  /  13
	 4  /  13
	 5  /  13
	Stopping threshold met -- exiting after 5 iterations
Mon Aug 28 02:22:12 2023 Worst tree score: 0.48242857
Mon Aug 28 02:22:12 2023 Mean tree score: 0.50463265
Mon Aug 28 02:22:12 2023 Best tree score: 0.52928571
Mon Aug 28 02:22:16 2023 Forward diversification reduced edges from 70000 to 42967
Mon Aug 28 02:22:20 2023 Reverse diversification reduced edges from 42967 to 42967
Mon Aug 28 02:22:23 2023 Degree pruning reduced edges from 48806 to 48220
Mon Aug 28 02:22:23 2023 Resorting data and graph based on tree order
Mon Aug 28 02:22:23 2023 Compressing index by removing unneeded attributes
Mon Aug 28 02:22:23 2023 Building and compiling search function
Trying to instantiate ann_benchmarks.algorithms.pynndescent.pynndescent(['euclidean', 1, 8])
Number of query threads: 8
Mon Aug 28 02:20:13 2023 Building RP forest with 14 trees
Mon Aug 28 02:20:17 2023 NN descent for 13 iterations
	 1  /  13
	 2  /  13
	 3  /  13
	 4  /  13
	 5  /  13
	Stopping threshold met -- exiting after 5 iterations
Mon Aug 28 02:22:09 2023 Worst tree score: 0.47228571
Mon Aug 28 02:22:09 2023 Mean tree score: 0.50793878
Mon Aug 28 02:22:09 2023 Best tree score: 0.53871429
Mon Aug 28 02:22:15 2023 Forward diversification reduced edges from 70000 to 42949
Mon Aug 28 02:22:19 2023 Reverse diversification reduced edges from 42949 to 42949
Mon Aug 28 02:22:22 2023 Degree pruning reduced edges from 48786 to 48232
Mon Aug 28 02:22:22 2023 Resorting data and graph based on tree order
Mon Aug 28 02:22:22 2023 Compressing index by removing unneeded attributes
Mon Aug 28 02:22:22 2023 Building and compiling search function
Trying to instantiate ann_benchmarks.algorithms.pynndescent.pynndescent(['euclidean', 1, 8])
Number of query threads: 8
Mon Aug 28 02:20:13 2023 Building RP forest with 14 trees
Mon Aug 28 02:20:17 2023 NN descent for 13 iterations
	 1  /  13
	 2  /  13
	 3  /  13
	 4  /  13
	 5  /  13
	Stopping threshold met -- exiting after 5 iterations
Mon Aug 28 02:22:11 2023 Worst tree score: 0.47114286
Mon Aug 28 02:22:11 2023 Mean tree score: 0.51490816
Mon Aug 28 02:22:11 2023 Best tree score: 0.53928571
Mon Aug 28 02:22:15 2023 Forward diversification reduced edges from 70000 to 42961
Mon Aug 28 02:22:19 2023 Reverse diversification reduced edges from 42961 to 42961
Mon Aug 28 02:22:22 2023 Degree pruning reduced edges from 48672 to 48120
Mon Aug 28 02:22:22 2023 Resorting data and graph based on tree order
Mon Aug 28 02:22:22 2023 Compressing index by removing unneeded attributes
Mon Aug 28 02:22:22 2023 Building and compiling search function
Trying to instantiate ann_benchmarks.algorithms.pynndescent.pynndescent(['euclidean', 1, 8])
Number of query threads: 8
Mon Aug 28 02:20:13 2023 Building RP forest with 14 trees
Mon Aug 28 02:20:17 2023 NN descent for 13 iterations
	 1  /  13
	 2  /  13
	 3  /  13
	 4  /  13
	 5  /  13
	Stopping threshold met -- exiting after 5 iterations
Mon Aug 28 02:22:11 2023 Worst tree score: 0.47600000
Mon Aug 28 02:22:11 2023 Mean tree score: 0.50210204
Mon Aug 28 02:22:11 2023 Best tree score: 0.53085714
Mon Aug 28 02:22:15 2023 Forward diversification reduced edges from 70000 to 42900
Mon Aug 28 02:22:19 2023 Reverse diversification reduced edges from 42900 to 42900
Mon Aug 28 02:22:21 2023 Degree pruning reduced edges from 48634 to 48066
Mon Aug 28 02:22:21 2023 Resorting data and graph based on tree order
Mon Aug 28 02:22:21 2023 Compressing index by removing unneeded attributes
Mon Aug 28 02:22:21 2023 Building and compiling search function
Trying to instantiate ann_benchmarks.algorithms.pynndescent.pynndescent(['euclidean', 1, 8])
Number of query threads: 8
Mon Aug 28 02:20:13 2023 Building RP forest with 14 trees
Mon Aug 28 02:20:16 2023 NN descent for 13 iterations
	 1  /  13
	 2  /  13
	 3  /  13
	 4  /  13
	 5  /  13
	Stopping threshold met -- exiting after 5 iterations
Mon Aug 28 02:22:08 2023 Worst tree score: 0.48585714
Mon Aug 28 02:22:08 2023 Mean tree score: 0.50711224
Mon Aug 28 02:22:08 2023 Best tree score: 0.52928571
Mon Aug 28 02:22:13 2023 Forward diversification reduced edges from 70000 to 42946
Mon Aug 28 02:22:16 2023 Reverse diversification reduced edges from 42946 to 42946
Mon Aug 28 02:22:19 2023 Degree pruning reduced edges from 48670 to 48115
Mon Aug 28 02:22:19 2023 Resorting data and graph based on tree order
Mon Aug 28 02:22:19 2023 Compressing index by removing unneeded attributes
Mon Aug 28 02:22:19 2023 Building and compiling search function
Trying to instantiate ann_benchmarks.algorithms.pynndescent.pynndescent(['euclidean', 1, 8])
Number of query threads: 8
Mon Aug 28 02:20:13 2023 Building RP forest with 14 trees
Mon Aug 28 02:20:17 2023 NN descent for 13 iterations
	 1  /  13
	 2  /  13
	 3  /  13
	 4  /  13
	 5  /  13
	Stopping threshold met -- exiting after 5 iterations
Mon Aug 28 02:22:08 2023 Worst tree score: 0.46057143
Mon Aug 28 02:22:08 2023 Mean tree score: 0.49034694
Mon Aug 28 02:22:08 2023 Best tree score: 0.52057143
Mon Aug 28 02:22:14 2023 Forward diversification reduced edges from 70000 to 42956
Mon Aug 28 02:22:18 2023 Reverse diversification reduced edges from 42956 to 42956
Mon Aug 28 02:22:21 2023 Degree pruning reduced edges from 48748 to 48164
Mon Aug 28 02:22:21 2023 Resorting data and graph based on tree order
Mon Aug 28 02:22:21 2023 Compressing index by removing unneeded attributes
Mon Aug 28 02:22:21 2023 Building and compiling search function
Built index in 142.61879301071167
Running query argument group 1 of 1...
Run 1/1...
Queries per second: 35818.13834329661
