['euclidean', 1, 2]
Trying to instantiate ann_benchmarks.algorithms.pynndescent.pynndescent(['euclidean', 1, 2])
Number of query threads: 2
got a train set of size (28000 * 2048)
got 450 queries
Trying to instantiate ann_benchmarks.algorithms.pynndescent.pynndescent(['euclidean', 1, 2])
Number of query threads: 2
Fri Aug 25 03:11:54 2023 Building RP forest with 18 trees
Fri Aug 25 03:11:59 2023 NN descent for 15 iterations
	 1  /  15
	 2  /  15
	 3  /  15
	 4  /  15
	 5  /  15
	 6  /  15
	 7  /  15
	 8  /  15
	 9  /  15
	 10  /  15
	 11  /  15
	 12  /  15
	 13  /  15
	Stopping threshold met -- exiting after 13 iterations
Fri Aug 25 03:13:55 2023 Worst tree score: 0.17428571
Fri Aug 25 03:13:55 2023 Mean tree score: 0.17668849
Fri Aug 25 03:13:55 2023 Best tree score: 0.17978571
Fri Aug 25 03:13:58 2023 Forward diversification reduced edges from 280000 to 184545
Fri Aug 25 03:14:02 2023 Reverse diversification reduced edges from 184545 to 184545
Fri Aug 25 03:14:04 2023 Degree pruning reduced edges from 261474 to 206336
Fri Aug 25 03:14:04 2023 Resorting data and graph based on tree order
Fri Aug 25 03:14:04 2023 Compressing index by removing unneeded attributes
Fri Aug 25 03:14:04 2023 Building and compiling search function
Trying to instantiate ann_benchmarks.algorithms.pynndescent.pynndescent(['euclidean', 1, 2])
Number of query threads: 2
Fri Aug 25 03:11:54 2023 Building RP forest with 18 trees
Fri Aug 25 03:11:58 2023 NN descent for 15 iterations
	 1  /  15
	 2  /  15
	 3  /  15
	 4  /  15
	 5  /  15
	 6  /  15
	 7  /  15
	 8  /  15
	 9  /  15
	 10  /  15
	 11  /  15
	 12  /  15
	 13  /  15
	Stopping threshold met -- exiting after 13 iterations
Fri Aug 25 03:13:58 2023 Worst tree score: 0.16871429
Fri Aug 25 03:13:58 2023 Mean tree score: 0.17600198
Fri Aug 25 03:13:58 2023 Best tree score: 0.18346429
Fri Aug 25 03:14:01 2023 Forward diversification reduced edges from 280000 to 184187
Fri Aug 25 03:14:04 2023 Reverse diversification reduced edges from 184187 to 184187
Fri Aug 25 03:14:06 2023 Degree pruning reduced edges from 260848 to 206341
Fri Aug 25 03:14:06 2023 Resorting data and graph based on tree order
Fri Aug 25 03:14:07 2023 Compressing index by removing unneeded attributes
Fri Aug 25 03:14:07 2023 Building and compiling search function
Built index in 145.1330165863037
Running query argument group 1 of 1...
Run 1/1...
Queries per second: 78.83931608373032
