['euclidean', 1, 1]
Trying to instantiate ann_benchmarks.algorithms.pynndescent.pynndescent(['euclidean', 1, 1])
Number of query threads: 1
got a train set of size (7000 * 512)
got 450 queries
Trying to instantiate ann_benchmarks.algorithms.pynndescent.pynndescent(['euclidean', 1, 1])
Number of query threads: 1
Mon Aug 28 02:15:21 2023 Building RP forest with 14 trees
Mon Aug 28 02:15:25 2023 NN descent for 13 iterations
	 1  /  13
	 2  /  13
	 3  /  13
	 4  /  13
	 5  /  13
	Stopping threshold met -- exiting after 5 iterations
Mon Aug 28 02:17:13 2023 Worst tree score: 0.46985714
Mon Aug 28 02:17:13 2023 Mean tree score: 0.50100000
Mon Aug 28 02:17:13 2023 Best tree score: 0.52557143
Mon Aug 28 02:17:17 2023 Forward diversification reduced edges from 70000 to 42969
Mon Aug 28 02:17:20 2023 Reverse diversification reduced edges from 42969 to 42969
Mon Aug 28 02:17:22 2023 Degree pruning reduced edges from 48752 to 48186
Mon Aug 28 02:17:22 2023 Resorting data and graph based on tree order
Mon Aug 28 02:17:22 2023 Compressing index by removing unneeded attributes
Mon Aug 28 02:17:22 2023 Building and compiling search function
Built index in 132.49024486541748
Running query argument group 1 of 1...
Run 1/1...
Queries per second: 2313.128839769246
