['euclidean', 1, 2]
Trying to instantiate ann_benchmarks.algorithms.pynndescent.pynndescent(['euclidean', 1, 2])
Number of query threads: 2
got a train set of size (448000 * 32)
got 450 queries
Trying to instantiate ann_benchmarks.algorithms.pynndescent.pynndescent(['euclidean', 1, 2])
Number of query threads: 2
Fri Aug 25 09:56:23 2023 Building RP forest with 31 trees
Fri Aug 25 09:56:28 2023 NN descent for 19 iterations
	 1  /  19
	 2  /  19
	 3  /  19
	 4  /  19
	 5  /  19
	 6  /  19
	 7  /  19
	 8  /  19
	 9  /  19
	Stopping threshold met -- exiting after 9 iterations
Fri Aug 25 09:59:50 2023 Worst tree score: 0.15399330
Fri Aug 25 09:59:50 2023 Mean tree score: 0.15508727
Fri Aug 25 09:59:50 2023 Best tree score: 0.15671875
Fri Aug 25 09:59:54 2023 Forward diversification reduced edges from 4480000 to 3375587
Fri Aug 25 09:59:57 2023 Reverse diversification reduced edges from 3375587 to 3375587
Fri Aug 25 10:00:00 2023 Degree pruning reduced edges from 4053644 to 3847949
Fri Aug 25 10:00:00 2023 Resorting data and graph based on tree order
Fri Aug 25 10:00:00 2023 Compressing index by removing unneeded attributes
Fri Aug 25 10:00:00 2023 Building and compiling search function
Trying to instantiate ann_benchmarks.algorithms.pynndescent.pynndescent(['euclidean', 1, 2])
Number of query threads: 2
Fri Aug 25 09:56:23 2023 Building RP forest with 31 trees
Fri Aug 25 09:56:29 2023 NN descent for 19 iterations
	 1  /  19
	 2  /  19
	 3  /  19
	 4  /  19
	 5  /  19
	 6  /  19
	 7  /  19
	 8  /  19
	 9  /  19
	Stopping threshold met -- exiting after 9 iterations
Fri Aug 25 09:59:50 2023 Worst tree score: 0.15309821
Fri Aug 25 09:59:50 2023 Mean tree score: 0.15495457
Fri Aug 25 09:59:50 2023 Best tree score: 0.15622321
Fri Aug 25 09:59:54 2023 Forward diversification reduced edges from 4480000 to 3374399
Fri Aug 25 09:59:57 2023 Reverse diversification reduced edges from 3374399 to 3374399
Fri Aug 25 10:00:00 2023 Degree pruning reduced edges from 4053358 to 3847424
Fri Aug 25 10:00:00 2023 Resorting data and graph based on tree order
Fri Aug 25 10:00:00 2023 Compressing index by removing unneeded attributes
Fri Aug 25 10:00:00 2023 Building and compiling search function
Built index in 229.48832726478577
Running query argument group 1 of 1...
Run 1/1...
Queries per second: 20630.655721578027
