['euclidean', 1, 2]
Trying to instantiate ann_benchmarks.algorithms.pynndescent.pynndescent(['euclidean', 1, 2])
Number of query threads: 2
got a train set of size (28000 * 128)
got 450 queries
Trying to instantiate ann_benchmarks.algorithms.pynndescent.pynndescent(['euclidean', 1, 2])
Number of query threads: 2
Fri Aug 25 01:37:21 2023 Building RP forest with 18 trees
Fri Aug 25 01:37:25 2023 NN descent for 15 iterations
	 1  /  15
	 2  /  15
	 3  /  15
	 4  /  15
	 5  /  15
	 6  /  15
	 7  /  15
	 8  /  15
	 9  /  15
	 10  /  15
	 11  /  15
	Stopping threshold met -- exiting after 11 iterations
Fri Aug 25 01:38:32 2023 Worst tree score: 0.20460714
Fri Aug 25 01:38:32 2023 Mean tree score: 0.20911905
Fri Aug 25 01:38:32 2023 Best tree score: 0.21417857
Fri Aug 25 01:38:38 2023 Forward diversification reduced edges from 280000 to 197659
Fri Aug 25 01:38:41 2023 Reverse diversification reduced edges from 197659 to 197659
Fri Aug 25 01:38:44 2023 Degree pruning reduced edges from 263574 to 224494
Fri Aug 25 01:38:44 2023 Resorting data and graph based on tree order
Fri Aug 25 01:38:44 2023 Compressing index by removing unneeded attributes
Fri Aug 25 01:38:44 2023 Building and compiling search function
Built index in 98.83530187606812
Running query argument group 1 of 1...
Run 1/1...
Queries per second: 13918.226666371735
