['euclidean', 1, 4]
Trying to instantiate ann_benchmarks.algorithms.pynndescent.pynndescent(['euclidean', 1, 4])
Number of query threads: 4
got a train set of size (28000 * 2048)
got 450 queries
Trying to instantiate ann_benchmarks.algorithms.pynndescent.pynndescent(['euclidean', 1, 4])
Number of query threads: 4
Fri Aug 25 03:18:06 2023 Building RP forest with 18 trees
Fri Aug 25 03:18:11 2023 NN descent for 15 iterations
	 1  /  15
	 2  /  15
	 3  /  15
	 4  /  15
	 5  /  15
	 6  /  15
	 7  /  15
	 8  /  15
	 9  /  15
	 10  /  15
	 11  /  15
	 12  /  15
	 13  /  15
	Stopping threshold met -- exiting after 13 iterations
Fri Aug 25 03:20:13 2023 Worst tree score: 0.17089286
Fri Aug 25 03:20:13 2023 Mean tree score: 0.17590675
Fri Aug 25 03:20:13 2023 Best tree score: 0.17925000
Fri Aug 25 03:20:17 2023 Forward diversification reduced edges from 280000 to 184030
Fri Aug 25 03:20:20 2023 Reverse diversification reduced edges from 184030 to 184030
Fri Aug 25 03:20:23 2023 Degree pruning reduced edges from 260614 to 205723
Fri Aug 25 03:20:23 2023 Resorting data and graph based on tree order
Fri Aug 25 03:20:24 2023 Compressing index by removing unneeded attributes
Fri Aug 25 03:20:24 2023 Building and compiling search function
Trying to instantiate ann_benchmarks.algorithms.pynndescent.pynndescent(['euclidean', 1, 4])
Number of query threads: 4
Fri Aug 25 03:18:06 2023 Building RP forest with 18 trees
Fri Aug 25 03:18:11 2023 NN descent for 15 iterations
	 1  /  15
	 2  /  15
	 3  /  15
	 4  /  15
	 5  /  15
	 6  /  15
	 7  /  15
	 8  /  15
	 9  /  15
	 10  /  15
	 11  /  15
	 12  /  15
	 13  /  15
	Stopping threshold met -- exiting after 13 iterations
Fri Aug 25 03:20:10 2023 Worst tree score: 0.17089286
Fri Aug 25 03:20:10 2023 Mean tree score: 0.17642460
Fri Aug 25 03:20:10 2023 Best tree score: 0.18046429
Fri Aug 25 03:20:14 2023 Forward diversification reduced edges from 280000 to 184434
Fri Aug 25 03:20:17 2023 Reverse diversification reduced edges from 184434 to 184434
Fri Aug 25 03:20:20 2023 Degree pruning reduced edges from 261016 to 206179
Fri Aug 25 03:20:20 2023 Resorting data and graph based on tree order
Fri Aug 25 03:20:20 2023 Compressing index by removing unneeded attributes
Fri Aug 25 03:20:20 2023 Building and compiling search function
Trying to instantiate ann_benchmarks.algorithms.pynndescent.pynndescent(['euclidean', 1, 4])
Number of query threads: 4
Fri Aug 25 03:18:06 2023 Building RP forest with 18 trees
Fri Aug 25 03:18:11 2023 NN descent for 15 iterations
	 1  /  15
	 2  /  15
	 3  /  15
	 4  /  15
	 5  /  15
	 6  /  15
	 7  /  15
	 8  /  15
	 9  /  15
	 10  /  15
	 11  /  15
	 12  /  15
	 13  /  15
	Stopping threshold met -- exiting after 13 iterations
Fri Aug 25 03:20:14 2023 Worst tree score: 0.16900000
Fri Aug 25 03:20:14 2023 Mean tree score: 0.17507143
Fri Aug 25 03:20:14 2023 Best tree score: 0.17950000
Fri Aug 25 03:20:17 2023 Forward diversification reduced edges from 280000 to 183982
Fri Aug 25 03:20:21 2023 Reverse diversification reduced edges from 183982 to 183982
Fri Aug 25 03:20:23 2023 Degree pruning reduced edges from 260540 to 205629
Fri Aug 25 03:20:23 2023 Resorting data and graph based on tree order
Fri Aug 25 03:20:24 2023 Compressing index by removing unneeded attributes
Fri Aug 25 03:20:24 2023 Building and compiling search function
Built index in 150.1481213569641
Running query argument group 1 of 1...
Run 1/1...
Queries per second: 148.81965308366094
