['euclidean', 1, 8]
Trying to instantiate ann_benchmarks.algorithms.pynndescent.pynndescent(['euclidean', 1, 8])
Number of query threads: 8
got a train set of size (7000 * 512)
got 450 queries
Trying to instantiate ann_benchmarks.algorithms.pynndescent.pynndescent(['euclidean', 1, 8])
Number of query threads: 8
Mon Aug 28 02:20:03 2023 Building RP forest with 14 trees
Mon Aug 28 02:20:07 2023 NN descent for 13 iterations
	 1  /  13
	 2  /  13
	 3  /  13
	 4  /  13
	 5  /  13
	Stopping threshold met -- exiting after 5 iterations
Mon Aug 28 02:22:00 2023 Worst tree score: 0.48714286
Mon Aug 28 02:22:00 2023 Mean tree score: 0.50458163
Mon Aug 28 02:22:00 2023 Best tree score: 0.52714286
Mon Aug 28 02:22:04 2023 Forward diversification reduced edges from 70000 to 42991
Mon Aug 28 02:22:08 2023 Reverse diversification reduced edges from 42991 to 42991
Mon Aug 28 02:22:11 2023 Degree pruning reduced edges from 48698 to 48154
Mon Aug 28 02:22:11 2023 Resorting data and graph based on tree order
Mon Aug 28 02:22:11 2023 Compressing index by removing unneeded attributes
Mon Aug 28 02:22:11 2023 Building and compiling search function
Trying to instantiate ann_benchmarks.algorithms.pynndescent.pynndescent(['euclidean', 1, 8])
Number of query threads: 8
Mon Aug 28 02:20:02 2023 Building RP forest with 14 trees
Mon Aug 28 02:20:06 2023 NN descent for 13 iterations
	 1  /  13
	 2  /  13
	 3  /  13
	 4  /  13
	 5  /  13
	Stopping threshold met -- exiting after 5 iterations
Mon Aug 28 02:22:00 2023 Worst tree score: 0.47642857
Mon Aug 28 02:22:00 2023 Mean tree score: 0.50661224
Mon Aug 28 02:22:00 2023 Best tree score: 0.53200000
Mon Aug 28 02:22:04 2023 Forward diversification reduced edges from 70000 to 42942
Mon Aug 28 02:22:07 2023 Reverse diversification reduced edges from 42942 to 42942
Mon Aug 28 02:22:10 2023 Degree pruning reduced edges from 48692 to 48107
Mon Aug 28 02:22:10 2023 Resorting data and graph based on tree order
Mon Aug 28 02:22:10 2023 Compressing index by removing unneeded attributes
Mon Aug 28 02:22:10 2023 Building and compiling search function
Trying to instantiate ann_benchmarks.algorithms.pynndescent.pynndescent(['euclidean', 1, 8])
Number of query threads: 8
Mon Aug 28 02:20:02 2023 Building RP forest with 14 trees
Mon Aug 28 02:20:06 2023 NN descent for 13 iterations
	 1  /  13
	 2  /  13
	 3  /  13
	 4  /  13
	 5  /  13
	Stopping threshold met -- exiting after 5 iterations
Mon Aug 28 02:21:57 2023 Worst tree score: 0.47457143
Mon Aug 28 02:21:57 2023 Mean tree score: 0.49670408
Mon Aug 28 02:21:57 2023 Best tree score: 0.52028571
Mon Aug 28 02:22:03 2023 Forward diversification reduced edges from 70000 to 42859
Mon Aug 28 02:22:06 2023 Reverse diversification reduced edges from 42859 to 42859
Mon Aug 28 02:22:09 2023 Degree pruning reduced edges from 48624 to 48039
Mon Aug 28 02:22:09 2023 Resorting data and graph based on tree order
Mon Aug 28 02:22:10 2023 Compressing index by removing unneeded attributes
Mon Aug 28 02:22:10 2023 Building and compiling search function
Trying to instantiate ann_benchmarks.algorithms.pynndescent.pynndescent(['euclidean', 1, 8])
Number of query threads: 8
Mon Aug 28 02:20:02 2023 Building RP forest with 14 trees
Mon Aug 28 02:20:06 2023 NN descent for 13 iterations
	 1  /  13
	 2  /  13
	 3  /  13
	 4  /  13
	 5  /  13
	Stopping threshold met -- exiting after 5 iterations
Mon Aug 28 02:21:58 2023 Worst tree score: 0.47171429
Mon Aug 28 02:21:58 2023 Mean tree score: 0.50353061
Mon Aug 28 02:21:58 2023 Best tree score: 0.54228571
Mon Aug 28 02:22:03 2023 Forward diversification reduced edges from 70000 to 42953
Mon Aug 28 02:22:06 2023 Reverse diversification reduced edges from 42953 to 42953
Mon Aug 28 02:22:09 2023 Degree pruning reduced edges from 48764 to 48215
Mon Aug 28 02:22:09 2023 Resorting data and graph based on tree order
Mon Aug 28 02:22:09 2023 Compressing index by removing unneeded attributes
Mon Aug 28 02:22:09 2023 Building and compiling search function
Trying to instantiate ann_benchmarks.algorithms.pynndescent.pynndescent(['euclidean', 1, 8])
Number of query threads: 8
Mon Aug 28 02:20:02 2023 Building RP forest with 14 trees
Mon Aug 28 02:20:06 2023 NN descent for 13 iterations
	 1  /  13
	 2  /  13
	 3  /  13
	 4  /  13
	 5  /  13
	Stopping threshold met -- exiting after 5 iterations
Mon Aug 28 02:22:01 2023 Worst tree score: 0.45485714
Mon Aug 28 02:22:01 2023 Mean tree score: 0.49867347
Mon Aug 28 02:22:01 2023 Best tree score: 0.52271429
Mon Aug 28 02:22:05 2023 Forward diversification reduced edges from 70000 to 42999
Mon Aug 28 02:22:08 2023 Reverse diversification reduced edges from 42999 to 42999
Mon Aug 28 02:22:11 2023 Degree pruning reduced edges from 48708 to 48148
Mon Aug 28 02:22:11 2023 Resorting data and graph based on tree order
Mon Aug 28 02:22:11 2023 Compressing index by removing unneeded attributes
Mon Aug 28 02:22:11 2023 Building and compiling search function
Trying to instantiate ann_benchmarks.algorithms.pynndescent.pynndescent(['euclidean', 1, 8])
Number of query threads: 8
Mon Aug 28 02:20:02 2023 Building RP forest with 14 trees
Mon Aug 28 02:20:06 2023 NN descent for 13 iterations
	 1  /  13
	 2  /  13
	 3  /  13
	 4  /  13
	 5  /  13
	Stopping threshold met -- exiting after 5 iterations
Mon Aug 28 02:22:00 2023 Worst tree score: 0.48628571
Mon Aug 28 02:22:00 2023 Mean tree score: 0.50973469
Mon Aug 28 02:22:00 2023 Best tree score: 0.52771429
Mon Aug 28 02:22:04 2023 Forward diversification reduced edges from 70000 to 42994
Mon Aug 28 02:22:08 2023 Reverse diversification reduced edges from 42994 to 42994
Mon Aug 28 02:22:11 2023 Degree pruning reduced edges from 48752 to 48187
Mon Aug 28 02:22:11 2023 Resorting data and graph based on tree order
Mon Aug 28 02:22:11 2023 Compressing index by removing unneeded attributes
Mon Aug 28 02:22:11 2023 Building and compiling search function
Trying to instantiate ann_benchmarks.algorithms.pynndescent.pynndescent(['euclidean', 1, 8])
Number of query threads: 8
Mon Aug 28 02:20:02 2023 Building RP forest with 14 trees
Mon Aug 28 02:20:06 2023 NN descent for 13 iterations
	 1  /  13
	 2  /  13
	 3  /  13
	 4  /  13
	 5  /  13
	Stopping threshold met -- exiting after 5 iterations
Mon Aug 28 02:22:00 2023 Worst tree score: 0.48457143
Mon Aug 28 02:22:00 2023 Mean tree score: 0.50044898
Mon Aug 28 02:22:00 2023 Best tree score: 0.52157143
Mon Aug 28 02:22:04 2023 Forward diversification reduced edges from 70000 to 42904
Mon Aug 28 02:22:07 2023 Reverse diversification reduced edges from 42904 to 42904
Mon Aug 28 02:22:10 2023 Degree pruning reduced edges from 48592 to 48051
Mon Aug 28 02:22:10 2023 Resorting data and graph based on tree order
Mon Aug 28 02:22:10 2023 Compressing index by removing unneeded attributes
Mon Aug 28 02:22:10 2023 Building and compiling search function
Trying to instantiate ann_benchmarks.algorithms.pynndescent.pynndescent(['euclidean', 1, 8])
Number of query threads: 8
Mon Aug 28 02:20:02 2023 Building RP forest with 14 trees
Mon Aug 28 02:20:06 2023 NN descent for 13 iterations
	 1  /  13
	 2  /  13
	 3  /  13
	 4  /  13
	 5  /  13
	Stopping threshold met -- exiting after 5 iterations
Mon Aug 28 02:21:59 2023 Worst tree score: 0.48571429
Mon Aug 28 02:21:59 2023 Mean tree score: 0.50901020
Mon Aug 28 02:21:59 2023 Best tree score: 0.52371429
Mon Aug 28 02:22:03 2023 Forward diversification reduced edges from 70000 to 43015
Mon Aug 28 02:22:06 2023 Reverse diversification reduced edges from 43015 to 43015
Mon Aug 28 02:22:09 2023 Degree pruning reduced edges from 48812 to 48262
Mon Aug 28 02:22:09 2023 Resorting data and graph based on tree order
Mon Aug 28 02:22:09 2023 Compressing index by removing unneeded attributes
Mon Aug 28 02:22:09 2023 Building and compiling search function
Built index in 141.25469756126404
Running query argument group 1 of 1...
Run 1/1...
Queries per second: 39208.05999293732
