['euclidean', 1, 4]
Trying to instantiate ann_benchmarks.algorithms.pynndescent.pynndescent(['euclidean', 1, 4])
Number of query threads: 4
got a train set of size (448000 * 512)
got 450 queries
Trying to instantiate ann_benchmarks.algorithms.pynndescent.pynndescent(['euclidean', 1, 4])
Number of query threads: 4
Mon Aug 28 00:43:51 2023 Building RP forest with 31 trees
Mon Aug 28 00:44:11 2023 NN descent for 19 iterations
	 1  /  19
	 2  /  19
	 3  /  19
	 4  /  19
	 5  /  19
	 6  /  19
	 7  /  19
	 8  /  19
	 9  /  19
	 10  /  19
	 11  /  19
	 12  /  19
	 13  /  19
	 14  /  19
	 15  /  19
	 16  /  19
	 17  /  19
	Stopping threshold met -- exiting after 17 iterations
Mon Aug 28 00:48:22 2023 Worst tree score: 0.15482366
Mon Aug 28 00:48:22 2023 Mean tree score: 0.15626786
Mon Aug 28 00:48:22 2023 Best tree score: 0.15805804
Mon Aug 28 00:48:26 2023 Forward diversification reduced edges from 4480000 to 3208147
Mon Aug 28 00:48:31 2023 Reverse diversification reduced edges from 3208147 to 3208147
Mon Aug 28 00:48:34 2023 Degree pruning reduced edges from 4498612 to 3710138
Mon Aug 28 00:48:34 2023 Resorting data and graph based on tree order
Mon Aug 28 00:48:34 2023 Compressing index by removing unneeded attributes
Mon Aug 28 00:48:34 2023 Building and compiling search function
Trying to instantiate ann_benchmarks.algorithms.pynndescent.pynndescent(['euclidean', 1, 4])
Number of query threads: 4
Mon Aug 28 00:43:51 2023 Building RP forest with 31 trees
Mon Aug 28 00:44:02 2023 NN descent for 19 iterations
	 1  /  19
	 2  /  19
	 3  /  19
	 4  /  19
	 5  /  19
	 6  /  19
	 7  /  19
	 8  /  19
	 9  /  19
	 10  /  19
	 11  /  19
	 12  /  19
	 13  /  19
	 14  /  19
	 15  /  19
	 16  /  19
	 17  /  19
	Stopping threshold met -- exiting after 17 iterations
Mon Aug 28 00:48:19 2023 Worst tree score: 0.15484821
Mon Aug 28 00:48:19 2023 Mean tree score: 0.15643851
Mon Aug 28 00:48:19 2023 Best tree score: 0.15756250
Mon Aug 28 00:48:24 2023 Forward diversification reduced edges from 4480000 to 3211273
Mon Aug 28 00:48:27 2023 Reverse diversification reduced edges from 3211273 to 3211273
Mon Aug 28 00:48:30 2023 Degree pruning reduced edges from 4501160 to 3712468
Mon Aug 28 00:48:30 2023 Resorting data and graph based on tree order
Mon Aug 28 00:48:31 2023 Compressing index by removing unneeded attributes
Mon Aug 28 00:48:31 2023 Building and compiling search function
Trying to instantiate ann_benchmarks.algorithms.pynndescent.pynndescent(['euclidean', 1, 4])
Number of query threads: 4
Mon Aug 28 00:43:51 2023 Building RP forest with 31 trees
Mon Aug 28 00:44:11 2023 NN descent for 19 iterations
	 1  /  19
	 2  /  19
	 3  /  19
	 4  /  19
	 5  /  19
	 6  /  19
	 7  /  19
	 8  /  19
	 9  /  19
	 10  /  19
	 11  /  19
	 12  /  19
	 13  /  19
	 14  /  19
	 15  /  19
	 16  /  19
	 17  /  19
	Stopping threshold met -- exiting after 17 iterations
Mon Aug 28 00:48:22 2023 Worst tree score: 0.15460045
Mon Aug 28 00:48:22 2023 Mean tree score: 0.15622609
Mon Aug 28 00:48:22 2023 Best tree score: 0.15809821
Mon Aug 28 00:48:27 2023 Forward diversification reduced edges from 4480000 to 3209776
Mon Aug 28 00:48:31 2023 Reverse diversification reduced edges from 3209776 to 3209776
Mon Aug 28 00:48:34 2023 Degree pruning reduced edges from 4499222 to 3711692
Mon Aug 28 00:48:34 2023 Resorting data and graph based on tree order
Mon Aug 28 00:48:35 2023 Compressing index by removing unneeded attributes
Mon Aug 28 00:48:35 2023 Building and compiling search function
Trying to instantiate ann_benchmarks.algorithms.pynndescent.pynndescent(['euclidean', 1, 4])
Number of query threads: 4
Mon Aug 28 00:43:51 2023 Building RP forest with 31 trees
Mon Aug 28 00:44:11 2023 NN descent for 19 iterations
	 1  /  19
	 2  /  19
	 3  /  19
	 4  /  19
	 5  /  19
	 6  /  19
	 7  /  19
	 8  /  19
	 9  /  19
	 10  /  19
	 11  /  19
	 12  /  19
	 13  /  19
	 14  /  19
	 15  /  19
	 16  /  19
	 17  /  19
	Stopping threshold met -- exiting after 17 iterations
Mon Aug 28 00:48:24 2023 Worst tree score: 0.15502009
Mon Aug 28 00:48:24 2023 Mean tree score: 0.15627808
Mon Aug 28 00:48:24 2023 Best tree score: 0.15775670
Mon Aug 28 00:48:30 2023 Forward diversification reduced edges from 4480000 to 3210895
Mon Aug 28 00:48:33 2023 Reverse diversification reduced edges from 3210895 to 3210895
Mon Aug 28 00:48:36 2023 Degree pruning reduced edges from 4501116 to 3712776
Mon Aug 28 00:48:36 2023 Resorting data and graph based on tree order
Mon Aug 28 00:48:37 2023 Compressing index by removing unneeded attributes
Mon Aug 28 00:48:37 2023 Building and compiling search function
Built index in 299.66528153419495
Running query argument group 1 of 1...
Run 1/1...
Queries per second: 730.8352322778671
