['euclidean', 1, 4]
Trying to instantiate ann_benchmarks.algorithms.pynndescent.pynndescent(['euclidean', 1, 4])
Number of query threads: 4
got a train set of size (112000 * 128)
got 450 queries
Trying to instantiate ann_benchmarks.algorithms.pynndescent.pynndescent(['euclidean', 1, 4])
Number of query threads: 4
Fri Aug 25 05:28:53 2023 Building RP forest with 23 trees
Fri Aug 25 05:28:58 2023 NN descent for 17 iterations
	 1  /  17
	 2  /  17
	 3  /  17
	 4  /  17
	 5  /  17
	 6  /  17
	 7  /  17
	 8  /  17
	 9  /  17
	 10  /  17
	 11  /  17
	 12  /  17
	 13  /  17
	Stopping threshold met -- exiting after 13 iterations
Fri Aug 25 05:31:19 2023 Worst tree score: 0.18956250
Fri Aug 25 05:31:19 2023 Mean tree score: 0.19235637
Fri Aug 25 05:31:19 2023 Best tree score: 0.19733929
Fri Aug 25 05:31:23 2023 Forward diversification reduced edges from 1120000 to 812286
Fri Aug 25 05:31:26 2023 Reverse diversification reduced edges from 812286 to 812286
Fri Aug 25 05:31:29 2023 Degree pruning reduced edges from 1090632 to 931682
Fri Aug 25 05:31:29 2023 Resorting data and graph based on tree order
Fri Aug 25 05:31:29 2023 Compressing index by removing unneeded attributes
Fri Aug 25 05:31:29 2023 Building and compiling search function
Trying to instantiate ann_benchmarks.algorithms.pynndescent.pynndescent(['euclidean', 1, 4])
Number of query threads: 4
Fri Aug 25 05:28:53 2023 Building RP forest with 23 trees
Fri Aug 25 05:28:58 2023 NN descent for 17 iterations
	 1  /  17
	 2  /  17
	 3  /  17
	 4  /  17
	 5  /  17
	 6  /  17
	 7  /  17
	 8  /  17
	 9  /  17
	 10  /  17
	 11  /  17
	 12  /  17
	 13  /  17
	Stopping threshold met -- exiting after 13 iterations
Fri Aug 25 05:31:19 2023 Worst tree score: 0.18971429
Fri Aug 25 05:31:19 2023 Mean tree score: 0.19240023
Fri Aug 25 05:31:19 2023 Best tree score: 0.19566071
Fri Aug 25 05:31:23 2023 Forward diversification reduced edges from 1120000 to 812114
Fri Aug 25 05:31:26 2023 Reverse diversification reduced edges from 812114 to 812114
Fri Aug 25 05:31:29 2023 Degree pruning reduced edges from 1090446 to 932159
Fri Aug 25 05:31:29 2023 Resorting data and graph based on tree order
Fri Aug 25 05:31:29 2023 Compressing index by removing unneeded attributes
Fri Aug 25 05:31:29 2023 Building and compiling search function
Trying to instantiate ann_benchmarks.algorithms.pynndescent.pynndescent(['euclidean', 1, 4])
Number of query threads: 4
Fri Aug 25 05:28:53 2023 Building RP forest with 23 trees
Fri Aug 25 05:28:58 2023 NN descent for 17 iterations
	 1  /  17
	 2  /  17
	 3  /  17
	 4  /  17
	 5  /  17
	 6  /  17
	 7  /  17
	 8  /  17
	 9  /  17
	 10  /  17
	 11  /  17
	 12  /  17
	Stopping threshold met -- exiting after 12 iterations
Fri Aug 25 05:31:19 2023 Worst tree score: 0.19017857
Fri Aug 25 05:31:19 2023 Mean tree score: 0.19278882
Fri Aug 25 05:31:19 2023 Best tree score: 0.19647321
Fri Aug 25 05:31:22 2023 Forward diversification reduced edges from 1120000 to 812095
Fri Aug 25 05:31:25 2023 Reverse diversification reduced edges from 812095 to 812095
Fri Aug 25 05:31:28 2023 Degree pruning reduced edges from 1090052 to 931665
Fri Aug 25 05:31:28 2023 Resorting data and graph based on tree order
Fri Aug 25 05:31:29 2023 Compressing index by removing unneeded attributes
Fri Aug 25 05:31:29 2023 Building and compiling search function
Trying to instantiate ann_benchmarks.algorithms.pynndescent.pynndescent(['euclidean', 1, 4])
Number of query threads: 4
Fri Aug 25 05:28:53 2023 Building RP forest with 23 trees
Fri Aug 25 05:28:58 2023 NN descent for 17 iterations
	 1  /  17
	 2  /  17
	 3  /  17
	 4  /  17
	 5  /  17
	 6  /  17
	 7  /  17
	 8  /  17
	 9  /  17
	 10  /  17
	 11  /  17
	 12  /  17
	 13  /  17
	Stopping threshold met -- exiting after 13 iterations
Fri Aug 25 05:31:18 2023 Worst tree score: 0.18898214
Fri Aug 25 05:31:18 2023 Mean tree score: 0.19259394
Fri Aug 25 05:31:18 2023 Best tree score: 0.19571429
Fri Aug 25 05:31:22 2023 Forward diversification reduced edges from 1120000 to 811178
Fri Aug 25 05:31:26 2023 Reverse diversification reduced edges from 811178 to 811178
Fri Aug 25 05:31:28 2023 Degree pruning reduced edges from 1089632 to 931071
Fri Aug 25 05:31:28 2023 Resorting data and graph based on tree order
Fri Aug 25 05:31:29 2023 Compressing index by removing unneeded attributes
Fri Aug 25 05:31:29 2023 Building and compiling search function
Built index in 168.4125726222992
Running query argument group 1 of 1...
Run 1/1...
Queries per second: 14791.476689419685
