['euclidean', 1, 1]
Trying to instantiate ann_benchmarks.algorithms.pynndescent.pynndescent(['euclidean', 1, 1])
Number of query threads: 1
got a train set of size (7000 * 512)
got 450 queries
Trying to instantiate ann_benchmarks.algorithms.pynndescent.pynndescent(['euclidean', 1, 1])
Number of query threads: 1
Mon Aug 28 02:15:23 2023 Building RP forest with 14 trees
Mon Aug 28 02:15:28 2023 NN descent for 13 iterations
	 1  /  13
	 2  /  13
	 3  /  13
	 4  /  13
	 5  /  13
	Stopping threshold met -- exiting after 5 iterations
Mon Aug 28 02:17:16 2023 Worst tree score: 0.49742857
Mon Aug 28 02:17:16 2023 Mean tree score: 0.50989796
Mon Aug 28 02:17:16 2023 Best tree score: 0.52757143
Mon Aug 28 02:17:19 2023 Forward diversification reduced edges from 70000 to 43045
Mon Aug 28 02:17:22 2023 Reverse diversification reduced edges from 43045 to 43045
Mon Aug 28 02:17:25 2023 Degree pruning reduced edges from 48866 to 48322
Mon Aug 28 02:17:25 2023 Resorting data and graph based on tree order
Mon Aug 28 02:17:25 2023 Compressing index by removing unneeded attributes
Mon Aug 28 02:17:25 2023 Building and compiling search function
Built index in 133.1955235004425
Running query argument group 1 of 1...
Run 1/1...
Queries per second: 3444.906660436745
