['euclidean', 1, 4]
Trying to instantiate ann_benchmarks.algorithms.pynndescent.pynndescent(['euclidean', 1, 4])
Number of query threads: 4
got a train set of size (7000 * 32)
got 450 queries
Trying to instantiate ann_benchmarks.algorithms.pynndescent.pynndescent(['euclidean', 1, 4])
Number of query threads: 4
Mon Aug 28 01:59:43 2023 Building RP forest with 14 trees
Mon Aug 28 01:59:47 2023 NN descent for 13 iterations
	 1  /  13
	 2  /  13
	 3  /  13
	Stopping threshold met -- exiting after 3 iterations
Mon Aug 28 02:01:39 2023 Worst tree score: 0.55828571
Mon Aug 28 02:01:39 2023 Mean tree score: 0.65459184
Mon Aug 28 02:01:39 2023 Best tree score: 0.82642857
Mon Aug 28 02:01:43 2023 Forward diversification reduced edges from 70000 to 50030
Mon Aug 28 02:01:47 2023 Reverse diversification reduced edges from 50030 to 50030
Mon Aug 28 02:01:49 2023 Degree pruning reduced edges from 58048 to 57973
Mon Aug 28 02:01:49 2023 Resorting data and graph based on tree order
Mon Aug 28 02:01:49 2023 Compressing index by removing unneeded attributes
Mon Aug 28 02:01:49 2023 Building and compiling search function
Trying to instantiate ann_benchmarks.algorithms.pynndescent.pynndescent(['euclidean', 1, 4])
Number of query threads: 4
Mon Aug 28 01:59:43 2023 Building RP forest with 14 trees
Mon Aug 28 01:59:47 2023 NN descent for 13 iterations
	 1  /  13
	 2  /  13
	 3  /  13
	Stopping threshold met -- exiting after 3 iterations
Mon Aug 28 02:01:39 2023 Worst tree score: 0.54042857
Mon Aug 28 02:01:39 2023 Mean tree score: 0.64843878
Mon Aug 28 02:01:39 2023 Best tree score: 0.80414286
Mon Aug 28 02:01:43 2023 Forward diversification reduced edges from 70000 to 50293
Mon Aug 28 02:01:46 2023 Reverse diversification reduced edges from 50293 to 50293
Mon Aug 28 02:01:49 2023 Degree pruning reduced edges from 58658 to 58538
Mon Aug 28 02:01:49 2023 Resorting data and graph based on tree order
Mon Aug 28 02:01:49 2023 Compressing index by removing unneeded attributes
Mon Aug 28 02:01:49 2023 Building and compiling search function
Trying to instantiate ann_benchmarks.algorithms.pynndescent.pynndescent(['euclidean', 1, 4])
Number of query threads: 4
Mon Aug 28 01:59:43 2023 Building RP forest with 14 trees
Mon Aug 28 01:59:47 2023 NN descent for 13 iterations
	 1  /  13
	 2  /  13
	 3  /  13
	Stopping threshold met -- exiting after 3 iterations
Mon Aug 28 02:01:37 2023 Worst tree score: 0.51400000
Mon Aug 28 02:01:37 2023 Mean tree score: 0.63246939
Mon Aug 28 02:01:37 2023 Best tree score: 0.79514286
Mon Aug 28 02:01:41 2023 Forward diversification reduced edges from 70000 to 50311
Mon Aug 28 02:01:44 2023 Reverse diversification reduced edges from 50311 to 50311
Mon Aug 28 02:01:47 2023 Degree pruning reduced edges from 58696 to 58599
Mon Aug 28 02:01:47 2023 Resorting data and graph based on tree order
Mon Aug 28 02:01:47 2023 Compressing index by removing unneeded attributes
Mon Aug 28 02:01:47 2023 Building and compiling search function
Trying to instantiate ann_benchmarks.algorithms.pynndescent.pynndescent(['euclidean', 1, 4])
Number of query threads: 4
Mon Aug 28 01:59:43 2023 Building RP forest with 14 trees
Mon Aug 28 01:59:47 2023 NN descent for 13 iterations
	 1  /  13
	 2  /  13
	 3  /  13
	Stopping threshold met -- exiting after 3 iterations
Mon Aug 28 02:01:37 2023 Worst tree score: 0.52128571
Mon Aug 28 02:01:37 2023 Mean tree score: 0.65839796
Mon Aug 28 02:01:37 2023 Best tree score: 0.82700000
Mon Aug 28 02:01:41 2023 Forward diversification reduced edges from 70000 to 50077
Mon Aug 28 02:01:44 2023 Reverse diversification reduced edges from 50077 to 50077
Mon Aug 28 02:01:47 2023 Degree pruning reduced edges from 58368 to 58259
Mon Aug 28 02:01:47 2023 Resorting data and graph based on tree order
Mon Aug 28 02:01:47 2023 Compressing index by removing unneeded attributes
Mon Aug 28 02:01:47 2023 Building and compiling search function
Built index in 138.30024647712708
Running query argument group 1 of 1...
Run 1/1...
Queries per second: 45036.55062158477
