['euclidean', 1, 4]
Trying to instantiate ann_benchmarks.algorithms.pynndescent.pynndescent(['euclidean', 1, 4])
Number of query threads: 4
got a train set of size (7000 * 128)
got 450 queries
Trying to instantiate ann_benchmarks.algorithms.pynndescent.pynndescent(['euclidean', 1, 4])
Number of query threads: 4
Mon Aug 28 02:09:18 2023 Building RP forest with 14 trees
Mon Aug 28 02:09:23 2023 NN descent for 13 iterations
	 1  /  13
	 2  /  13
	 3  /  13
	 4  /  13
	 5  /  13
	Stopping threshold met -- exiting after 5 iterations
Mon Aug 28 02:11:29 2023 Worst tree score: 0.47600000
Mon Aug 28 02:11:29 2023 Mean tree score: 0.49355102
Mon Aug 28 02:11:29 2023 Best tree score: 0.50957143
Mon Aug 28 02:11:32 2023 Forward diversification reduced edges from 70000 to 43680
Mon Aug 28 02:11:35 2023 Reverse diversification reduced edges from 43680 to 43680
Mon Aug 28 02:11:37 2023 Degree pruning reduced edges from 51754 to 51173
Mon Aug 28 02:11:37 2023 Resorting data and graph based on tree order
Mon Aug 28 02:11:37 2023 Compressing index by removing unneeded attributes
Mon Aug 28 02:11:37 2023 Building and compiling search function
Trying to instantiate ann_benchmarks.algorithms.pynndescent.pynndescent(['euclidean', 1, 4])
Number of query threads: 4
Mon Aug 28 02:09:18 2023 Building RP forest with 14 trees
Mon Aug 28 02:09:21 2023 NN descent for 13 iterations
	 1  /  13
	 2  /  13
	 3  /  13
	 4  /  13
	 5  /  13
	Stopping threshold met -- exiting after 5 iterations
Mon Aug 28 02:11:11 2023 Worst tree score: 0.45114286
Mon Aug 28 02:11:11 2023 Mean tree score: 0.49038776
Mon Aug 28 02:11:11 2023 Best tree score: 0.51042857
Mon Aug 28 02:11:15 2023 Forward diversification reduced edges from 70000 to 43706
Mon Aug 28 02:11:18 2023 Reverse diversification reduced edges from 43706 to 43706
Mon Aug 28 02:11:21 2023 Degree pruning reduced edges from 51852 to 51242
Mon Aug 28 02:11:21 2023 Resorting data and graph based on tree order
Mon Aug 28 02:11:21 2023 Compressing index by removing unneeded attributes
Mon Aug 28 02:11:21 2023 Building and compiling search function
Trying to instantiate ann_benchmarks.algorithms.pynndescent.pynndescent(['euclidean', 1, 4])
Number of query threads: 4
Mon Aug 28 02:09:18 2023 Building RP forest with 14 trees
Mon Aug 28 02:09:21 2023 NN descent for 13 iterations
	 1  /  13
	 2  /  13
	 3  /  13
	 4  /  13
	 5  /  13
	Stopping threshold met -- exiting after 5 iterations
Mon Aug 28 02:11:15 2023 Worst tree score: 0.46957143
Mon Aug 28 02:11:15 2023 Mean tree score: 0.49116327
Mon Aug 28 02:11:15 2023 Best tree score: 0.51671429
Mon Aug 28 02:11:18 2023 Forward diversification reduced edges from 70000 to 43705
Mon Aug 28 02:11:21 2023 Reverse diversification reduced edges from 43705 to 43705
Mon Aug 28 02:11:24 2023 Degree pruning reduced edges from 51906 to 51263
Mon Aug 28 02:11:24 2023 Resorting data and graph based on tree order
Mon Aug 28 02:11:24 2023 Compressing index by removing unneeded attributes
Mon Aug 28 02:11:24 2023 Building and compiling search function
Trying to instantiate ann_benchmarks.algorithms.pynndescent.pynndescent(['euclidean', 1, 4])
Number of query threads: 4
Mon Aug 28 02:09:18 2023 Building RP forest with 14 trees
Mon Aug 28 02:09:22 2023 NN descent for 13 iterations
	 1  /  13
	 2  /  13
	 3  /  13
	 4  /  13
	 5  /  13
	Stopping threshold met -- exiting after 5 iterations
Mon Aug 28 02:11:14 2023 Worst tree score: 0.45400000
Mon Aug 28 02:11:14 2023 Mean tree score: 0.48619388
Mon Aug 28 02:11:14 2023 Best tree score: 0.51371429
Mon Aug 28 02:11:18 2023 Forward diversification reduced edges from 70000 to 43702
Mon Aug 28 02:11:22 2023 Reverse diversification reduced edges from 43702 to 43702
Mon Aug 28 02:11:24 2023 Degree pruning reduced edges from 51946 to 51365
Mon Aug 28 02:11:24 2023 Resorting data and graph based on tree order
Mon Aug 28 02:11:24 2023 Compressing index by removing unneeded attributes
Mon Aug 28 02:11:24 2023 Building and compiling search function
Built index in 151.37927436828613
Running query argument group 1 of 1...
Run 1/1...
Queries per second: 40736.33911035329
