['euclidean', 1, 2]
Trying to instantiate ann_benchmarks.algorithms.pynndescent.pynndescent(['euclidean', 1, 2])
Number of query threads: 2
got a train set of size (7000 * 128)
got 450 queries
Trying to instantiate ann_benchmarks.algorithms.pynndescent.pynndescent(['euclidean', 1, 2])
Number of query threads: 2
Mon Aug 28 02:07:42 2023 Building RP forest with 14 trees
Mon Aug 28 02:07:46 2023 NN descent for 13 iterations
	 1  /  13
	 2  /  13
	 3  /  13
	 4  /  13
	 5  /  13
	Stopping threshold met -- exiting after 5 iterations
Mon Aug 28 02:09:36 2023 Worst tree score: 0.46500000
Mon Aug 28 02:09:36 2023 Mean tree score: 0.49177551
Mon Aug 28 02:09:36 2023 Best tree score: 0.50885714
Mon Aug 28 02:09:40 2023 Forward diversification reduced edges from 70000 to 43639
Mon Aug 28 02:09:43 2023 Reverse diversification reduced edges from 43639 to 43639
Mon Aug 28 02:09:45 2023 Degree pruning reduced edges from 51830 to 51205
Mon Aug 28 02:09:45 2023 Resorting data and graph based on tree order
Mon Aug 28 02:09:45 2023 Compressing index by removing unneeded attributes
Mon Aug 28 02:09:45 2023 Building and compiling search function
Built index in 135.31995511054993
Running query argument group 1 of 1...
Run 1/1...
Queries per second: 28005.175381328354
