['euclidean', 1, 2]
Trying to instantiate ann_benchmarks.algorithms.pynndescent.pynndescent(['euclidean', 1, 2])
Number of query threads: 2
got a train set of size (7000 * 512)
got 450 queries
Trying to instantiate ann_benchmarks.algorithms.pynndescent.pynndescent(['euclidean', 1, 2])
Number of query threads: 2
Mon Aug 28 02:17:06 2023 Building RP forest with 14 trees
Mon Aug 28 02:17:10 2023 NN descent for 13 iterations
	 1  /  13
	 2  /  13
	 3  /  13
	 4  /  13
	 5  /  13
	Stopping threshold met -- exiting after 5 iterations
Mon Aug 28 02:18:58 2023 Worst tree score: 0.45100000
Mon Aug 28 02:18:58 2023 Mean tree score: 0.50126531
Mon Aug 28 02:18:58 2023 Best tree score: 0.51757143
Mon Aug 28 02:19:02 2023 Forward diversification reduced edges from 70000 to 42917
Mon Aug 28 02:19:05 2023 Reverse diversification reduced edges from 42917 to 42917
Mon Aug 28 02:19:07 2023 Degree pruning reduced edges from 48658 to 48101
Mon Aug 28 02:19:07 2023 Resorting data and graph based on tree order
Mon Aug 28 02:19:07 2023 Compressing index by removing unneeded attributes
Mon Aug 28 02:19:07 2023 Building and compiling search function
Built index in 133.41022610664368
Running query argument group 1 of 1...
Run 1/1...
Queries per second: 18670.486289716504
