['euclidean', 1, 16]
Trying to instantiate ann_benchmarks.algorithms.bruteforce.bruteforce(['euclidean', 1, 16])
Number of workers: 1
Number of query threads: 16
got a train set of size (112000 * 128)
got 450 queries
Built index in 6.143573522567749
Running query argument group 1 of 1...
Run 1/1...
Queries per second: 97.66558752281027
Trying to instantiate ann_benchmarks.algorithms.bruteforce.bruteforce(['euclidean', 1, 16])
Number of workers: 1
Number of query threads: 16
Trying to instantiate ann_benchmarks.algorithms.bruteforce.bruteforce(['euclidean', 1, 16])
Number of workers: 1
Number of query threads: 16
Trying to instantiate ann_benchmarks.algorithms.bruteforce.bruteforce(['euclidean', 1, 16])
Number of workers: 1
Number of query threads: 16
Trying to instantiate ann_benchmarks.algorithms.bruteforce.bruteforce(['euclidean', 1, 16])
Number of workers: 1
Number of query threads: 16
Trying to instantiate ann_benchmarks.algorithms.bruteforce.bruteforce(['euclidean', 1, 16])
Number of workers: 1
Number of query threads: 16
Trying to instantiate ann_benchmarks.algorithms.bruteforce.bruteforce(['euclidean', 1, 16])
Number of workers: 1
Number of query threads: 16
Trying to instantiate ann_benchmarks.algorithms.bruteforce.bruteforce(['euclidean', 1, 16])
Number of workers: 1
Number of query threads: 16
Trying to instantiate ann_benchmarks.algorithms.bruteforce.bruteforce(['euclidean', 1, 16])
Number of workers: 1
Number of query threads: 16
Trying to instantiate ann_benchmarks.algorithms.bruteforce.bruteforce(['euclidean', 1, 16])
Number of workers: 1
Number of query threads: 16
Trying to instantiate ann_benchmarks.algorithms.bruteforce.bruteforce(['euclidean', 1, 16])
Number of workers: 1
Number of query threads: 16
Trying to instantiate ann_benchmarks.algorithms.bruteforce.bruteforce(['euclidean', 1, 16])
Number of workers: 1
Number of query threads: 16
Trying to instantiate ann_benchmarks.algorithms.bruteforce.bruteforce(['euclidean', 1, 16])
Number of workers: 1
Number of query threads: 16
Trying to instantiate ann_benchmarks.algorithms.bruteforce.bruteforce(['euclidean', 1, 16])
Number of workers: 1
Number of query threads: 16
Trying to instantiate ann_benchmarks.algorithms.bruteforce.bruteforce(['euclidean', 1, 16])
Number of workers: 1
Number of query threads: 16
Trying to instantiate ann_benchmarks.algorithms.bruteforce.bruteforce(['euclidean', 1, 16])
Number of workers: 1
Number of query threads: 16
Trying to instantiate ann_benchmarks.algorithms.bruteforce.bruteforce(['euclidean', 1, 16])
Number of workers: 1
Number of query threads: 16
