['euclidean', 1, 1]
Trying to instantiate ann_benchmarks.algorithms.pynndescent.pynndescent(['euclidean', 1, 1])
Number of query threads: 1
got a train set of size (7000 * 32)
got 450 queries
Trying to instantiate ann_benchmarks.algorithms.pynndescent.pynndescent(['euclidean', 1, 1])
Number of query threads: 1
Mon Aug 28 01:51:31 2023 Building RP forest with 14 trees
Mon Aug 28 01:51:35 2023 NN descent for 13 iterations
	 1  /  13
	 2  /  13
	 3  /  13
	Stopping threshold met -- exiting after 3 iterations
Mon Aug 28 01:53:23 2023 Worst tree score: 0.54400000
Mon Aug 28 01:53:23 2023 Mean tree score: 0.66144898
Mon Aug 28 01:53:23 2023 Best tree score: 0.83871429
Mon Aug 28 01:53:27 2023 Forward diversification reduced edges from 70000 to 49955
Mon Aug 28 01:53:30 2023 Reverse diversification reduced edges from 49955 to 49955
Mon Aug 28 01:53:32 2023 Degree pruning reduced edges from 58212 to 58108
Mon Aug 28 01:53:32 2023 Resorting data and graph based on tree order
Mon Aug 28 01:53:32 2023 Compressing index by removing unneeded attributes
Mon Aug 28 01:53:32 2023 Building and compiling search function
Built index in 134.17045760154724
Running query argument group 1 of 1...
Run 1/1...
Queries per second: 17776.994151055245
