['euclidean', 1, 2]
Trying to instantiate ann_benchmarks.algorithms.pynndescent.pynndescent(['euclidean', 1, 2])
Number of query threads: 2
got a train set of size (448000 * 128)
got 450 queries
Trying to instantiate ann_benchmarks.algorithms.pynndescent.pynndescent(['euclidean', 1, 2])
Number of query threads: 2
Fri Aug 25 10:31:11 2023 Building RP forest with 31 trees
Fri Aug 25 10:31:19 2023 NN descent for 19 iterations
	 1  /  19
	 2  /  19
	 3  /  19
	 4  /  19
	 5  /  19
	 6  /  19
	 7  /  19
	 8  /  19
	 9  /  19
	 10  /  19
	 11  /  19
	 12  /  19
	Stopping threshold met -- exiting after 12 iterations
Fri Aug 25 10:34:50 2023 Worst tree score: 0.17351116
Fri Aug 25 10:34:50 2023 Mean tree score: 0.17464603
Fri Aug 25 10:34:50 2023 Best tree score: 0.17614732
Fri Aug 25 10:34:54 2023 Forward diversification reduced edges from 4480000 to 3468073
Fri Aug 25 10:34:58 2023 Reverse diversification reduced edges from 3468073 to 3468073
Fri Aug 25 10:35:01 2023 Degree pruning reduced edges from 4627384 to 4022457
Fri Aug 25 10:35:01 2023 Resorting data and graph based on tree order
Fri Aug 25 10:35:01 2023 Compressing index by removing unneeded attributes
Fri Aug 25 10:35:01 2023 Building and compiling search function
Trying to instantiate ann_benchmarks.algorithms.pynndescent.pynndescent(['euclidean', 1, 2])
Number of query threads: 2
Fri Aug 25 10:31:11 2023 Building RP forest with 31 trees
Fri Aug 25 10:31:19 2023 NN descent for 19 iterations
	 1  /  19
	 2  /  19
	 3  /  19
	 4  /  19
	 5  /  19
	 6  /  19
	 7  /  19
	 8  /  19
	 9  /  19
	 10  /  19
	 11  /  19
	 12  /  19
	Stopping threshold met -- exiting after 12 iterations
Fri Aug 25 10:34:51 2023 Worst tree score: 0.17329018
Fri Aug 25 10:34:51 2023 Mean tree score: 0.17452873
Fri Aug 25 10:34:51 2023 Best tree score: 0.17615848
Fri Aug 25 10:34:56 2023 Forward diversification reduced edges from 4480000 to 3467525
Fri Aug 25 10:34:59 2023 Reverse diversification reduced edges from 3467525 to 3467525
Fri Aug 25 10:35:02 2023 Degree pruning reduced edges from 4626584 to 4022292
Fri Aug 25 10:35:02 2023 Resorting data and graph based on tree order
Fri Aug 25 10:35:02 2023 Compressing index by removing unneeded attributes
Fri Aug 25 10:35:02 2023 Building and compiling search function
Built index in 243.5042326450348
Running query argument group 1 of 1...
Run 1/1...
Queries per second: 7707.819155235582
