['euclidean', 1, 1]
Trying to instantiate ann_benchmarks.algorithms.pynndescent.pynndescent(['euclidean', 1, 1])
Number of query threads: 1
got a train set of size (448000 * 32)
got 450 queries
Trying to instantiate ann_benchmarks.algorithms.pynndescent.pynndescent(['euclidean', 1, 1])
Number of query threads: 1
Fri Aug 25 09:52:17 2023 Building RP forest with 31 trees
Fri Aug 25 09:52:22 2023 NN descent for 19 iterations
	 1  /  19
	 2  /  19
	 3  /  19
	 4  /  19
	 5  /  19
	 6  /  19
	 7  /  19
	 8  /  19
	 9  /  19
	Stopping threshold met -- exiting after 9 iterations
Fri Aug 25 09:55:42 2023 Worst tree score: 0.15359821
Fri Aug 25 09:55:42 2023 Mean tree score: 0.15534490
Fri Aug 25 09:55:42 2023 Best tree score: 0.15795759
Fri Aug 25 09:55:46 2023 Forward diversification reduced edges from 4480000 to 3374566
Fri Aug 25 09:55:49 2023 Reverse diversification reduced edges from 3374566 to 3374566
Fri Aug 25 09:55:52 2023 Degree pruning reduced edges from 4051884 to 3845964
Fri Aug 25 09:55:52 2023 Resorting data and graph based on tree order
Fri Aug 25 09:55:52 2023 Compressing index by removing unneeded attributes
Fri Aug 25 09:55:52 2023 Building and compiling search function
Built index in 227.1561427116394
Running query argument group 1 of 1...
Run 1/1...
Queries per second: 11505.323409469076
